


ARM Macro Assembler    Page 1 


    1 00000000         
    2 00000000                 PRESERVE8
    3 00000000                 THUMB
    4 00000000         
    5 00000000         
    6 00000000         ; Vector Table Mapped to Address 0 at Reset
    7 00000000                 AREA             RESET, DATA, READONLY
    8 00000000                 EXPORT           __Vectors
    9 00000000                 IMPORT           HardFault_Handler
   10 00000000                 IMPORT           UsageFault_Handler
   11 00000000                 IMPORT           SVC_Handler
   12 00000000                 IMPORT           SysTick_Handler
   13 00000000                 IMPORT           EXTI0_IRQHandler
   14 00000000         
   15 00000000 20010000 
                       __Vectors
                               DCD              (0x20000000+0x10000)
   16 00000004 00000000        DCD              Reset_Handler ; Reset Handler
   17 00000008 00000000        DCD              0           ; NMI Handler
   18 0000000C 00000000        DCD              HardFault_Handler ; Hard Fault 
                                                            Handler
   19 00000010 00000000        DCD              0           ; MPU Fault Handler
                                                            
   20 00000014 00000000        DCD              0           ; Bus Fault Handler
                                                            
   21 00000018 00000000        DCD              UsageFault_Handler_asm ; Usage 
                                                            Fault Handler
   22 0000001C 00000000        DCD              0           ; Reserved
   23 00000020 00000000        DCD              0           ; Reserved
   24 00000024 00000000        DCD              0           ; Reserved
   25 00000028 00000000        DCD              0           ; Reserved
   26 0000002C 00000000        DCD              SVC_Handler ; SVCall Handler
   27 00000030 00000000        DCD              0           ; Debug Monitor Han
                                                            dler
   28 00000034 00000000        DCD              0           ; Reserved
   29 00000038 00000000        DCD              0           ; PendSV Handler
   30 0000003C 00000000        DCD              SysTick_Handler 
                                                            ; SysTick Handler
   31 00000040         
   32 00000040         ; External Interrupts
   33 00000040 00000000        DCD              0           ; Window Watchdog
   34 00000044 00000000        DCD              0           ; PVD through EXTI 
                                                            Line detect
   35 00000048 00000000        DCD              0           ; Tamper
   36 0000004C 00000000        DCD              0           ; RTC
   37 00000050 00000000        DCD              0           ; Flash
   38 00000054 00000000        DCD              0           ; RCC
   39 00000058 00000000        DCD              EXTI0_IRQHandler ; EXTI Line 0
   40 0000005C         
   41 0000005C                 AREA             |.text|, CODE, READONLY
   42 00000000         
   43 00000000         ; Reset handler
   44 00000000         Reset_Handler
                               PROC
   45 00000000                 EXPORT           Reset_Handler             [WEAK
]
   46 00000000                 IMPORT           mymain
   47 00000000         
   48 00000000                 IMPORT           SystemInit



ARM Macro Assembler    Page 2 


   49 00000000                 IMPORT           uart_init
   50 00000000                 IMPORT           UsageFaultInit
   51 00000000                 IMPORT           SysTickInit
   52 00000000                 IMPORT           LedInit
   53 00000000         
   54 00000000         ; 在向量表的第0项设置SP更好
   55 00000000         ; 因为有可能还没执行到Reset_Handler就发生了异常
   56 00000000         ; LDR SP, =(0x20000000+0x10000)
   57 00000000         
   58 00000000 F7FF FFFE       BL               SystemInit
   59 00000004         
   60 00000004 F7FF FFFE       BL               uart_init
   61 00000008         
   62 00000008 F7FF FFFE       BL               UsageFaultInit
   63 0000000C         
   64 0000000C F04F 0000       LDR              R0, =0
   65 00000010 F04F 3111       LDR              R1, =0x11111111
   66 00000014 F04F 3222       LDR              R2, =0x22222222
   67 00000018 F04F 3333       LDR              R3, =0x33333333
   68 0000001C F04F 3C44       LDR              R12, =0x44444444
   69 00000020 F04F 3E55       LDR              LR, =0x55555555
   70 00000024         
   71 00000024 FFFFFFFF        DCD              0xffffffff
   72 00000028         
   73 00000028 DF01            SVC              #1
   74 0000002A         
   75 0000002A F7FF FFFE       BL               SysTickInit
   76 0000002E         
   77 0000002E F7FF FFFE       BL               LedInit
   78 00000032         
   79 00000032         ; 使能CPU中断
   80 00000032 B662            CPSIE            I           ; 清除PRIMASK，使能
                                                            中断
   81 00000034         
   82 00000034         ;BL mymain
   83 00000034 4802            LDR              R0, =mymain
   84 00000036 4780            BLX              R0
   85 00000038         
   86 00000038                 ENDP
   87 00000038         
   88 00000038         UsageFault_Handler_asm
                               PROC
   89 00000038 4668            MOV              R0, SP
   90 0000003A F7FF BFFE       B                UsageFault_Handler
   91 0000003E                 ENDP
   92 0000003E         
   93 0000003E BF00            NOP
   94 00000040                 END
              00000000 
Command Line: --debug --xref --diag_suppress=9931 --cpu=Cortex-M3 --apcs=interw
ork --depend=.\objects\start.d -o.\objects\start.o -I.\RTE\_led_c -IC:\Users\we
idongshan\AppData\Local\Arm\Packs\Keil\STM32F1xx_DFP\2.3.0\Device\Include -IC:\
Keil_v5\ARM\CMSIS\Include --predefine="__EVAL SETA 1" --predefine="__UVISION_VE
RSION SETA 527" --predefine="STM32F10X_HD SETA 1" --list=.\listings\start.lst s
tart.s



ARM Macro Assembler    Page 1 Alphabetic symbol ordering
Relocatable symbols

RESET 00000000

Symbol: RESET
   Definitions
      At line 7 in file start.s
   Uses
      None
Comment: RESET unused
__Vectors 00000000

Symbol: __Vectors
   Definitions
      At line 15 in file start.s
   Uses
      At line 8 in file start.s
Comment: __Vectors used once
2 symbols



ARM Macro Assembler    Page 1 Alphabetic symbol ordering
Relocatable symbols

.text 00000000

Symbol: .text
   Definitions
      At line 41 in file start.s
   Uses
      None
Comment: .text unused
Reset_Handler 00000000

Symbol: Reset_Handler
   Definitions
      At line 44 in file start.s
   Uses
      At line 16 in file start.s
      At line 45 in file start.s

UsageFault_Handler_asm 00000038

Symbol: UsageFault_Handler_asm
   Definitions
      At line 88 in file start.s
   Uses
      At line 21 in file start.s
Comment: UsageFault_Handler_asm used once
3 symbols



ARM Macro Assembler    Page 1 Alphabetic symbol ordering
External symbols

EXTI0_IRQHandler 00000000

Symbol: EXTI0_IRQHandler
   Definitions
      At line 13 in file start.s
   Uses
      At line 39 in file start.s
Comment: EXTI0_IRQHandler used once
HardFault_Handler 00000000

Symbol: HardFault_Handler
   Definitions
      At line 9 in file start.s
   Uses
      At line 18 in file start.s
Comment: HardFault_Handler used once
LedInit 00000000

Symbol: LedInit
   Definitions
      At line 52 in file start.s
   Uses
      At line 77 in file start.s
Comment: LedInit used once
SVC_Handler 00000000

Symbol: SVC_Handler
   Definitions
      At line 11 in file start.s
   Uses
      At line 26 in file start.s
Comment: SVC_Handler used once
SysTickInit 00000000

Symbol: SysTickInit
   Definitions
      At line 51 in file start.s
   Uses
      At line 75 in file start.s
Comment: SysTickInit used once
SysTick_Handler 00000000

Symbol: SysTick_Handler
   Definitions
      At line 12 in file start.s
   Uses
      At line 30 in file start.s
Comment: SysTick_Handler used once
SystemInit 00000000

Symbol: SystemInit
   Definitions
      At line 48 in file start.s
   Uses
      At line 58 in file start.s
Comment: SystemInit used once
UsageFaultInit 00000000

Symbol: UsageFaultInit



ARM Macro Assembler    Page 2 Alphabetic symbol ordering
External symbols

   Definitions
      At line 50 in file start.s
   Uses
      At line 62 in file start.s
Comment: UsageFaultInit used once
UsageFault_Handler 00000000

Symbol: UsageFault_Handler
   Definitions
      At line 10 in file start.s
   Uses
      At line 90 in file start.s
Comment: UsageFault_Handler used once
mymain 00000000

Symbol: mymain
   Definitions
      At line 46 in file start.s
   Uses
      At line 83 in file start.s
Comment: mymain used once
uart_init 00000000

Symbol: uart_init
   Definitions
      At line 49 in file start.s
   Uses
      At line 60 in file start.s
Comment: uart_init used once
11 symbols
351 symbols in table
