


ARM Macro Assembler    Page 1 


    1 00000000         
    2 00000000                 PRESERVE8
    3 00000000                 THUMB
    4 00000000         
    5 00000000         
    6 00000000         ; Vector Table Mapped to Address 0 at Reset
    7 00000000                 AREA             RESET, DATA, READONLY
    8 00000000                 EXPORT           __Vectors
    9 00000000                 IMPORT           HardFault_Handler
   10 00000000                 IMPORT           UsageFault_Handler
   11 00000000                 IMPORT           SVC_Handler
   12 00000000         
   13 00000000         
   14 00000000 00000000 
                       __Vectors
                               DCD              0
   15 00000004 00000000        DCD              Reset_Handler ; Reset Handler
   16 00000008 00000000        DCD              0           ; NMI Handler
   17 0000000C 00000000        DCD              HardFault_Handler ; Hard Fault 
                                                            Handler
   18 00000010 00000000        DCD              0           ; MPU Fault Handler
                                                            
   19 00000014 00000000        DCD              0           ; Bus Fault Handler
                                                            
   20 00000018 00000000        DCD              UsageFault_Handler_asm ; Usage 
                                                            Fault Handler
   21 0000001C 00000000        DCD              0           ; Reserved
   22 00000020 00000000        DCD              0           ; Reserved
   23 00000024 00000000        DCD              0           ; Reserved
   24 00000028 00000000        DCD              0           ; Reserved
   25 0000002C 00000000        DCD              SVC_Handler ; SVCall Handler
   26 00000030 00000000        DCD              0           ; Debug Monitor Han
                                                            dler
   27 00000034 00000000        DCD              0           ; Reserved
   28 00000038 00000000        DCD              0           ; PendSV Handler
   29 0000003C 00000000        DCD              0           ; SysTick Handler
   30 00000040                 AREA             |.text|, CODE, READONLY
   31 00000000         
   32 00000000         ; Reset handler
   33 00000000         Reset_Handler
                               PROC
   34 00000000                 EXPORT           Reset_Handler             [WEAK
]
   35 00000000                 IMPORT           mymain
   36 00000000         
   37 00000000                 IMPORT           SystemInit
   38 00000000                 IMPORT           uart_init
   39 00000000                 IMPORT           UsageFaultInit
   40 00000000         
   41 00000000 F8DF D034       LDR              SP, =(0x20000000+0x10000)
   42 00000004         
   43 00000004 F7FF FFFE       BL               SystemInit
   44 00000008         
   45 00000008 F7FF FFFE       BL               uart_init
   46 0000000C         
   47 0000000C F7FF FFFE       BL               UsageFaultInit
   48 00000010         
   49 00000010 F04F 0000       LDR              R0, =0
   50 00000014 F04F 3111       LDR              R1, =0x11111111



ARM Macro Assembler    Page 2 


   51 00000018 F04F 3222       LDR              R2, =0x22222222
   52 0000001C F04F 3333       LDR              R3, =0x33333333
   53 00000020 F04F 3C44       LDR              R12, =0x44444444
   54 00000024 F04F 3E55       LDR              LR, =0x55555555
   55 00000028         
   56 00000028 FFFFFFFF        DCD              0xffffffff
   57 0000002C         
   58 0000002C DF01            SVC              #1
   59 0000002E         
   60 0000002E         ;BL mymain
   61 0000002E 4803            LDR              R0, =mymain
   62 00000030 4780            BLX              R0
   63 00000032         
   64 00000032                 ENDP
   65 00000032         
   66 00000032         UsageFault_Handler_asm
                               PROC
   67 00000032 4668            MOV              R0, SP
   68 00000034 F7FF BFFE       B                UsageFault_Handler
   69 00000038                 ENDP
   70 00000038         
   71 00000038                 END
              20010000 
              00000000 
Command Line: --debug --xref --diag_suppress=9931 --cpu=Cortex-M3 --apcs=interw
ork --depend=.\objects\start.d -o.\objects\start.o -I.\RTE\_led_c -IC:\Users\th
isway_diy\AppData\Local\Arm\Packs\Keil\STM32F1xx_DFP\2.3.0\Device\Include -IC:\
Keil_v5\ARM\CMSIS\Include --predefine="__EVAL SETA 1" --predefine="__UVISION_VE
RSION SETA 527" --predefine="STM32F10X_HD SETA 1" --list=.\listings\start.lst s
tart.s



ARM Macro Assembler    Page 1 Alphabetic symbol ordering
Relocatable symbols

RESET 00000000

Symbol: RESET
   Definitions
      At line 7 in file start.s
   Uses
      None
Comment: RESET unused
__Vectors 00000000

Symbol: __Vectors
   Definitions
      At line 14 in file start.s
   Uses
      At line 8 in file start.s
Comment: __Vectors used once
2 symbols



ARM Macro Assembler    Page 1 Alphabetic symbol ordering
Relocatable symbols

.text 00000000

Symbol: .text
   Definitions
      At line 30 in file start.s
   Uses
      None
Comment: .text unused
Reset_Handler 00000000

Symbol: Reset_Handler
   Definitions
      At line 33 in file start.s
   Uses
      At line 15 in file start.s
      At line 34 in file start.s

UsageFault_Handler_asm 00000032

Symbol: UsageFault_Handler_asm
   Definitions
      At line 66 in file start.s
   Uses
      At line 20 in file start.s
Comment: UsageFault_Handler_asm used once
3 symbols



ARM Macro Assembler    Page 1 Alphabetic symbol ordering
External symbols

HardFault_Handler 00000000

Symbol: HardFault_Handler
   Definitions
      At line 9 in file start.s
   Uses
      At line 17 in file start.s
Comment: HardFault_Handler used once
SVC_Handler 00000000

Symbol: SVC_Handler
   Definitions
      At line 11 in file start.s
   Uses
      At line 25 in file start.s
Comment: SVC_Handler used once
SystemInit 00000000

Symbol: SystemInit
   Definitions
      At line 37 in file start.s
   Uses
      At line 43 in file start.s
Comment: SystemInit used once
UsageFaultInit 00000000

Symbol: UsageFaultInit
   Definitions
      At line 39 in file start.s
   Uses
      At line 47 in file start.s
Comment: UsageFaultInit used once
UsageFault_Handler 00000000

Symbol: UsageFault_Handler
   Definitions
      At line 10 in file start.s
   Uses
      At line 68 in file start.s
Comment: UsageFault_Handler used once
mymain 00000000

Symbol: mymain
   Definitions
      At line 35 in file start.s
   Uses
      At line 61 in file start.s
Comment: mymain used once
uart_init 00000000

Symbol: uart_init
   Definitions
      At line 38 in file start.s
   Uses
      At line 45 in file start.s
Comment: uart_init used once
7 symbols
347 symbols in table
