2024-02-26 09:21:23,824 [INFO] Activator:176 - 


2024-02-26 09:21:23,824 [INFO] Activator:177 - !SESSION log4j initialized
2024-02-26 09:21:28,563 [INFO] LogOutputStream:77 - [STDOUT_REDIRECT] 
2024-02-26 09:21:41,529 [INFO] ApplicationProperties:184 - Using Application install path: D:\ST\STM32CubeIDE_1.13.1\STM32CubeIDE\plugins\com.st.stm32cube.common.mx_6.9.1.202307191849
2024-02-26 09:21:41,557 [INFO] DbMcusXml:78 - Set database path to: D:\ST\STM32CubeIDE_1.13.1\STM32CubeIDE\plugins\com.st.stm32cube.common.mx_6.9.1.202307191849\\db\/mcu/
2024-02-26 09:21:41,557 [INFO] ApiDb:274 - Set plugin database path to: D:\ST\STM32CubeIDE_1.13.1\STM32CubeIDE\plugins\com.st.stm32cube.common.mx_6.9.1.202307191849\\db\/plugins/boardmanager/
2024-02-26 09:21:41,558 [WARN] ApiDb:259 - Overriding images path with different value:  => D:\ST\STM32CubeIDE_1.13.1\STM32CubeIDE\plugins\com.st.stm32cube.common.mx_6.9.1.202307191849\\db\/plugins/mcufinder/images/
2024-02-26 09:21:41,577 [INFO] ApiDb:250 - Set database path to: C:\Users\login\.stmcufinder\plugins\mcufinder//mcu/
2024-02-26 09:21:41,580 [INFO] DbMcusAds:125 - Set database path to: C:\Users\login\.stmcufinder\plugins\mcufinder//mcu/
2024-02-26 09:21:41,592 [INFO] CrossReferenceDbSqlite:203 - Set database path to: C:\Users\login\.stmcufinder\plugins\mcufinder//mcu/cs/
2024-02-26 09:21:41,742 [INFO] RulesReader:64 - Compatibility file has been processed (293 Rules)
2024-02-26 09:21:41,967 [INFO] DbMcusXml:78 - Set database path to: D:\ST\STM32CubeIDE_1.13.1\STM32CubeIDE\plugins\com.st.stm32cube.common.mx_6.9.1.202307191849\\db\/mcu/
2024-02-26 09:21:41,968 [INFO] ApiDb:274 - Set plugin database path to: D:\ST\STM32CubeIDE_1.13.1\STM32CubeIDE\plugins\com.st.stm32cube.common.mx_6.9.1.202307191849\\db\/plugins/boardmanager/
2024-02-26 09:21:41,968 [INFO] ApiDb:261 - Set plugin images path to: D:\ST\STM32CubeIDE_1.13.1\STM32CubeIDE\plugins\com.st.stm32cube.common.mx_6.9.1.202307191849\\db\/plugins/mcufinder/images/
2024-02-26 09:21:41,969 [WARN] DbFile:41 - Overriding database path with different value: C:\Users\login\.stmcufinder\plugins\mcufinder/ => C:\Users\login\.stmcufinder\plugins\mcufinder
2024-02-26 09:21:41,969 [INFO] ApiDb:250 - Set database path to: C:\Users\login\.stmcufinder\plugins\mcufinder//mcu/
2024-02-26 09:21:41,969 [WARN] DbFile:41 - Overriding database path with different value: C:\Users\login\.stmcufinder\plugins\mcufinder/ => C:\Users\login\.stmcufinder\plugins\mcufinder
2024-02-26 09:21:41,970 [INFO] DbMcusAds:125 - Set database path to: C:\Users\login\.stmcufinder\plugins\mcufinder//mcu/
2024-02-26 09:21:41,970 [WARN] DbFile:41 - Overriding database path with different value: C:\Users\login\.stmcufinder\plugins\mcufinder/ => C:\Users\login\.stmcufinder\plugins\mcufinder
2024-02-26 09:21:41,970 [WARN] DbFile:41 - Overriding database path with different value: C:\Users\login\.stmcufinder\plugins\mcufinder/ => C:\Users\login\.stmcufinder\plugins\mcufinder
2024-02-26 09:21:41,971 [INFO] CrossReferenceDbSqlite:203 - Set database path to: C:\Users\login\.stmcufinder\plugins\mcufinder//mcu/cs/
2024-02-26 09:21:42,152 [INFO] MainPanel:262 - HeapMemory: 268435456
2024-02-26 09:21:42,346 [INFO] DbMcusXml:78 - Set database path to: D:\ST\STM32CubeIDE_1.13.1\STM32CubeIDE\plugins\com.st.stm32cube.common.mx_6.9.1.202307191849\\db\/mcu/
2024-02-26 09:21:42,346 [INFO] ApiDb:274 - Set plugin database path to: D:\ST\STM32CubeIDE_1.13.1\STM32CubeIDE\plugins\com.st.stm32cube.common.mx_6.9.1.202307191849\\db\/plugins/boardmanager/
2024-02-26 09:21:42,346 [INFO] ApiDb:261 - Set plugin images path to: D:\ST\STM32CubeIDE_1.13.1\STM32CubeIDE\plugins\com.st.stm32cube.common.mx_6.9.1.202307191849\\db\/plugins/mcufinder/images/
2024-02-26 09:21:42,347 [WARN] DbFile:41 - Overriding database path with different value: C:\Users\login\.stmcufinder\plugins\mcufinder/ => C:\Users\login\.stmcufinder\plugins\mcufinder
2024-02-26 09:21:42,348 [INFO] ApiDb:250 - Set database path to: C:\Users\login\.stmcufinder\plugins\mcufinder//mcu/
2024-02-26 09:21:42,348 [WARN] DbFile:41 - Overriding database path with different value: C:\Users\login\.stmcufinder\plugins\mcufinder/ => C:\Users\login\.stmcufinder\plugins\mcufinder
2024-02-26 09:21:42,348 [INFO] DbMcusAds:125 - Set database path to: C:\Users\login\.stmcufinder\plugins\mcufinder//mcu/
2024-02-26 09:21:42,348 [WARN] DbFile:41 - Overriding database path with different value: C:\Users\login\.stmcufinder\plugins\mcufinder/ => C:\Users\login\.stmcufinder\plugins\mcufinder
2024-02-26 09:21:42,348 [WARN] DbFile:41 - Overriding database path with different value: C:\Users\login\.stmcufinder\plugins\mcufinder/ => C:\Users\login\.stmcufinder\plugins\mcufinder
2024-02-26 09:21:42,348 [INFO] CrossReferenceDbSqlite:203 - Set database path to: C:\Users\login\.stmcufinder\plugins\mcufinder//mcu/cs/
2024-02-26 09:21:42,395 [INFO] ApplicationProperties:184 - Using Application install path: D:\ST\STM32CubeIDE_1.13.1\STM32CubeIDE\plugins\com.st.stm32cube.common.mx_6.9.1.202307191849
2024-02-26 09:21:42,401 [INFO] PluginManage:196 - Search for loadable plugins [exclusion list=, ]
2024-02-26 09:21:42,405 [INFO] PluginManage:310 - Check plugin analytics
2024-02-26 09:21:51,773 [INFO] AnalyticsPlugin:253 - Accepted Software Licenses: 
2024-02-26 09:21:51,774 [INFO] AnalyticsPlugin:255 - Accepted CMSIS Pack Licenses: 
2024-02-26 09:21:51,774 [INFO] AnalyticsPlugin:257 - Accepted Firmware Licenses: 
2024-02-26 09:21:51,777 [INFO] PluginManage:359 - Loaded plugin analytics (category:tool,tabindex:-1)
2024-02-26 09:21:51,778 [INFO] PluginManage:310 - Check plugin cadmodel
2024-02-26 09:21:51,784 [INFO] CADModel:105 - Init CAD model plugin
2024-02-26 09:21:51,784 [INFO] PluginManage:359 - Loaded plugin cadmodel (category:power,tabindex:5)
2024-02-26 09:21:51,785 [INFO] PluginManage:310 - Check plugin clock
2024-02-26 09:21:51,795 [INFO] PluginManage:359 - Loaded plugin clock (category:base,tabindex:2)
2024-02-26 09:21:51,795 [INFO] PluginManage:310 - Check plugin ddr
2024-02-26 09:21:51,799 [INFO] PluginManage:359 - Loaded plugin ddr (category:tool,tabindex:6)
2024-02-26 09:21:51,799 [INFO] PluginManage:310 - Check plugin filemanager
2024-02-26 09:21:51,924 [INFO] PluginManage:359 - Loaded plugin filemanager (category:base,tabindex:10)
2024-02-26 09:21:51,924 [INFO] PluginManage:310 - Check plugin ipmanager
2024-02-26 09:21:51,934 [INFO] PluginManage:359 - Loaded plugin ipmanager (category:base,tabindex:5)
2024-02-26 09:21:51,934 [INFO] PluginManage:310 - Check plugin lpbam
2024-02-26 09:21:51,942 [INFO] PluginManage:359 - Loaded plugin lpbam (category:base,tabindex:0)
2024-02-26 09:21:51,942 [INFO] PluginManage:310 - Check plugin memorymap
2024-02-26 09:21:51,955 [INFO] PluginManage:359 - Loaded plugin memorymap (category:base,tabindex:4)
2024-02-26 09:21:51,955 [INFO] PluginManage:310 - Check plugin pinoutandconfiguration
2024-02-26 09:21:51,962 [INFO] PluginManage:359 - Loaded plugin pinoutandconfiguration (category:base,tabindex:1)
2024-02-26 09:21:51,962 [INFO] PluginManage:310 - Check plugin pinoutconfig
2024-02-26 09:21:52,047 [WARN] SupportedApi:132 - Cannot load RTOS API schema: s4s-elt-must-match.1: The content of 'definitions' must match (annotation?, (simpleType | complexType)?, (unique | key | keyref)*)). A problem was found starting at: attribute.
2024-02-26 09:21:52,173 [INFO] PluginManage:359 - Loaded plugin pinoutconfig (category:base,tabindex:0)
2024-02-26 09:21:52,174 [INFO] PluginManage:310 - Check plugin power
2024-02-26 09:21:52,185 [INFO] PluginManage:359 - Loaded plugin power (category:power,tabindex:4)
2024-02-26 09:21:52,185 [INFO] PluginManage:310 - Check plugin projectmanager
2024-02-26 09:21:52,198 [INFO] PluginManage:359 - Loaded plugin projectmanager (category:projectmanager,tabindex:3)
2024-02-26 09:21:52,198 [INFO] PluginManage:310 - Check plugin thirdparty
2024-02-26 09:21:52,321 [INFO] PluginManage:359 - Loaded plugin thirdparty (category:base,tabindex:-1)
2024-02-26 09:21:52,321 [WARN] IntegrityCheckThread:84 - waiting for thirdparty lock release [integrity check]
2024-02-26 09:21:52,322 [INFO] PluginManage:310 - Check plugin tools
2024-02-26 09:21:52,322 [INFO] IntegrityCheckThread:86 - entering critical section [integrity check]
2024-02-26 09:21:52,322 [INFO] ThirdPartyUpdaterWithRetryManager:70 - Updater plugin not ready yet. [1/15]
2024-02-26 09:21:52,324 [INFO] PluginManage:359 - Loaded plugin tools (category:base,tabindex:7)
2024-02-26 09:21:52,324 [INFO] PluginManage:310 - Check plugin tutovideos
2024-02-26 09:21:52,507 [INFO] PluginManage:359 - Loaded plugin tutovideos (category:base,tabindex:-1)
2024-02-26 09:21:52,507 [INFO] PluginManage:310 - Check plugin updater
2024-02-26 09:21:52,519 [INFO] PluginManage:359 - Loaded plugin updater (category:base,tabindex:12)
2024-02-26 09:21:52,519 [INFO] PluginManage:310 - Check plugin userauth
2024-02-26 09:21:52,524 [INFO] UserAuth:113 - Init User Auth plugin
2024-02-26 09:21:52,525 [INFO] PluginManage:359 - Loaded plugin userauth (category:base,tabindex:14)
2024-02-26 09:21:52,525 [INFO] PluginManage:283 - PluginManage : Loaded plugins [17]
2024-02-26 09:21:52,772 [INFO] PinOutPanel:1499 - setPackage(No Configuration,No Configuration)
2024-02-26 09:21:52,902 [INFO] CADModel:165 - CPN selected for project level
2024-02-26 09:21:52,902 [INFO] CADModel:114 - Register for checkConnection events
2024-02-26 09:21:52,917 [INFO] IPUIPlugin:80 - create IPUIPlugin
2024-02-26 09:21:52,917 [INFO] PluginManager:220 - loadIPPluginJar : add adc
2024-02-26 09:21:52,919 [INFO] IPUIPlugin:80 - create IPUIPlugin
2024-02-26 09:21:52,919 [INFO] PluginManager:220 - loadIPPluginJar : add aes
2024-02-26 09:21:52,922 [INFO] IPUIPlugin:80 - create IPUIPlugin
2024-02-26 09:21:52,922 [INFO] PluginManager:220 - loadIPPluginJar : add can
2024-02-26 09:21:52,923 [INFO] IPUIPlugin:80 - create IPUIPlugin
2024-02-26 09:21:52,923 [INFO] PluginManager:220 - loadIPPluginJar : add comp
2024-02-26 09:21:52,927 [INFO] IPUIPlugin:80 - create IPUIPlugin
2024-02-26 09:21:52,927 [INFO] PluginManager:220 - loadIPPluginJar : add cryp
2024-02-26 09:21:52,929 [INFO] IPUIPlugin:80 - create IPUIPlugin
2024-02-26 09:21:52,929 [INFO] PluginManager:220 - loadIPPluginJar : add dfsdm
2024-02-26 09:21:52,934 [INFO] IPUIPlugin:80 - create IPUIPlugin
2024-02-26 09:21:52,934 [INFO] PluginManager:220 - loadIPPluginJar : add dma
2024-02-26 09:21:52,937 [INFO] IPUIPlugin:80 - create IPUIPlugin
2024-02-26 09:21:52,937 [INFO] PluginManager:220 - loadIPPluginJar : add dma3
2024-02-26 09:21:52,938 [INFO] IPUIPlugin:80 - create IPUIPlugin
2024-02-26 09:21:52,939 [INFO] PluginManager:220 - loadIPPluginJar : add fatfs
2024-02-26 09:21:52,942 [INFO] IPUIPlugin:80 - create IPUIPlugin
2024-02-26 09:21:52,942 [INFO] PluginManager:220 - loadIPPluginJar : add fmc
2024-02-26 09:21:52,947 [INFO] IPUIPlugin:80 - create IPUIPlugin
2024-02-26 09:21:52,947 [INFO] PluginManager:220 - loadIPPluginJar : add freertos
2024-02-26 09:21:52,948 [INFO] IPUIPlugin:80 - create IPUIPlugin
2024-02-26 09:21:52,949 [INFO] PluginManager:220 - loadIPPluginJar : add genericplugin
2024-02-26 09:21:52,951 [INFO] IPUIPlugin:80 - create IPUIPlugin
2024-02-26 09:21:52,951 [INFO] PluginManager:220 - loadIPPluginJar : add gfxmmu
2024-02-26 09:21:52,955 [INFO] IPUIPlugin:80 - create IPUIPlugin
2024-02-26 09:21:52,955 [INFO] PluginManager:220 - loadIPPluginJar : add gic
2024-02-26 09:21:52,959 [INFO] IPUIPlugin:80 - create IPUIPlugin
2024-02-26 09:21:52,959 [INFO] PluginManager:220 - loadIPPluginJar : add gpio
2024-02-26 09:21:52,962 [INFO] IPUIPlugin:80 - create IPUIPlugin
2024-02-26 09:21:52,962 [INFO] PluginManager:220 - loadIPPluginJar : add gtzc
2024-02-26 09:21:52,964 [INFO] IPUIPlugin:80 - create IPUIPlugin
2024-02-26 09:21:52,965 [INFO] PluginManager:220 - loadIPPluginJar : add hash
2024-02-26 09:21:52,967 [INFO] IPUIPlugin:80 - create IPUIPlugin
2024-02-26 09:21:52,967 [INFO] PluginManager:220 - loadIPPluginJar : add i2c
2024-02-26 09:21:52,970 [INFO] IPUIPlugin:80 - create IPUIPlugin
2024-02-26 09:21:52,970 [INFO] PluginManager:220 - loadIPPluginJar : add i2s
2024-02-26 09:21:52,971 [INFO] IPUIPlugin:80 - create IPUIPlugin
2024-02-26 09:21:52,971 [INFO] PluginManager:220 - loadIPPluginJar : add i3c
2024-02-26 09:21:52,974 [INFO] IPUIPlugin:80 - create IPUIPlugin
2024-02-26 09:21:52,974 [INFO] PluginManager:220 - loadIPPluginJar : add ipddr
2024-02-26 09:21:52,981 [INFO] IPUIPlugin:80 - create IPUIPlugin
2024-02-26 09:21:52,981 [INFO] PluginManager:220 - loadIPPluginJar : add linkedlist
2024-02-26 09:21:52,983 [INFO] IPUIPlugin:80 - create IPUIPlugin
2024-02-26 09:21:52,984 [INFO] PluginManager:220 - loadIPPluginJar : add lorawan
2024-02-26 09:21:52,985 [INFO] IPUIPlugin:80 - create IPUIPlugin
2024-02-26 09:21:52,986 [INFO] PluginManager:220 - loadIPPluginJar : add ltdc
2024-02-26 09:21:52,991 [INFO] IPUIPlugin:80 - create IPUIPlugin
2024-02-26 09:21:52,991 [INFO] PluginManager:220 - loadIPPluginJar : add mdma
2024-02-26 09:21:52,995 [INFO] IPUIPlugin:80 - create IPUIPlugin
2024-02-26 09:21:52,995 [INFO] PluginManager:220 - loadIPPluginJar : add nvic
2024-02-26 09:21:52,997 [INFO] IPUIPlugin:80 - create IPUIPlugin
2024-02-26 09:21:52,998 [INFO] PluginManager:220 - loadIPPluginJar : add opamp
2024-02-26 09:21:53,000 [INFO] IPUIPlugin:80 - create IPUIPlugin
2024-02-26 09:21:53,000 [INFO] PluginManager:220 - loadIPPluginJar : add openamp
2024-02-26 09:21:53,004 [INFO] IPUIPlugin:80 - create IPUIPlugin
2024-02-26 09:21:53,004 [INFO] PluginManager:220 - loadIPPluginJar : add pdm2pcm
2024-02-26 09:21:53,010 [INFO] IPUIPlugin:80 - create IPUIPlugin
2024-02-26 09:21:53,012 [INFO] PluginManager:220 - loadIPPluginJar : add plateformsettings
2024-02-26 09:21:53,013 [INFO] IPUIPlugin:80 - create IPUIPlugin
2024-02-26 09:21:53,013 [INFO] PluginManager:220 - loadIPPluginJar : add quadspi
2024-02-26 09:21:53,017 [INFO] IPUIPlugin:80 - create IPUIPlugin
2024-02-26 09:21:53,018 [INFO] PluginManager:220 - loadIPPluginJar : add resmgrutility
2024-02-26 09:21:53,020 [INFO] IPUIPlugin:80 - create IPUIPlugin
2024-02-26 09:21:53,020 [INFO] PluginManager:220 - loadIPPluginJar : add sai
2024-02-26 09:21:53,023 [INFO] IPUIPlugin:80 - create IPUIPlugin
2024-02-26 09:21:53,023 [INFO] PluginManager:220 - loadIPPluginJar : add spi
2024-02-26 09:21:53,028 [INFO] IPUIPlugin:80 - create IPUIPlugin
2024-02-26 09:21:53,028 [INFO] PluginManager:220 - loadIPPluginJar : add stm32_wpan
2024-02-26 09:21:53,030 [INFO] IPUIPlugin:80 - create IPUIPlugin
2024-02-26 09:21:53,030 [INFO] PluginManager:220 - loadIPPluginJar : add tim
2024-02-26 09:21:53,033 [INFO] IPUIPlugin:80 - create IPUIPlugin
2024-02-26 09:21:53,033 [INFO] PluginManager:220 - loadIPPluginJar : add touchsensing
2024-02-26 09:21:53,035 [INFO] IPUIPlugin:80 - create IPUIPlugin
2024-02-26 09:21:53,035 [INFO] PluginManager:220 - loadIPPluginJar : add tracer_emb
2024-02-26 09:21:53,037 [INFO] IPUIPlugin:80 - create IPUIPlugin
2024-02-26 09:21:53,037 [INFO] PluginManager:220 - loadIPPluginJar : add ts
2024-02-26 09:21:53,039 [INFO] IPUIPlugin:80 - create IPUIPlugin
2024-02-26 09:21:53,039 [INFO] PluginManager:220 - loadIPPluginJar : add tsc
2024-02-26 09:21:53,041 [INFO] IPUIPlugin:80 - create IPUIPlugin
2024-02-26 09:21:53,042 [INFO] PluginManager:220 - loadIPPluginJar : add ucpd
2024-02-26 09:21:53,044 [INFO] IPUIPlugin:80 - create IPUIPlugin
2024-02-26 09:21:53,045 [INFO] PluginManager:220 - loadIPPluginJar : add usart
2024-02-26 09:21:53,048 [INFO] IPUIPlugin:80 - create IPUIPlugin
2024-02-26 09:21:53,048 [INFO] PluginManager:220 - loadIPPluginJar : add usbx
2024-02-26 09:21:53,181 [INFO] CADModel:165 - CPN selected for project level
2024-02-26 09:21:53,181 [INFO] CADModel:114 - Register for checkConnection events
2024-02-26 09:21:53,181 [FATAL] Updater:308 - Updater called before beeing initialized
2024-02-26 09:21:53,182 [ERROR] CADModel:125 - Updater not yet initialized, retry later 
2024-02-26 09:21:53,320 [INFO] CADModel:165 - CPN selected for project level
2024-02-26 09:21:53,320 [INFO] CADModel:114 - Register for checkConnection events
2024-02-26 09:21:53,321 [FATAL] Updater:308 - Updater called before beeing initialized
2024-02-26 09:21:53,321 [ERROR] CADModel:125 - Updater not yet initialized, retry later 
2024-02-26 09:21:53,325 [FATAL] Updater:308 - Updater called before beeing initialized
2024-02-26 09:21:53,437 [FATAL] Updater:308 - Updater called before beeing initialized
2024-02-26 09:21:53,441 [INFO] DbMcusAds:53 - JSON generation date=Wed Nov 29 18:52:27 CST 2023 (1701255147349)
2024-02-26 09:21:53,441 [FATAL] Updater:308 - Updater called before beeing initialized
2024-02-26 09:21:53,480 [WARN] DetailPanel:346 - Failed to get advertising image, set to default
2024-02-26 09:21:53,581 [FATAL] Updater:308 - Updater called before beeing initialized
2024-02-26 09:21:53,583 [FATAL] Updater:308 - Updater called before beeing initialized
2024-02-26 09:21:53,583 [FATAL] Updater:308 - Updater called before beeing initialized
2024-02-26 09:21:53,583 [WARN] DetailPanel:346 - Failed to get advertising image, set to default
2024-02-26 09:21:53,584 [FATAL] Updater:308 - Updater called before beeing initialized
2024-02-26 09:21:53,624 [ERROR] Updater:1120 - MainUpdater not yet initialized. External WinMGr cannot be set.
2024-02-26 09:21:53,626 [INFO] Updater:1056 - Updater Version found : 6.9.1
2024-02-26 09:21:53,646 [INFO] ApplicationProperties:184 - Using Application install path: D:\ST\STM32CubeIDE_1.13.1\STM32CubeIDE\plugins\com.st.stm32cube.common.mx_6.9.1.202307191849
2024-02-26 09:21:53,762 [INFO] MainUpdater:2868 - connection check result : 10
2024-02-26 09:21:53,764 [INFO] MainUpdater:285 - Updater Check For Update Now.
2024-02-26 09:21:53,764 [INFO] MicroXplorer:498 - Change Database Version : DB.6.0.91
2024-02-26 09:21:53,772 [INFO] McuFinderGlobals:63 - Set McuFinder mode to 2 (CubeIDE integrated)
2024-02-26 09:21:53,773 [INFO] UserAuth:179 - activating auth plugin
2024-02-26 09:21:53,776 [INFO] UserAuth:393 - Internet connection configuration mode: 1
2024-02-26 09:21:53,890 [INFO] JxBrowserEngine:151 - Initiate JxBrowser Engine with user profile folder
2024-02-26 09:21:54,022 [INFO] CheckServerUpdateThread:120 - End of CheckServer Thread
2024-02-26 09:21:54,870 [INFO] WebApp:157 - Instantiating new browser for Auth
2024-02-26 09:21:55,456 [INFO] WebApp:753 - Register for checkConnection events
2024-02-26 09:21:55,456 [INFO] WebApp:390 - Apply proxy settings
2024-02-26 09:21:55,456 [INFO] WebApp:475 - Chromium requires no authentication
2024-02-26 09:21:55,464 [INFO] WebApp:418 - Direct internet connection detected
2024-02-26 09:21:55,630 [INFO] WebApp:188 - Starting web application
2024-02-26 09:21:55,630 [INFO] WebApp:520 - Web application path used D:\ST\STM32CubeIDE_1.13.1\STM32CubeIDE\plugins\com.st.stm32cube.common.mx_6.9.1.202307191849\db\plugins\mcufinder\reactClient1\index.html
2024-02-26 09:21:55,714 [WARN] PackLoader:240 - Cannot read IP mode file for STMicroelectronics.X-CUBE-SMBUS.2.1.0
2024-02-26 09:21:55,725 [WARN] PackLoader:240 - Cannot read IP mode file for STMicroelectronics.X-CUBE-TOUCHGFX.4.23.0
2024-02-26 09:21:55,753 [WARN] PackLoader:240 - Cannot read IP mode file for STMicroelectronics.X-CUBE-AZRTOS-F7.1.1.0
2024-02-26 09:21:55,768 [WARN] PackLoader:240 - Cannot read IP mode file for STMicroelectronics.FP-SNS-MOTENV1.4.3.2
2024-02-26 09:21:55,785 [WARN] PackLoader:240 - Cannot read IP mode file for STMicroelectronics.X-CUBE-BLE1.6.2.3
2024-02-26 09:21:55,793 [WARN] PackLoader:240 - Cannot read IP mode file for STMicroelectronics.FP-SNS-FLIGHT1.5.0.2
2024-02-26 09:21:55,809 [WARN] PackLoader:240 - Cannot read IP mode file for STMicroelectronics.X-CUBE-TOF1.3.1.0
2024-02-26 09:21:55,824 [WARN] PackLoader:240 - Cannot read IP mode file for STMicroelectronics.X-CUBE-DISPLAY.3.0.0
2024-02-26 09:21:55,834 [WARN] PackLoader:240 - Cannot read IP mode file for STMicroelectronics.X-CUBE-BLE1.7.0.0
2024-02-26 09:21:55,844 [WARN] PackLoader:240 - Cannot read IP mode file for emotas.I-CUBE-CANOPEN.1.3.0
2024-02-26 09:21:55,849 [WARN] PackLoader:240 - Cannot read IP mode file for STMicroelectronics.X-CUBE-TOUCHGFX.4.22.0
2024-02-26 09:21:55,854 [WARN] PackLoader:240 - Cannot read IP mode file for STMicroelectronics.X-CUBE-TOUCHGFX.4.22.1
2024-02-26 09:21:55,907 [WARN] PackLoader:240 - Cannot read IP mode file for STMicroelectronics.X-CUBE-MEMS1.9.3.0
2024-02-26 09:21:56,037 [WARN] PackLoader:240 - Cannot read IP mode file for STMicroelectronics.X-CUBE-AI.7.2.0
2024-02-26 09:21:56,045 [WARN] PackLoader:240 - Cannot read IP mode file for STMicroelectronics.FP-SNS-SMARTAG2.1.2.0
2024-02-26 09:21:56,056 [INFO] LogOutputStream:77 - [STDOUT_REDIRECT] 1 : Invalid condition id : UX_CORESTACK_Condition cause : null
2024-02-26 09:21:56,057 [INFO] LogOutputStream:77 - [STDOUT_REDIRECT] 1 : Invalid condition id : UX_CORESTACK_Condition cause : null
2024-02-26 09:21:56,062 [INFO] LogOutputStream:77 - [STDOUT_REDIRECT] 1 : Invalid condition id : UX_CORESTACK_Condition cause : null
2024-02-26 09:21:56,063 [INFO] LogOutputStream:77 - [STDOUT_REDIRECT] 1 : Invalid condition id : UX_CORESTACK_Condition cause : null
2024-02-26 09:21:56,065 [INFO] LogOutputStream:77 - [STDOUT_REDIRECT] 1 : Invalid condition id : UX_CORESTACK_Condition cause : null
2024-02-26 09:21:56,067 [WARN] PackLoader:240 - Cannot read IP mode file for STMicroelectronics.X-CUBE-AZRTOS-WL.2.0.0
2024-02-26 09:21:56,078 [WARN] PackLoader:240 - Cannot read IP mode file for WES.I-CUBE-Cesium.1.3.0
2024-02-26 09:21:56,086 [WARN] PackLoader:240 - Cannot read IP mode file for STMicroelectronics.X-CUBE-BLE2.3.3.0
2024-02-26 09:21:56,092 [WARN] PackLoader:240 - Cannot read IP mode file for STMicroelectronics.X-CUBE-DISPLAY.2.2.0
2024-02-26 09:21:56,100 [WARN] PackLoader:240 - Cannot read IP mode file for STMicroelectronics.X-CUBE-ISPU.1.0.0
2024-02-26 09:21:56,123 [WARN] PackLoader:240 - Cannot read IP mode file for STMicroelectronics.X-CUBE-AZRTOS-H7.2.1.0
2024-02-26 09:21:56,134 [WARN] PackLoader:240 - Cannot read IP mode file for STMicroelectronics.X-CUBE-ALGOBUILD.1.3.0
2024-02-26 09:21:56,147 [WARN] PackLoader:240 - Cannot read IP mode file for STMicroelectronics.X-CUBE-AZRTOS-G0.1.1.0
2024-02-26 09:21:56,156 [WARN] PackLoader:240 - Cannot read IP mode file for STMicroelectronics.X-CUBE-NFC4.3.0.0
2024-02-26 09:21:56,188 [WARN] PackLoader:240 - Cannot read IP mode file for SEGGER.I-CUBE-embOS.1.2.0
2024-02-26 09:21:56,227 [WARN] PackLoader:240 - Cannot read IP mode file for STMicroelectronics.X-CUBE-BLEMGR.3.0.0
2024-02-26 09:21:56,236 [WARN] PackLoader:240 - Cannot read IP mode file for STMicroelectronics.FP-ATR-SIGFOX1.3.2.0
2024-02-26 09:21:56,244 [WARN] PackLoader:240 - Cannot read IP mode file for STMicroelectronics.X-CUBE-EEPRMA1.5.1.0
2024-02-26 09:21:56,253 [WARN] PackLoader:240 - Cannot read IP mode file for emotas.I-CUBE-CANOPEN.1.1.2
2024-02-26 09:21:56,258 [WARN] PackLoader:240 - Cannot read IP mode file for STMicroelectronics.X-CUBE-TOUCHGFX.4.20.0
2024-02-26 09:21:56,281 [WARN] PackLoader:240 - Cannot read IP mode file for SEGGER.I-CUBE-embOS.1.3.1
2024-02-26 09:21:56,325 [WARN] PackLoader:240 - Cannot read IP mode file for STMicroelectronics.X-CUBE-GNSS1.6.0.0
2024-02-26 09:21:56,342 [WARN] PackLoader:240 - Cannot read IP mode file for STMicroelectronics.X-CUBE-AZRTOS-F4.1.1.0
2024-02-26 09:21:56,352 [WARN] PackLoader:240 - Cannot read IP mode file for STMicroelectronics.X-CUBE-BLEMGR.1.2.0
2024-02-26 09:21:56,376 [WARN] PackLoader:240 - Cannot read IP mode file for STMicroelectronics.X-CUBE-AZRTOS-L5.2.0.0
2024-02-26 09:21:56,413 [WARN] PackLoader:240 - Cannot read IP mode file for STMicroelectronics.X-CUBE-MEMS1.9.6.0
2024-02-26 09:21:56,524 [WARN] PackLoader:240 - Cannot read IP mode file for STMicroelectronics.X-CUBE-EEPRMA1.4.2.0
2024-02-26 09:21:56,533 [WARN] PackLoader:240 - Cannot read IP mode file for ITTIA_DB.I-CUBE-ITTIADB.8.8.0
2024-02-26 09:21:56,541 [WARN] PackLoader:240 - Cannot read IP mode file for STMicroelectronics.X-CUBE-BLEMGR.2.0.0
2024-02-26 09:21:56,549 [WARN] PackLoader:240 - Cannot read IP mode file for STMicroelectronics.X-CUBE-NFC4.2.0.4
2024-02-26 09:21:56,562 [WARN] ConditionMgr:438 - getConditionDescription Invalid condition id : UX DEVICE CLASS RTOS Condition cause : null
2024-02-26 09:21:56,563 [WARN] ConditionMgr:438 - getConditionDescription Invalid condition id : UX DEVICE CLASS RTOS Condition cause : null
2024-02-26 09:21:56,565 [WARN] PackLoader:240 - Cannot read IP mode file for STMicroelectronics.X-CUBE-AZRTOS-H7.3.1.0
2024-02-26 09:21:56,566 [WARN] ConditionMgr:1039 - genDependencies : Invalid condition id : UX DEVICE CLASS RTOS Condition cause : null
2024-02-26 09:21:56,566 [WARN] ConditionMgr:1039 - genDependencies : Invalid condition id : UX DEVICE CLASS RTOS Condition cause : null
2024-02-26 09:21:56,567 [WARN] ConditionMgr:1039 - genDependencies : Invalid condition id : UX DEVICE CLASS RTOS Condition cause : null
2024-02-26 09:21:56,567 [WARN] ConditionMgr:1039 - genDependencies : Invalid condition id : UX DEVICE CLASS RTOS Condition cause : null
2024-02-26 09:21:56,568 [WARN] ConditionMgr:1039 - genDependencies : Invalid condition id : UX DEVICE CLASS RTOS Condition cause : null
2024-02-26 09:21:56,577 [WARN] PackLoader:240 - Cannot read IP mode file for wolfSSL.I-CUBE-wolfSSL.5.5.0
2024-02-26 09:21:56,585 [WARN] PackLoader:240 - Cannot read IP mode file for STMicroelectronics.X-CUBE-NFC7.1.0.1
2024-02-26 09:21:56,592 [WARN] PackLoader:240 - Cannot read IP mode file for STMicroelectronics.X-CUBE-NFC7.1.0.0
2024-02-26 09:21:56,601 [WARN] PackLoader:240 - Cannot read IP mode file for STMicroelectronics.X-CUBE-NFC6.3.0.0
2024-02-26 09:21:56,609 [WARN] PackLoader:240 - Cannot read IP mode file for STMicroelectronics.X-CUBE-EEPRMA1.4.1.0
2024-02-26 09:21:56,615 [WARN] PackLoader:240 - Cannot read IP mode file for STMicroelectronics.X-CUBE-AI.8.1.0
2024-02-26 09:21:56,629 [WARN] ConditionMgr:438 - getConditionDescription Invalid condition id : LAN8742 Phy interface Condition cause : null
2024-02-26 09:21:56,631 [WARN] PackLoader:240 - Cannot read IP mode file for STMicroelectronics.X-CUBE-AZRTOS-L4.2.0.0
2024-02-26 09:21:56,632 [WARN] ConditionMgr:1039 - genDependencies : Invalid condition id : LAN8742 Phy interface Condition cause : null
2024-02-26 09:21:56,633 [WARN] ConditionMgr:1039 - genDependencies : Invalid condition id : LAN8742 Phy interface Condition cause : null
2024-02-26 09:21:56,633 [WARN] ConditionMgr:1039 - genDependencies : Invalid condition id : LAN8742 Phy interface Condition cause : null
2024-02-26 09:21:56,643 [WARN] PackLoader:240 - Cannot read IP mode file for STMicroelectronics.X-CUBE-SFXS2LP1.4.0.0
2024-02-26 09:21:56,649 [WARN] PackLoader:240 - Cannot read IP mode file for STMicroelectronics.X-CUBE-ISPU.1.1.0
2024-02-26 09:21:56,660 [WARN] PackLoader:240 - Cannot read IP mode file for RoweBots.I-CUBE-UNISONRTOS.5.5.0-4
2024-02-26 09:21:56,671 [WARN] ConditionMgr:438 - getConditionDescription Invalid condition id : UX DEVICE CLASS RTOS Condition cause : null
2024-02-26 09:21:56,672 [WARN] ConditionMgr:438 - getConditionDescription Invalid condition id : UX DEVICE CLASS RTOS Condition cause : null
2024-02-26 09:21:56,673 [WARN] PackLoader:240 - Cannot read IP mode file for STMicroelectronics.X-CUBE-AZRTOS-WB.2.0.0
2024-02-26 09:21:56,674 [WARN] ConditionMgr:1039 - genDependencies : Invalid condition id : UX DEVICE CLASS RTOS Condition cause : null
2024-02-26 09:21:56,674 [WARN] ConditionMgr:1039 - genDependencies : Invalid condition id : UX DEVICE CLASS RTOS Condition cause : null
2024-02-26 09:21:56,675 [WARN] ConditionMgr:1039 - genDependencies : Invalid condition id : UX DEVICE CLASS RTOS Condition cause : null
2024-02-26 09:21:56,675 [WARN] ConditionMgr:1039 - genDependencies : Invalid condition id : UX DEVICE CLASS RTOS Condition cause : null
2024-02-26 09:21:56,675 [WARN] ConditionMgr:1039 - genDependencies : Invalid condition id : UX DEVICE CLASS RTOS Condition cause : null
2024-02-26 09:21:56,683 [WARN] PackLoader:240 - Cannot read IP mode file for STMicroelectronics.X-CUBE-FREERTOS.1.0.1
2024-02-26 09:21:56,689 [WARN] PackLoader:240 - Cannot read IP mode file for STMicroelectronics.X-CUBE-BLEMGR.1.0.0
2024-02-26 09:21:56,702 [WARN] PackLoader:240 - Cannot read IP mode file for STMicroelectronics.X-CUBE-SUBG2.5.0.0
2024-02-26 09:21:56,715 [WARN] PackLoader:240 - Cannot read IP mode file for STMicroelectronics.X-CUBE-TOF1.3.3.1
2024-02-26 09:21:56,734 [WARN] PackLoader:240 - Cannot read IP mode file for STMicroelectronics.X-CUBE-AZRTOS-G4.2.0.0
2024-02-26 09:21:56,744 [WARN] PackLoader:240 - Cannot read IP mode file for STMicroelectronics.FP-ATR-ASTRA1.1.1.1
2024-02-26 09:21:56,757 [WARN] PackLoader:240 - Cannot read IP mode file for Infineon.AIROC-Wi-Fi-Bluetooth-STM32.1.5.1
2024-02-26 09:21:56,766 [WARN] PackLoader:240 - Cannot read IP mode file for STMicroelectronics.FP-SNS-MOTENVWB1.1.3.1
2024-02-26 09:21:56,778 [WARN] PackLoader:240 - Cannot read IP mode file for STMicroelectronics.X-CUBE-AZRTOS-G4.1.0.0
2024-02-26 09:21:56,793 [WARN] PackLoader:240 - Cannot read IP mode file for STMicroelectronics.X-CUBE-AZRTOS-L4.1.0.0
2024-02-26 09:21:56,800 [WARN] PackLoader:240 - Cannot read IP mode file for STMicroelectronics.X-CUBE-ISPU.2.0.0
2024-02-26 09:21:56,833 [WARN] PackLoader:240 - Cannot read IP mode file for STMicroelectronics.X-CUBE-MEMS1.10.0.0
2024-02-26 09:21:56,921 [WARN] PackLoader:240 - Cannot read IP mode file for STMicroelectronics.X-CUBE-FREERTOS.1.1.0
2024-02-26 09:21:56,932 [WARN] PackLoader:240 - Cannot read IP mode file for STMicroelectronics.X-CUBE-AZRTOS-WL.1.0.0
2024-02-26 09:21:56,944 [WARN] PackLoader:240 - Cannot read IP mode file for portGmbH.I-Cube-SoM-uGOAL.1.1.0
2024-02-26 09:21:56,952 [WARN] PackLoader:240 - Cannot read IP mode file for STMicroelectronics.X-CUBE-ALS.1.0.1
2024-02-26 09:21:56,964 [WARN] PackLoader:240 - Cannot read IP mode file for STMicroelectronics.X-CUBE-AZRTOS-L5.1.0.0
2024-02-26 09:21:56,972 [WARN] PackLoader:240 - Cannot read IP mode file for STMicroelectronics.X-CUBE-EEPRMA1.3.1.1
2024-02-26 09:21:56,978 [WARN] PackLoader:240 - Cannot read IP mode file for STMicroelectronics.FP-ATR-ASTRA1.2.0.0
2024-02-26 09:21:56,989 [WARN] PackLoader:240 - Cannot read IP mode file for STMicroelectronics.X-CUBE-TOF1.3.4.0
2024-02-26 09:21:57,021 [WARN] PackLoader:240 - Cannot read IP mode file for STMicroelectronics.X-CUBE-AZRTOS-H7.3.2.0
2024-02-26 09:21:57,025 [INFO] ThirdParty:978 - Integrity check success = true
2024-02-26 09:21:57,025 [INFO] IntegrityCheckThread:100 - exiting critical section [integrity check]
2024-02-26 09:21:57,025 [INFO] IntegrityCheckThread:103 - End integrity checks thread
2024-02-26 09:22:16,247 [ERROR] LogOutputStream:75 - [STDERR_REDIRECT] SLF4J: Failed to load class "org.slf4j.impl.StaticLoggerBinder".
2024-02-26 09:22:16,247 [ERROR] LogOutputStream:75 - [STDERR_REDIRECT] SLF4J: Defaulting to no-operation (NOP) logger implementation
2024-02-26 09:22:16,248 [ERROR] LogOutputStream:75 - [STDERR_REDIRECT] SLF4J: See http://www.slf4j.org/codes.html#StaticLoggerBinder for further details.
2024-02-26 16:30:28,346 [ERROR] LogOutputStream:75 - [STDERR_REDIRECT] 
