2023-12-13 15:03:45,628 [INFO] Activator:176 - 


2023-12-13 15:03:45,632 [INFO] Activator:177 - !SESSION log4j initialized
2023-12-13 15:03:49,890 [INFO] LogOutputStream:77 - [STDOUT_REDIRECT] 
2023-12-13 15:03:58,639 [INFO] ApplicationProperties:184 - Using Application install path: H:\cubeide\STM32CubeIDE_1.13.1\STM32CubeIDE\plugins\com.st.stm32cube.common.mx_6.9.1.202307191849
2023-12-13 15:03:58,713 [INFO] DbMcusXml:78 - Set database path to: H:\cubeide\STM32CubeIDE_1.13.1\STM32CubeIDE\plugins\com.st.stm32cube.common.mx_6.9.1.202307191849\\db\/mcu/
2023-12-13 15:03:58,714 [INFO] ApiDb:274 - Set plugin database path to: H:\cubeide\STM32CubeIDE_1.13.1\STM32CubeIDE\plugins\com.st.stm32cube.common.mx_6.9.1.202307191849\\db\/plugins/boardmanager/
2023-12-13 15:03:58,715 [WARN] ApiDb:259 - Overriding images path with different value:  => H:\cubeide\STM32CubeIDE_1.13.1\STM32CubeIDE\plugins\com.st.stm32cube.common.mx_6.9.1.202307191849\\db\/plugins/mcufinder/images/
2023-12-13 15:03:58,915 [INFO] ApiDb:250 - Set database path to: C:\Users\ALIENTEK\.stmcufinder\plugins\mcufinder//mcu/
2023-12-13 15:03:58,917 [INFO] DbMcusAds:125 - Set database path to: C:\Users\ALIENTEK\.stmcufinder\plugins\mcufinder//mcu/
2023-12-13 15:03:58,919 [INFO] CrossReferenceDbSqlite:203 - Set database path to: C:\Users\ALIENTEK\.stmcufinder\plugins\mcufinder//mcu/cs/
2023-12-13 15:03:59,117 [INFO] RulesReader:64 - Compatibility file has been processed (293 Rules)
2023-12-13 15:03:59,390 [INFO] DbMcusXml:78 - Set database path to: H:\cubeide\STM32CubeIDE_1.13.1\STM32CubeIDE\plugins\com.st.stm32cube.common.mx_6.9.1.202307191849\\db\/mcu/
2023-12-13 15:03:59,390 [INFO] ApiDb:274 - Set plugin database path to: H:\cubeide\STM32CubeIDE_1.13.1\STM32CubeIDE\plugins\com.st.stm32cube.common.mx_6.9.1.202307191849\\db\/plugins/boardmanager/
2023-12-13 15:03:59,390 [INFO] ApiDb:261 - Set plugin images path to: H:\cubeide\STM32CubeIDE_1.13.1\STM32CubeIDE\plugins\com.st.stm32cube.common.mx_6.9.1.202307191849\\db\/plugins/mcufinder/images/
2023-12-13 15:03:59,391 [WARN] DbFile:41 - Overriding database path with different value: C:\Users\ALIENTEK\.stmcufinder\plugins\mcufinder/ => C:\Users\ALIENTEK\.stmcufinder\plugins\mcufinder
2023-12-13 15:03:59,391 [INFO] ApiDb:250 - Set database path to: C:\Users\ALIENTEK\.stmcufinder\plugins\mcufinder//mcu/
2023-12-13 15:03:59,391 [WARN] DbFile:41 - Overriding database path with different value: C:\Users\ALIENTEK\.stmcufinder\plugins\mcufinder/ => C:\Users\ALIENTEK\.stmcufinder\plugins\mcufinder
2023-12-13 15:03:59,391 [INFO] DbMcusAds:125 - Set database path to: C:\Users\ALIENTEK\.stmcufinder\plugins\mcufinder//mcu/
2023-12-13 15:03:59,391 [WARN] DbFile:41 - Overriding database path with different value: C:\Users\ALIENTEK\.stmcufinder\plugins\mcufinder/ => C:\Users\ALIENTEK\.stmcufinder\plugins\mcufinder
2023-12-13 15:03:59,391 [WARN] DbFile:41 - Overriding database path with different value: C:\Users\ALIENTEK\.stmcufinder\plugins\mcufinder/ => C:\Users\ALIENTEK\.stmcufinder\plugins\mcufinder
2023-12-13 15:03:59,391 [INFO] CrossReferenceDbSqlite:203 - Set database path to: C:\Users\ALIENTEK\.stmcufinder\plugins\mcufinder//mcu/cs/
2023-12-13 15:03:59,551 [INFO] MainPanel:262 - HeapMemory: 268435456
2023-12-13 15:03:59,699 [INFO] DbMcusXml:78 - Set database path to: H:\cubeide\STM32CubeIDE_1.13.1\STM32CubeIDE\plugins\com.st.stm32cube.common.mx_6.9.1.202307191849\\db\/mcu/
2023-12-13 15:03:59,700 [INFO] ApiDb:274 - Set plugin database path to: H:\cubeide\STM32CubeIDE_1.13.1\STM32CubeIDE\plugins\com.st.stm32cube.common.mx_6.9.1.202307191849\\db\/plugins/boardmanager/
2023-12-13 15:03:59,700 [INFO] ApiDb:261 - Set plugin images path to: H:\cubeide\STM32CubeIDE_1.13.1\STM32CubeIDE\plugins\com.st.stm32cube.common.mx_6.9.1.202307191849\\db\/plugins/mcufinder/images/
2023-12-13 15:03:59,700 [WARN] DbFile:41 - Overriding database path with different value: C:\Users\ALIENTEK\.stmcufinder\plugins\mcufinder/ => C:\Users\ALIENTEK\.stmcufinder\plugins\mcufinder
2023-12-13 15:03:59,700 [INFO] ApiDb:250 - Set database path to: C:\Users\ALIENTEK\.stmcufinder\plugins\mcufinder//mcu/
2023-12-13 15:03:59,700 [WARN] DbFile:41 - Overriding database path with different value: C:\Users\ALIENTEK\.stmcufinder\plugins\mcufinder/ => C:\Users\ALIENTEK\.stmcufinder\plugins\mcufinder
2023-12-13 15:03:59,700 [INFO] DbMcusAds:125 - Set database path to: C:\Users\ALIENTEK\.stmcufinder\plugins\mcufinder//mcu/
2023-12-13 15:03:59,700 [WARN] DbFile:41 - Overriding database path with different value: C:\Users\ALIENTEK\.stmcufinder\plugins\mcufinder/ => C:\Users\ALIENTEK\.stmcufinder\plugins\mcufinder
2023-12-13 15:03:59,700 [WARN] DbFile:41 - Overriding database path with different value: C:\Users\ALIENTEK\.stmcufinder\plugins\mcufinder/ => C:\Users\ALIENTEK\.stmcufinder\plugins\mcufinder
2023-12-13 15:03:59,701 [INFO] CrossReferenceDbSqlite:203 - Set database path to: C:\Users\ALIENTEK\.stmcufinder\plugins\mcufinder//mcu/cs/
2023-12-13 15:03:59,723 [INFO] ApplicationProperties:184 - Using Application install path: H:\cubeide\STM32CubeIDE_1.13.1\STM32CubeIDE\plugins\com.st.stm32cube.common.mx_6.9.1.202307191849
2023-12-13 15:03:59,724 [INFO] PluginManage:196 - Search for loadable plugins [exclusion list=, ]
2023-12-13 15:03:59,727 [INFO] PluginManage:310 - Check plugin analytics
2023-12-13 15:03:59,956 [INFO] AnalyticsPlugin:253 - Accepted Software Licenses: 
2023-12-13 15:03:59,956 [INFO] AnalyticsPlugin:255 - Accepted CMSIS Pack Licenses: 
2023-12-13 15:03:59,957 [INFO] AnalyticsPlugin:257 - Accepted Firmware Licenses: 
2023-12-13 15:03:59,959 [INFO] PluginManage:359 - Loaded plugin analytics (category:tool,tabindex:-1)
2023-12-13 15:03:59,959 [INFO] PluginManage:310 - Check plugin cadmodel
2023-12-13 15:03:59,997 [INFO] CADModel:105 - Init CAD model plugin
2023-12-13 15:03:59,997 [INFO] PluginManage:359 - Loaded plugin cadmodel (category:power,tabindex:5)
2023-12-13 15:03:59,997 [INFO] PluginManage:310 - Check plugin clock
2023-12-13 15:04:00,026 [INFO] PluginManage:359 - Loaded plugin clock (category:base,tabindex:2)
2023-12-13 15:04:00,026 [INFO] PluginManage:310 - Check plugin ddr
2023-12-13 15:04:00,056 [INFO] PluginManage:359 - Loaded plugin ddr (category:tool,tabindex:6)
2023-12-13 15:04:00,056 [INFO] PluginManage:310 - Check plugin filemanager
2023-12-13 15:04:00,361 [INFO] PluginManage:359 - Loaded plugin filemanager (category:base,tabindex:10)
2023-12-13 15:04:00,361 [INFO] PluginManage:310 - Check plugin ipmanager
2023-12-13 15:04:00,380 [INFO] PluginManage:359 - Loaded plugin ipmanager (category:base,tabindex:5)
2023-12-13 15:04:00,380 [INFO] PluginManage:310 - Check plugin lpbam
2023-12-13 15:04:00,400 [INFO] PluginManage:359 - Loaded plugin lpbam (category:base,tabindex:0)
2023-12-13 15:04:00,400 [INFO] PluginManage:310 - Check plugin memorymap
2023-12-13 15:04:00,430 [INFO] PluginManage:359 - Loaded plugin memorymap (category:base,tabindex:4)
2023-12-13 15:04:00,430 [INFO] PluginManage:310 - Check plugin pinoutandconfiguration
2023-12-13 15:04:00,451 [INFO] PluginManage:359 - Loaded plugin pinoutandconfiguration (category:base,tabindex:1)
2023-12-13 15:04:00,451 [INFO] PluginManage:310 - Check plugin pinoutconfig
2023-12-13 15:04:00,537 [WARN] SupportedApi:132 - Cannot load RTOS API schema: s4s-elt-must-match.1: The content of 'definitions' must match (annotation?, (simpleType | complexType)?, (unique | key | keyref)*)). A problem was found starting at: attribute.
2023-12-13 15:04:00,639 [INFO] PluginManage:359 - Loaded plugin pinoutconfig (category:base,tabindex:0)
2023-12-13 15:04:00,639 [INFO] PluginManage:310 - Check plugin power
2023-12-13 15:04:00,672 [INFO] PluginManage:359 - Loaded plugin power (category:power,tabindex:4)
2023-12-13 15:04:00,672 [INFO] PluginManage:310 - Check plugin projectmanager
2023-12-13 15:04:00,695 [INFO] PluginManage:359 - Loaded plugin projectmanager (category:projectmanager,tabindex:3)
2023-12-13 15:04:00,695 [INFO] PluginManage:310 - Check plugin thirdparty
2023-12-13 15:04:01,007 [INFO] PluginManage:359 - Loaded plugin thirdparty (category:base,tabindex:-1)
2023-12-13 15:04:01,007 [INFO] PluginManage:310 - Check plugin tools
2023-12-13 15:04:01,007 [WARN] IntegrityCheckThread:84 - waiting for thirdparty lock release [integrity check]
2023-12-13 15:04:01,008 [INFO] IntegrityCheckThread:86 - entering critical section [integrity check]
2023-12-13 15:04:01,008 [INFO] ThirdPartyUpdaterWithRetryManager:70 - Updater plugin not ready yet. [1/15]
2023-12-13 15:04:01,018 [INFO] PluginManage:359 - Loaded plugin tools (category:base,tabindex:7)
2023-12-13 15:04:01,018 [INFO] PluginManage:310 - Check plugin tutovideos
2023-12-13 15:04:01,172 [INFO] PluginManage:359 - Loaded plugin tutovideos (category:base,tabindex:-1)
2023-12-13 15:04:01,172 [INFO] PluginManage:310 - Check plugin updater
2023-12-13 15:04:01,192 [INFO] PluginManage:359 - Loaded plugin updater (category:base,tabindex:12)
2023-12-13 15:04:01,192 [INFO] PluginManage:310 - Check plugin userauth
2023-12-13 15:04:01,219 [INFO] UserAuth:113 - Init User Auth plugin
2023-12-13 15:04:01,219 [INFO] PluginManage:359 - Loaded plugin userauth (category:base,tabindex:14)
2023-12-13 15:04:01,219 [INFO] PluginManage:283 - PluginManage : Loaded plugins [17]
2023-12-13 15:04:01,615 [INFO] PinOutPanel:1499 - setPackage(No Configuration,No Configuration)
2023-12-13 15:04:01,794 [INFO] CADModel:165 - CPN selected for project level
2023-12-13 15:04:01,795 [INFO] CADModel:114 - Register for checkConnection events
2023-12-13 15:04:01,843 [INFO] IPUIPlugin:80 - create IPUIPlugin
2023-12-13 15:04:01,843 [INFO] PluginManager:220 - loadIPPluginJar : add adc
2023-12-13 15:04:01,855 [INFO] IPUIPlugin:80 - create IPUIPlugin
2023-12-13 15:04:01,855 [INFO] PluginManager:220 - loadIPPluginJar : add aes
2023-12-13 15:04:01,870 [INFO] IPUIPlugin:80 - create IPUIPlugin
2023-12-13 15:04:01,870 [INFO] PluginManager:220 - loadIPPluginJar : add can
2023-12-13 15:04:01,878 [INFO] IPUIPlugin:80 - create IPUIPlugin
2023-12-13 15:04:01,878 [INFO] PluginManager:220 - loadIPPluginJar : add comp
2023-12-13 15:04:01,887 [INFO] IPUIPlugin:80 - create IPUIPlugin
2023-12-13 15:04:01,887 [INFO] PluginManager:220 - loadIPPluginJar : add cryp
2023-12-13 15:04:01,897 [INFO] IPUIPlugin:80 - create IPUIPlugin
2023-12-13 15:04:01,897 [INFO] PluginManager:220 - loadIPPluginJar : add dfsdm
2023-12-13 15:04:01,912 [INFO] IPUIPlugin:80 - create IPUIPlugin
2023-12-13 15:04:01,924 [INFO] PluginManager:220 - loadIPPluginJar : add dma
2023-12-13 15:04:01,926 [INFO] IPUIPlugin:80 - create IPUIPlugin
2023-12-13 15:04:01,926 [INFO] PluginManager:220 - loadIPPluginJar : add dma3
2023-12-13 15:04:01,937 [INFO] IPUIPlugin:80 - create IPUIPlugin
2023-12-13 15:04:01,937 [INFO] PluginManager:220 - loadIPPluginJar : add fatfs
2023-12-13 15:04:01,949 [INFO] IPUIPlugin:80 - create IPUIPlugin
2023-12-13 15:04:01,949 [INFO] PluginManager:220 - loadIPPluginJar : add fmc
2023-12-13 15:04:01,970 [INFO] IPUIPlugin:80 - create IPUIPlugin
2023-12-13 15:04:01,970 [INFO] PluginManager:220 - loadIPPluginJar : add freertos
2023-12-13 15:04:01,978 [INFO] IPUIPlugin:80 - create IPUIPlugin
2023-12-13 15:04:01,978 [INFO] PluginManager:220 - loadIPPluginJar : add genericplugin
2023-12-13 15:04:01,988 [INFO] IPUIPlugin:80 - create IPUIPlugin
2023-12-13 15:04:01,989 [INFO] PluginManager:220 - loadIPPluginJar : add gfxmmu
2023-12-13 15:04:02,001 [INFO] IPUIPlugin:80 - create IPUIPlugin
2023-12-13 15:04:02,001 [INFO] PluginManager:220 - loadIPPluginJar : add gic
2023-12-13 15:04:02,016 [INFO] IPUIPlugin:80 - create IPUIPlugin
2023-12-13 15:04:02,016 [INFO] PluginManager:220 - loadIPPluginJar : add gpio
2023-12-13 15:04:02,034 [INFO] IPUIPlugin:80 - create IPUIPlugin
2023-12-13 15:04:02,034 [INFO] PluginManager:220 - loadIPPluginJar : add gtzc
2023-12-13 15:04:02,035 [INFO] IPUIPlugin:80 - create IPUIPlugin
2023-12-13 15:04:02,035 [INFO] PluginManager:220 - loadIPPluginJar : add hash
2023-12-13 15:04:02,048 [INFO] IPUIPlugin:80 - create IPUIPlugin
2023-12-13 15:04:02,048 [INFO] PluginManager:220 - loadIPPluginJar : add i2c
2023-12-13 15:04:02,053 [INFO] IPUIPlugin:80 - create IPUIPlugin
2023-12-13 15:04:02,053 [INFO] PluginManager:220 - loadIPPluginJar : add i2s
2023-12-13 15:04:02,056 [INFO] IPUIPlugin:80 - create IPUIPlugin
2023-12-13 15:04:02,057 [INFO] PluginManager:220 - loadIPPluginJar : add i3c
2023-12-13 15:04:02,069 [INFO] IPUIPlugin:80 - create IPUIPlugin
2023-12-13 15:04:02,069 [INFO] PluginManager:220 - loadIPPluginJar : add ipddr
2023-12-13 15:04:02,080 [INFO] IPUIPlugin:80 - create IPUIPlugin
2023-12-13 15:04:02,080 [INFO] PluginManager:220 - loadIPPluginJar : add linkedlist
2023-12-13 15:04:02,095 [INFO] IPUIPlugin:80 - create IPUIPlugin
2023-12-13 15:04:02,095 [INFO] PluginManager:220 - loadIPPluginJar : add lorawan
2023-12-13 15:04:02,096 [INFO] IPUIPlugin:80 - create IPUIPlugin
2023-12-13 15:04:02,096 [INFO] PluginManager:220 - loadIPPluginJar : add ltdc
2023-12-13 15:04:02,122 [INFO] IPUIPlugin:80 - create IPUIPlugin
2023-12-13 15:04:02,122 [INFO] PluginManager:220 - loadIPPluginJar : add mdma
2023-12-13 15:04:02,125 [INFO] IPUIPlugin:80 - create IPUIPlugin
2023-12-13 15:04:02,125 [INFO] PluginManager:220 - loadIPPluginJar : add nvic
2023-12-13 15:04:02,127 [INFO] IPUIPlugin:80 - create IPUIPlugin
2023-12-13 15:04:02,127 [INFO] PluginManager:220 - loadIPPluginJar : add opamp
2023-12-13 15:04:02,128 [INFO] IPUIPlugin:80 - create IPUIPlugin
2023-12-13 15:04:02,128 [INFO] PluginManager:220 - loadIPPluginJar : add openamp
2023-12-13 15:04:02,137 [INFO] IPUIPlugin:80 - create IPUIPlugin
2023-12-13 15:04:02,137 [INFO] PluginManager:220 - loadIPPluginJar : add pdm2pcm
2023-12-13 15:04:02,155 [INFO] IPUIPlugin:80 - create IPUIPlugin
2023-12-13 15:04:02,156 [INFO] PluginManager:220 - loadIPPluginJar : add plateformsettings
2023-12-13 15:04:02,168 [INFO] IPUIPlugin:80 - create IPUIPlugin
2023-12-13 15:04:02,168 [INFO] PluginManager:220 - loadIPPluginJar : add quadspi
2023-12-13 15:04:02,170 [INFO] IPUIPlugin:80 - create IPUIPlugin
2023-12-13 15:04:02,170 [INFO] PluginManager:220 - loadIPPluginJar : add resmgrutility
2023-12-13 15:04:02,182 [INFO] IPUIPlugin:80 - create IPUIPlugin
2023-12-13 15:04:02,182 [INFO] PluginManager:220 - loadIPPluginJar : add sai
2023-12-13 15:04:02,183 [INFO] IPUIPlugin:80 - create IPUIPlugin
2023-12-13 15:04:02,183 [INFO] PluginManager:220 - loadIPPluginJar : add spi
2023-12-13 15:04:02,198 [INFO] IPUIPlugin:80 - create IPUIPlugin
2023-12-13 15:04:02,198 [INFO] PluginManager:220 - loadIPPluginJar : add stm32_wpan
2023-12-13 15:04:02,207 [INFO] IPUIPlugin:80 - create IPUIPlugin
2023-12-13 15:04:02,207 [INFO] PluginManager:220 - loadIPPluginJar : add tim
2023-12-13 15:04:02,222 [INFO] IPUIPlugin:80 - create IPUIPlugin
2023-12-13 15:04:02,223 [INFO] PluginManager:220 - loadIPPluginJar : add touchsensing
2023-12-13 15:04:02,235 [INFO] IPUIPlugin:80 - create IPUIPlugin
2023-12-13 15:04:02,235 [INFO] PluginManager:220 - loadIPPluginJar : add tracer_emb
2023-12-13 15:04:02,247 [INFO] IPUIPlugin:80 - create IPUIPlugin
2023-12-13 15:04:02,247 [INFO] PluginManager:220 - loadIPPluginJar : add ts
2023-12-13 15:04:02,258 [INFO] IPUIPlugin:80 - create IPUIPlugin
2023-12-13 15:04:02,258 [INFO] PluginManager:220 - loadIPPluginJar : add tsc
2023-12-13 15:04:02,289 [INFO] IPUIPlugin:80 - create IPUIPlugin
2023-12-13 15:04:02,289 [INFO] PluginManager:220 - loadIPPluginJar : add ucpd
2023-12-13 15:04:02,306 [INFO] IPUIPlugin:80 - create IPUIPlugin
2023-12-13 15:04:02,306 [INFO] PluginManager:220 - loadIPPluginJar : add usart
2023-12-13 15:04:02,308 [INFO] IPUIPlugin:80 - create IPUIPlugin
2023-12-13 15:04:02,308 [INFO] PluginManager:220 - loadIPPluginJar : add usbx
2023-12-13 15:04:02,584 [INFO] CADModel:165 - CPN selected for project level
2023-12-13 15:04:02,584 [INFO] CADModel:114 - Register for checkConnection events
2023-12-13 15:04:02,584 [FATAL] Updater:308 - Updater called before beeing initialized
2023-12-13 15:04:02,584 [ERROR] CADModel:125 - Updater not yet initialized, retry later 
2023-12-13 15:04:02,836 [INFO] CADModel:165 - CPN selected for project level
2023-12-13 15:04:02,836 [INFO] CADModel:114 - Register for checkConnection events
2023-12-13 15:04:02,836 [FATAL] Updater:308 - Updater called before beeing initialized
2023-12-13 15:04:02,836 [ERROR] CADModel:125 - Updater not yet initialized, retry later 
2023-12-13 15:04:02,843 [FATAL] Updater:308 - Updater called before beeing initialized
2023-12-13 15:04:02,947 [FATAL] Updater:308 - Updater called before beeing initialized
2023-12-13 15:04:02,961 [INFO] DbMcusAds:53 - JSON generation date=Wed Nov 29 18:52:38 CST 2023 (1701255158764)
2023-12-13 15:04:02,961 [FATAL] Updater:308 - Updater called before beeing initialized
2023-12-13 15:04:03,046 [WARN] DetailPanel:346 - Failed to get advertising image, set to default
2023-12-13 15:04:03,143 [FATAL] Updater:308 - Updater called before beeing initialized
2023-12-13 15:04:03,145 [FATAL] Updater:308 - Updater called before beeing initialized
2023-12-13 15:04:03,145 [FATAL] Updater:308 - Updater called before beeing initialized
2023-12-13 15:04:03,145 [WARN] DetailPanel:346 - Failed to get advertising image, set to default
2023-12-13 15:04:03,145 [FATAL] Updater:308 - Updater called before beeing initialized
2023-12-13 15:04:03,201 [ERROR] Updater:1120 - MainUpdater not yet initialized. External WinMGr cannot be set.
2023-12-13 15:04:03,213 [INFO] Updater:1056 - Updater Version found : 6.9.1
2023-12-13 15:04:03,245 [INFO] ApplicationProperties:184 - Using Application install path: H:\cubeide\STM32CubeIDE_1.13.1\STM32CubeIDE\plugins\com.st.stm32cube.common.mx_6.9.1.202307191849
2023-12-13 15:04:03,385 [INFO] MainUpdater:2868 - connection check result : 10
2023-12-13 15:04:03,386 [INFO] MainUpdater:285 - Updater Check For Update Now.
2023-12-13 15:04:03,386 [INFO] MicroXplorer:498 - Change Database Version : DB.6.0.91
2023-12-13 15:04:03,415 [INFO] McuFinderGlobals:63 - Set McuFinder mode to 2 (CubeIDE integrated)
2023-12-13 15:04:03,416 [INFO] UserAuth:179 - activating auth plugin
2023-12-13 15:04:03,430 [INFO] UserAuth:393 - Internet connection configuration mode: 1
2023-12-13 15:04:03,495 [INFO] JxBrowserEngine:151 - Initiate JxBrowser Engine with user profile folder
2023-12-13 15:04:03,565 [INFO] CheckServerUpdateThread:120 - End of CheckServer Thread
2023-12-13 15:04:04,450 [WARN] PackLoader:240 - Cannot read IP mode file for STMicroelectronics.X-CUBE-SMBUS.2.1.0
2023-12-13 15:04:04,527 [INFO] WebApp:157 - Instantiating new browser for Auth
2023-12-13 15:04:04,527 [WARN] PackLoader:240 - Cannot read IP mode file for STMicroelectronics.X-CUBE-MEMS1.9.2.0
2023-12-13 15:04:04,741 [WARN] PackLoader:240 - Cannot read IP mode file for STMicroelectronics.X-CUBE-AZRTOS-F7.1.1.0
2023-12-13 15:04:04,755 [WARN] PackLoader:240 - Cannot read IP mode file for STMicroelectronics.X-CUBE-AI.7.1.0
2023-12-13 15:04:04,778 [WARN] PackLoader:240 - Cannot read IP mode file for STMicroelectronics.X-CUBE-TOUCHGFX.4.19.1
2023-12-13 15:04:04,786 [WARN] PackLoader:240 - Cannot read IP mode file for STMicroelectronics.FP-SNS-MOTENV1.4.3.2
2023-12-13 15:04:04,799 [WARN] PackLoader:240 - Cannot read IP mode file for STMicroelectronics.X-CUBE-BLE1.6.2.3
2023-12-13 15:04:04,806 [WARN] PackLoader:240 - Cannot read IP mode file for STMicroelectronics.X-CUBE-BLE1.6.2.4
2023-12-13 15:04:04,818 [WARN] PackLoader:240 - Cannot read IP mode file for STMicroelectronics.FP-SNS-FLIGHT1.5.0.2
2023-12-13 15:04:04,826 [WARN] PackLoader:240 - Cannot read IP mode file for STMicroelectronics.X-CUBE-BLE2.3.2.2
2023-12-13 15:04:04,839 [WARN] PackLoader:240 - Cannot read IP mode file for STMicroelectronics.X-CUBE-TOF1.3.1.0
2023-12-13 15:04:04,854 [WARN] PackLoader:240 - Cannot read IP mode file for STMicroelectronics.X-CUBE-DISPLAY.3.0.0
2023-12-13 15:04:04,863 [WARN] PackLoader:240 - Cannot read IP mode file for STMicroelectronics.X-CUBE-BLE1.7.0.0
2023-12-13 15:04:04,872 [WARN] PackLoader:240 - Cannot read IP mode file for emotas.I-CUBE-CANOPEN.1.3.0
2023-12-13 15:04:04,878 [WARN] PackLoader:240 - Cannot read IP mode file for STMicroelectronics.X-CUBE-TOUCHGFX.4.22.0
2023-12-13 15:04:04,881 [WARN] PackLoader:240 - Cannot read IP mode file for STMicroelectronics.X-CUBE-TOUCHGFX.4.22.1
2023-12-13 15:04:04,926 [WARN] PackLoader:240 - Cannot read IP mode file for STMicroelectronics.X-CUBE-MEMS1.9.3.0
2023-12-13 15:04:05,058 [WARN] PackLoader:240 - Cannot read IP mode file for STMicroelectronics.X-CUBE-AI.7.2.0
2023-12-13 15:04:05,065 [WARN] PackLoader:240 - Cannot read IP mode file for STMicroelectronics.FP-SNS-SMARTAG2.1.2.0
2023-12-13 15:04:05,077 [INFO] LogOutputStream:77 - [STDOUT_REDIRECT] 1 : Invalid condition id : UX_CORESTACK_Condition cause : null
2023-12-13 15:04:05,077 [INFO] LogOutputStream:77 - [STDOUT_REDIRECT] 1 : Invalid condition id : UX_CORESTACK_Condition cause : null
2023-12-13 15:04:05,079 [INFO] LogOutputStream:77 - [STDOUT_REDIRECT] 1 : Invalid condition id : UX_CORESTACK_Condition cause : null
2023-12-13 15:04:05,080 [INFO] LogOutputStream:77 - [STDOUT_REDIRECT] 1 : Invalid condition id : UX_CORESTACK_Condition cause : null
2023-12-13 15:04:05,082 [INFO] LogOutputStream:77 - [STDOUT_REDIRECT] 1 : Invalid condition id : UX_CORESTACK_Condition cause : null
2023-12-13 15:04:05,086 [WARN] PackLoader:240 - Cannot read IP mode file for STMicroelectronics.X-CUBE-AZRTOS-WL.2.0.0
2023-12-13 15:04:05,098 [WARN] PackLoader:240 - Cannot read IP mode file for WES.I-CUBE-Cesium.1.3.0
2023-12-13 15:04:05,103 [WARN] PackLoader:240 - Cannot read IP mode file for STMicroelectronics.X-CUBE-BLE2.3.3.0
2023-12-13 15:04:05,110 [WARN] PackLoader:240 - Cannot read IP mode file for STMicroelectronics.X-CUBE-DISPLAY.2.2.0
2023-12-13 15:04:05,126 [WARN] PackLoader:240 - Cannot read IP mode file for STMicroelectronics.X-CUBE-TOF1.3.2.0
2023-12-13 15:04:05,140 [WARN] PackLoader:240 - Cannot read IP mode file for STMicroelectronics.X-CUBE-ISPU.1.0.0
2023-12-13 15:04:05,163 [WARN] PackLoader:240 - Cannot read IP mode file for STMicroelectronics.X-CUBE-AZRTOS-H7.2.1.0
2023-12-13 15:04:05,171 [WARN] PackLoader:240 - Cannot read IP mode file for STMicroelectronics.X-CUBE-TOUCHGFX.4.21.1
2023-12-13 15:04:05,176 [WARN] PackLoader:240 - Cannot read IP mode file for STMicroelectronics.X-CUBE-TOUCHGFX.4.21.0
2023-12-13 15:04:05,181 [WARN] PackLoader:240 - Cannot read IP mode file for STMicroelectronics.X-CUBE-TOUCHGFX.4.21.3
2023-12-13 15:04:05,185 [WARN] PackLoader:240 - Cannot read IP mode file for STMicroelectronics.X-CUBE-TOUCHGFX.4.21.4
2023-12-13 15:04:05,231 [WARN] PackLoader:240 - Cannot read IP mode file for STMicroelectronics.X-CUBE-MEMS1.9.4.0
2023-12-13 15:04:05,346 [WARN] PackLoader:240 - Cannot read IP mode file for STMicroelectronics.X-CUBE-AI.7.3.0
2023-12-13 15:04:05,355 [WARN] PackLoader:240 - Cannot read IP mode file for STMicroelectronics.X-CUBE-ALGOBUILD.1.3.0
2023-12-13 15:04:05,378 [WARN] PackLoader:240 - Cannot read IP mode file for STMicroelectronics.X-CUBE-AZRTOS-G0.1.1.0
2023-12-13 15:04:05,390 [WARN] PackLoader:240 - Cannot read IP mode file for STMicroelectronics.X-CUBE-NFC4.3.0.0
2023-12-13 15:04:05,445 [WARN] PackLoader:240 - Cannot read IP mode file for SEGGER.I-CUBE-embOS.1.2.0
2023-12-13 15:04:05,487 [WARN] PackLoader:240 - Cannot read IP mode file for STMicroelectronics.X-CUBE-BLEMGR.3.0.0
2023-12-13 15:04:05,499 [WARN] PackLoader:240 - Cannot read IP mode file for STMicroelectronics.X-CUBE-BLEMGR.1.3.0
2023-12-13 15:04:05,507 [WARN] PackLoader:240 - Cannot read IP mode file for STMicroelectronics.FP-ATR-SIGFOX1.3.2.0
2023-12-13 15:04:05,519 [WARN] PackLoader:240 - Cannot read IP mode file for emotas.I-CUBE-CANOPEN.1.1.2
2023-12-13 15:04:05,524 [WARN] PackLoader:240 - Cannot read IP mode file for STMicroelectronics.X-CUBE-TOUCHGFX.4.20.0
2023-12-13 15:04:05,524 [INFO] WebApp:753 - Register for checkConnection events
2023-12-13 15:04:05,525 [INFO] WebApp:390 - Apply proxy settings
2023-12-13 15:04:05,525 [INFO] WebApp:475 - Chromium requires no authentication
2023-12-13 15:04:05,536 [INFO] WebApp:418 - Direct internet connection detected
2023-12-13 15:04:05,566 [WARN] PackLoader:240 - Cannot read IP mode file for STMicroelectronics.X-CUBE-MEMS1.9.5.0
2023-12-13 15:04:05,691 [WARN] PackLoader:240 - Cannot read IP mode file for SEGGER.I-CUBE-embOS.1.3.1
2023-12-13 15:04:05,726 [WARN] PackLoader:240 - Cannot read IP mode file for STMicroelectronics.X-CUBE-TOF1.3.0.0
2023-12-13 15:04:05,735 [WARN] PackLoader:240 - Cannot read IP mode file for STMicroelectronics.X-CUBE-GNSS1.6.0.0
2023-12-13 15:04:05,751 [WARN] PackLoader:240 - Cannot read IP mode file for STMicroelectronics.X-CUBE-AZRTOS-F4.1.1.0
2023-12-13 15:04:05,759 [WARN] PackLoader:240 - Cannot read IP mode file for wolfSSL.I-CUBE-wolfSSL.5.6.3
2023-12-13 15:04:05,763 [WARN] PackLoader:240 - Cannot read IP mode file for wolfSSL.I-CUBE-wolfSSL.5.6.0
2023-12-13 15:04:05,771 [WARN] PackLoader:240 - Cannot read IP mode file for STMicroelectronics.X-CUBE-BLEMGR.1.2.0
2023-12-13 15:04:05,789 [WARN] PackLoader:240 - Cannot read IP mode file for STMicroelectronics.X-CUBE-AZRTOS-L5.2.0.0
2023-12-13 15:04:05,801 [INFO] WebApp:188 - Starting web application
2023-12-13 15:04:05,801 [INFO] WebApp:520 - Web application path used H:\cubeide\STM32CubeIDE_1.13.1\STM32CubeIDE\plugins\com.st.stm32cube.common.mx_6.9.1.202307191849\db\plugins\mcufinder\reactClient1\index.html
2023-12-13 15:04:05,827 [WARN] PackLoader:240 - Cannot read IP mode file for STMicroelectronics.X-CUBE-MEMS1.9.6.0
2023-12-13 15:04:05,952 [WARN] PackLoader:240 - Cannot read IP mode file for STMicroelectronics.X-CUBE-EEPRMA1.4.2.0
2023-12-13 15:04:05,960 [WARN] PackLoader:240 - Cannot read IP mode file for ITTIA_DB.I-CUBE-ITTIADB.8.8.0
2023-12-13 15:04:05,968 [WARN] PackLoader:240 - Cannot read IP mode file for STMicroelectronics.X-CUBE-BLEMGR.2.0.0
2023-12-13 15:04:05,976 [WARN] PackLoader:240 - Cannot read IP mode file for STMicroelectronics.X-CUBE-NFC4.2.0.5
2023-12-13 15:04:05,983 [WARN] PackLoader:240 - Cannot read IP mode file for STMicroelectronics.X-CUBE-NFC4.2.0.4
2023-12-13 15:04:05,999 [WARN] ConditionMgr:438 - getConditionDescription Invalid condition id : UX DEVICE CLASS RTOS Condition cause : null
2023-12-13 15:04:06,000 [WARN] ConditionMgr:438 - getConditionDescription Invalid condition id : UX DEVICE CLASS RTOS Condition cause : null
2023-12-13 15:04:06,002 [WARN] PackLoader:240 - Cannot read IP mode file for STMicroelectronics.X-CUBE-AZRTOS-H7.3.1.0
2023-12-13 15:04:06,004 [WARN] ConditionMgr:1039 - genDependencies : Invalid condition id : UX DEVICE CLASS RTOS Condition cause : null
2023-12-13 15:04:06,004 [WARN] ConditionMgr:1039 - genDependencies : Invalid condition id : UX DEVICE CLASS RTOS Condition cause : null
2023-12-13 15:04:06,005 [WARN] ConditionMgr:1039 - genDependencies : Invalid condition id : UX DEVICE CLASS RTOS Condition cause : null
2023-12-13 15:04:06,005 [WARN] ConditionMgr:1039 - genDependencies : Invalid condition id : UX DEVICE CLASS RTOS Condition cause : null
2023-12-13 15:04:06,005 [WARN] ConditionMgr:1039 - genDependencies : Invalid condition id : UX DEVICE CLASS RTOS Condition cause : null
2023-12-13 15:04:06,014 [WARN] PackLoader:240 - Cannot read IP mode file for STMicroelectronics.X-CUBE-SFXS2LP1.3.1.0
2023-12-13 15:04:06,029 [WARN] PackLoader:240 - Cannot read IP mode file for STMicroelectronics.X-CUBE-AZRTOS-F4.1.0.0
2023-12-13 15:04:06,039 [WARN] PackLoader:240 - Cannot read IP mode file for STMicroelectronics.X-CUBE-NFC7.1.0.1
2023-12-13 15:04:06,045 [WARN] PackLoader:240 - Cannot read IP mode file for STMicroelectronics.X-CUBE-NFC7.1.0.0
2023-12-13 15:04:06,051 [WARN] PackLoader:240 - Cannot read IP mode file for STMicroelectronics.X-CUBE-NFC6.3.0.0
2023-12-13 15:04:06,058 [WARN] PackLoader:240 - Cannot read IP mode file for STMicroelectronics.X-CUBE-EEPRMA1.4.1.0
2023-12-13 15:04:06,063 [WARN] PackLoader:240 - Cannot read IP mode file for STMicroelectronics.X-CUBE-AI.8.1.0
2023-12-13 15:04:06,075 [WARN] PackLoader:240 - Cannot read IP mode file for STMicroelectronics.X-CUBE-AZRTOS-G0.1.0.0
2023-12-13 15:04:06,091 [WARN] ConditionMgr:438 - getConditionDescription Invalid condition id : LAN8742 Phy interface Condition cause : null
2023-12-13 15:04:06,091 [WARN] PackLoader:240 - Cannot read IP mode file for STMicroelectronics.X-CUBE-AZRTOS-L4.2.0.0
2023-12-13 15:04:06,092 [WARN] ConditionMgr:1039 - genDependencies : Invalid condition id : LAN8742 Phy interface Condition cause : null
2023-12-13 15:04:06,092 [WARN] ConditionMgr:1039 - genDependencies : Invalid condition id : LAN8742 Phy interface Condition cause : null
2023-12-13 15:04:06,092 [WARN] ConditionMgr:1039 - genDependencies : Invalid condition id : LAN8742 Phy interface Condition cause : null
2023-12-13 15:04:06,098 [WARN] PackLoader:240 - Cannot read IP mode file for STMicroelectronics.X-CUBE-SFXS2LP1.4.0.0
2023-12-13 15:04:06,114 [WARN] PackLoader:240 - Cannot read IP mode file for STMicroelectronics.X-CUBE-AZRTOS-H7.3.0.0
2023-12-13 15:04:06,123 [WARN] PackLoader:240 - Cannot read IP mode file for STMicroelectronics.X-CUBE-ISPU.1.1.0
2023-12-13 15:04:06,133 [WARN] PackLoader:240 - Cannot read IP mode file for RoweBots.I-CUBE-UNISONRTOS.5.5.0-4
2023-12-13 15:04:06,139 [WARN] PackLoader:240 - Cannot read IP mode file for STMicroelectronics.X-CUBE-AI.8.0.0
2023-12-13 15:04:06,152 [WARN] ConditionMgr:438 - getConditionDescription Invalid condition id : UX DEVICE CLASS RTOS Condition cause : null
2023-12-13 15:04:06,152 [WARN] ConditionMgr:438 - getConditionDescription Invalid condition id : UX DEVICE CLASS RTOS Condition cause : null
2023-12-13 15:04:06,154 [WARN] PackLoader:240 - Cannot read IP mode file for STMicroelectronics.X-CUBE-AZRTOS-WB.2.0.0
2023-12-13 15:04:06,154 [WARN] ConditionMgr:1039 - genDependencies : Invalid condition id : UX DEVICE CLASS RTOS Condition cause : null
2023-12-13 15:04:06,154 [WARN] ConditionMgr:1039 - genDependencies : Invalid condition id : UX DEVICE CLASS RTOS Condition cause : null
2023-12-13 15:04:06,155 [WARN] ConditionMgr:1039 - genDependencies : Invalid condition id : UX DEVICE CLASS RTOS Condition cause : null
2023-12-13 15:04:06,155 [WARN] ConditionMgr:1039 - genDependencies : Invalid condition id : UX DEVICE CLASS RTOS Condition cause : null
2023-12-13 15:04:06,156 [WARN] ConditionMgr:1039 - genDependencies : Invalid condition id : UX DEVICE CLASS RTOS Condition cause : null
2023-12-13 15:04:06,163 [WARN] PackLoader:240 - Cannot read IP mode file for STMicroelectronics.X-CUBE-FREERTOS.1.0.1
2023-12-13 15:04:06,175 [WARN] PackLoader:240 - Cannot read IP mode file for STMicroelectronics.X-CUBE-AZRTOS-L5.1.1.0
2023-12-13 15:04:06,181 [WARN] PackLoader:240 - Cannot read IP mode file for STMicroelectronics.X-CUBE-AI.8.0.1
2023-12-13 15:04:06,193 [WARN] PackLoader:240 - Cannot read IP mode file for STMicroelectronics.X-CUBE-SUBG2.5.0.0
2023-12-13 15:04:06,204 [WARN] PackLoader:240 - Cannot read IP mode file for STMicroelectronics.X-CUBE-TOF1.3.3.1
2023-12-13 15:04:06,221 [WARN] PackLoader:240 - Cannot read IP mode file for STMicroelectronics.X-CUBE-AZRTOS-G4.2.0.0
2023-12-13 15:04:06,231 [WARN] PackLoader:240 - Cannot read IP mode file for STMicroelectronics.X-CUBE-TOF1.3.3.0
2023-12-13 15:04:06,242 [WARN] PackLoader:240 - Cannot read IP mode file for STMicroelectronics.FP-ATR-ASTRA1.1.1.1
2023-12-13 15:04:06,257 [WARN] PackLoader:240 - Cannot read IP mode file for Infineon.AIROC-Wi-Fi-Bluetooth-STM32.1.5.1
2023-12-13 15:04:06,264 [WARN] PackLoader:240 - Cannot read IP mode file for STMicroelectronics.FP-ATR-ASTRA1.1.1.0
2023-12-13 15:04:06,270 [WARN] PackLoader:240 - Cannot read IP mode file for STMicroelectronics.FP-SNS-MOTENVWB1.1.3.0
2023-12-13 15:04:06,276 [WARN] PackLoader:240 - Cannot read IP mode file for STMicroelectronics.FP-SNS-MOTENVWB1.1.3.1
2023-12-13 15:04:06,288 [WARN] PackLoader:240 - Cannot read IP mode file for STMicroelectronics.X-CUBE-AZRTOS-G4.1.0.0
2023-12-13 15:04:06,296 [WARN] PackLoader:240 - Cannot read IP mode file for wolfSSL.I-CUBE-wolfSSL.5.3.0
2023-12-13 15:04:06,307 [WARN] PackLoader:240 - Cannot read IP mode file for STMicroelectronics.X-CUBE-AZRTOS-L4.1.0.0
2023-12-13 15:04:06,314 [WARN] PackLoader:240 - Cannot read IP mode file for STMicroelectronics.X-CUBE-ISPU.2.0.0
2023-12-13 15:04:06,338 [WARN] PackLoader:240 - Cannot read IP mode file for STMicroelectronics.X-CUBE-MEMS1.10.0.0
2023-12-13 15:04:06,420 [WARN] PackLoader:240 - Cannot read IP mode file for STMicroelectronics.X-CUBE-FREERTOS.1.1.0
2023-12-13 15:04:06,430 [WARN] PackLoader:240 - Cannot read IP mode file for STMicroelectronics.X-CUBE-AZRTOS-F7.1.0.0
2023-12-13 15:04:06,457 [WARN] PackLoader:240 - Cannot read IP mode file for STMicroelectronics.X-CUBE-AZRTOS-WL.1.0.0
2023-12-13 15:04:06,465 [WARN] PackLoader:240 - Cannot read IP mode file for portGmbH.I-Cube-SoM-uGOAL.1.1.0
2023-12-13 15:04:06,471 [WARN] PackLoader:240 - Cannot read IP mode file for STMicroelectronics.X-CUBE-ALS.1.0.1
2023-12-13 15:04:06,483 [WARN] PackLoader:240 - Cannot read IP mode file for STMicroelectronics.X-CUBE-AZRTOS-WB.1.1.0
2023-12-13 15:04:06,495 [WARN] PackLoader:240 - Cannot read IP mode file for STMicroelectronics.X-CUBE-AZRTOS-L5.1.0.0
2023-12-13 15:04:06,502 [WARN] PackLoader:240 - Cannot read IP mode file for STMicroelectronics.X-CUBE-EEPRMA1.3.1.1
2023-12-13 15:04:06,508 [WARN] PackLoader:240 - Cannot read IP mode file for STMicroelectronics.X-CUBE-GNSS1.5.2.0
2023-12-13 15:04:06,513 [WARN] PackLoader:240 - Cannot read IP mode file for STMicroelectronics.FP-ATR-ASTRA1.2.0.0
2023-12-13 15:04:06,520 [WARN] PackLoader:240 - Cannot read IP mode file for STMicroelectronics.X-CUBE-TOF1.3.4.0
2023-12-13 15:04:06,538 [WARN] PackLoader:240 - Cannot read IP mode file for STMicroelectronics.X-CUBE-AZRTOS-H7.3.2.0
2023-12-13 15:04:06,541 [INFO] ThirdParty:978 - Integrity check success = true
2023-12-13 15:04:06,541 [INFO] IntegrityCheckThread:100 - exiting critical section [integrity check]
2023-12-13 15:04:06,541 [INFO] IntegrityCheckThread:103 - End integrity checks thread
2023-12-13 15:04:26,722 [ERROR] LogOutputStream:75 - [STDERR_REDIRECT] SLF4J: Failed to load class "org.slf4j.impl.StaticLoggerBinder".
2023-12-13 15:04:26,722 [ERROR] LogOutputStream:75 - [STDERR_REDIRECT] SLF4J: Defaulting to no-operation (NOP) logger implementation
2023-12-13 15:04:26,723 [ERROR] LogOutputStream:75 - [STDERR_REDIRECT] SLF4J: See http://www.slf4j.org/codes.html#StaticLoggerBinder for further details.
