2024-01-02 10:56:24,947 [INFO] Activator:176 - 


2024-01-02 10:56:24,951 [INFO] Activator:177 - !SESSION log4j initialized
2024-01-02 10:56:33,162 [INFO] LogOutputStream:77 - [STDOUT_REDIRECT] 
2024-01-02 10:56:38,908 [INFO] ApplicationProperties:184 - Using Application install path: H:\cubeide\STM32CubeIDE_1.13.1\STM32CubeIDE\plugins\com.st.stm32cube.common.mx_6.9.1.202307191849
2024-01-02 10:56:38,978 [INFO] DbMcusXml:78 - Set database path to: H:\cubeide\STM32CubeIDE_1.13.1\STM32CubeIDE\plugins\com.st.stm32cube.common.mx_6.9.1.202307191849\\db\/mcu/
2024-01-02 10:56:38,979 [INFO] ApiDb:274 - Set plugin database path to: H:\cubeide\STM32CubeIDE_1.13.1\STM32CubeIDE\plugins\com.st.stm32cube.common.mx_6.9.1.202307191849\\db\/plugins/boardmanager/
2024-01-02 10:56:38,987 [WARN] ApiDb:259 - Overriding images path with different value:  => H:\cubeide\STM32CubeIDE_1.13.1\STM32CubeIDE\plugins\com.st.stm32cube.common.mx_6.9.1.202307191849\\db\/plugins/mcufinder/images/
2024-01-02 10:56:39,193 [INFO] ApiDb:250 - Set database path to: C:\Users\ALIENTEK\.stmcufinder\plugins\mcufinder//mcu/
2024-01-02 10:56:39,194 [INFO] DbMcusAds:125 - Set database path to: C:\Users\ALIENTEK\.stmcufinder\plugins\mcufinder//mcu/
2024-01-02 10:56:39,196 [INFO] CrossReferenceDbSqlite:203 - Set database path to: C:\Users\ALIENTEK\.stmcufinder\plugins\mcufinder//mcu/cs/
2024-01-02 10:56:39,367 [INFO] RulesReader:64 - Compatibility file has been processed (293 Rules)
2024-01-02 10:56:39,812 [INFO] DbMcusXml:78 - Set database path to: H:\cubeide\STM32CubeIDE_1.13.1\STM32CubeIDE\plugins\com.st.stm32cube.common.mx_6.9.1.202307191849\\db\/mcu/
2024-01-02 10:56:39,813 [INFO] ApiDb:274 - Set plugin database path to: H:\cubeide\STM32CubeIDE_1.13.1\STM32CubeIDE\plugins\com.st.stm32cube.common.mx_6.9.1.202307191849\\db\/plugins/boardmanager/
2024-01-02 10:56:39,813 [INFO] ApiDb:261 - Set plugin images path to: H:\cubeide\STM32CubeIDE_1.13.1\STM32CubeIDE\plugins\com.st.stm32cube.common.mx_6.9.1.202307191849\\db\/plugins/mcufinder/images/
2024-01-02 10:56:39,813 [WARN] DbFile:41 - Overriding database path with different value: C:\Users\ALIENTEK\.stmcufinder\plugins\mcufinder/ => C:\Users\ALIENTEK\.stmcufinder\plugins\mcufinder
2024-01-02 10:56:39,813 [INFO] ApiDb:250 - Set database path to: C:\Users\ALIENTEK\.stmcufinder\plugins\mcufinder//mcu/
2024-01-02 10:56:39,813 [WARN] DbFile:41 - Overriding database path with different value: C:\Users\ALIENTEK\.stmcufinder\plugins\mcufinder/ => C:\Users\ALIENTEK\.stmcufinder\plugins\mcufinder
2024-01-02 10:56:39,813 [INFO] DbMcusAds:125 - Set database path to: C:\Users\ALIENTEK\.stmcufinder\plugins\mcufinder//mcu/
2024-01-02 10:56:39,813 [WARN] DbFile:41 - Overriding database path with different value: C:\Users\ALIENTEK\.stmcufinder\plugins\mcufinder/ => C:\Users\ALIENTEK\.stmcufinder\plugins\mcufinder
2024-01-02 10:56:39,813 [WARN] DbFile:41 - Overriding database path with different value: C:\Users\ALIENTEK\.stmcufinder\plugins\mcufinder/ => C:\Users\ALIENTEK\.stmcufinder\plugins\mcufinder
2024-01-02 10:56:39,814 [INFO] CrossReferenceDbSqlite:203 - Set database path to: C:\Users\ALIENTEK\.stmcufinder\plugins\mcufinder//mcu/cs/
2024-01-02 10:56:40,047 [INFO] MainPanel:262 - HeapMemory: 268435456
2024-01-02 10:56:40,303 [INFO] DbMcusXml:78 - Set database path to: H:\cubeide\STM32CubeIDE_1.13.1\STM32CubeIDE\plugins\com.st.stm32cube.common.mx_6.9.1.202307191849\\db\/mcu/
2024-01-02 10:56:40,303 [INFO] ApiDb:274 - Set plugin database path to: H:\cubeide\STM32CubeIDE_1.13.1\STM32CubeIDE\plugins\com.st.stm32cube.common.mx_6.9.1.202307191849\\db\/plugins/boardmanager/
2024-01-02 10:56:40,303 [INFO] ApiDb:261 - Set plugin images path to: H:\cubeide\STM32CubeIDE_1.13.1\STM32CubeIDE\plugins\com.st.stm32cube.common.mx_6.9.1.202307191849\\db\/plugins/mcufinder/images/
2024-01-02 10:56:40,304 [WARN] DbFile:41 - Overriding database path with different value: C:\Users\ALIENTEK\.stmcufinder\plugins\mcufinder/ => C:\Users\ALIENTEK\.stmcufinder\plugins\mcufinder
2024-01-02 10:56:40,304 [INFO] ApiDb:250 - Set database path to: C:\Users\ALIENTEK\.stmcufinder\plugins\mcufinder//mcu/
2024-01-02 10:56:40,304 [WARN] DbFile:41 - Overriding database path with different value: C:\Users\ALIENTEK\.stmcufinder\plugins\mcufinder/ => C:\Users\ALIENTEK\.stmcufinder\plugins\mcufinder
2024-01-02 10:56:40,305 [INFO] DbMcusAds:125 - Set database path to: C:\Users\ALIENTEK\.stmcufinder\plugins\mcufinder//mcu/
2024-01-02 10:56:40,305 [WARN] DbFile:41 - Overriding database path with different value: C:\Users\ALIENTEK\.stmcufinder\plugins\mcufinder/ => C:\Users\ALIENTEK\.stmcufinder\plugins\mcufinder
2024-01-02 10:56:40,305 [WARN] DbFile:41 - Overriding database path with different value: C:\Users\ALIENTEK\.stmcufinder\plugins\mcufinder/ => C:\Users\ALIENTEK\.stmcufinder\plugins\mcufinder
2024-01-02 10:56:40,305 [INFO] CrossReferenceDbSqlite:203 - Set database path to: C:\Users\ALIENTEK\.stmcufinder\plugins\mcufinder//mcu/cs/
2024-01-02 10:56:40,342 [INFO] ApplicationProperties:184 - Using Application install path: H:\cubeide\STM32CubeIDE_1.13.1\STM32CubeIDE\plugins\com.st.stm32cube.common.mx_6.9.1.202307191849
2024-01-02 10:56:40,344 [INFO] PluginManage:196 - Search for loadable plugins [exclusion list=, ]
2024-01-02 10:56:40,347 [INFO] PluginManage:310 - Check plugin analytics
2024-01-02 10:56:40,736 [INFO] AnalyticsPlugin:253 - Accepted Software Licenses: 
2024-01-02 10:56:40,737 [INFO] AnalyticsPlugin:255 - Accepted CMSIS Pack Licenses: 
2024-01-02 10:56:40,737 [INFO] AnalyticsPlugin:257 - Accepted Firmware Licenses: 
2024-01-02 10:56:40,740 [INFO] PluginManage:359 - Loaded plugin analytics (category:tool,tabindex:-1)
2024-01-02 10:56:40,740 [INFO] PluginManage:310 - Check plugin cadmodel
2024-01-02 10:56:40,794 [INFO] CADModel:105 - Init CAD model plugin
2024-01-02 10:56:40,794 [INFO] PluginManage:359 - Loaded plugin cadmodel (category:power,tabindex:5)
2024-01-02 10:56:40,795 [INFO] PluginManage:310 - Check plugin clock
2024-01-02 10:56:40,857 [INFO] PluginManage:359 - Loaded plugin clock (category:base,tabindex:2)
2024-01-02 10:56:40,857 [INFO] PluginManage:310 - Check plugin ddr
2024-01-02 10:56:40,894 [INFO] PluginManage:359 - Loaded plugin ddr (category:tool,tabindex:6)
2024-01-02 10:56:40,894 [INFO] PluginManage:310 - Check plugin filemanager
2024-01-02 10:56:41,234 [INFO] PluginManage:359 - Loaded plugin filemanager (category:base,tabindex:10)
2024-01-02 10:56:41,234 [INFO] PluginManage:310 - Check plugin ipmanager
2024-01-02 10:56:41,260 [INFO] PluginManage:359 - Loaded plugin ipmanager (category:base,tabindex:5)
2024-01-02 10:56:41,261 [INFO] PluginManage:310 - Check plugin lpbam
2024-01-02 10:56:41,281 [INFO] PluginManage:359 - Loaded plugin lpbam (category:base,tabindex:0)
2024-01-02 10:56:41,281 [INFO] PluginManage:310 - Check plugin memorymap
2024-01-02 10:56:41,321 [INFO] PluginManage:359 - Loaded plugin memorymap (category:base,tabindex:4)
2024-01-02 10:56:41,322 [INFO] PluginManage:310 - Check plugin pinoutandconfiguration
2024-01-02 10:56:41,344 [INFO] PluginManage:359 - Loaded plugin pinoutandconfiguration (category:base,tabindex:1)
2024-01-02 10:56:41,344 [INFO] PluginManage:310 - Check plugin pinoutconfig
2024-01-02 10:56:41,473 [WARN] SupportedApi:132 - Cannot load RTOS API schema: s4s-elt-must-match.1: The content of 'definitions' must match (annotation?, (simpleType | complexType)?, (unique | key | keyref)*)). A problem was found starting at: attribute.
2024-01-02 10:56:41,620 [INFO] PluginManage:359 - Loaded plugin pinoutconfig (category:base,tabindex:0)
2024-01-02 10:56:41,620 [INFO] PluginManage:310 - Check plugin power
2024-01-02 10:56:41,660 [INFO] PluginManage:359 - Loaded plugin power (category:power,tabindex:4)
2024-01-02 10:56:41,660 [INFO] PluginManage:310 - Check plugin projectmanager
2024-01-02 10:56:41,683 [INFO] PluginManage:359 - Loaded plugin projectmanager (category:projectmanager,tabindex:3)
2024-01-02 10:56:41,684 [INFO] PluginManage:310 - Check plugin thirdparty
2024-01-02 10:56:42,063 [INFO] PluginManage:359 - Loaded plugin thirdparty (category:base,tabindex:-1)
2024-01-02 10:56:42,063 [INFO] PluginManage:310 - Check plugin tools
2024-01-02 10:56:42,063 [WARN] IntegrityCheckThread:84 - waiting for thirdparty lock release [integrity check]
2024-01-02 10:56:42,064 [INFO] IntegrityCheckThread:86 - entering critical section [integrity check]
2024-01-02 10:56:42,064 [INFO] ThirdPartyUpdaterWithRetryManager:70 - Updater plugin not ready yet. [1/15]
2024-01-02 10:56:42,073 [INFO] PluginManage:359 - Loaded plugin tools (category:base,tabindex:7)
2024-01-02 10:56:42,073 [INFO] PluginManage:310 - Check plugin tutovideos
2024-01-02 10:56:42,363 [INFO] PluginManage:359 - Loaded plugin tutovideos (category:base,tabindex:-1)
2024-01-02 10:56:42,363 [INFO] PluginManage:310 - Check plugin updater
2024-01-02 10:56:42,386 [INFO] PluginManage:359 - Loaded plugin updater (category:base,tabindex:12)
2024-01-02 10:56:42,386 [INFO] PluginManage:310 - Check plugin userauth
2024-01-02 10:56:42,424 [INFO] UserAuth:113 - Init User Auth plugin
2024-01-02 10:56:42,424 [INFO] PluginManage:359 - Loaded plugin userauth (category:base,tabindex:14)
2024-01-02 10:56:42,424 [INFO] PluginManage:283 - PluginManage : Loaded plugins [17]
2024-01-02 10:56:42,837 [INFO] PinOutPanel:1499 - setPackage(No Configuration,No Configuration)
2024-01-02 10:56:43,047 [INFO] CADModel:165 - CPN selected for project level
2024-01-02 10:56:43,047 [INFO] CADModel:114 - Register for checkConnection events
2024-01-02 10:56:43,128 [INFO] IPUIPlugin:80 - create IPUIPlugin
2024-01-02 10:56:43,128 [INFO] PluginManager:220 - loadIPPluginJar : add adc
2024-01-02 10:56:43,143 [INFO] IPUIPlugin:80 - create IPUIPlugin
2024-01-02 10:56:43,143 [INFO] PluginManager:220 - loadIPPluginJar : add aes
2024-01-02 10:56:43,161 [INFO] IPUIPlugin:80 - create IPUIPlugin
2024-01-02 10:56:43,161 [INFO] PluginManager:220 - loadIPPluginJar : add can
2024-01-02 10:56:43,174 [INFO] IPUIPlugin:80 - create IPUIPlugin
2024-01-02 10:56:43,174 [INFO] PluginManager:220 - loadIPPluginJar : add comp
2024-01-02 10:56:43,184 [INFO] IPUIPlugin:80 - create IPUIPlugin
2024-01-02 10:56:43,184 [INFO] PluginManager:220 - loadIPPluginJar : add cryp
2024-01-02 10:56:43,194 [INFO] IPUIPlugin:80 - create IPUIPlugin
2024-01-02 10:56:43,194 [INFO] PluginManager:220 - loadIPPluginJar : add dfsdm
2024-01-02 10:56:43,213 [INFO] IPUIPlugin:80 - create IPUIPlugin
2024-01-02 10:56:43,214 [INFO] PluginManager:220 - loadIPPluginJar : add dma
2024-01-02 10:56:43,216 [INFO] IPUIPlugin:80 - create IPUIPlugin
2024-01-02 10:56:43,216 [INFO] PluginManager:220 - loadIPPluginJar : add dma3
2024-01-02 10:56:43,224 [INFO] IPUIPlugin:80 - create IPUIPlugin
2024-01-02 10:56:43,224 [INFO] PluginManager:220 - loadIPPluginJar : add fatfs
2024-01-02 10:56:43,236 [INFO] IPUIPlugin:80 - create IPUIPlugin
2024-01-02 10:56:43,236 [INFO] PluginManager:220 - loadIPPluginJar : add fmc
2024-01-02 10:56:43,257 [INFO] IPUIPlugin:80 - create IPUIPlugin
2024-01-02 10:56:43,257 [INFO] PluginManager:220 - loadIPPluginJar : add freertos
2024-01-02 10:56:43,266 [INFO] IPUIPlugin:80 - create IPUIPlugin
2024-01-02 10:56:43,266 [INFO] PluginManager:220 - loadIPPluginJar : add genericplugin
2024-01-02 10:56:43,275 [INFO] IPUIPlugin:80 - create IPUIPlugin
2024-01-02 10:56:43,276 [INFO] PluginManager:220 - loadIPPluginJar : add gfxmmu
2024-01-02 10:56:43,288 [INFO] IPUIPlugin:80 - create IPUIPlugin
2024-01-02 10:56:43,288 [INFO] PluginManager:220 - loadIPPluginJar : add gic
2024-01-02 10:56:43,311 [INFO] IPUIPlugin:80 - create IPUIPlugin
2024-01-02 10:56:43,311 [INFO] PluginManager:220 - loadIPPluginJar : add gpio
2024-01-02 10:56:43,329 [INFO] IPUIPlugin:80 - create IPUIPlugin
2024-01-02 10:56:43,330 [INFO] PluginManager:220 - loadIPPluginJar : add gtzc
2024-01-02 10:56:43,331 [INFO] IPUIPlugin:80 - create IPUIPlugin
2024-01-02 10:56:43,331 [INFO] PluginManager:220 - loadIPPluginJar : add hash
2024-01-02 10:56:43,344 [INFO] IPUIPlugin:80 - create IPUIPlugin
2024-01-02 10:56:43,344 [INFO] PluginManager:220 - loadIPPluginJar : add i2c
2024-01-02 10:56:43,349 [INFO] IPUIPlugin:80 - create IPUIPlugin
2024-01-02 10:56:43,349 [INFO] PluginManager:220 - loadIPPluginJar : add i2s
2024-01-02 10:56:43,352 [INFO] IPUIPlugin:80 - create IPUIPlugin
2024-01-02 10:56:43,352 [INFO] PluginManager:220 - loadIPPluginJar : add i3c
2024-01-02 10:56:43,364 [INFO] IPUIPlugin:80 - create IPUIPlugin
2024-01-02 10:56:43,364 [INFO] PluginManager:220 - loadIPPluginJar : add ipddr
2024-01-02 10:56:43,376 [INFO] IPUIPlugin:80 - create IPUIPlugin
2024-01-02 10:56:43,376 [INFO] PluginManager:220 - loadIPPluginJar : add linkedlist
2024-01-02 10:56:43,390 [INFO] IPUIPlugin:80 - create IPUIPlugin
2024-01-02 10:56:43,390 [INFO] PluginManager:220 - loadIPPluginJar : add lorawan
2024-01-02 10:56:43,391 [INFO] IPUIPlugin:80 - create IPUIPlugin
2024-01-02 10:56:43,391 [INFO] PluginManager:220 - loadIPPluginJar : add ltdc
2024-01-02 10:56:43,416 [INFO] IPUIPlugin:80 - create IPUIPlugin
2024-01-02 10:56:43,416 [INFO] PluginManager:220 - loadIPPluginJar : add mdma
2024-01-02 10:56:43,419 [INFO] IPUIPlugin:80 - create IPUIPlugin
2024-01-02 10:56:43,419 [INFO] PluginManager:220 - loadIPPluginJar : add nvic
2024-01-02 10:56:43,421 [INFO] IPUIPlugin:80 - create IPUIPlugin
2024-01-02 10:56:43,421 [INFO] PluginManager:220 - loadIPPluginJar : add opamp
2024-01-02 10:56:43,423 [INFO] IPUIPlugin:80 - create IPUIPlugin
2024-01-02 10:56:43,423 [INFO] PluginManager:220 - loadIPPluginJar : add openamp
2024-01-02 10:56:43,431 [INFO] IPUIPlugin:80 - create IPUIPlugin
2024-01-02 10:56:43,431 [INFO] PluginManager:220 - loadIPPluginJar : add pdm2pcm
2024-01-02 10:56:43,444 [INFO] IPUIPlugin:80 - create IPUIPlugin
2024-01-02 10:56:43,446 [INFO] PluginManager:220 - loadIPPluginJar : add plateformsettings
2024-01-02 10:56:43,454 [INFO] IPUIPlugin:80 - create IPUIPlugin
2024-01-02 10:56:43,454 [INFO] PluginManager:220 - loadIPPluginJar : add quadspi
2024-01-02 10:56:43,457 [INFO] IPUIPlugin:80 - create IPUIPlugin
2024-01-02 10:56:43,457 [INFO] PluginManager:220 - loadIPPluginJar : add resmgrutility
2024-01-02 10:56:43,469 [INFO] IPUIPlugin:80 - create IPUIPlugin
2024-01-02 10:56:43,469 [INFO] PluginManager:220 - loadIPPluginJar : add sai
2024-01-02 10:56:43,470 [INFO] IPUIPlugin:80 - create IPUIPlugin
2024-01-02 10:56:43,471 [INFO] PluginManager:220 - loadIPPluginJar : add spi
2024-01-02 10:56:43,484 [INFO] IPUIPlugin:80 - create IPUIPlugin
2024-01-02 10:56:43,484 [INFO] PluginManager:220 - loadIPPluginJar : add stm32_wpan
2024-01-02 10:56:43,494 [INFO] IPUIPlugin:80 - create IPUIPlugin
2024-01-02 10:56:43,494 [INFO] PluginManager:220 - loadIPPluginJar : add tim
2024-01-02 10:56:43,509 [INFO] IPUIPlugin:80 - create IPUIPlugin
2024-01-02 10:56:43,509 [INFO] PluginManager:220 - loadIPPluginJar : add touchsensing
2024-01-02 10:56:43,522 [INFO] IPUIPlugin:80 - create IPUIPlugin
2024-01-02 10:56:43,522 [INFO] PluginManager:220 - loadIPPluginJar : add tracer_emb
2024-01-02 10:56:43,534 [INFO] IPUIPlugin:80 - create IPUIPlugin
2024-01-02 10:56:43,534 [INFO] PluginManager:220 - loadIPPluginJar : add ts
2024-01-02 10:56:43,545 [INFO] IPUIPlugin:80 - create IPUIPlugin
2024-01-02 10:56:43,545 [INFO] PluginManager:220 - loadIPPluginJar : add tsc
2024-01-02 10:56:43,550 [INFO] IPUIPlugin:80 - create IPUIPlugin
2024-01-02 10:56:43,551 [INFO] PluginManager:220 - loadIPPluginJar : add ucpd
2024-01-02 10:56:43,559 [INFO] IPUIPlugin:80 - create IPUIPlugin
2024-01-02 10:56:43,559 [INFO] PluginManager:220 - loadIPPluginJar : add usart
2024-01-02 10:56:43,561 [INFO] IPUIPlugin:80 - create IPUIPlugin
2024-01-02 10:56:43,561 [INFO] PluginManager:220 - loadIPPluginJar : add usbx
2024-01-02 10:56:43,691 [INFO] CADModel:165 - CPN selected for project level
2024-01-02 10:56:43,691 [INFO] CADModel:114 - Register for checkConnection events
2024-01-02 10:56:43,692 [FATAL] Updater:308 - Updater called before beeing initialized
2024-01-02 10:56:43,692 [ERROR] CADModel:125 - Updater not yet initialized, retry later 
2024-01-02 10:56:43,931 [INFO] CADModel:165 - CPN selected for project level
2024-01-02 10:56:43,931 [INFO] CADModel:114 - Register for checkConnection events
2024-01-02 10:56:43,931 [FATAL] Updater:308 - Updater called before beeing initialized
2024-01-02 10:56:43,931 [ERROR] CADModel:125 - Updater not yet initialized, retry later 
2024-01-02 10:56:43,934 [FATAL] Updater:308 - Updater called before beeing initialized
2024-01-02 10:56:44,042 [FATAL] Updater:308 - Updater called before beeing initialized
2024-01-02 10:56:44,057 [INFO] DbMcusAds:53 - JSON generation date=Wed Nov 29 18:52:38 CST 2023 (1701255158764)
2024-01-02 10:56:44,057 [FATAL] Updater:308 - Updater called before beeing initialized
2024-01-02 10:56:44,142 [WARN] DetailPanel:346 - Failed to get advertising image, set to default
2024-01-02 10:56:44,225 [FATAL] Updater:308 - Updater called before beeing initialized
2024-01-02 10:56:44,227 [FATAL] Updater:308 - Updater called before beeing initialized
2024-01-02 10:56:44,227 [FATAL] Updater:308 - Updater called before beeing initialized
2024-01-02 10:56:44,227 [WARN] DetailPanel:346 - Failed to get advertising image, set to default
2024-01-02 10:56:44,227 [FATAL] Updater:308 - Updater called before beeing initialized
2024-01-02 10:56:44,296 [ERROR] Updater:1120 - MainUpdater not yet initialized. External WinMGr cannot be set.
2024-01-02 10:56:44,309 [INFO] Updater:1056 - Updater Version found : 6.9.1
2024-01-02 10:56:44,341 [INFO] ApplicationProperties:184 - Using Application install path: H:\cubeide\STM32CubeIDE_1.13.1\STM32CubeIDE\plugins\com.st.stm32cube.common.mx_6.9.1.202307191849
2024-01-02 10:56:44,504 [INFO] MainUpdater:2868 - connection check result : 10
2024-01-02 10:56:44,505 [INFO] MainUpdater:285 - Updater Check For Update Now.
2024-01-02 10:56:44,505 [INFO] MicroXplorer:498 - Change Database Version : DB.6.0.91
2024-01-02 10:56:44,536 [INFO] McuFinderGlobals:63 - Set McuFinder mode to 2 (CubeIDE integrated)
2024-01-02 10:56:44,537 [INFO] UserAuth:179 - activating auth plugin
2024-01-02 10:56:44,551 [INFO] UserAuth:393 - Internet connection configuration mode: 1
2024-01-02 10:56:44,615 [INFO] JxBrowserEngine:151 - Initiate JxBrowser Engine with user profile folder
2024-01-02 10:56:44,709 [INFO] CheckServerUpdateThread:120 - End of CheckServer Thread
2024-01-02 10:56:45,479 [INFO] WebApp:157 - Instantiating new browser for Auth
2024-01-02 10:56:45,563 [WARN] PackLoader:240 - Cannot read IP mode file for STMicroelectronics.X-CUBE-SMBUS.2.1.0
2024-01-02 10:56:45,590 [WARN] PackLoader:240 - Cannot read IP mode file for STMicroelectronics.X-CUBE-TOUCHGFX.4.23.0
2024-01-02 10:56:45,656 [WARN] PackLoader:240 - Cannot read IP mode file for STMicroelectronics.X-CUBE-MEMS1.9.2.0
2024-01-02 10:56:45,791 [WARN] PackLoader:240 - Cannot read IP mode file for STMicroelectronics.X-CUBE-AZRTOS-F7.1.1.0
2024-01-02 10:56:45,802 [WARN] PackLoader:240 - Cannot read IP mode file for STMicroelectronics.X-CUBE-AI.7.1.0
2024-01-02 10:56:45,808 [WARN] PackLoader:240 - Cannot read IP mode file for STMicroelectronics.X-CUBE-TOUCHGFX.4.19.1
2024-01-02 10:56:45,824 [WARN] PackLoader:240 - Cannot read IP mode file for STMicroelectronics.FP-SNS-MOTENV1.4.3.2
2024-01-02 10:56:45,837 [WARN] PackLoader:240 - Cannot read IP mode file for STMicroelectronics.X-CUBE-BLE1.6.2.3
2024-01-02 10:56:45,843 [WARN] PackLoader:240 - Cannot read IP mode file for STMicroelectronics.X-CUBE-BLE1.6.2.4
2024-01-02 10:56:45,850 [WARN] PackLoader:240 - Cannot read IP mode file for STMicroelectronics.FP-SNS-FLIGHT1.5.0.2
2024-01-02 10:56:45,858 [WARN] PackLoader:240 - Cannot read IP mode file for STMicroelectronics.X-CUBE-BLE2.3.2.2
2024-01-02 10:56:45,871 [WARN] PackLoader:240 - Cannot read IP mode file for STMicroelectronics.X-CUBE-TOF1.3.1.0
2024-01-02 10:56:45,883 [WARN] PackLoader:240 - Cannot read IP mode file for STMicroelectronics.X-CUBE-DISPLAY.3.0.0
2024-01-02 10:56:45,895 [WARN] PackLoader:240 - Cannot read IP mode file for STMicroelectronics.X-CUBE-BLE1.7.0.0
2024-01-02 10:56:45,905 [WARN] PackLoader:240 - Cannot read IP mode file for emotas.I-CUBE-CANOPEN.1.3.0
2024-01-02 10:56:45,910 [WARN] PackLoader:240 - Cannot read IP mode file for STMicroelectronics.X-CUBE-TOUCHGFX.4.22.0
2024-01-02 10:56:45,916 [WARN] PackLoader:240 - Cannot read IP mode file for STMicroelectronics.X-CUBE-TOUCHGFX.4.22.1
2024-01-02 10:56:45,954 [WARN] PackLoader:240 - Cannot read IP mode file for STMicroelectronics.X-CUBE-MEMS1.9.3.0
2024-01-02 10:56:46,042 [WARN] PackLoader:240 - Cannot read IP mode file for STMicroelectronics.X-CUBE-AI.7.2.0
2024-01-02 10:56:46,050 [WARN] PackLoader:240 - Cannot read IP mode file for STMicroelectronics.FP-SNS-SMARTAG2.1.2.0
2024-01-02 10:56:46,061 [INFO] LogOutputStream:77 - [STDOUT_REDIRECT] 1 : Invalid condition id : UX_CORESTACK_Condition cause : null
2024-01-02 10:56:46,061 [INFO] LogOutputStream:77 - [STDOUT_REDIRECT] 1 : Invalid condition id : UX_CORESTACK_Condition cause : null
2024-01-02 10:56:46,062 [INFO] LogOutputStream:77 - [STDOUT_REDIRECT] 1 : Invalid condition id : UX_CORESTACK_Condition cause : null
2024-01-02 10:56:46,064 [INFO] LogOutputStream:77 - [STDOUT_REDIRECT] 1 : Invalid condition id : UX_CORESTACK_Condition cause : null
2024-01-02 10:56:46,065 [INFO] LogOutputStream:77 - [STDOUT_REDIRECT] 1 : Invalid condition id : UX_CORESTACK_Condition cause : null
2024-01-02 10:56:46,067 [WARN] PackLoader:240 - Cannot read IP mode file for STMicroelectronics.X-CUBE-AZRTOS-WL.2.0.0
2024-01-02 10:56:46,076 [WARN] PackLoader:240 - Cannot read IP mode file for WES.I-CUBE-Cesium.1.3.0
2024-01-02 10:56:46,081 [WARN] PackLoader:240 - Cannot read IP mode file for STMicroelectronics.X-CUBE-BLE2.3.3.0
2024-01-02 10:56:46,087 [WARN] PackLoader:240 - Cannot read IP mode file for STMicroelectronics.X-CUBE-DISPLAY.2.2.0
2024-01-02 10:56:46,098 [WARN] PackLoader:240 - Cannot read IP mode file for STMicroelectronics.X-CUBE-TOF1.3.2.0
2024-01-02 10:56:46,107 [WARN] PackLoader:240 - Cannot read IP mode file for STMicroelectronics.X-CUBE-ISPU.1.0.0
2024-01-02 10:56:46,123 [WARN] PackLoader:240 - Cannot read IP mode file for STMicroelectronics.X-CUBE-AZRTOS-H7.2.1.0
2024-01-02 10:56:46,130 [WARN] PackLoader:240 - Cannot read IP mode file for STMicroelectronics.X-CUBE-TOUCHGFX.4.21.1
2024-01-02 10:56:46,133 [WARN] PackLoader:240 - Cannot read IP mode file for STMicroelectronics.X-CUBE-TOUCHGFX.4.21.0
2024-01-02 10:56:46,137 [WARN] PackLoader:240 - Cannot read IP mode file for STMicroelectronics.X-CUBE-TOUCHGFX.4.21.3
2024-01-02 10:56:46,141 [WARN] PackLoader:240 - Cannot read IP mode file for STMicroelectronics.X-CUBE-TOUCHGFX.4.21.4
2024-01-02 10:56:46,173 [WARN] PackLoader:240 - Cannot read IP mode file for STMicroelectronics.X-CUBE-MEMS1.9.4.0
2024-01-02 10:56:46,249 [INFO] WebApp:753 - Register for checkConnection events
2024-01-02 10:56:46,250 [INFO] WebApp:390 - Apply proxy settings
2024-01-02 10:56:46,250 [INFO] WebApp:475 - Chromium requires no authentication
2024-01-02 10:56:46,252 [WARN] PackLoader:240 - Cannot read IP mode file for STMicroelectronics.X-CUBE-AI.7.3.0
2024-01-02 10:56:46,261 [WARN] PackLoader:240 - Cannot read IP mode file for STMicroelectronics.X-CUBE-ALGOBUILD.1.3.0
2024-01-02 10:56:46,262 [INFO] WebApp:418 - Direct internet connection detected
2024-01-02 10:56:46,276 [WARN] PackLoader:240 - Cannot read IP mode file for STMicroelectronics.X-CUBE-AZRTOS-G0.1.1.0
2024-01-02 10:56:46,285 [WARN] PackLoader:240 - Cannot read IP mode file for STMicroelectronics.X-CUBE-NFC4.3.0.0
2024-01-02 10:56:46,319 [WARN] PackLoader:240 - Cannot read IP mode file for SEGGER.I-CUBE-embOS.1.2.0
2024-01-02 10:56:46,356 [WARN] PackLoader:240 - Cannot read IP mode file for STMicroelectronics.X-CUBE-BLEMGR.3.0.0
2024-01-02 10:56:46,374 [WARN] PackLoader:240 - Cannot read IP mode file for STMicroelectronics.X-CUBE-BLEMGR.1.3.0
2024-01-02 10:56:46,383 [WARN] PackLoader:240 - Cannot read IP mode file for STMicroelectronics.FP-ATR-SIGFOX1.3.2.0
2024-01-02 10:56:46,390 [WARN] PackLoader:240 - Cannot read IP mode file for emotas.I-CUBE-CANOPEN.1.1.2
2024-01-02 10:56:46,395 [WARN] PackLoader:240 - Cannot read IP mode file for STMicroelectronics.X-CUBE-TOUCHGFX.4.20.0
2024-01-02 10:56:46,431 [WARN] PackLoader:240 - Cannot read IP mode file for STMicroelectronics.X-CUBE-MEMS1.9.5.0
2024-01-02 10:56:46,550 [INFO] WebApp:188 - Starting web application
2024-01-02 10:56:46,551 [INFO] WebApp:520 - Web application path used H:\cubeide\STM32CubeIDE_1.13.1\STM32CubeIDE\plugins\com.st.stm32cube.common.mx_6.9.1.202307191849\db\plugins\mcufinder\reactClient1\index.html
2024-01-02 10:56:46,577 [WARN] PackLoader:240 - Cannot read IP mode file for SEGGER.I-CUBE-embOS.1.3.1
2024-01-02 10:56:46,609 [WARN] PackLoader:240 - Cannot read IP mode file for STMicroelectronics.X-CUBE-TOF1.3.0.0
2024-01-02 10:56:46,617 [WARN] PackLoader:240 - Cannot read IP mode file for STMicroelectronics.X-CUBE-GNSS1.6.0.0
2024-01-02 10:56:46,642 [WARN] PackLoader:240 - Cannot read IP mode file for STMicroelectronics.X-CUBE-AZRTOS-F4.1.1.0
2024-01-02 10:56:46,656 [WARN] PackLoader:240 - Cannot read IP mode file for wolfSSL.I-CUBE-wolfSSL.5.6.3
2024-01-02 10:56:46,662 [WARN] PackLoader:240 - Cannot read IP mode file for wolfSSL.I-CUBE-wolfSSL.5.6.0
2024-01-02 10:56:46,670 [WARN] PackLoader:240 - Cannot read IP mode file for STMicroelectronics.X-CUBE-BLEMGR.1.2.0
2024-01-02 10:56:46,689 [WARN] PackLoader:240 - Cannot read IP mode file for STMicroelectronics.X-CUBE-AZRTOS-L5.2.0.0
2024-01-02 10:56:46,725 [WARN] PackLoader:240 - Cannot read IP mode file for STMicroelectronics.X-CUBE-MEMS1.9.6.0
2024-01-02 10:56:46,827 [WARN] PackLoader:240 - Cannot read IP mode file for STMicroelectronics.X-CUBE-EEPRMA1.4.2.0
2024-01-02 10:56:46,835 [WARN] PackLoader:240 - Cannot read IP mode file for ITTIA_DB.I-CUBE-ITTIADB.8.8.0
2024-01-02 10:56:46,843 [WARN] PackLoader:240 - Cannot read IP mode file for STMicroelectronics.X-CUBE-BLEMGR.2.0.0
2024-01-02 10:56:46,850 [WARN] PackLoader:240 - Cannot read IP mode file for STMicroelectronics.X-CUBE-NFC4.2.0.5
2024-01-02 10:56:46,858 [WARN] PackLoader:240 - Cannot read IP mode file for STMicroelectronics.X-CUBE-NFC4.2.0.4
2024-01-02 10:56:46,873 [WARN] ConditionMgr:438 - getConditionDescription Invalid condition id : UX DEVICE CLASS RTOS Condition cause : null
2024-01-02 10:56:46,874 [WARN] ConditionMgr:438 - getConditionDescription Invalid condition id : UX DEVICE CLASS RTOS Condition cause : null
2024-01-02 10:56:46,877 [WARN] PackLoader:240 - Cannot read IP mode file for STMicroelectronics.X-CUBE-AZRTOS-H7.3.1.0
2024-01-02 10:56:46,879 [WARN] ConditionMgr:1039 - genDependencies : Invalid condition id : UX DEVICE CLASS RTOS Condition cause : null
2024-01-02 10:56:46,879 [WARN] ConditionMgr:1039 - genDependencies : Invalid condition id : UX DEVICE CLASS RTOS Condition cause : null
2024-01-02 10:56:46,880 [WARN] ConditionMgr:1039 - genDependencies : Invalid condition id : UX DEVICE CLASS RTOS Condition cause : null
2024-01-02 10:56:46,880 [WARN] ConditionMgr:1039 - genDependencies : Invalid condition id : UX DEVICE CLASS RTOS Condition cause : null
2024-01-02 10:56:46,880 [WARN] ConditionMgr:1039 - genDependencies : Invalid condition id : UX DEVICE CLASS RTOS Condition cause : null
2024-01-02 10:56:46,889 [WARN] PackLoader:240 - Cannot read IP mode file for STMicroelectronics.X-CUBE-SFXS2LP1.3.1.0
2024-01-02 10:56:46,901 [WARN] PackLoader:240 - Cannot read IP mode file for STMicroelectronics.X-CUBE-AZRTOS-F4.1.0.0
2024-01-02 10:56:46,912 [WARN] PackLoader:240 - Cannot read IP mode file for STMicroelectronics.X-CUBE-NFC7.1.0.1
2024-01-02 10:56:46,919 [WARN] PackLoader:240 - Cannot read IP mode file for STMicroelectronics.X-CUBE-NFC7.1.0.0
2024-01-02 10:56:46,926 [WARN] PackLoader:240 - Cannot read IP mode file for STMicroelectronics.X-CUBE-NFC6.3.0.0
2024-01-02 10:56:46,938 [WARN] PackLoader:240 - Cannot read IP mode file for STMicroelectronics.X-CUBE-EEPRMA1.4.1.0
2024-01-02 10:56:46,943 [WARN] PackLoader:240 - Cannot read IP mode file for STMicroelectronics.X-CUBE-AI.8.1.0
2024-01-02 10:56:46,956 [WARN] PackLoader:240 - Cannot read IP mode file for STMicroelectronics.X-CUBE-AZRTOS-G0.1.0.0
2024-01-02 10:56:46,975 [WARN] ConditionMgr:438 - getConditionDescription Invalid condition id : LAN8742 Phy interface Condition cause : null
2024-01-02 10:56:46,976 [WARN] PackLoader:240 - Cannot read IP mode file for STMicroelectronics.X-CUBE-AZRTOS-L4.2.0.0
2024-01-02 10:56:46,978 [WARN] ConditionMgr:1039 - genDependencies : Invalid condition id : LAN8742 Phy interface Condition cause : null
2024-01-02 10:56:46,978 [WARN] ConditionMgr:1039 - genDependencies : Invalid condition id : LAN8742 Phy interface Condition cause : null
2024-01-02 10:56:46,979 [WARN] ConditionMgr:1039 - genDependencies : Invalid condition id : LAN8742 Phy interface Condition cause : null
2024-01-02 10:56:46,986 [WARN] PackLoader:240 - Cannot read IP mode file for STMicroelectronics.X-CUBE-SFXS2LP1.4.0.0
2024-01-02 10:56:47,004 [WARN] PackLoader:240 - Cannot read IP mode file for STMicroelectronics.X-CUBE-AZRTOS-H7.3.0.0
2024-01-02 10:56:47,014 [WARN] PackLoader:240 - Cannot read IP mode file for STMicroelectronics.X-CUBE-ISPU.1.1.0
2024-01-02 10:56:47,022 [WARN] PackLoader:240 - Cannot read IP mode file for RoweBots.I-CUBE-UNISONRTOS.5.5.0-4
2024-01-02 10:56:47,025 [WARN] PackLoader:240 - Cannot read IP mode file for STMicroelectronics.X-CUBE-AI.8.0.0
2024-01-02 10:56:47,035 [WARN] ConditionMgr:438 - getConditionDescription Invalid condition id : UX DEVICE CLASS RTOS Condition cause : null
2024-01-02 10:56:47,035 [WARN] ConditionMgr:438 - getConditionDescription Invalid condition id : UX DEVICE CLASS RTOS Condition cause : null
2024-01-02 10:56:47,036 [WARN] PackLoader:240 - Cannot read IP mode file for STMicroelectronics.X-CUBE-AZRTOS-WB.2.0.0
2024-01-02 10:56:47,037 [WARN] ConditionMgr:1039 - genDependencies : Invalid condition id : UX DEVICE CLASS RTOS Condition cause : null
2024-01-02 10:56:47,037 [WARN] ConditionMgr:1039 - genDependencies : Invalid condition id : UX DEVICE CLASS RTOS Condition cause : null
2024-01-02 10:56:47,037 [WARN] ConditionMgr:1039 - genDependencies : Invalid condition id : UX DEVICE CLASS RTOS Condition cause : null
2024-01-02 10:56:47,037 [WARN] ConditionMgr:1039 - genDependencies : Invalid condition id : UX DEVICE CLASS RTOS Condition cause : null
2024-01-02 10:56:47,037 [WARN] ConditionMgr:1039 - genDependencies : Invalid condition id : UX DEVICE CLASS RTOS Condition cause : null
2024-01-02 10:56:47,045 [WARN] PackLoader:240 - Cannot read IP mode file for STMicroelectronics.X-CUBE-FREERTOS.1.0.1
2024-01-02 10:56:47,058 [WARN] PackLoader:240 - Cannot read IP mode file for STMicroelectronics.X-CUBE-AZRTOS-L5.1.1.0
2024-01-02 10:56:47,064 [WARN] PackLoader:240 - Cannot read IP mode file for STMicroelectronics.X-CUBE-AI.8.0.1
2024-01-02 10:56:47,076 [WARN] PackLoader:240 - Cannot read IP mode file for STMicroelectronics.X-CUBE-SUBG2.5.0.0
2024-01-02 10:56:47,090 [WARN] PackLoader:240 - Cannot read IP mode file for STMicroelectronics.X-CUBE-TOF1.3.3.1
2024-01-02 10:56:47,107 [WARN] PackLoader:240 - Cannot read IP mode file for STMicroelectronics.X-CUBE-AZRTOS-G4.2.0.0
2024-01-02 10:56:47,118 [WARN] PackLoader:240 - Cannot read IP mode file for STMicroelectronics.X-CUBE-TOF1.3.3.0
2024-01-02 10:56:47,129 [WARN] PackLoader:240 - Cannot read IP mode file for STMicroelectronics.FP-ATR-ASTRA1.1.1.1
2024-01-02 10:56:47,141 [WARN] PackLoader:240 - Cannot read IP mode file for Infineon.AIROC-Wi-Fi-Bluetooth-STM32.1.5.1
2024-01-02 10:56:47,148 [WARN] PackLoader:240 - Cannot read IP mode file for STMicroelectronics.FP-ATR-ASTRA1.1.1.0
2024-01-02 10:56:47,154 [WARN] PackLoader:240 - Cannot read IP mode file for STMicroelectronics.FP-SNS-MOTENVWB1.1.3.0
2024-01-02 10:56:47,159 [WARN] PackLoader:240 - Cannot read IP mode file for STMicroelectronics.FP-SNS-MOTENVWB1.1.3.1
2024-01-02 10:56:47,169 [WARN] PackLoader:240 - Cannot read IP mode file for STMicroelectronics.X-CUBE-AZRTOS-G4.1.0.0
2024-01-02 10:56:47,175 [WARN] PackLoader:240 - Cannot read IP mode file for wolfSSL.I-CUBE-wolfSSL.5.3.0
2024-01-02 10:56:47,186 [WARN] PackLoader:240 - Cannot read IP mode file for STMicroelectronics.X-CUBE-AZRTOS-L4.1.0.0
2024-01-02 10:56:47,193 [WARN] PackLoader:240 - Cannot read IP mode file for STMicroelectronics.X-CUBE-ISPU.2.0.0
2024-01-02 10:56:47,219 [WARN] PackLoader:240 - Cannot read IP mode file for STMicroelectronics.X-CUBE-MEMS1.10.0.0
2024-01-02 10:56:47,296 [WARN] PackLoader:240 - Cannot read IP mode file for STMicroelectronics.X-CUBE-FREERTOS.1.1.0
2024-01-02 10:56:47,306 [WARN] PackLoader:240 - Cannot read IP mode file for STMicroelectronics.X-CUBE-AZRTOS-F7.1.0.0
2024-01-02 10:56:47,315 [WARN] PackLoader:240 - Cannot read IP mode file for STMicroelectronics.X-CUBE-AZRTOS-WL.1.0.0
2024-01-02 10:56:47,322 [WARN] PackLoader:240 - Cannot read IP mode file for portGmbH.I-Cube-SoM-uGOAL.1.1.0
2024-01-02 10:56:47,327 [WARN] PackLoader:240 - Cannot read IP mode file for STMicroelectronics.X-CUBE-ALS.1.0.1
2024-01-02 10:56:47,336 [WARN] PackLoader:240 - Cannot read IP mode file for STMicroelectronics.X-CUBE-AZRTOS-WB.1.1.0
2024-01-02 10:56:47,346 [WARN] PackLoader:240 - Cannot read IP mode file for STMicroelectronics.X-CUBE-AZRTOS-L5.1.0.0
2024-01-02 10:56:47,352 [WARN] PackLoader:240 - Cannot read IP mode file for STMicroelectronics.X-CUBE-EEPRMA1.3.1.1
2024-01-02 10:56:47,357 [WARN] PackLoader:240 - Cannot read IP mode file for STMicroelectronics.X-CUBE-GNSS1.5.2.0
2024-01-02 10:56:47,360 [WARN] PackLoader:240 - Cannot read IP mode file for STMicroelectronics.FP-ATR-ASTRA1.2.0.0
2024-01-02 10:56:47,367 [WARN] PackLoader:240 - Cannot read IP mode file for STMicroelectronics.X-CUBE-TOF1.3.4.0
2024-01-02 10:56:47,381 [WARN] PackLoader:240 - Cannot read IP mode file for STMicroelectronics.X-CUBE-AZRTOS-H7.3.2.0
2024-01-02 10:56:47,383 [INFO] ThirdParty:978 - Integrity check success = true
2024-01-02 10:56:47,383 [INFO] IntegrityCheckThread:100 - exiting critical section [integrity check]
2024-01-02 10:56:47,383 [INFO] IntegrityCheckThread:103 - End integrity checks thread
2024-01-02 10:57:07,450 [ERROR] LogOutputStream:75 - [STDERR_REDIRECT] SLF4J: Failed to load class "org.slf4j.impl.StaticLoggerBinder".
2024-01-02 10:57:07,450 [ERROR] LogOutputStream:75 - [STDERR_REDIRECT] SLF4J: Defaulting to no-operation (NOP) logger implementation
2024-01-02 10:57:07,451 [ERROR] LogOutputStream:75 - [STDERR_REDIRECT] SLF4J: See http://www.slf4j.org/codes.html#StaticLoggerBinder for further details.
