2023-10-16 11:50:57,641 [INFO] MainUpdater:2868 - connection check result : 10
2023-10-16 11:50:57,690 [INFO] MainUpdater:2868 - connection check result : 10
2023-10-16 11:50:57,825 [INFO] MicroXplorer:468 - Change Database Path : 
2023-10-16 11:50:57,825 [INFO] MicroXplorer:498 - Change Database Version : DB.6.0.91
2023-10-16 11:50:57,884 [WARN] ThirdParty:871 - waiting for thirdparty lock release [close project]
2023-10-16 11:50:57,884 [INFO] ThirdParty:873 - entering critical section [close project]
2023-10-16 11:50:57,884 [INFO] ThirdParty:883 - exiting critical section [close project]
2023-10-16 11:50:57,886 [INFO] PinOutPanel:1499 - setPackage(No Configuration,No Configuration)
2023-10-16 11:50:57,890 [INFO] UtilMem:75 - Begin LoadConfig() Used Memory: 711594608 Bytes (1073741824)
2023-10-16 11:50:57,891 [INFO] MicroXplorer:468 - Change Database Path : 
2023-10-16 11:50:57,891 [INFO] MicroXplorer:498 - Change Database Version : DB.6.0.91
2023-10-16 11:50:57,891 [INFO] OpenFileManager:308 - Change cursor
2023-10-16 11:50:57,908 [INFO] Mcu:1946 - Initializing MCU STM32F103Z(C-D-E)Tx STM32F103ZETx STM32F103ZET6
2023-10-16 11:50:58,846 [INFO] Context:659 - Trying to add GPIOservice into a context  which must be forbidden
2023-10-16 11:50:59,175 [INFO] RtosManager:555 - Registered RTOS mode: class=CMSIS, group=RTOS, mode=CMSIS_V1, owner=FREERTOS
2023-10-16 11:50:59,175 [INFO] RtosManager:555 - Registered RTOS mode: class=CMSIS, group=RTOS2, mode=CMSIS_V2, owner=FREERTOS
2023-10-16 11:50:59,175 [INFO] RtosManager:555 - Registered RTOS mode: class=RTOS, group=Core, mode=CMSIS_V1, owner=FREERTOS
2023-10-16 11:50:59,175 [INFO] RtosManager:555 - Registered RTOS mode: class=RTOS, group=Core, mode=CMSIS_V2, owner=FREERTOS
2023-10-16 11:50:59,175 [WARN] ModelIntegratedComponent:184 - Missing modes for component STMicroelectronics:FreeRTOS:0.0.1:STMicroelectronics:RTOS:FreeRTOS:Core:::10.2.0:
2023-10-16 11:50:59,179 [WARN] ModelIntegratedComponent:63 - No mode defined for component null
2023-10-16 11:50:59,179 [WARN] ModelIntegratedComponent:63 - No mode defined for component null
2023-10-16 11:50:59,179 [WARN] ModelIntegratedComponent:63 - No mode defined for component null
2023-10-16 11:50:59,179 [WARN] ModelIntegratedComponent:63 - No mode defined for component null
2023-10-16 11:50:59,179 [WARN] ModelIntegratedComponent:63 - No mode defined for component null
2023-10-16 11:50:59,179 [WARN] ModelIntegratedComponent:63 - No mode defined for component null
2023-10-16 11:50:59,179 [WARN] ModelIntegratedComponent:63 - No mode defined for component null
2023-10-16 11:50:59,179 [WARN] ModelIntegratedComponent:63 - No mode defined for component null
2023-10-16 11:50:59,179 [WARN] ModelIntegratedComponent:63 - No mode defined for component null
2023-10-16 11:50:59,179 [WARN] ModelIntegratedComponent:63 - No mode defined for component null
2023-10-16 11:50:59,179 [WARN] ModelIntegratedComponent:63 - No mode defined for component null
2023-10-16 11:50:59,179 [WARN] ModelIntegratedComponent:63 - No mode defined for component null
2023-10-16 11:50:59,179 [WARN] ModelIntegratedComponent:63 - No mode defined for component null
2023-10-16 11:50:59,179 [WARN] ModelIntegratedComponent:63 - No mode defined for component null
2023-10-16 11:50:59,179 [WARN] ModelIntegratedComponent:63 - No mode defined for component null
2023-10-16 11:50:59,179 [WARN] ModelIntegratedComponent:63 - No mode defined for component null
2023-10-16 11:50:59,179 [WARN] ModelIntegratedComponent:63 - No mode defined for component null
2023-10-16 11:50:59,179 [WARN] ModelIntegratedComponent:63 - No mode defined for component null
2023-10-16 11:50:59,179 [WARN] ModelIntegratedComponent:63 - No mode defined for component null
2023-10-16 11:50:59,179 [WARN] ModelIntegratedComponent:63 - No mode defined for component null
2023-10-16 11:50:59,179 [WARN] ModelIntegratedComponent:63 - No mode defined for component null
2023-10-16 11:50:59,179 [WARN] ModelIntegratedComponent:63 - No mode defined for component null
2023-10-16 11:50:59,179 [WARN] ModelIntegratedComponent:63 - No mode defined for component null
2023-10-16 11:50:59,179 [WARN] ModelIntegratedComponent:63 - No mode defined for component null
2023-10-16 11:50:59,179 [WARN] ModelIntegratedComponent:63 - No mode defined for component null
2023-10-16 11:50:59,179 [WARN] ModelIntegratedComponent:63 - No mode defined for component null
2023-10-16 11:50:59,179 [WARN] ModelIntegratedComponent:63 - No mode defined for component null
2023-10-16 11:50:59,179 [WARN] ModelIntegratedComponent:63 - No mode defined for component null
2023-10-16 11:50:59,179 [WARN] ModelIntegratedComponent:63 - No mode defined for component null
2023-10-16 11:50:59,179 [WARN] ModelIntegratedComponent:63 - No mode defined for component null
2023-10-16 11:50:59,179 [WARN] ModelIntegratedComponent:63 - No mode defined for component null
2023-10-16 11:50:59,179 [WARN] ModelIntegratedComponent:63 - No mode defined for component null
2023-10-16 11:50:59,179 [WARN] ModelIntegratedComponent:63 - No mode defined for component null
2023-10-16 11:50:59,336 [INFO] ThirdPartyModel:298 - Start build external matchings
2023-10-16 11:51:01,274 [INFO] ThirdPartyModel:316 - End build external matchings
2023-10-16 11:51:01,303 [INFO] ImportTextPane:194 - (OptionalMessage_ERROR) IP (RCC) : Parameter (ADCFreqValue) has invalid value (36000000)
2023-10-16 11:51:01,303 [INFO] ImportTextPane:194 - (OptionalMessage_ERROR) IP (RCC) : Invalid parameter (FamilyName)
2023-10-16 11:51:01,303 [INFO] ImportTextPane:194 - (OptionalMessage_ERROR) IP (RCC) : Parameter (MCOFreq_Value) has invalid value (72000000)
2023-10-16 11:51:01,304 [INFO] ImportTextPane:194 - (OptionalMessage_ERROR) IP (RCC) : Parameter (USBFreq_Value) has invalid value (72000000)
2023-10-16 11:51:01,552 [INFO] UtilMem:75 - End LoadConfig() Used Memory: 586399016 Bytes (1073741824)
2023-10-16 11:51:01,623 [WARN] ThirdParty:833 - waiting for thirdparty lock release [change project]
2023-10-16 11:51:01,623 [INFO] ThirdParty:835 - entering critical section [change project]
2023-10-16 11:51:01,623 [INFO] ThirdParty:1030 - CMSIS Pack Vendor :STMicroelectronics USBPD 4.1
2023-10-16 11:51:01,623 [INFO] ThirdParty:1030 - CMSIS Pack Vendor :STMicroelectronics X-CUBE-GNSS1 6.0.0
2023-10-16 11:51:01,623 [INFO] ThirdParty:1030 - CMSIS Pack Vendor :STMicroelectronics USB_HOST 2.0.0
2023-10-16 11:51:01,623 [INFO] ThirdParty:1030 - CMSIS Pack Vendor :STMicroelectronics X-CUBE-AZRTOS-F4 1.1.0
2023-10-16 11:51:01,623 [INFO] ThirdParty:1030 - CMSIS Pack Vendor :STMicroelectronics LIBJPEG 8.0.0
2023-10-16 11:51:01,623 [INFO] ThirdParty:1030 - CMSIS Pack Vendor :wolfSSL I-CUBE-wolfSSL 5.6.3
2023-10-16 11:51:01,623 [INFO] ThirdParty:1030 - CMSIS Pack Vendor :STMicroelectronics X-CUBE-SMBUS 2.1.0
2023-10-16 11:51:01,623 [INFO] ThirdParty:1030 - CMSIS Pack Vendor :wolfSSL I-CUBE-wolfSSL 5.6.0
2023-10-16 11:51:01,623 [INFO] ThirdParty:1030 - CMSIS Pack Vendor :STMicroelectronics X-CUBE-MEMS1 9.2.0
2023-10-16 11:51:01,623 [INFO] ThirdParty:1030 - CMSIS Pack Vendor :STMicroelectronics X-CUBE-BLEMGR 1.2.0
2023-10-16 11:51:01,623 [INFO] ThirdParty:1030 - CMSIS Pack Vendor :STMicroelectronics X-CUBE-AZRTOS-F7 1.1.0
2023-10-16 11:51:01,623 [INFO] ThirdParty:1030 - CMSIS Pack Vendor :STMicroelectronics X-CUBE-AZRTOS-L5 2.0.0
2023-10-16 11:51:01,624 [INFO] ThirdParty:1030 - CMSIS Pack Vendor :STMicroelectronics USB_DEVICE 2.0.0
2023-10-16 11:51:01,624 [INFO] ThirdParty:1030 - CMSIS Pack Vendor :STMicroelectronics X-CUBE-MEMS1 9.6.0
2023-10-16 11:51:01,624 [INFO] ThirdParty:1030 - CMSIS Pack Vendor :ITTIA_DB I-CUBE-ITTIADB 8.8.0
2023-10-16 11:51:01,624 [INFO] ThirdParty:1030 - CMSIS Pack Vendor :STMicroelectronics X-CUBE-AI 7.1.0
2023-10-16 11:51:01,624 [INFO] ThirdParty:1030 - CMSIS Pack Vendor :STMicroelectronics X-CUBE-TOUCHGFX 4.19.1
2023-10-16 11:51:01,624 [INFO] ThirdParty:1030 - CMSIS Pack Vendor :STMicroelectronics FP-SNS-MOTENV1 4.3.2
2023-10-16 11:51:01,624 [INFO] ThirdParty:1030 - CMSIS Pack Vendor :STMicroelectronics X-CUBE-BLE1 6.2.3
2023-10-16 11:51:01,624 [INFO] ThirdParty:1030 - CMSIS Pack Vendor :STMicroelectronics X-CUBE-BLE1 6.2.4
2023-10-16 11:51:01,624 [INFO] ThirdParty:1030 - CMSIS Pack Vendor :STMicroelectronics FreeRTOS 0.0.1
2023-10-16 11:51:01,624 [INFO] ThirdParty:1030 - CMSIS Pack Vendor :STMicroelectronics X-CUBE-BLEMGR 2.0.0
2023-10-16 11:51:01,624 [INFO] ThirdParty:1030 - CMSIS Pack Vendor :STMicroelectronics FP-SNS-FLIGHT1 5.0.2
2023-10-16 11:51:01,624 [INFO] ThirdParty:1030 - CMSIS Pack Vendor :STMicroelectronics X-CUBE-NFC4 2.0.5
2023-10-16 11:51:01,624 [INFO] ThirdParty:1030 - CMSIS Pack Vendor :STMicroelectronics X-CUBE-BLE2 3.2.2
2023-10-16 11:51:01,624 [INFO] ThirdParty:1030 - CMSIS Pack Vendor :STMicroelectronics X-CUBE-NFC4 2.0.4
2023-10-16 11:51:01,624 [INFO] ThirdParty:1030 - CMSIS Pack Vendor :STMicroelectronics X-CUBE-AZRTOS-H7 3.1.0
2023-10-16 11:51:01,624 [INFO] ThirdParty:1030 - CMSIS Pack Vendor :STMicroelectronics PDM2PCM 3.3.0
2023-10-16 11:51:01,624 [INFO] ThirdParty:1030 - CMSIS Pack Vendor :STMicroelectronics X-CUBE-TOF1 3.1.0
2023-10-16 11:51:01,624 [INFO] ThirdParty:1030 - CMSIS Pack Vendor :STMicroelectronics X-CUBE-SFXS2LP1 3.1.0
2023-10-16 11:51:01,624 [INFO] ThirdParty:1030 - CMSIS Pack Vendor :STMicroelectronics X-CUBE-DISPLAY 3.0.0
2023-10-16 11:51:01,624 [INFO] ThirdParty:1030 - CMSIS Pack Vendor :STMicroelectronics X-CUBE-AZRTOS-F4 1.0.0
2023-10-16 11:51:01,624 [INFO] ThirdParty:1030 - CMSIS Pack Vendor :STMicroelectronics X-CUBE-BLE1 7.0.0
2023-10-16 11:51:01,624 [INFO] ThirdParty:1030 - CMSIS Pack Vendor :STMicroelectronics HAL Drivers 0.0.0
2023-10-16 11:51:01,624 [INFO] ThirdParty:1030 - CMSIS Pack Vendor :emotas I-CUBE-CANOPEN 1.3.0
2023-10-16 11:51:01,624 [INFO] ThirdParty:1030 - CMSIS Pack Vendor :STMicroelectronics X-CUBE-TOUCHGFX 4.22.0
2023-10-16 11:51:01,624 [INFO] ThirdParty:1030 - CMSIS Pack Vendor :STMicroelectronics X-CUBE-NFC7 1.0.1
2023-10-16 11:51:01,624 [INFO] ThirdParty:1030 - CMSIS Pack Vendor :STMicroelectronics MBEDTLS 2.14.1
2023-10-16 11:51:01,624 [INFO] ThirdParty:1030 - CMSIS Pack Vendor :STMicroelectronics X-CUBE-NFC7 1.0.0
2023-10-16 11:51:01,624 [INFO] ThirdParty:1030 - CMSIS Pack Vendor :STMicroelectronics X-CUBE-TOUCHGFX 4.22.1
2023-10-16 11:51:01,624 [INFO] ThirdParty:1030 - CMSIS Pack Vendor :STMicroelectronics X-CUBE-NFC6 3.0.0
2023-10-16 11:51:01,624 [INFO] ThirdParty:1030 - CMSIS Pack Vendor :STMicroelectronics X-CUBE-MEMS1 9.3.0
2023-10-16 11:51:01,624 [INFO] ThirdParty:1030 - CMSIS Pack Vendor :STMicroelectronics X-CUBE-EEPRMA1 4.1.0
2023-10-16 11:51:01,624 [INFO] ThirdParty:1030 - CMSIS Pack Vendor :STMicroelectronics X-CUBE-AI 7.2.0
2023-10-16 11:51:01,624 [INFO] ThirdParty:1030 - CMSIS Pack Vendor :STMicroelectronics FP-SNS-SMARTAG2 1.2.0
2023-10-16 11:51:01,624 [INFO] ThirdParty:1030 - CMSIS Pack Vendor :STMicroelectronics X-CUBE-AZRTOS-WL 2.0.0
2023-10-16 11:51:01,624 [INFO] ThirdParty:1030 - CMSIS Pack Vendor :STMicroelectronics USB_DEVICE 1.0.0
2023-10-16 11:51:01,624 [INFO] ThirdParty:1030 - CMSIS Pack Vendor :STMicroelectronics X-CUBE-AI 8.1.0
2023-10-16 11:51:01,624 [INFO] ThirdParty:1030 - CMSIS Pack Vendor :STMicroelectronics X-CUBE-AZRTOS-G0 1.0.0
2023-10-16 11:51:01,624 [INFO] ThirdParty:1030 - CMSIS Pack Vendor :STMicroelectronics X-CUBE-AZRTOS-L4 2.0.0
2023-10-16 11:51:01,624 [INFO] ThirdParty:1030 - CMSIS Pack Vendor :STMicroelectronics ThreadX 0.0.2
2023-10-16 11:51:01,624 [INFO] ThirdParty:1030 - CMSIS Pack Vendor :WES I-CUBE-Cesium 1.3.0
2023-10-16 11:51:01,624 [INFO] ThirdParty:1030 - CMSIS Pack Vendor :STMicroelectronics lwIP 2.1.2
2023-10-16 11:51:01,624 [INFO] ThirdParty:1030 - CMSIS Pack Vendor :STMicroelectronics X-CUBE-SFXS2LP1 4.0.0
2023-10-16 11:51:01,624 [INFO] ThirdParty:1030 - CMSIS Pack Vendor :STMicroelectronics X-CUBE-BLE2 3.3.0
2023-10-16 11:51:01,624 [INFO] ThirdParty:1030 - CMSIS Pack Vendor :STMicroelectronics X-CUBE-DISPLAY 2.2.0
2023-10-16 11:51:01,624 [INFO] ThirdParty:1030 - CMSIS Pack Vendor :STMicroelectronics X-CUBE-TOF1 3.2.0
2023-10-16 11:51:01,624 [INFO] ThirdParty:1030 - CMSIS Pack Vendor :STMicroelectronics PDM2PCM 3.2.0
2023-10-16 11:51:01,624 [INFO] ThirdParty:1030 - CMSIS Pack Vendor :STMicroelectronics X-CUBE-AZRTOS-H7 3.0.0
2023-10-16 11:51:01,624 [INFO] ThirdParty:1030 - CMSIS Pack Vendor :STMicroelectronics X-CUBE-ISPU 1.0.0
2023-10-16 11:51:01,624 [INFO] ThirdParty:1030 - CMSIS Pack Vendor :STMicroelectronics X-CUBE-ISPU 1.1.0
2023-10-16 11:51:01,624 [INFO] ThirdParty:1030 - CMSIS Pack Vendor :RoweBots I-CUBE-UNISONRTOS 5.5.0-4
2023-10-16 11:51:01,624 [INFO] ThirdParty:1030 - CMSIS Pack Vendor :STMicroelectronics X-CUBE-AZRTOS-H7 2.1.0
2023-10-16 11:51:01,624 [INFO] ThirdParty:1030 - CMSIS Pack Vendor :STMicroelectronics USB_DEVICE 3.0.0
2023-10-16 11:51:01,624 [INFO] ThirdParty:1030 - CMSIS Pack Vendor :STMicroelectronics X-CUBE-AI 8.0.0
2023-10-16 11:51:01,624 [INFO] ThirdParty:1030 - CMSIS Pack Vendor :STMicroelectronics X-CUBE-AZRTOS-WB 2.0.0
2023-10-16 11:51:01,624 [INFO] ThirdParty:1030 - CMSIS Pack Vendor :STMicroelectronics X-CUBE-FREERTOS 1.0.1
2023-10-16 11:51:01,624 [INFO] ThirdParty:1030 - CMSIS Pack Vendor :STMicroelectronics X-CUBE-TOUCHGFX 4.21.1
2023-10-16 11:51:01,624 [INFO] ThirdParty:1030 - CMSIS Pack Vendor :STMicroelectronics X-CUBE-TOUCHGFX 4.21.0
2023-10-16 11:51:01,624 [INFO] ThirdParty:1030 - CMSIS Pack Vendor :STMicroelectronics X-CUBE-TOUCHGFX 4.21.3
2023-10-16 11:51:01,624 [INFO] ThirdParty:1030 - CMSIS Pack Vendor :STMicroelectronics X-CUBE-TOUCHGFX 4.21.4
2023-10-16 11:51:01,624 [INFO] ThirdParty:1030 - CMSIS Pack Vendor :STMicroelectronics X-CUBE-MEMS1 9.4.0
2023-10-16 11:51:01,624 [INFO] ThirdParty:1030 - CMSIS Pack Vendor :STMicroelectronics X-CUBE-AI 7.3.0
2023-10-16 11:51:01,624 [INFO] ThirdParty:1030 - CMSIS Pack Vendor :STMicroelectronics X-CUBE-ALGOBUILD 1.3.0
2023-10-16 11:51:01,624 [INFO] ThirdParty:1030 - CMSIS Pack Vendor :STMicroelectronics X-CUBE-AZRTOS-L5 1.1.0
2023-10-16 11:51:01,625 [INFO] ThirdParty:1030 - CMSIS Pack Vendor :STMicroelectronics X-CUBE-AZRTOS-G0 1.1.0
2023-10-16 11:51:01,625 [INFO] ThirdParty:1030 - CMSIS Pack Vendor :STMicroelectronics X-CUBE-AI 8.0.1
2023-10-16 11:51:01,625 [INFO] ThirdParty:1030 - CMSIS Pack Vendor :STMicroelectronics X-CUBE-NFC4 3.0.0
2023-10-16 11:51:01,625 [INFO] ThirdParty:1030 - CMSIS Pack Vendor :SEGGER I-CUBE-embOS 1.2.0
2023-10-16 11:51:01,625 [INFO] ThirdParty:1030 - CMSIS Pack Vendor :STMicroelectronics X-CUBE-SUBG2 5.0.0
2023-10-16 11:51:01,625 [INFO] ThirdParty:1030 - CMSIS Pack Vendor :STMicroelectronics STM32_WPAN 1.0.0
2023-10-16 11:51:01,625 [INFO] ThirdParty:1030 - CMSIS Pack Vendor :STMicroelectronics lwIP 2.0.3
2023-10-16 11:51:01,625 [INFO] ThirdParty:1030 - CMSIS Pack Vendor :STMicroelectronics USB_HOST 1.0.0
2023-10-16 11:51:01,625 [INFO] ThirdParty:1030 - CMSIS Pack Vendor :STMicroelectronics X-CUBE-TOF1 3.3.1
2023-10-16 11:51:01,625 [INFO] ThirdParty:1030 - CMSIS Pack Vendor :STMicroelectronics X-CUBE-AZRTOS-G4 2.0.0
2023-10-16 11:51:01,625 [INFO] ThirdParty:1030 - CMSIS Pack Vendor :STMicroelectronics PDM2PCM 3.1.0
2023-10-16 11:51:01,625 [INFO] ThirdParty:1030 - CMSIS Pack Vendor :STMicroelectronics X-CUBE-TOF1 3.3.0
2023-10-16 11:51:01,625 [INFO] ThirdParty:1030 - CMSIS Pack Vendor :STMicroelectronics FP-ATR-ASTRA1 1.1.1
2023-10-16 11:51:01,625 [INFO] ThirdParty:1030 - CMSIS Pack Vendor :Infineon AIROC-Wi-Fi-Bluetooth-STM32 1.5.1
2023-10-16 11:51:01,625 [INFO] ThirdParty:1030 - CMSIS Pack Vendor :STMicroelectronics FP-ATR-ASTRA1 1.1.0
2023-10-16 11:51:01,625 [INFO] ThirdParty:1030 - CMSIS Pack Vendor :STMicroelectronics X-CUBE-BLEMGR 1.3.0
2023-10-16 11:51:01,625 [INFO] ThirdParty:1030 - CMSIS Pack Vendor :STMicroelectronics FP-ATR-SIGFOX1 3.2.0
2023-10-16 11:51:01,625 [INFO] ThirdParty:1030 - CMSIS Pack Vendor :STMicroelectronics X-CUBE-AZRTOS-G4 1.0.0
2023-10-16 11:51:01,625 [INFO] ThirdParty:1030 - CMSIS Pack Vendor :wolfSSL I-CUBE-wolfSSL 5.3.0
2023-10-16 11:51:01,625 [INFO] ThirdParty:1030 - CMSIS Pack Vendor :STMicroelectronics X-CUBE-AZRTOS-L4 1.0.0
2023-10-16 11:51:01,625 [INFO] ThirdParty:1030 - CMSIS Pack Vendor :STMicroelectronics MBEDTLS 2.16.2
2023-10-16 11:51:01,625 [INFO] ThirdParty:1030 - CMSIS Pack Vendor :emotas I-CUBE-CANOPEN 1.1.2
2023-10-16 11:51:01,625 [INFO] ThirdParty:1030 - CMSIS Pack Vendor :STMicroelectronics X-CUBE-TOUCHGFX 4.20.0
2023-10-16 11:51:01,625 [INFO] ThirdParty:1030 - CMSIS Pack Vendor :STMicroelectronics X-CUBE-FREERTOS 1.1.0
2023-10-16 11:51:01,625 [INFO] ThirdParty:1030 - CMSIS Pack Vendor :STMicroelectronics X-CUBE-AZRTOS-F7 1.0.0
2023-10-16 11:51:01,625 [INFO] ThirdParty:1030 - CMSIS Pack Vendor :STMicroelectronics X-CUBE-AZRTOS-WL 1.0.0
2023-10-16 11:51:01,625 [INFO] ThirdParty:1030 - CMSIS Pack Vendor :portGmbH I-Cube-SoM-uGOAL 1.1.0
2023-10-16 11:51:01,625 [INFO] ThirdParty:1030 - CMSIS Pack Vendor :STMicroelectronics X-CUBE-ALS 1.0.1
2023-10-16 11:51:01,625 [INFO] ThirdParty:1030 - CMSIS Pack Vendor :STMicroelectronics X-CUBE-MEMS1 9.5.0
2023-10-16 11:51:01,625 [INFO] ThirdParty:1030 - CMSIS Pack Vendor :STMicroelectronics ThreadX 1.0.0
2023-10-16 11:51:01,625 [INFO] ThirdParty:1030 - CMSIS Pack Vendor :STMicroelectronics X-CUBE-AZRTOS-WB 1.1.0
2023-10-16 11:51:01,625 [INFO] ThirdParty:1030 - CMSIS Pack Vendor :SEGGER I-CUBE-embOS 1.3.1
2023-10-16 11:51:01,625 [INFO] ThirdParty:1030 - CMSIS Pack Vendor :STMicroelectronics X-CUBE-AZRTOS-L5 1.0.0
2023-10-16 11:51:01,625 [INFO] ThirdParty:1030 - CMSIS Pack Vendor :STMicroelectronics X-CUBE-EEPRMA1 3.1.1
2023-10-16 11:51:01,625 [INFO] ThirdParty:1030 - CMSIS Pack Vendor :STMicroelectronics X-CUBE-GNSS1 5.2.0
2023-10-16 11:51:01,625 [INFO] ThirdParty:1030 - CMSIS Pack Vendor :STMicroelectronics FP-ATR-ASTRA1 2.0.0
2023-10-16 11:51:01,625 [INFO] ThirdParty:1030 - CMSIS Pack Vendor :STMicroelectronics X-CUBE-TOF1 3.0.0
2023-10-16 11:51:01,625 [INFO] ThirdParty:841 - exiting critical section [change project]
2023-10-16 11:51:01,771 [INFO] PinOutPanel:1499 - setPackage(No Configuration,No Configuration)
2023-10-16 11:51:01,771 [INFO] PinOutPanel:1499 - setPackage(STM32F103ZETx,LQFP144)
2023-10-16 11:51:02,025 [INFO] UtilMem:75 - Before build in PCC Used Memory: 717273808 Bytes (1073741824)
2023-10-16 11:51:02,185 [INFO] UtilMem:75 - After build in PCC Used Memory: 759743184 Bytes (1073741824)
2023-10-16 11:51:02,202 [INFO] IPUIPlugin:80 - create IPUIPlugin
2023-10-16 11:51:02,202 [INFO] IPUIPlugin:80 - create IPUIPlugin
2023-10-16 11:51:02,202 [INFO] IPUIPlugin:80 - create IPUIPlugin
2023-10-16 11:51:02,202 [INFO] IPUIPlugin:80 - create IPUIPlugin
2023-10-16 11:51:02,202 [INFO] IPUIPlugin:80 - create IPUIPlugin
2023-10-16 11:51:02,202 [INFO] IPUIPlugin:80 - create IPUIPlugin
2023-10-16 11:51:02,202 [INFO] IPUIPlugin:80 - create IPUIPlugin
2023-10-16 11:51:02,202 [INFO] IPUIPlugin:80 - create IPUIPlugin
2023-10-16 11:51:02,203 [INFO] IPUIPlugin:80 - create IPUIPlugin
2023-10-16 11:51:02,203 [INFO] IPUIPlugin:80 - create IPUIPlugin
2023-10-16 11:51:02,203 [INFO] IPUIPlugin:80 - create IPUIPlugin
2023-10-16 11:51:02,203 [INFO] IPUIPlugin:80 - create IPUIPlugin
2023-10-16 11:51:02,203 [INFO] IPUIPlugin:80 - create IPUIPlugin
2023-10-16 11:51:02,203 [INFO] IPUIPlugin:80 - create IPUIPlugin
2023-10-16 11:51:02,203 [INFO] IPUIPlugin:80 - create IPUIPlugin
2023-10-16 11:51:02,203 [INFO] IPUIPlugin:80 - create IPUIPlugin
2023-10-16 11:51:02,203 [INFO] IPUIPlugin:80 - create IPUIPlugin
2023-10-16 11:51:02,203 [INFO] IPUIPlugin:80 - create IPUIPlugin
2023-10-16 11:51:02,203 [INFO] IPUIPlugin:80 - create IPUIPlugin
2023-10-16 11:51:02,204 [INFO] IPUIPlugin:80 - create IPUIPlugin
2023-10-16 11:51:02,204 [INFO] IPUIPlugin:80 - create IPUIPlugin
2023-10-16 11:51:02,204 [INFO] IPUIPlugin:80 - create IPUIPlugin
2023-10-16 11:51:02,204 [INFO] IPUIPlugin:80 - create IPUIPlugin
2023-10-16 11:51:02,204 [INFO] IPUIPlugin:80 - create IPUIPlugin
2023-10-16 11:51:02,204 [INFO] IPUIPlugin:80 - create IPUIPlugin
2023-10-16 11:51:02,204 [INFO] IPUIPlugin:80 - create IPUIPlugin
2023-10-16 11:51:02,204 [INFO] IPUIPlugin:80 - create IPUIPlugin
2023-10-16 11:51:02,205 [INFO] IPUIPlugin:80 - create IPUIPlugin
2023-10-16 11:51:02,205 [INFO] IPUIPlugin:80 - create IPUIPlugin
2023-10-16 11:51:02,205 [INFO] IPUIPlugin:80 - create IPUIPlugin
2023-10-16 11:51:02,205 [INFO] IPUIPlugin:80 - create IPUIPlugin
2023-10-16 11:51:02,205 [INFO] IPUIPlugin:80 - create IPUIPlugin
2023-10-16 11:51:02,205 [INFO] IPUIPlugin:80 - create IPUIPlugin
2023-10-16 11:51:02,205 [INFO] IPUIPlugin:80 - create IPUIPlugin
2023-10-16 11:51:02,206 [INFO] IPUIPlugin:80 - create IPUIPlugin
2023-10-16 11:51:02,206 [INFO] IPUIPlugin:80 - create IPUIPlugin
2023-10-16 11:51:02,206 [INFO] IPUIPlugin:80 - create IPUIPlugin
2023-10-16 11:51:02,206 [INFO] IPUIPlugin:80 - create IPUIPlugin
2023-10-16 11:51:02,206 [INFO] IPUIPlugin:80 - create IPUIPlugin
2023-10-16 11:51:02,206 [INFO] IPUIPlugin:80 - create IPUIPlugin
2023-10-16 11:51:02,258 [INFO] CADModel:165 - CPN selected for project levelSTM32F103ZET6
2023-10-16 11:51:02,258 [INFO] CADModel:114 - Register for checkConnection events
2023-10-16 11:51:02,331 [INFO] OpenFileManager:328 - Restore cursor
2023-10-16 14:35:23,701 [INFO] MainUpdater:2868 - connection check result : 10
2023-10-16 14:35:23,701 [INFO] MainUpdater:2868 - connection check result : 10
2023-10-16 14:35:24,711 [INFO] MicroXplorer:468 - Change Database Path : 
2023-10-16 14:35:24,711 [INFO] MicroXplorer:498 - Change Database Version : DB.6.0.91
2023-10-16 14:35:24,733 [WARN] ThirdParty:871 - waiting for thirdparty lock release [close project]
2023-10-16 14:35:24,733 [INFO] ThirdParty:873 - entering critical section [close project]
2023-10-16 14:35:24,733 [INFO] ThirdParty:883 - exiting critical section [close project]
2023-10-16 14:35:24,734 [INFO] PinOutPanel:1499 - setPackage(No Configuration,No Configuration)
2023-10-16 14:35:24,736 [INFO] UtilMem:75 - Begin LoadConfig() Used Memory: 656980712 Bytes (1073741824)
2023-10-16 14:35:24,737 [INFO] MicroXplorer:468 - Change Database Path : 
2023-10-16 14:35:24,737 [INFO] MicroXplorer:498 - Change Database Version : DB.6.0.91
2023-10-16 14:35:24,737 [INFO] OpenFileManager:308 - Change cursor
2023-10-16 14:35:24,743 [INFO] Mcu:1946 - Initializing MCU STM32F103Z(C-D-E)Tx STM32F103ZETx STM32F103ZET6
2023-10-16 14:35:25,593 [INFO] Context:659 - Trying to add GPIOservice into a context  which must be forbidden
2023-10-16 14:35:25,941 [INFO] RtosManager:555 - Registered RTOS mode: class=CMSIS, group=RTOS, mode=CMSIS_V1, owner=FREERTOS
2023-10-16 14:35:25,941 [INFO] RtosManager:555 - Registered RTOS mode: class=CMSIS, group=RTOS2, mode=CMSIS_V2, owner=FREERTOS
2023-10-16 14:35:25,941 [INFO] RtosManager:555 - Registered RTOS mode: class=RTOS, group=Core, mode=CMSIS_V1, owner=FREERTOS
2023-10-16 14:35:25,941 [INFO] RtosManager:555 - Registered RTOS mode: class=RTOS, group=Core, mode=CMSIS_V2, owner=FREERTOS
2023-10-16 14:35:25,942 [WARN] ModelIntegratedComponent:184 - Missing modes for component STMicroelectronics:FreeRTOS:0.0.1:STMicroelectronics:RTOS:FreeRTOS:Core:::10.2.0:
2023-10-16 14:35:25,945 [WARN] ModelIntegratedComponent:63 - No mode defined for component null
2023-10-16 14:35:25,945 [WARN] ModelIntegratedComponent:63 - No mode defined for component null
2023-10-16 14:35:25,945 [WARN] ModelIntegratedComponent:63 - No mode defined for component null
2023-10-16 14:35:25,945 [WARN] ModelIntegratedComponent:63 - No mode defined for component null
2023-10-16 14:35:25,945 [WARN] ModelIntegratedComponent:63 - No mode defined for component null
2023-10-16 14:35:25,945 [WARN] ModelIntegratedComponent:63 - No mode defined for component null
2023-10-16 14:35:25,945 [WARN] ModelIntegratedComponent:63 - No mode defined for component null
2023-10-16 14:35:25,945 [WARN] ModelIntegratedComponent:63 - No mode defined for component null
2023-10-16 14:35:25,945 [WARN] ModelIntegratedComponent:63 - No mode defined for component null
2023-10-16 14:35:25,945 [WARN] ModelIntegratedComponent:63 - No mode defined for component null
2023-10-16 14:35:25,945 [WARN] ModelIntegratedComponent:63 - No mode defined for component null
2023-10-16 14:35:25,945 [WARN] ModelIntegratedComponent:63 - No mode defined for component null
2023-10-16 14:35:25,945 [WARN] ModelIntegratedComponent:63 - No mode defined for component null
2023-10-16 14:35:25,945 [WARN] ModelIntegratedComponent:63 - No mode defined for component null
2023-10-16 14:35:25,945 [WARN] ModelIntegratedComponent:63 - No mode defined for component null
2023-10-16 14:35:25,945 [WARN] ModelIntegratedComponent:63 - No mode defined for component null
2023-10-16 14:35:25,945 [WARN] ModelIntegratedComponent:63 - No mode defined for component null
2023-10-16 14:35:25,945 [WARN] ModelIntegratedComponent:63 - No mode defined for component null
2023-10-16 14:35:25,945 [WARN] ModelIntegratedComponent:63 - No mode defined for component null
2023-10-16 14:35:25,945 [WARN] ModelIntegratedComponent:63 - No mode defined for component null
2023-10-16 14:35:25,945 [WARN] ModelIntegratedComponent:63 - No mode defined for component null
2023-10-16 14:35:25,945 [WARN] ModelIntegratedComponent:63 - No mode defined for component null
2023-10-16 14:35:25,945 [WARN] ModelIntegratedComponent:63 - No mode defined for component null
2023-10-16 14:35:25,945 [WARN] ModelIntegratedComponent:63 - No mode defined for component null
2023-10-16 14:35:25,946 [WARN] ModelIntegratedComponent:63 - No mode defined for component null
2023-10-16 14:35:25,946 [WARN] ModelIntegratedComponent:63 - No mode defined for component null
2023-10-16 14:35:25,946 [WARN] ModelIntegratedComponent:63 - No mode defined for component null
2023-10-16 14:35:25,946 [WARN] ModelIntegratedComponent:63 - No mode defined for component null
2023-10-16 14:35:25,946 [WARN] ModelIntegratedComponent:63 - No mode defined for component null
2023-10-16 14:35:25,946 [WARN] ModelIntegratedComponent:63 - No mode defined for component null
2023-10-16 14:35:25,946 [WARN] ModelIntegratedComponent:63 - No mode defined for component null
2023-10-16 14:35:25,946 [WARN] ModelIntegratedComponent:63 - No mode defined for component null
2023-10-16 14:35:25,946 [WARN] ModelIntegratedComponent:63 - No mode defined for component null
2023-10-16 14:35:26,109 [INFO] ThirdPartyModel:298 - Start build external matchings
2023-10-16 14:35:28,174 [INFO] ThirdPartyModel:316 - End build external matchings
2023-10-16 14:35:28,201 [INFO] ImportTextPane:194 - (OptionalMessage_ERROR) IP (RCC) : Parameter (ADCFreqValue) has invalid value (36000000)
2023-10-16 14:35:28,201 [INFO] ImportTextPane:194 - (OptionalMessage_ERROR) IP (RCC) : Invalid parameter (FamilyName)
2023-10-16 14:35:28,201 [INFO] ImportTextPane:194 - (OptionalMessage_ERROR) IP (RCC) : Parameter (MCOFreq_Value) has invalid value (72000000)
2023-10-16 14:35:28,201 [INFO] ImportTextPane:194 - (OptionalMessage_ERROR) IP (RCC) : Parameter (USBFreq_Value) has invalid value (72000000)
2023-10-16 14:35:28,471 [INFO] UtilMem:75 - End LoadConfig() Used Memory: 930838608 Bytes (1073741824)
2023-10-16 14:35:28,550 [WARN] ThirdParty:833 - waiting for thirdparty lock release [change project]
2023-10-16 14:35:28,550 [INFO] ThirdParty:835 - entering critical section [change project]
2023-10-16 14:35:28,550 [INFO] ThirdParty:1030 - CMSIS Pack Vendor :STMicroelectronics USBPD 4.1
2023-10-16 14:35:28,550 [INFO] ThirdParty:1030 - CMSIS Pack Vendor :STMicroelectronics X-CUBE-GNSS1 6.0.0
2023-10-16 14:35:28,550 [INFO] ThirdParty:1030 - CMSIS Pack Vendor :STMicroelectronics USB_HOST 2.0.0
2023-10-16 14:35:28,550 [INFO] ThirdParty:1030 - CMSIS Pack Vendor :STMicroelectronics X-CUBE-AZRTOS-F4 1.1.0
2023-10-16 14:35:28,550 [INFO] ThirdParty:1030 - CMSIS Pack Vendor :STMicroelectronics LIBJPEG 8.0.0
2023-10-16 14:35:28,550 [INFO] ThirdParty:1030 - CMSIS Pack Vendor :wolfSSL I-CUBE-wolfSSL 5.6.3
2023-10-16 14:35:28,550 [INFO] ThirdParty:1030 - CMSIS Pack Vendor :STMicroelectronics X-CUBE-SMBUS 2.1.0
2023-10-16 14:35:28,550 [INFO] ThirdParty:1030 - CMSIS Pack Vendor :wolfSSL I-CUBE-wolfSSL 5.6.0
2023-10-16 14:35:28,550 [INFO] ThirdParty:1030 - CMSIS Pack Vendor :STMicroelectronics X-CUBE-MEMS1 9.2.0
2023-10-16 14:35:28,550 [INFO] ThirdParty:1030 - CMSIS Pack Vendor :STMicroelectronics X-CUBE-BLEMGR 1.2.0
2023-10-16 14:35:28,550 [INFO] ThirdParty:1030 - CMSIS Pack Vendor :STMicroelectronics X-CUBE-AZRTOS-F7 1.1.0
2023-10-16 14:35:28,550 [INFO] ThirdParty:1030 - CMSIS Pack Vendor :STMicroelectronics X-CUBE-AZRTOS-L5 2.0.0
2023-10-16 14:35:28,550 [INFO] ThirdParty:1030 - CMSIS Pack Vendor :STMicroelectronics USB_DEVICE 2.0.0
2023-10-16 14:35:28,550 [INFO] ThirdParty:1030 - CMSIS Pack Vendor :STMicroelectronics X-CUBE-MEMS1 9.6.0
2023-10-16 14:35:28,550 [INFO] ThirdParty:1030 - CMSIS Pack Vendor :ITTIA_DB I-CUBE-ITTIADB 8.8.0
2023-10-16 14:35:28,550 [INFO] ThirdParty:1030 - CMSIS Pack Vendor :STMicroelectronics X-CUBE-AI 7.1.0
2023-10-16 14:35:28,550 [INFO] ThirdParty:1030 - CMSIS Pack Vendor :STMicroelectronics X-CUBE-TOUCHGFX 4.19.1
2023-10-16 14:35:28,550 [INFO] ThirdParty:1030 - CMSIS Pack Vendor :STMicroelectronics FP-SNS-MOTENV1 4.3.2
2023-10-16 14:35:28,550 [INFO] ThirdParty:1030 - CMSIS Pack Vendor :STMicroelectronics X-CUBE-BLE1 6.2.3
2023-10-16 14:35:28,550 [INFO] ThirdParty:1030 - CMSIS Pack Vendor :STMicroelectronics X-CUBE-BLE1 6.2.4
2023-10-16 14:35:28,550 [INFO] ThirdParty:1030 - CMSIS Pack Vendor :STMicroelectronics FreeRTOS 0.0.1
2023-10-16 14:35:28,550 [INFO] ThirdParty:1030 - CMSIS Pack Vendor :STMicroelectronics X-CUBE-BLEMGR 2.0.0
2023-10-16 14:35:28,550 [INFO] ThirdParty:1030 - CMSIS Pack Vendor :STMicroelectronics FP-SNS-FLIGHT1 5.0.2
2023-10-16 14:35:28,550 [INFO] ThirdParty:1030 - CMSIS Pack Vendor :STMicroelectronics X-CUBE-NFC4 2.0.5
2023-10-16 14:35:28,550 [INFO] ThirdParty:1030 - CMSIS Pack Vendor :STMicroelectronics X-CUBE-BLE2 3.2.2
2023-10-16 14:35:28,551 [INFO] ThirdParty:1030 - CMSIS Pack Vendor :STMicroelectronics X-CUBE-NFC4 2.0.4
2023-10-16 14:35:28,551 [INFO] ThirdParty:1030 - CMSIS Pack Vendor :STMicroelectronics X-CUBE-AZRTOS-H7 3.1.0
2023-10-16 14:35:28,551 [INFO] ThirdParty:1030 - CMSIS Pack Vendor :STMicroelectronics PDM2PCM 3.3.0
2023-10-16 14:35:28,551 [INFO] ThirdParty:1030 - CMSIS Pack Vendor :STMicroelectronics X-CUBE-TOF1 3.1.0
2023-10-16 14:35:28,551 [INFO] ThirdParty:1030 - CMSIS Pack Vendor :STMicroelectronics X-CUBE-SFXS2LP1 3.1.0
2023-10-16 14:35:28,551 [INFO] ThirdParty:1030 - CMSIS Pack Vendor :STMicroelectronics X-CUBE-DISPLAY 3.0.0
2023-10-16 14:35:28,551 [INFO] ThirdParty:1030 - CMSIS Pack Vendor :STMicroelectronics X-CUBE-AZRTOS-F4 1.0.0
2023-10-16 14:35:28,551 [INFO] ThirdParty:1030 - CMSIS Pack Vendor :STMicroelectronics X-CUBE-BLE1 7.0.0
2023-10-16 14:35:28,551 [INFO] ThirdParty:1030 - CMSIS Pack Vendor :STMicroelectronics HAL Drivers 0.0.0
2023-10-16 14:35:28,551 [INFO] ThirdParty:1030 - CMSIS Pack Vendor :emotas I-CUBE-CANOPEN 1.3.0
2023-10-16 14:35:28,551 [INFO] ThirdParty:1030 - CMSIS Pack Vendor :STMicroelectronics X-CUBE-TOUCHGFX 4.22.0
2023-10-16 14:35:28,551 [INFO] ThirdParty:1030 - CMSIS Pack Vendor :STMicroelectronics X-CUBE-NFC7 1.0.1
2023-10-16 14:35:28,551 [INFO] ThirdParty:1030 - CMSIS Pack Vendor :STMicroelectronics MBEDTLS 2.14.1
2023-10-16 14:35:28,551 [INFO] ThirdParty:1030 - CMSIS Pack Vendor :STMicroelectronics X-CUBE-NFC7 1.0.0
2023-10-16 14:35:28,551 [INFO] ThirdParty:1030 - CMSIS Pack Vendor :STMicroelectronics X-CUBE-TOUCHGFX 4.22.1
2023-10-16 14:35:28,551 [INFO] ThirdParty:1030 - CMSIS Pack Vendor :STMicroelectronics X-CUBE-NFC6 3.0.0
2023-10-16 14:35:28,551 [INFO] ThirdParty:1030 - CMSIS Pack Vendor :STMicroelectronics X-CUBE-MEMS1 9.3.0
2023-10-16 14:35:28,551 [INFO] ThirdParty:1030 - CMSIS Pack Vendor :STMicroelectronics X-CUBE-EEPRMA1 4.1.0
2023-10-16 14:35:28,551 [INFO] ThirdParty:1030 - CMSIS Pack Vendor :STMicroelectronics X-CUBE-AI 7.2.0
2023-10-16 14:35:28,551 [INFO] ThirdParty:1030 - CMSIS Pack Vendor :STMicroelectronics FP-SNS-SMARTAG2 1.2.0
2023-10-16 14:35:28,551 [INFO] ThirdParty:1030 - CMSIS Pack Vendor :STMicroelectronics X-CUBE-AZRTOS-WL 2.0.0
2023-10-16 14:35:28,551 [INFO] ThirdParty:1030 - CMSIS Pack Vendor :STMicroelectronics USB_DEVICE 1.0.0
2023-10-16 14:35:28,551 [INFO] ThirdParty:1030 - CMSIS Pack Vendor :STMicroelectronics X-CUBE-AI 8.1.0
2023-10-16 14:35:28,551 [INFO] ThirdParty:1030 - CMSIS Pack Vendor :STMicroelectronics X-CUBE-AZRTOS-G0 1.0.0
2023-10-16 14:35:28,551 [INFO] ThirdParty:1030 - CMSIS Pack Vendor :STMicroelectronics X-CUBE-AZRTOS-L4 2.0.0
2023-10-16 14:35:28,551 [INFO] ThirdParty:1030 - CMSIS Pack Vendor :STMicroelectronics ThreadX 0.0.2
2023-10-16 14:35:28,551 [INFO] ThirdParty:1030 - CMSIS Pack Vendor :WES I-CUBE-Cesium 1.3.0
2023-10-16 14:35:28,551 [INFO] ThirdParty:1030 - CMSIS Pack Vendor :STMicroelectronics lwIP 2.1.2
2023-10-16 14:35:28,551 [INFO] ThirdParty:1030 - CMSIS Pack Vendor :STMicroelectronics X-CUBE-SFXS2LP1 4.0.0
2023-10-16 14:35:28,551 [INFO] ThirdParty:1030 - CMSIS Pack Vendor :STMicroelectronics X-CUBE-BLE2 3.3.0
2023-10-16 14:35:28,551 [INFO] ThirdParty:1030 - CMSIS Pack Vendor :STMicroelectronics X-CUBE-DISPLAY 2.2.0
2023-10-16 14:35:28,551 [INFO] ThirdParty:1030 - CMSIS Pack Vendor :STMicroelectronics X-CUBE-TOF1 3.2.0
2023-10-16 14:35:28,551 [INFO] ThirdParty:1030 - CMSIS Pack Vendor :STMicroelectronics PDM2PCM 3.2.0
2023-10-16 14:35:28,551 [INFO] ThirdParty:1030 - CMSIS Pack Vendor :STMicroelectronics X-CUBE-AZRTOS-H7 3.0.0
2023-10-16 14:35:28,551 [INFO] ThirdParty:1030 - CMSIS Pack Vendor :STMicroelectronics X-CUBE-ISPU 1.0.0
2023-10-16 14:35:28,551 [INFO] ThirdParty:1030 - CMSIS Pack Vendor :STMicroelectronics X-CUBE-ISPU 1.1.0
2023-10-16 14:35:28,551 [INFO] ThirdParty:1030 - CMSIS Pack Vendor :RoweBots I-CUBE-UNISONRTOS 5.5.0-4
2023-10-16 14:35:28,551 [INFO] ThirdParty:1030 - CMSIS Pack Vendor :STMicroelectronics X-CUBE-AZRTOS-H7 2.1.0
2023-10-16 14:35:28,551 [INFO] ThirdParty:1030 - CMSIS Pack Vendor :STMicroelectronics USB_DEVICE 3.0.0
2023-10-16 14:35:28,551 [INFO] ThirdParty:1030 - CMSIS Pack Vendor :STMicroelectronics X-CUBE-AI 8.0.0
2023-10-16 14:35:28,551 [INFO] ThirdParty:1030 - CMSIS Pack Vendor :STMicroelectronics X-CUBE-AZRTOS-WB 2.0.0
2023-10-16 14:35:28,551 [INFO] ThirdParty:1030 - CMSIS Pack Vendor :STMicroelectronics X-CUBE-FREERTOS 1.0.1
2023-10-16 14:35:28,551 [INFO] ThirdParty:1030 - CMSIS Pack Vendor :STMicroelectronics X-CUBE-TOUCHGFX 4.21.1
2023-10-16 14:35:28,551 [INFO] ThirdParty:1030 - CMSIS Pack Vendor :STMicroelectronics X-CUBE-TOUCHGFX 4.21.0
2023-10-16 14:35:28,551 [INFO] ThirdParty:1030 - CMSIS Pack Vendor :STMicroelectronics X-CUBE-TOUCHGFX 4.21.3
2023-10-16 14:35:28,551 [INFO] ThirdParty:1030 - CMSIS Pack Vendor :STMicroelectronics X-CUBE-TOUCHGFX 4.21.4
2023-10-16 14:35:28,551 [INFO] ThirdParty:1030 - CMSIS Pack Vendor :STMicroelectronics X-CUBE-MEMS1 9.4.0
2023-10-16 14:35:28,551 [INFO] ThirdParty:1030 - CMSIS Pack Vendor :STMicroelectronics X-CUBE-AI 7.3.0
2023-10-16 14:35:28,551 [INFO] ThirdParty:1030 - CMSIS Pack Vendor :STMicroelectronics X-CUBE-ALGOBUILD 1.3.0
2023-10-16 14:35:28,551 [INFO] ThirdParty:1030 - CMSIS Pack Vendor :STMicroelectronics X-CUBE-AZRTOS-L5 1.1.0
2023-10-16 14:35:28,551 [INFO] ThirdParty:1030 - CMSIS Pack Vendor :STMicroelectronics X-CUBE-AZRTOS-G0 1.1.0
2023-10-16 14:35:28,551 [INFO] ThirdParty:1030 - CMSIS Pack Vendor :STMicroelectronics X-CUBE-AI 8.0.1
2023-10-16 14:35:28,551 [INFO] ThirdParty:1030 - CMSIS Pack Vendor :STMicroelectronics X-CUBE-NFC4 3.0.0
2023-10-16 14:35:28,551 [INFO] ThirdParty:1030 - CMSIS Pack Vendor :SEGGER I-CUBE-embOS 1.2.0
2023-10-16 14:35:28,551 [INFO] ThirdParty:1030 - CMSIS Pack Vendor :STMicroelectronics X-CUBE-SUBG2 5.0.0
2023-10-16 14:35:28,551 [INFO] ThirdParty:1030 - CMSIS Pack Vendor :STMicroelectronics STM32_WPAN 1.0.0
2023-10-16 14:35:28,551 [INFO] ThirdParty:1030 - CMSIS Pack Vendor :STMicroelectronics lwIP 2.0.3
2023-10-16 14:35:28,551 [INFO] ThirdParty:1030 - CMSIS Pack Vendor :STMicroelectronics USB_HOST 1.0.0
2023-10-16 14:35:28,551 [INFO] ThirdParty:1030 - CMSIS Pack Vendor :STMicroelectronics X-CUBE-TOF1 3.3.1
2023-10-16 14:35:28,551 [INFO] ThirdParty:1030 - CMSIS Pack Vendor :STMicroelectronics X-CUBE-AZRTOS-G4 2.0.0
2023-10-16 14:35:28,551 [INFO] ThirdParty:1030 - CMSIS Pack Vendor :STMicroelectronics PDM2PCM 3.1.0
2023-10-16 14:35:28,551 [INFO] ThirdParty:1030 - CMSIS Pack Vendor :STMicroelectronics X-CUBE-TOF1 3.3.0
2023-10-16 14:35:28,551 [INFO] ThirdParty:1030 - CMSIS Pack Vendor :STMicroelectronics FP-ATR-ASTRA1 1.1.1
2023-10-16 14:35:28,552 [INFO] ThirdParty:1030 - CMSIS Pack Vendor :Infineon AIROC-Wi-Fi-Bluetooth-STM32 1.5.1
2023-10-16 14:35:28,552 [INFO] ThirdParty:1030 - CMSIS Pack Vendor :STMicroelectronics FP-ATR-ASTRA1 1.1.0
2023-10-16 14:35:28,552 [INFO] ThirdParty:1030 - CMSIS Pack Vendor :STMicroelectronics X-CUBE-BLEMGR 1.3.0
2023-10-16 14:35:28,552 [INFO] ThirdParty:1030 - CMSIS Pack Vendor :STMicroelectronics FP-ATR-SIGFOX1 3.2.0
2023-10-16 14:35:28,552 [INFO] ThirdParty:1030 - CMSIS Pack Vendor :STMicroelectronics X-CUBE-AZRTOS-G4 1.0.0
2023-10-16 14:35:28,552 [INFO] ThirdParty:1030 - CMSIS Pack Vendor :wolfSSL I-CUBE-wolfSSL 5.3.0
2023-10-16 14:35:28,552 [INFO] ThirdParty:1030 - CMSIS Pack Vendor :STMicroelectronics X-CUBE-AZRTOS-L4 1.0.0
2023-10-16 14:35:28,552 [INFO] ThirdParty:1030 - CMSIS Pack Vendor :STMicroelectronics MBEDTLS 2.16.2
2023-10-16 14:35:28,552 [INFO] ThirdParty:1030 - CMSIS Pack Vendor :emotas I-CUBE-CANOPEN 1.1.2
2023-10-16 14:35:28,552 [INFO] ThirdParty:1030 - CMSIS Pack Vendor :STMicroelectronics X-CUBE-TOUCHGFX 4.20.0
2023-10-16 14:35:28,552 [INFO] ThirdParty:1030 - CMSIS Pack Vendor :STMicroelectronics X-CUBE-FREERTOS 1.1.0
2023-10-16 14:35:28,552 [INFO] ThirdParty:1030 - CMSIS Pack Vendor :STMicroelectronics X-CUBE-AZRTOS-F7 1.0.0
2023-10-16 14:35:28,552 [INFO] ThirdParty:1030 - CMSIS Pack Vendor :STMicroelectronics X-CUBE-AZRTOS-WL 1.0.0
2023-10-16 14:35:28,552 [INFO] ThirdParty:1030 - CMSIS Pack Vendor :portGmbH I-Cube-SoM-uGOAL 1.1.0
2023-10-16 14:35:28,552 [INFO] ThirdParty:1030 - CMSIS Pack Vendor :STMicroelectronics X-CUBE-ALS 1.0.1
2023-10-16 14:35:28,552 [INFO] ThirdParty:1030 - CMSIS Pack Vendor :STMicroelectronics X-CUBE-MEMS1 9.5.0
2023-10-16 14:35:28,552 [INFO] ThirdParty:1030 - CMSIS Pack Vendor :STMicroelectronics ThreadX 1.0.0
2023-10-16 14:35:28,552 [INFO] ThirdParty:1030 - CMSIS Pack Vendor :STMicroelectronics X-CUBE-AZRTOS-WB 1.1.0
2023-10-16 14:35:28,552 [INFO] ThirdParty:1030 - CMSIS Pack Vendor :SEGGER I-CUBE-embOS 1.3.1
2023-10-16 14:35:28,552 [INFO] ThirdParty:1030 - CMSIS Pack Vendor :STMicroelectronics X-CUBE-AZRTOS-L5 1.0.0
2023-10-16 14:35:28,552 [INFO] ThirdParty:1030 - CMSIS Pack Vendor :STMicroelectronics X-CUBE-EEPRMA1 3.1.1
2023-10-16 14:35:28,552 [INFO] ThirdParty:1030 - CMSIS Pack Vendor :STMicroelectronics X-CUBE-GNSS1 5.2.0
2023-10-16 14:35:28,552 [INFO] ThirdParty:1030 - CMSIS Pack Vendor :STMicroelectronics FP-ATR-ASTRA1 2.0.0
2023-10-16 14:35:28,552 [INFO] ThirdParty:1030 - CMSIS Pack Vendor :STMicroelectronics X-CUBE-TOF1 3.0.0
2023-10-16 14:35:28,552 [INFO] ThirdParty:841 - exiting critical section [change project]
2023-10-16 14:35:28,686 [INFO] PinOutPanel:1499 - setPackage(No Configuration,No Configuration)
2023-10-16 14:35:28,687 [INFO] PinOutPanel:1499 - setPackage(STM32F103ZETx,LQFP144)
2023-10-16 14:35:28,898 [INFO] UtilMem:75 - Before build in PCC Used Memory: 711689864 Bytes (1073741824)
2023-10-16 14:35:29,024 [INFO] UtilMem:75 - After build in PCC Used Memory: 754681592 Bytes (1073741824)
2023-10-16 14:35:29,037 [INFO] IPUIPlugin:80 - create IPUIPlugin
2023-10-16 14:35:29,037 [INFO] IPUIPlugin:80 - create IPUIPlugin
2023-10-16 14:35:29,037 [INFO] IPUIPlugin:80 - create IPUIPlugin
2023-10-16 14:35:29,037 [INFO] IPUIPlugin:80 - create IPUIPlugin
2023-10-16 14:35:29,037 [INFO] IPUIPlugin:80 - create IPUIPlugin
2023-10-16 14:35:29,037 [INFO] IPUIPlugin:80 - create IPUIPlugin
2023-10-16 14:35:29,037 [INFO] IPUIPlugin:80 - create IPUIPlugin
2023-10-16 14:35:29,037 [INFO] IPUIPlugin:80 - create IPUIPlugin
2023-10-16 14:35:29,037 [INFO] IPUIPlugin:80 - create IPUIPlugin
2023-10-16 14:35:29,038 [INFO] IPUIPlugin:80 - create IPUIPlugin
2023-10-16 14:35:29,038 [INFO] IPUIPlugin:80 - create IPUIPlugin
2023-10-16 14:35:29,038 [INFO] IPUIPlugin:80 - create IPUIPlugin
2023-10-16 14:35:29,038 [INFO] IPUIPlugin:80 - create IPUIPlugin
2023-10-16 14:35:29,038 [INFO] IPUIPlugin:80 - create IPUIPlugin
2023-10-16 14:35:29,038 [INFO] IPUIPlugin:80 - create IPUIPlugin
2023-10-16 14:35:29,038 [INFO] IPUIPlugin:80 - create IPUIPlugin
2023-10-16 14:35:29,038 [INFO] IPUIPlugin:80 - create IPUIPlugin
2023-10-16 14:35:29,038 [INFO] IPUIPlugin:80 - create IPUIPlugin
2023-10-16 14:35:29,038 [INFO] IPUIPlugin:80 - create IPUIPlugin
2023-10-16 14:35:29,038 [INFO] IPUIPlugin:80 - create IPUIPlugin
2023-10-16 14:35:29,038 [INFO] IPUIPlugin:80 - create IPUIPlugin
2023-10-16 14:35:29,038 [INFO] IPUIPlugin:80 - create IPUIPlugin
2023-10-16 14:35:29,038 [INFO] IPUIPlugin:80 - create IPUIPlugin
2023-10-16 14:35:29,039 [INFO] IPUIPlugin:80 - create IPUIPlugin
2023-10-16 14:35:29,039 [INFO] IPUIPlugin:80 - create IPUIPlugin
2023-10-16 14:35:29,039 [INFO] IPUIPlugin:80 - create IPUIPlugin
2023-10-16 14:35:29,039 [INFO] IPUIPlugin:80 - create IPUIPlugin
2023-10-16 14:35:29,039 [INFO] IPUIPlugin:80 - create IPUIPlugin
2023-10-16 14:35:29,039 [INFO] IPUIPlugin:80 - create IPUIPlugin
2023-10-16 14:35:29,039 [INFO] IPUIPlugin:80 - create IPUIPlugin
2023-10-16 14:35:29,039 [INFO] IPUIPlugin:80 - create IPUIPlugin
2023-10-16 14:35:29,039 [INFO] IPUIPlugin:80 - create IPUIPlugin
2023-10-16 14:35:29,039 [INFO] IPUIPlugin:80 - create IPUIPlugin
2023-10-16 14:35:29,040 [INFO] IPUIPlugin:80 - create IPUIPlugin
2023-10-16 14:35:29,040 [INFO] IPUIPlugin:80 - create IPUIPlugin
2023-10-16 14:35:29,040 [INFO] IPUIPlugin:80 - create IPUIPlugin
2023-10-16 14:35:29,040 [INFO] IPUIPlugin:80 - create IPUIPlugin
2023-10-16 14:35:29,040 [INFO] IPUIPlugin:80 - create IPUIPlugin
2023-10-16 14:35:29,040 [INFO] IPUIPlugin:80 - create IPUIPlugin
2023-10-16 14:35:29,040 [INFO] IPUIPlugin:80 - create IPUIPlugin
2023-10-16 14:35:29,084 [INFO] CADModel:165 - CPN selected for project levelSTM32F103ZET6
2023-10-16 14:35:29,084 [INFO] CADModel:114 - Register for checkConnection events
2023-10-16 14:35:29,159 [INFO] OpenFileManager:328 - Restore cursor
2023-10-16 14:35:44,009 [INFO] NvicIntPanel:101 - NVIC parent = com.st.microxplorer.plugins.ip.nvic.MultiNvicIntPanel[,0,0,0x0,invalid,layout=javax.swing.BoxLayout,alignmentX=0.0,alignmentY=0.0,border=,flags=9,maximumSize=,minimumSize=,preferredSize=]
2023-10-16 17:35:28,963 [INFO] MainUpdater:2868 - connection check result : 10
2023-10-16 17:35:28,963 [INFO] MainUpdater:2868 - connection check result : 10
2023-10-16 17:35:29,347 [INFO] MicroXplorer:468 - Change Database Path : 
2023-10-16 17:35:29,348 [INFO] MicroXplorer:498 - Change Database Version : DB.6.0.91
2023-10-16 17:35:29,370 [WARN] ThirdParty:871 - waiting for thirdparty lock release [close project]
2023-10-16 17:35:29,370 [INFO] ThirdParty:873 - entering critical section [close project]
2023-10-16 17:35:29,370 [INFO] ThirdParty:883 - exiting critical section [close project]
2023-10-16 17:35:29,371 [INFO] PinOutPanel:1499 - setPackage(No Configuration,No Configuration)
2023-10-16 17:35:29,374 [INFO] UtilMem:75 - Begin LoadConfig() Used Memory: 555191928 Bytes (1073741824)
2023-10-16 17:35:29,374 [INFO] MicroXplorer:468 - Change Database Path : 
2023-10-16 17:35:29,374 [INFO] MicroXplorer:498 - Change Database Version : DB.6.0.91
2023-10-16 17:35:29,374 [INFO] OpenFileManager:308 - Change cursor
2023-10-16 17:35:29,381 [INFO] Mcu:1946 - Initializing MCU STM32F103Z(C-D-E)Tx STM32F103ZETx STM32F103ZET6
2023-10-16 17:35:30,257 [INFO] Context:659 - Trying to add GPIOservice into a context  which must be forbidden
2023-10-16 17:35:30,519 [INFO] RtosManager:555 - Registered RTOS mode: class=CMSIS, group=RTOS, mode=CMSIS_V1, owner=FREERTOS
2023-10-16 17:35:30,519 [INFO] RtosManager:555 - Registered RTOS mode: class=CMSIS, group=RTOS2, mode=CMSIS_V2, owner=FREERTOS
2023-10-16 17:35:30,519 [INFO] RtosManager:555 - Registered RTOS mode: class=RTOS, group=Core, mode=CMSIS_V1, owner=FREERTOS
2023-10-16 17:35:30,519 [INFO] RtosManager:555 - Registered RTOS mode: class=RTOS, group=Core, mode=CMSIS_V2, owner=FREERTOS
2023-10-16 17:35:30,519 [WARN] ModelIntegratedComponent:184 - Missing modes for component STMicroelectronics:FreeRTOS:0.0.1:STMicroelectronics:RTOS:FreeRTOS:Core:::10.2.0:
2023-10-16 17:35:30,522 [WARN] ModelIntegratedComponent:63 - No mode defined for component null
2023-10-16 17:35:30,522 [WARN] ModelIntegratedComponent:63 - No mode defined for component null
2023-10-16 17:35:30,523 [WARN] ModelIntegratedComponent:63 - No mode defined for component null
2023-10-16 17:35:30,523 [WARN] ModelIntegratedComponent:63 - No mode defined for component null
2023-10-16 17:35:30,523 [WARN] ModelIntegratedComponent:63 - No mode defined for component null
2023-10-16 17:35:30,523 [WARN] ModelIntegratedComponent:63 - No mode defined for component null
2023-10-16 17:35:30,523 [WARN] ModelIntegratedComponent:63 - No mode defined for component null
2023-10-16 17:35:30,523 [WARN] ModelIntegratedComponent:63 - No mode defined for component null
2023-10-16 17:35:30,523 [WARN] ModelIntegratedComponent:63 - No mode defined for component null
2023-10-16 17:35:30,523 [WARN] ModelIntegratedComponent:63 - No mode defined for component null
2023-10-16 17:35:30,523 [WARN] ModelIntegratedComponent:63 - No mode defined for component null
2023-10-16 17:35:30,523 [WARN] ModelIntegratedComponent:63 - No mode defined for component null
2023-10-16 17:35:30,523 [WARN] ModelIntegratedComponent:63 - No mode defined for component null
2023-10-16 17:35:30,523 [WARN] ModelIntegratedComponent:63 - No mode defined for component null
2023-10-16 17:35:30,523 [WARN] ModelIntegratedComponent:63 - No mode defined for component null
2023-10-16 17:35:30,523 [WARN] ModelIntegratedComponent:63 - No mode defined for component null
2023-10-16 17:35:30,523 [WARN] ModelIntegratedComponent:63 - No mode defined for component null
2023-10-16 17:35:30,523 [WARN] ModelIntegratedComponent:63 - No mode defined for component null
2023-10-16 17:35:30,523 [WARN] ModelIntegratedComponent:63 - No mode defined for component null
2023-10-16 17:35:30,523 [WARN] ModelIntegratedComponent:63 - No mode defined for component null
2023-10-16 17:35:30,523 [WARN] ModelIntegratedComponent:63 - No mode defined for component null
2023-10-16 17:35:30,523 [WARN] ModelIntegratedComponent:63 - No mode defined for component null
2023-10-16 17:35:30,523 [WARN] ModelIntegratedComponent:63 - No mode defined for component null
2023-10-16 17:35:30,523 [WARN] ModelIntegratedComponent:63 - No mode defined for component null
2023-10-16 17:35:30,523 [WARN] ModelIntegratedComponent:63 - No mode defined for component null
2023-10-16 17:35:30,523 [WARN] ModelIntegratedComponent:63 - No mode defined for component null
2023-10-16 17:35:30,523 [WARN] ModelIntegratedComponent:63 - No mode defined for component null
2023-10-16 17:35:30,523 [WARN] ModelIntegratedComponent:63 - No mode defined for component null
2023-10-16 17:35:30,523 [WARN] ModelIntegratedComponent:63 - No mode defined for component null
2023-10-16 17:35:30,523 [WARN] ModelIntegratedComponent:63 - No mode defined for component null
2023-10-16 17:35:30,523 [WARN] ModelIntegratedComponent:63 - No mode defined for component null
2023-10-16 17:35:30,523 [WARN] ModelIntegratedComponent:63 - No mode defined for component null
2023-10-16 17:35:30,523 [WARN] ModelIntegratedComponent:63 - No mode defined for component null
2023-10-16 17:35:30,696 [INFO] ThirdPartyModel:298 - Start build external matchings
2023-10-16 17:35:32,735 [INFO] ThirdPartyModel:316 - End build external matchings
2023-10-16 17:35:32,766 [INFO] ImportTextPane:194 - (OptionalMessage_ERROR) IP (RCC) : Parameter (ADCFreqValue) has invalid value (36000000)
2023-10-16 17:35:32,767 [INFO] ImportTextPane:194 - (OptionalMessage_ERROR) IP (RCC) : Invalid parameter (FamilyName)
2023-10-16 17:35:32,767 [INFO] ImportTextPane:194 - (OptionalMessage_ERROR) IP (RCC) : Parameter (MCOFreq_Value) has invalid value (72000000)
2023-10-16 17:35:32,767 [INFO] ImportTextPane:194 - (OptionalMessage_ERROR) IP (RCC) : Parameter (USBFreq_Value) has invalid value (72000000)
2023-10-16 17:35:33,087 [INFO] UtilMem:75 - End LoadConfig() Used Memory: 814669664 Bytes (1073741824)
2023-10-16 17:35:33,171 [WARN] ThirdParty:833 - waiting for thirdparty lock release [change project]
2023-10-16 17:35:33,172 [INFO] ThirdParty:835 - entering critical section [change project]
2023-10-16 17:35:33,172 [INFO] ThirdParty:1030 - CMSIS Pack Vendor :STMicroelectronics USBPD 4.1
2023-10-16 17:35:33,172 [INFO] ThirdParty:1030 - CMSIS Pack Vendor :STMicroelectronics X-CUBE-GNSS1 6.0.0
2023-10-16 17:35:33,172 [INFO] ThirdParty:1030 - CMSIS Pack Vendor :STMicroelectronics USB_HOST 2.0.0
2023-10-16 17:35:33,172 [INFO] ThirdParty:1030 - CMSIS Pack Vendor :STMicroelectronics X-CUBE-AZRTOS-F4 1.1.0
2023-10-16 17:35:33,172 [INFO] ThirdParty:1030 - CMSIS Pack Vendor :STMicroelectronics LIBJPEG 8.0.0
2023-10-16 17:35:33,172 [INFO] ThirdParty:1030 - CMSIS Pack Vendor :wolfSSL I-CUBE-wolfSSL 5.6.3
2023-10-16 17:35:33,172 [INFO] ThirdParty:1030 - CMSIS Pack Vendor :STMicroelectronics X-CUBE-SMBUS 2.1.0
2023-10-16 17:35:33,172 [INFO] ThirdParty:1030 - CMSIS Pack Vendor :wolfSSL I-CUBE-wolfSSL 5.6.0
2023-10-16 17:35:33,172 [INFO] ThirdParty:1030 - CMSIS Pack Vendor :STMicroelectronics X-CUBE-MEMS1 9.2.0
2023-10-16 17:35:33,172 [INFO] ThirdParty:1030 - CMSIS Pack Vendor :STMicroelectronics X-CUBE-BLEMGR 1.2.0
2023-10-16 17:35:33,172 [INFO] ThirdParty:1030 - CMSIS Pack Vendor :STMicroelectronics X-CUBE-AZRTOS-F7 1.1.0
2023-10-16 17:35:33,172 [INFO] ThirdParty:1030 - CMSIS Pack Vendor :STMicroelectronics X-CUBE-AZRTOS-L5 2.0.0
2023-10-16 17:35:33,172 [INFO] ThirdParty:1030 - CMSIS Pack Vendor :STMicroelectronics USB_DEVICE 2.0.0
2023-10-16 17:35:33,172 [INFO] ThirdParty:1030 - CMSIS Pack Vendor :STMicroelectronics X-CUBE-MEMS1 9.6.0
2023-10-16 17:35:33,172 [INFO] ThirdParty:1030 - CMSIS Pack Vendor :ITTIA_DB I-CUBE-ITTIADB 8.8.0
2023-10-16 17:35:33,172 [INFO] ThirdParty:1030 - CMSIS Pack Vendor :STMicroelectronics X-CUBE-AI 7.1.0
2023-10-16 17:35:33,172 [INFO] ThirdParty:1030 - CMSIS Pack Vendor :STMicroelectronics X-CUBE-TOUCHGFX 4.19.1
2023-10-16 17:35:33,172 [INFO] ThirdParty:1030 - CMSIS Pack Vendor :STMicroelectronics FP-SNS-MOTENV1 4.3.2
2023-10-16 17:35:33,172 [INFO] ThirdParty:1030 - CMSIS Pack Vendor :STMicroelectronics X-CUBE-BLE1 6.2.3
2023-10-16 17:35:33,172 [INFO] ThirdParty:1030 - CMSIS Pack Vendor :STMicroelectronics X-CUBE-BLE1 6.2.4
2023-10-16 17:35:33,172 [INFO] ThirdParty:1030 - CMSIS Pack Vendor :STMicroelectronics FreeRTOS 0.0.1
2023-10-16 17:35:33,172 [INFO] ThirdParty:1030 - CMSIS Pack Vendor :STMicroelectronics X-CUBE-BLEMGR 2.0.0
2023-10-16 17:35:33,172 [INFO] ThirdParty:1030 - CMSIS Pack Vendor :STMicroelectronics FP-SNS-FLIGHT1 5.0.2
2023-10-16 17:35:33,172 [INFO] ThirdParty:1030 - CMSIS Pack Vendor :STMicroelectronics X-CUBE-NFC4 2.0.5
2023-10-16 17:35:33,172 [INFO] ThirdParty:1030 - CMSIS Pack Vendor :STMicroelectronics X-CUBE-BLE2 3.2.2
2023-10-16 17:35:33,172 [INFO] ThirdParty:1030 - CMSIS Pack Vendor :STMicroelectronics X-CUBE-NFC4 2.0.4
2023-10-16 17:35:33,172 [INFO] ThirdParty:1030 - CMSIS Pack Vendor :STMicroelectronics X-CUBE-AZRTOS-H7 3.1.0
2023-10-16 17:35:33,172 [INFO] ThirdParty:1030 - CMSIS Pack Vendor :STMicroelectronics PDM2PCM 3.3.0
2023-10-16 17:35:33,172 [INFO] ThirdParty:1030 - CMSIS Pack Vendor :STMicroelectronics X-CUBE-TOF1 3.1.0
2023-10-16 17:35:33,172 [INFO] ThirdParty:1030 - CMSIS Pack Vendor :STMicroelectronics X-CUBE-SFXS2LP1 3.1.0
2023-10-16 17:35:33,172 [INFO] ThirdParty:1030 - CMSIS Pack Vendor :STMicroelectronics X-CUBE-DISPLAY 3.0.0
2023-10-16 17:35:33,172 [INFO] ThirdParty:1030 - CMSIS Pack Vendor :STMicroelectronics X-CUBE-AZRTOS-F4 1.0.0
2023-10-16 17:35:33,172 [INFO] ThirdParty:1030 - CMSIS Pack Vendor :STMicroelectronics X-CUBE-BLE1 7.0.0
2023-10-16 17:35:33,172 [INFO] ThirdParty:1030 - CMSIS Pack Vendor :STMicroelectronics HAL Drivers 0.0.0
2023-10-16 17:35:33,172 [INFO] ThirdParty:1030 - CMSIS Pack Vendor :emotas I-CUBE-CANOPEN 1.3.0
2023-10-16 17:35:33,172 [INFO] ThirdParty:1030 - CMSIS Pack Vendor :STMicroelectronics X-CUBE-TOUCHGFX 4.22.0
2023-10-16 17:35:33,172 [INFO] ThirdParty:1030 - CMSIS Pack Vendor :STMicroelectronics X-CUBE-NFC7 1.0.1
2023-10-16 17:35:33,172 [INFO] ThirdParty:1030 - CMSIS Pack Vendor :STMicroelectronics MBEDTLS 2.14.1
2023-10-16 17:35:33,172 [INFO] ThirdParty:1030 - CMSIS Pack Vendor :STMicroelectronics X-CUBE-NFC7 1.0.0
2023-10-16 17:35:33,172 [INFO] ThirdParty:1030 - CMSIS Pack Vendor :STMicroelectronics X-CUBE-TOUCHGFX 4.22.1
2023-10-16 17:35:33,172 [INFO] ThirdParty:1030 - CMSIS Pack Vendor :STMicroelectronics X-CUBE-NFC6 3.0.0
2023-10-16 17:35:33,172 [INFO] ThirdParty:1030 - CMSIS Pack Vendor :STMicroelectronics X-CUBE-MEMS1 9.3.0
2023-10-16 17:35:33,172 [INFO] ThirdParty:1030 - CMSIS Pack Vendor :STMicroelectronics X-CUBE-EEPRMA1 4.1.0
2023-10-16 17:35:33,172 [INFO] ThirdParty:1030 - CMSIS Pack Vendor :STMicroelectronics X-CUBE-AI 7.2.0
2023-10-16 17:35:33,172 [INFO] ThirdParty:1030 - CMSIS Pack Vendor :STMicroelectronics FP-SNS-SMARTAG2 1.2.0
2023-10-16 17:35:33,172 [INFO] ThirdParty:1030 - CMSIS Pack Vendor :STMicroelectronics X-CUBE-AZRTOS-WL 2.0.0
2023-10-16 17:35:33,172 [INFO] ThirdParty:1030 - CMSIS Pack Vendor :STMicroelectronics USB_DEVICE 1.0.0
2023-10-16 17:35:33,172 [INFO] ThirdParty:1030 - CMSIS Pack Vendor :STMicroelectronics X-CUBE-AI 8.1.0
2023-10-16 17:35:33,172 [INFO] ThirdParty:1030 - CMSIS Pack Vendor :STMicroelectronics X-CUBE-AZRTOS-G0 1.0.0
2023-10-16 17:35:33,172 [INFO] ThirdParty:1030 - CMSIS Pack Vendor :STMicroelectronics X-CUBE-AZRTOS-L4 2.0.0
2023-10-16 17:35:33,172 [INFO] ThirdParty:1030 - CMSIS Pack Vendor :STMicroelectronics ThreadX 0.0.2
2023-10-16 17:35:33,172 [INFO] ThirdParty:1030 - CMSIS Pack Vendor :WES I-CUBE-Cesium 1.3.0
2023-10-16 17:35:33,172 [INFO] ThirdParty:1030 - CMSIS Pack Vendor :STMicroelectronics lwIP 2.1.2
2023-10-16 17:35:33,172 [INFO] ThirdParty:1030 - CMSIS Pack Vendor :STMicroelectronics X-CUBE-SFXS2LP1 4.0.0
2023-10-16 17:35:33,172 [INFO] ThirdParty:1030 - CMSIS Pack Vendor :STMicroelectronics X-CUBE-BLE2 3.3.0
2023-10-16 17:35:33,172 [INFO] ThirdParty:1030 - CMSIS Pack Vendor :STMicroelectronics X-CUBE-DISPLAY 2.2.0
2023-10-16 17:35:33,172 [INFO] ThirdParty:1030 - CMSIS Pack Vendor :STMicroelectronics X-CUBE-TOF1 3.2.0
2023-10-16 17:35:33,173 [INFO] ThirdParty:1030 - CMSIS Pack Vendor :STMicroelectronics PDM2PCM 3.2.0
2023-10-16 17:35:33,173 [INFO] ThirdParty:1030 - CMSIS Pack Vendor :STMicroelectronics X-CUBE-AZRTOS-H7 3.0.0
2023-10-16 17:35:33,173 [INFO] ThirdParty:1030 - CMSIS Pack Vendor :STMicroelectronics X-CUBE-ISPU 1.0.0
2023-10-16 17:35:33,173 [INFO] ThirdParty:1030 - CMSIS Pack Vendor :STMicroelectronics X-CUBE-ISPU 1.1.0
2023-10-16 17:35:33,173 [INFO] ThirdParty:1030 - CMSIS Pack Vendor :RoweBots I-CUBE-UNISONRTOS 5.5.0-4
2023-10-16 17:35:33,173 [INFO] ThirdParty:1030 - CMSIS Pack Vendor :STMicroelectronics X-CUBE-AZRTOS-H7 2.1.0
2023-10-16 17:35:33,173 [INFO] ThirdParty:1030 - CMSIS Pack Vendor :STMicroelectronics USB_DEVICE 3.0.0
2023-10-16 17:35:33,173 [INFO] ThirdParty:1030 - CMSIS Pack Vendor :STMicroelectronics X-CUBE-AI 8.0.0
2023-10-16 17:35:33,173 [INFO] ThirdParty:1030 - CMSIS Pack Vendor :STMicroelectronics X-CUBE-AZRTOS-WB 2.0.0
2023-10-16 17:35:33,173 [INFO] ThirdParty:1030 - CMSIS Pack Vendor :STMicroelectronics X-CUBE-FREERTOS 1.0.1
2023-10-16 17:35:33,173 [INFO] ThirdParty:1030 - CMSIS Pack Vendor :STMicroelectronics X-CUBE-TOUCHGFX 4.21.1
2023-10-16 17:35:33,173 [INFO] ThirdParty:1030 - CMSIS Pack Vendor :STMicroelectronics X-CUBE-TOUCHGFX 4.21.0
2023-10-16 17:35:33,173 [INFO] ThirdParty:1030 - CMSIS Pack Vendor :STMicroelectronics X-CUBE-TOUCHGFX 4.21.3
2023-10-16 17:35:33,173 [INFO] ThirdParty:1030 - CMSIS Pack Vendor :STMicroelectronics X-CUBE-TOUCHGFX 4.21.4
2023-10-16 17:35:33,173 [INFO] ThirdParty:1030 - CMSIS Pack Vendor :STMicroelectronics X-CUBE-MEMS1 9.4.0
2023-10-16 17:35:33,173 [INFO] ThirdParty:1030 - CMSIS Pack Vendor :STMicroelectronics X-CUBE-AI 7.3.0
2023-10-16 17:35:33,173 [INFO] ThirdParty:1030 - CMSIS Pack Vendor :STMicroelectronics X-CUBE-ALGOBUILD 1.3.0
2023-10-16 17:35:33,173 [INFO] ThirdParty:1030 - CMSIS Pack Vendor :STMicroelectronics X-CUBE-AZRTOS-L5 1.1.0
2023-10-16 17:35:33,173 [INFO] ThirdParty:1030 - CMSIS Pack Vendor :STMicroelectronics X-CUBE-AZRTOS-G0 1.1.0
2023-10-16 17:35:33,173 [INFO] ThirdParty:1030 - CMSIS Pack Vendor :STMicroelectronics X-CUBE-AI 8.0.1
2023-10-16 17:35:33,173 [INFO] ThirdParty:1030 - CMSIS Pack Vendor :STMicroelectronics X-CUBE-NFC4 3.0.0
2023-10-16 17:35:33,173 [INFO] ThirdParty:1030 - CMSIS Pack Vendor :SEGGER I-CUBE-embOS 1.2.0
2023-10-16 17:35:33,173 [INFO] ThirdParty:1030 - CMSIS Pack Vendor :STMicroelectronics X-CUBE-SUBG2 5.0.0
2023-10-16 17:35:33,173 [INFO] ThirdParty:1030 - CMSIS Pack Vendor :STMicroelectronics STM32_WPAN 1.0.0
2023-10-16 17:35:33,173 [INFO] ThirdParty:1030 - CMSIS Pack Vendor :STMicroelectronics lwIP 2.0.3
2023-10-16 17:35:33,173 [INFO] ThirdParty:1030 - CMSIS Pack Vendor :STMicroelectronics USB_HOST 1.0.0
2023-10-16 17:35:33,173 [INFO] ThirdParty:1030 - CMSIS Pack Vendor :STMicroelectronics X-CUBE-TOF1 3.3.1
2023-10-16 17:35:33,173 [INFO] ThirdParty:1030 - CMSIS Pack Vendor :STMicroelectronics X-CUBE-AZRTOS-G4 2.0.0
2023-10-16 17:35:33,173 [INFO] ThirdParty:1030 - CMSIS Pack Vendor :STMicroelectronics PDM2PCM 3.1.0
2023-10-16 17:35:33,173 [INFO] ThirdParty:1030 - CMSIS Pack Vendor :STMicroelectronics X-CUBE-TOF1 3.3.0
2023-10-16 17:35:33,173 [INFO] ThirdParty:1030 - CMSIS Pack Vendor :STMicroelectronics FP-ATR-ASTRA1 1.1.1
2023-10-16 17:35:33,173 [INFO] ThirdParty:1030 - CMSIS Pack Vendor :Infineon AIROC-Wi-Fi-Bluetooth-STM32 1.5.1
2023-10-16 17:35:33,173 [INFO] ThirdParty:1030 - CMSIS Pack Vendor :STMicroelectronics FP-ATR-ASTRA1 1.1.0
2023-10-16 17:35:33,173 [INFO] ThirdParty:1030 - CMSIS Pack Vendor :STMicroelectronics X-CUBE-BLEMGR 1.3.0
2023-10-16 17:35:33,173 [INFO] ThirdParty:1030 - CMSIS Pack Vendor :STMicroelectronics FP-ATR-SIGFOX1 3.2.0
2023-10-16 17:35:33,173 [INFO] ThirdParty:1030 - CMSIS Pack Vendor :STMicroelectronics X-CUBE-AZRTOS-G4 1.0.0
2023-10-16 17:35:33,173 [INFO] ThirdParty:1030 - CMSIS Pack Vendor :wolfSSL I-CUBE-wolfSSL 5.3.0
2023-10-16 17:35:33,173 [INFO] ThirdParty:1030 - CMSIS Pack Vendor :STMicroelectronics X-CUBE-AZRTOS-L4 1.0.0
2023-10-16 17:35:33,173 [INFO] ThirdParty:1030 - CMSIS Pack Vendor :STMicroelectronics MBEDTLS 2.16.2
2023-10-16 17:35:33,173 [INFO] ThirdParty:1030 - CMSIS Pack Vendor :emotas I-CUBE-CANOPEN 1.1.2
2023-10-16 17:35:33,173 [INFO] ThirdParty:1030 - CMSIS Pack Vendor :STMicroelectronics X-CUBE-TOUCHGFX 4.20.0
2023-10-16 17:35:33,173 [INFO] ThirdParty:1030 - CMSIS Pack Vendor :STMicroelectronics X-CUBE-FREERTOS 1.1.0
2023-10-16 17:35:33,173 [INFO] ThirdParty:1030 - CMSIS Pack Vendor :STMicroelectronics X-CUBE-AZRTOS-F7 1.0.0
2023-10-16 17:35:33,173 [INFO] ThirdParty:1030 - CMSIS Pack Vendor :STMicroelectronics X-CUBE-AZRTOS-WL 1.0.0
2023-10-16 17:35:33,173 [INFO] ThirdParty:1030 - CMSIS Pack Vendor :portGmbH I-Cube-SoM-uGOAL 1.1.0
2023-10-16 17:35:33,173 [INFO] ThirdParty:1030 - CMSIS Pack Vendor :STMicroelectronics X-CUBE-ALS 1.0.1
2023-10-16 17:35:33,173 [INFO] ThirdParty:1030 - CMSIS Pack Vendor :STMicroelectronics X-CUBE-MEMS1 9.5.0
2023-10-16 17:35:33,173 [INFO] ThirdParty:1030 - CMSIS Pack Vendor :STMicroelectronics ThreadX 1.0.0
2023-10-16 17:35:33,173 [INFO] ThirdParty:1030 - CMSIS Pack Vendor :STMicroelectronics X-CUBE-AZRTOS-WB 1.1.0
2023-10-16 17:35:33,173 [INFO] ThirdParty:1030 - CMSIS Pack Vendor :SEGGER I-CUBE-embOS 1.3.1
2023-10-16 17:35:33,173 [INFO] ThirdParty:1030 - CMSIS Pack Vendor :STMicroelectronics X-CUBE-AZRTOS-L5 1.0.0
2023-10-16 17:35:33,173 [INFO] ThirdParty:1030 - CMSIS Pack Vendor :STMicroelectronics X-CUBE-EEPRMA1 3.1.1
2023-10-16 17:35:33,173 [INFO] ThirdParty:1030 - CMSIS Pack Vendor :STMicroelectronics X-CUBE-GNSS1 5.2.0
2023-10-16 17:35:33,173 [INFO] ThirdParty:1030 - CMSIS Pack Vendor :STMicroelectronics FP-ATR-ASTRA1 2.0.0
2023-10-16 17:35:33,173 [INFO] ThirdParty:1030 - CMSIS Pack Vendor :STMicroelectronics X-CUBE-TOF1 3.0.0
2023-10-16 17:35:33,173 [INFO] ThirdParty:841 - exiting critical section [change project]
2023-10-16 17:35:33,306 [INFO] PinOutPanel:1499 - setPackage(No Configuration,No Configuration)
2023-10-16 17:35:33,306 [INFO] PinOutPanel:1499 - setPackage(STM32F103ZETx,LQFP144)
2023-10-16 17:35:33,535 [INFO] UtilMem:75 - Before build in PCC Used Memory: 720009144 Bytes (1073741824)
2023-10-16 17:35:33,686 [INFO] UtilMem:75 - After build in PCC Used Memory: 763000760 Bytes (1073741824)
2023-10-16 17:35:33,704 [INFO] IPUIPlugin:80 - create IPUIPlugin
2023-10-16 17:35:33,704 [INFO] IPUIPlugin:80 - create IPUIPlugin
2023-10-16 17:35:33,704 [INFO] IPUIPlugin:80 - create IPUIPlugin
2023-10-16 17:35:33,704 [INFO] IPUIPlugin:80 - create IPUIPlugin
2023-10-16 17:35:33,705 [INFO] IPUIPlugin:80 - create IPUIPlugin
2023-10-16 17:35:33,705 [INFO] IPUIPlugin:80 - create IPUIPlugin
2023-10-16 17:35:33,705 [INFO] IPUIPlugin:80 - create IPUIPlugin
2023-10-16 17:35:33,705 [INFO] IPUIPlugin:80 - create IPUIPlugin
2023-10-16 17:35:33,705 [INFO] IPUIPlugin:80 - create IPUIPlugin
2023-10-16 17:35:33,705 [INFO] IPUIPlugin:80 - create IPUIPlugin
2023-10-16 17:35:33,705 [INFO] IPUIPlugin:80 - create IPUIPlugin
2023-10-16 17:35:33,705 [INFO] IPUIPlugin:80 - create IPUIPlugin
2023-10-16 17:35:33,705 [INFO] IPUIPlugin:80 - create IPUIPlugin
2023-10-16 17:35:33,705 [INFO] IPUIPlugin:80 - create IPUIPlugin
2023-10-16 17:35:33,705 [INFO] IPUIPlugin:80 - create IPUIPlugin
2023-10-16 17:35:33,705 [INFO] IPUIPlugin:80 - create IPUIPlugin
2023-10-16 17:35:33,705 [INFO] IPUIPlugin:80 - create IPUIPlugin
2023-10-16 17:35:33,705 [INFO] IPUIPlugin:80 - create IPUIPlugin
2023-10-16 17:35:33,706 [INFO] IPUIPlugin:80 - create IPUIPlugin
2023-10-16 17:35:33,706 [INFO] IPUIPlugin:80 - create IPUIPlugin
2023-10-16 17:35:33,706 [INFO] IPUIPlugin:80 - create IPUIPlugin
2023-10-16 17:35:33,706 [INFO] IPUIPlugin:80 - create IPUIPlugin
2023-10-16 17:35:33,706 [INFO] IPUIPlugin:80 - create IPUIPlugin
2023-10-16 17:35:33,706 [INFO] IPUIPlugin:80 - create IPUIPlugin
2023-10-16 17:35:33,706 [INFO] IPUIPlugin:80 - create IPUIPlugin
2023-10-16 17:35:33,706 [INFO] IPUIPlugin:80 - create IPUIPlugin
2023-10-16 17:35:33,706 [INFO] IPUIPlugin:80 - create IPUIPlugin
2023-10-16 17:35:33,706 [INFO] IPUIPlugin:80 - create IPUIPlugin
2023-10-16 17:35:33,706 [INFO] IPUIPlugin:80 - create IPUIPlugin
2023-10-16 17:35:33,707 [INFO] IPUIPlugin:80 - create IPUIPlugin
2023-10-16 17:35:33,707 [INFO] IPUIPlugin:80 - create IPUIPlugin
2023-10-16 17:35:33,707 [INFO] IPUIPlugin:80 - create IPUIPlugin
2023-10-16 17:35:33,707 [INFO] IPUIPlugin:80 - create IPUIPlugin
2023-10-16 17:35:33,707 [INFO] IPUIPlugin:80 - create IPUIPlugin
2023-10-16 17:35:33,707 [INFO] IPUIPlugin:80 - create IPUIPlugin
2023-10-16 17:35:33,707 [INFO] IPUIPlugin:80 - create IPUIPlugin
2023-10-16 17:35:33,707 [INFO] IPUIPlugin:80 - create IPUIPlugin
2023-10-16 17:35:33,708 [INFO] IPUIPlugin:80 - create IPUIPlugin
2023-10-16 17:35:33,708 [INFO] IPUIPlugin:80 - create IPUIPlugin
2023-10-16 17:35:33,708 [INFO] IPUIPlugin:80 - create IPUIPlugin
2023-10-16 17:35:33,769 [INFO] CADModel:165 - CPN selected for project levelSTM32F103ZET6
2023-10-16 17:35:33,769 [INFO] CADModel:114 - Register for checkConnection events
2023-10-16 17:35:33,849 [INFO] OpenFileManager:328 - Restore cursor
2023-10-16 17:54:10,567 [INFO] NvicIntPanel:101 - NVIC parent = com.st.microxplorer.plugins.ip.nvic.MultiNvicIntPanel[,0,0,450x162,layout=javax.swing.BoxLayout,alignmentX=0.0,alignmentY=0.0,border=,flags=9,maximumSize=,minimumSize=,preferredSize=]
2023-10-16 17:54:13,333 [INFO] NvicIntPanel:101 - NVIC parent = com.st.microxplorer.plugins.ip.nvic.MultiNvicIntPanel[,0,0,0x0,invalid,layout=javax.swing.BoxLayout,alignmentX=0.0,alignmentY=0.0,border=,flags=9,maximumSize=,minimumSize=,preferredSize=]
