2023-10-30 11:41:01,354 [INFO] MainUpdater:2868 - connection check result : 10
2023-10-30 11:41:01,427 [INFO] MainUpdater:2868 - connection check result : 10
2023-10-30 11:41:01,933 [INFO] MicroXplorer:468 - Change Database Path : 
2023-10-30 11:41:01,933 [INFO] MicroXplorer:498 - Change Database Version : DB.6.0.91
2023-10-30 11:41:01,989 [WARN] ThirdParty:871 - waiting for thirdparty lock release [close project]
2023-10-30 11:41:01,989 [INFO] ThirdParty:873 - entering critical section [close project]
2023-10-30 11:41:01,989 [INFO] ThirdParty:883 - exiting critical section [close project]
2023-10-30 11:41:01,991 [INFO] PinOutPanel:1499 - setPackage(No Configuration,No Configuration)
2023-10-30 11:41:01,995 [INFO] UtilMem:75 - Begin LoadConfig() Used Memory: 681015064 Bytes (984612864)
2023-10-30 11:41:01,996 [INFO] MicroXplorer:468 - Change Database Path : 
2023-10-30 11:41:01,996 [INFO] MicroXplorer:498 - Change Database Version : DB.6.0.91
2023-10-30 11:41:01,996 [INFO] OpenFileManager:308 - Change cursor
2023-10-30 11:41:02,016 [INFO] Mcu:1946 - Initializing MCU STM32F103Z(C-D-E)Tx STM32F103ZETx STM32F103ZET6
2023-10-30 11:41:03,228 [INFO] Context:659 - Trying to add GPIOservice into a context  which must be forbidden
2023-10-30 11:41:03,587 [INFO] RtosManager:555 - Registered RTOS mode: class=CMSIS, group=RTOS, mode=CMSIS_V1, owner=FREERTOS
2023-10-30 11:41:03,587 [INFO] RtosManager:555 - Registered RTOS mode: class=CMSIS, group=RTOS2, mode=CMSIS_V2, owner=FREERTOS
2023-10-30 11:41:03,587 [INFO] RtosManager:555 - Registered RTOS mode: class=RTOS, group=Core, mode=CMSIS_V1, owner=FREERTOS
2023-10-30 11:41:03,587 [INFO] RtosManager:555 - Registered RTOS mode: class=RTOS, group=Core, mode=CMSIS_V2, owner=FREERTOS
2023-10-30 11:41:03,587 [WARN] ModelIntegratedComponent:184 - Missing modes for component STMicroelectronics:FreeRTOS:0.0.1:STMicroelectronics:RTOS:FreeRTOS:Core:::10.2.0:
2023-10-30 11:41:03,592 [WARN] ModelIntegratedComponent:63 - No mode defined for component null
2023-10-30 11:41:03,592 [WARN] ModelIntegratedComponent:63 - No mode defined for component null
2023-10-30 11:41:03,592 [WARN] ModelIntegratedComponent:63 - No mode defined for component null
2023-10-30 11:41:03,592 [WARN] ModelIntegratedComponent:63 - No mode defined for component null
2023-10-30 11:41:03,592 [WARN] ModelIntegratedComponent:63 - No mode defined for component null
2023-10-30 11:41:03,592 [WARN] ModelIntegratedComponent:63 - No mode defined for component null
2023-10-30 11:41:03,592 [WARN] ModelIntegratedComponent:63 - No mode defined for component null
2023-10-30 11:41:03,592 [WARN] ModelIntegratedComponent:63 - No mode defined for component null
2023-10-30 11:41:03,592 [WARN] ModelIntegratedComponent:63 - No mode defined for component null
2023-10-30 11:41:03,592 [WARN] ModelIntegratedComponent:63 - No mode defined for component null
2023-10-30 11:41:03,592 [WARN] ModelIntegratedComponent:63 - No mode defined for component null
2023-10-30 11:41:03,593 [WARN] ModelIntegratedComponent:63 - No mode defined for component null
2023-10-30 11:41:03,593 [WARN] ModelIntegratedComponent:63 - No mode defined for component null
2023-10-30 11:41:03,593 [WARN] ModelIntegratedComponent:63 - No mode defined for component null
2023-10-30 11:41:03,593 [WARN] ModelIntegratedComponent:63 - No mode defined for component null
2023-10-30 11:41:03,593 [WARN] ModelIntegratedComponent:63 - No mode defined for component null
2023-10-30 11:41:03,593 [WARN] ModelIntegratedComponent:63 - No mode defined for component null
2023-10-30 11:41:03,593 [WARN] ModelIntegratedComponent:63 - No mode defined for component null
2023-10-30 11:41:03,593 [WARN] ModelIntegratedComponent:63 - No mode defined for component null
2023-10-30 11:41:03,593 [WARN] ModelIntegratedComponent:63 - No mode defined for component null
2023-10-30 11:41:03,593 [WARN] ModelIntegratedComponent:63 - No mode defined for component null
2023-10-30 11:41:03,593 [WARN] ModelIntegratedComponent:63 - No mode defined for component null
2023-10-30 11:41:03,593 [WARN] ModelIntegratedComponent:63 - No mode defined for component null
2023-10-30 11:41:03,593 [WARN] ModelIntegratedComponent:63 - No mode defined for component null
2023-10-30 11:41:03,593 [WARN] ModelIntegratedComponent:63 - No mode defined for component null
2023-10-30 11:41:03,593 [WARN] ModelIntegratedComponent:63 - No mode defined for component null
2023-10-30 11:41:03,593 [WARN] ModelIntegratedComponent:63 - No mode defined for component null
2023-10-30 11:41:03,593 [WARN] ModelIntegratedComponent:63 - No mode defined for component null
2023-10-30 11:41:03,593 [WARN] ModelIntegratedComponent:63 - No mode defined for component null
2023-10-30 11:41:03,593 [WARN] ModelIntegratedComponent:63 - No mode defined for component null
2023-10-30 11:41:03,593 [WARN] ModelIntegratedComponent:63 - No mode defined for component null
2023-10-30 11:41:03,593 [WARN] ModelIntegratedComponent:63 - No mode defined for component null
2023-10-30 11:41:03,593 [WARN] ModelIntegratedComponent:63 - No mode defined for component null
2023-10-30 11:41:03,857 [INFO] ThirdPartyModel:298 - Start build external matchings
2023-10-30 11:41:06,372 [INFO] ThirdPartyModel:316 - End build external matchings
2023-10-30 11:41:06,406 [INFO] ImportTextPane:194 - (OptionalMessage_ERROR) IP (RCC) : Parameter (ADCFreqValue) has invalid value (36000000)
2023-10-30 11:41:06,406 [INFO] ImportTextPane:194 - (OptionalMessage_ERROR) IP (RCC) : Invalid parameter (FamilyName)
2023-10-30 11:41:06,406 [INFO] ImportTextPane:194 - (OptionalMessage_ERROR) IP (RCC) : Parameter (MCOFreq_Value) has invalid value (72000000)
2023-10-30 11:41:06,407 [INFO] ImportTextPane:194 - (OptionalMessage_ERROR) IP (RCC) : Parameter (USBFreq_Value) has invalid value (72000000)
2023-10-30 11:41:06,701 [INFO] UtilMem:75 - End LoadConfig() Used Memory: 606494968 Bytes (1073741824)
2023-10-30 11:41:06,725 [WARN] ThirdParty:833 - waiting for thirdparty lock release [change project]
2023-10-30 11:41:06,725 [INFO] ThirdParty:835 - entering critical section [change project]
2023-10-30 11:41:06,725 [INFO] ThirdParty:1030 - CMSIS Pack Vendor :STMicroelectronics USBPD 4.1
2023-10-30 11:41:06,725 [INFO] ThirdParty:1030 - CMSIS Pack Vendor :STMicroelectronics X-CUBE-GNSS1 6.0.0
2023-10-30 11:41:06,726 [INFO] ThirdParty:1030 - CMSIS Pack Vendor :STMicroelectronics USB_HOST 2.0.0
2023-10-30 11:41:06,726 [INFO] ThirdParty:1030 - CMSIS Pack Vendor :STMicroelectronics X-CUBE-AZRTOS-F4 1.1.0
2023-10-30 11:41:06,726 [INFO] ThirdParty:1030 - CMSIS Pack Vendor :STMicroelectronics LIBJPEG 8.0.0
2023-10-30 11:41:06,726 [INFO] ThirdParty:1030 - CMSIS Pack Vendor :wolfSSL I-CUBE-wolfSSL 5.6.3
2023-10-30 11:41:06,726 [INFO] ThirdParty:1030 - CMSIS Pack Vendor :STMicroelectronics X-CUBE-SMBUS 2.1.0
2023-10-30 11:41:06,726 [INFO] ThirdParty:1030 - CMSIS Pack Vendor :wolfSSL I-CUBE-wolfSSL 5.6.0
2023-10-30 11:41:06,726 [INFO] ThirdParty:1030 - CMSIS Pack Vendor :STMicroelectronics X-CUBE-MEMS1 9.2.0
2023-10-30 11:41:06,726 [INFO] ThirdParty:1030 - CMSIS Pack Vendor :STMicroelectronics X-CUBE-BLEMGR 1.2.0
2023-10-30 11:41:06,726 [INFO] ThirdParty:1030 - CMSIS Pack Vendor :STMicroelectronics X-CUBE-AZRTOS-F7 1.1.0
2023-10-30 11:41:06,726 [INFO] ThirdParty:1030 - CMSIS Pack Vendor :STMicroelectronics X-CUBE-AZRTOS-L5 2.0.0
2023-10-30 11:41:06,726 [INFO] ThirdParty:1030 - CMSIS Pack Vendor :STMicroelectronics USB_DEVICE 2.0.0
2023-10-30 11:41:06,726 [INFO] ThirdParty:1030 - CMSIS Pack Vendor :STMicroelectronics X-CUBE-MEMS1 9.6.0
2023-10-30 11:41:06,726 [INFO] ThirdParty:1030 - CMSIS Pack Vendor :STMicroelectronics X-CUBE-EEPRMA1 4.2.0
2023-10-30 11:41:06,726 [INFO] ThirdParty:1030 - CMSIS Pack Vendor :ITTIA_DB I-CUBE-ITTIADB 8.8.0
2023-10-30 11:41:06,726 [INFO] ThirdParty:1030 - CMSIS Pack Vendor :STMicroelectronics X-CUBE-AI 7.1.0
2023-10-30 11:41:06,726 [INFO] ThirdParty:1030 - CMSIS Pack Vendor :STMicroelectronics X-CUBE-TOUCHGFX 4.19.1
2023-10-30 11:41:06,726 [INFO] ThirdParty:1030 - CMSIS Pack Vendor :STMicroelectronics FP-SNS-MOTENV1 4.3.2
2023-10-30 11:41:06,726 [INFO] ThirdParty:1030 - CMSIS Pack Vendor :STMicroelectronics X-CUBE-BLE1 6.2.3
2023-10-30 11:41:06,726 [INFO] ThirdParty:1030 - CMSIS Pack Vendor :STMicroelectronics X-CUBE-BLE1 6.2.4
2023-10-30 11:41:06,726 [INFO] ThirdParty:1030 - CMSIS Pack Vendor :STMicroelectronics FreeRTOS 0.0.1
2023-10-30 11:41:06,726 [INFO] ThirdParty:1030 - CMSIS Pack Vendor :STMicroelectronics X-CUBE-BLEMGR 2.0.0
2023-10-30 11:41:06,726 [INFO] ThirdParty:1030 - CMSIS Pack Vendor :STMicroelectronics FP-SNS-FLIGHT1 5.0.2
2023-10-30 11:41:06,726 [INFO] ThirdParty:1030 - CMSIS Pack Vendor :STMicroelectronics X-CUBE-NFC4 2.0.5
2023-10-30 11:41:06,726 [INFO] ThirdParty:1030 - CMSIS Pack Vendor :STMicroelectronics X-CUBE-BLE2 3.2.2
2023-10-30 11:41:06,726 [INFO] ThirdParty:1030 - CMSIS Pack Vendor :STMicroelectronics X-CUBE-NFC4 2.0.4
2023-10-30 11:41:06,726 [INFO] ThirdParty:1030 - CMSIS Pack Vendor :STMicroelectronics X-CUBE-AZRTOS-H7 3.1.0
2023-10-30 11:41:06,726 [INFO] ThirdParty:1030 - CMSIS Pack Vendor :STMicroelectronics PDM2PCM 3.3.0
2023-10-30 11:41:06,726 [INFO] ThirdParty:1030 - CMSIS Pack Vendor :STMicroelectronics X-CUBE-TOF1 3.1.0
2023-10-30 11:41:06,726 [INFO] ThirdParty:1030 - CMSIS Pack Vendor :STMicroelectronics X-CUBE-SFXS2LP1 3.1.0
2023-10-30 11:41:06,726 [INFO] ThirdParty:1030 - CMSIS Pack Vendor :STMicroelectronics X-CUBE-DISPLAY 3.0.0
2023-10-30 11:41:06,726 [INFO] ThirdParty:1030 - CMSIS Pack Vendor :STMicroelectronics X-CUBE-AZRTOS-F4 1.0.0
2023-10-30 11:41:06,726 [INFO] ThirdParty:1030 - CMSIS Pack Vendor :STMicroelectronics X-CUBE-BLE1 7.0.0
2023-10-30 11:41:06,726 [INFO] ThirdParty:1030 - CMSIS Pack Vendor :STMicroelectronics HAL Drivers 0.0.0
2023-10-30 11:41:06,726 [INFO] ThirdParty:1030 - CMSIS Pack Vendor :emotas I-CUBE-CANOPEN 1.3.0
2023-10-30 11:41:06,726 [INFO] ThirdParty:1030 - CMSIS Pack Vendor :STMicroelectronics X-CUBE-TOUCHGFX 4.22.0
2023-10-30 11:41:06,726 [INFO] ThirdParty:1030 - CMSIS Pack Vendor :STMicroelectronics X-CUBE-NFC7 1.0.1
2023-10-30 11:41:06,726 [INFO] ThirdParty:1030 - CMSIS Pack Vendor :STMicroelectronics MBEDTLS 2.14.1
2023-10-30 11:41:06,726 [INFO] ThirdParty:1030 - CMSIS Pack Vendor :STMicroelectronics X-CUBE-NFC7 1.0.0
2023-10-30 11:41:06,726 [INFO] ThirdParty:1030 - CMSIS Pack Vendor :STMicroelectronics X-CUBE-TOUCHGFX 4.22.1
2023-10-30 11:41:06,726 [INFO] ThirdParty:1030 - CMSIS Pack Vendor :STMicroelectronics X-CUBE-NFC6 3.0.0
2023-10-30 11:41:06,726 [INFO] ThirdParty:1030 - CMSIS Pack Vendor :STMicroelectronics X-CUBE-MEMS1 9.3.0
2023-10-30 11:41:06,726 [INFO] ThirdParty:1030 - CMSIS Pack Vendor :STMicroelectronics X-CUBE-EEPRMA1 4.1.0
2023-10-30 11:41:06,726 [INFO] ThirdParty:1030 - CMSIS Pack Vendor :STMicroelectronics X-CUBE-AI 7.2.0
2023-10-30 11:41:06,726 [INFO] ThirdParty:1030 - CMSIS Pack Vendor :STMicroelectronics FP-SNS-SMARTAG2 1.2.0
2023-10-30 11:41:06,726 [INFO] ThirdParty:1030 - CMSIS Pack Vendor :STMicroelectronics X-CUBE-AZRTOS-WL 2.0.0
2023-10-30 11:41:06,726 [INFO] ThirdParty:1030 - CMSIS Pack Vendor :STMicroelectronics USB_DEVICE 1.0.0
2023-10-30 11:41:06,726 [INFO] ThirdParty:1030 - CMSIS Pack Vendor :STMicroelectronics X-CUBE-AI 8.1.0
2023-10-30 11:41:06,726 [INFO] ThirdParty:1030 - CMSIS Pack Vendor :STMicroelectronics X-CUBE-AZRTOS-G0 1.0.0
2023-10-30 11:41:06,726 [INFO] ThirdParty:1030 - CMSIS Pack Vendor :STMicroelectronics X-CUBE-AZRTOS-L4 2.0.0
2023-10-30 11:41:06,726 [INFO] ThirdParty:1030 - CMSIS Pack Vendor :STMicroelectronics ThreadX 0.0.2
2023-10-30 11:41:06,726 [INFO] ThirdParty:1030 - CMSIS Pack Vendor :WES I-CUBE-Cesium 1.3.0
2023-10-30 11:41:06,727 [INFO] ThirdParty:1030 - CMSIS Pack Vendor :STMicroelectronics lwIP 2.1.2
2023-10-30 11:41:06,727 [INFO] ThirdParty:1030 - CMSIS Pack Vendor :STMicroelectronics X-CUBE-SFXS2LP1 4.0.0
2023-10-30 11:41:06,727 [INFO] ThirdParty:1030 - CMSIS Pack Vendor :STMicroelectronics X-CUBE-BLE2 3.3.0
2023-10-30 11:41:06,727 [INFO] ThirdParty:1030 - CMSIS Pack Vendor :STMicroelectronics X-CUBE-DISPLAY 2.2.0
2023-10-30 11:41:06,727 [INFO] ThirdParty:1030 - CMSIS Pack Vendor :STMicroelectronics X-CUBE-TOF1 3.2.0
2023-10-30 11:41:06,727 [INFO] ThirdParty:1030 - CMSIS Pack Vendor :STMicroelectronics PDM2PCM 3.2.0
2023-10-30 11:41:06,727 [INFO] ThirdParty:1030 - CMSIS Pack Vendor :STMicroelectronics X-CUBE-AZRTOS-H7 3.0.0
2023-10-30 11:41:06,727 [INFO] ThirdParty:1030 - CMSIS Pack Vendor :STMicroelectronics X-CUBE-ISPU 1.0.0
2023-10-30 11:41:06,727 [INFO] ThirdParty:1030 - CMSIS Pack Vendor :STMicroelectronics X-CUBE-ISPU 1.1.0
2023-10-30 11:41:06,727 [INFO] ThirdParty:1030 - CMSIS Pack Vendor :RoweBots I-CUBE-UNISONRTOS 5.5.0-4
2023-10-30 11:41:06,727 [INFO] ThirdParty:1030 - CMSIS Pack Vendor :STMicroelectronics X-CUBE-AZRTOS-H7 2.1.0
2023-10-30 11:41:06,727 [INFO] ThirdParty:1030 - CMSIS Pack Vendor :STMicroelectronics USB_DEVICE 3.0.0
2023-10-30 11:41:06,727 [INFO] ThirdParty:1030 - CMSIS Pack Vendor :STMicroelectronics X-CUBE-AI 8.0.0
2023-10-30 11:41:06,727 [INFO] ThirdParty:1030 - CMSIS Pack Vendor :STMicroelectronics X-CUBE-AZRTOS-WB 2.0.0
2023-10-30 11:41:06,727 [INFO] ThirdParty:1030 - CMSIS Pack Vendor :STMicroelectronics X-CUBE-FREERTOS 1.0.1
2023-10-30 11:41:06,727 [INFO] ThirdParty:1030 - CMSIS Pack Vendor :STMicroelectronics X-CUBE-TOUCHGFX 4.21.1
2023-10-30 11:41:06,727 [INFO] ThirdParty:1030 - CMSIS Pack Vendor :STMicroelectronics X-CUBE-TOUCHGFX 4.21.0
2023-10-30 11:41:06,727 [INFO] ThirdParty:1030 - CMSIS Pack Vendor :STMicroelectronics X-CUBE-TOUCHGFX 4.21.3
2023-10-30 11:41:06,727 [INFO] ThirdParty:1030 - CMSIS Pack Vendor :STMicroelectronics X-CUBE-TOUCHGFX 4.21.4
2023-10-30 11:41:06,727 [INFO] ThirdParty:1030 - CMSIS Pack Vendor :STMicroelectronics X-CUBE-MEMS1 9.4.0
2023-10-30 11:41:06,727 [INFO] ThirdParty:1030 - CMSIS Pack Vendor :STMicroelectronics X-CUBE-AI 7.3.0
2023-10-30 11:41:06,727 [INFO] ThirdParty:1030 - CMSIS Pack Vendor :STMicroelectronics X-CUBE-ALGOBUILD 1.3.0
2023-10-30 11:41:06,727 [INFO] ThirdParty:1030 - CMSIS Pack Vendor :STMicroelectronics X-CUBE-AZRTOS-L5 1.1.0
2023-10-30 11:41:06,727 [INFO] ThirdParty:1030 - CMSIS Pack Vendor :STMicroelectronics X-CUBE-AZRTOS-G0 1.1.0
2023-10-30 11:41:06,727 [INFO] ThirdParty:1030 - CMSIS Pack Vendor :STMicroelectronics X-CUBE-AI 8.0.1
2023-10-30 11:41:06,727 [INFO] ThirdParty:1030 - CMSIS Pack Vendor :STMicroelectronics X-CUBE-NFC4 3.0.0
2023-10-30 11:41:06,727 [INFO] ThirdParty:1030 - CMSIS Pack Vendor :SEGGER I-CUBE-embOS 1.2.0
2023-10-30 11:41:06,727 [INFO] ThirdParty:1030 - CMSIS Pack Vendor :STMicroelectronics X-CUBE-SUBG2 5.0.0
2023-10-30 11:41:06,727 [INFO] ThirdParty:1030 - CMSIS Pack Vendor :STMicroelectronics STM32_WPAN 1.0.0
2023-10-30 11:41:06,727 [INFO] ThirdParty:1030 - CMSIS Pack Vendor :STMicroelectronics lwIP 2.0.3
2023-10-30 11:41:06,727 [INFO] ThirdParty:1030 - CMSIS Pack Vendor :STMicroelectronics USB_HOST 1.0.0
2023-10-30 11:41:06,727 [INFO] ThirdParty:1030 - CMSIS Pack Vendor :STMicroelectronics X-CUBE-TOF1 3.3.1
2023-10-30 11:41:06,727 [INFO] ThirdParty:1030 - CMSIS Pack Vendor :STMicroelectronics X-CUBE-AZRTOS-G4 2.0.0
2023-10-30 11:41:06,727 [INFO] ThirdParty:1030 - CMSIS Pack Vendor :STMicroelectronics PDM2PCM 3.1.0
2023-10-30 11:41:06,727 [INFO] ThirdParty:1030 - CMSIS Pack Vendor :STMicroelectronics X-CUBE-TOF1 3.3.0
2023-10-30 11:41:06,727 [INFO] ThirdParty:1030 - CMSIS Pack Vendor :STMicroelectronics FP-ATR-ASTRA1 1.1.1
2023-10-30 11:41:06,727 [INFO] ThirdParty:1030 - CMSIS Pack Vendor :Infineon AIROC-Wi-Fi-Bluetooth-STM32 1.5.1
2023-10-30 11:41:06,727 [INFO] ThirdParty:1030 - CMSIS Pack Vendor :STMicroelectronics FP-ATR-ASTRA1 1.1.0
2023-10-30 11:41:06,727 [INFO] ThirdParty:1030 - CMSIS Pack Vendor :STMicroelectronics X-CUBE-BLEMGR 1.3.0
2023-10-30 11:41:06,728 [INFO] ThirdParty:1030 - CMSIS Pack Vendor :STMicroelectronics FP-ATR-SIGFOX1 3.2.0
2023-10-30 11:41:06,728 [INFO] ThirdParty:1030 - CMSIS Pack Vendor :STMicroelectronics X-CUBE-AZRTOS-G4 1.0.0
2023-10-30 11:41:06,728 [INFO] ThirdParty:1030 - CMSIS Pack Vendor :wolfSSL I-CUBE-wolfSSL 5.3.0
2023-10-30 11:41:06,728 [INFO] ThirdParty:1030 - CMSIS Pack Vendor :STMicroelectronics X-CUBE-AZRTOS-L4 1.0.0
2023-10-30 11:41:06,728 [INFO] ThirdParty:1030 - CMSIS Pack Vendor :STMicroelectronics MBEDTLS 2.16.2
2023-10-30 11:41:06,728 [INFO] ThirdParty:1030 - CMSIS Pack Vendor :emotas I-CUBE-CANOPEN 1.1.2
2023-10-30 11:41:06,728 [INFO] ThirdParty:1030 - CMSIS Pack Vendor :STMicroelectronics X-CUBE-TOUCHGFX 4.20.0
2023-10-30 11:41:06,728 [INFO] ThirdParty:1030 - CMSIS Pack Vendor :STMicroelectronics X-CUBE-MEMS1 10.0.0
2023-10-30 11:41:06,728 [INFO] ThirdParty:1030 - CMSIS Pack Vendor :STMicroelectronics X-CUBE-FREERTOS 1.1.0
2023-10-30 11:41:06,728 [INFO] ThirdParty:1030 - CMSIS Pack Vendor :STMicroelectronics X-CUBE-AZRTOS-F7 1.0.0
2023-10-30 11:41:06,728 [INFO] ThirdParty:1030 - CMSIS Pack Vendor :STMicroelectronics X-CUBE-AZRTOS-WL 1.0.0
2023-10-30 11:41:06,728 [INFO] ThirdParty:1030 - CMSIS Pack Vendor :portGmbH I-Cube-SoM-uGOAL 1.1.0
2023-10-30 11:41:06,728 [INFO] ThirdParty:1030 - CMSIS Pack Vendor :STMicroelectronics X-CUBE-ALS 1.0.1
2023-10-30 11:41:06,728 [INFO] ThirdParty:1030 - CMSIS Pack Vendor :STMicroelectronics X-CUBE-MEMS1 9.5.0
2023-10-30 11:41:06,728 [INFO] ThirdParty:1030 - CMSIS Pack Vendor :STMicroelectronics ThreadX 1.0.0
2023-10-30 11:41:06,728 [INFO] ThirdParty:1030 - CMSIS Pack Vendor :STMicroelectronics X-CUBE-AZRTOS-WB 1.1.0
2023-10-30 11:41:06,728 [INFO] ThirdParty:1030 - CMSIS Pack Vendor :SEGGER I-CUBE-embOS 1.3.1
2023-10-30 11:41:06,728 [INFO] ThirdParty:1030 - CMSIS Pack Vendor :STMicroelectronics X-CUBE-AZRTOS-L5 1.0.0
2023-10-30 11:41:06,728 [INFO] ThirdParty:1030 - CMSIS Pack Vendor :STMicroelectronics X-CUBE-EEPRMA1 3.1.1
2023-10-30 11:41:06,728 [INFO] ThirdParty:1030 - CMSIS Pack Vendor :STMicroelectronics X-CUBE-GNSS1 5.2.0
2023-10-30 11:41:06,728 [INFO] ThirdParty:1030 - CMSIS Pack Vendor :STMicroelectronics FP-ATR-ASTRA1 2.0.0
2023-10-30 11:41:06,728 [INFO] ThirdParty:1030 - CMSIS Pack Vendor :STMicroelectronics X-CUBE-TOF1 3.0.0
2023-10-30 11:41:06,728 [INFO] ThirdParty:841 - exiting critical section [change project]
2023-10-30 11:41:06,892 [INFO] PinOutPanel:1499 - setPackage(No Configuration,No Configuration)
2023-10-30 11:41:06,907 [INFO] PinOutPanel:1499 - setPackage(STM32F103ZETx,LQFP144)
2023-10-30 11:41:07,150 [INFO] UtilMem:75 - Before build in PCC Used Memory: 806802288 Bytes (1073741824)
2023-10-30 11:41:07,400 [INFO] UtilMem:75 - After build in PCC Used Memory: 850320240 Bytes (1073741824)
2023-10-30 11:41:07,422 [INFO] IPUIPlugin:80 - create IPUIPlugin
2023-10-30 11:41:07,422 [INFO] IPUIPlugin:80 - create IPUIPlugin
2023-10-30 11:41:07,422 [INFO] IPUIPlugin:80 - create IPUIPlugin
2023-10-30 11:41:07,422 [INFO] IPUIPlugin:80 - create IPUIPlugin
2023-10-30 11:41:07,423 [INFO] IPUIPlugin:80 - create IPUIPlugin
2023-10-30 11:41:07,423 [INFO] IPUIPlugin:80 - create IPUIPlugin
2023-10-30 11:41:07,423 [INFO] IPUIPlugin:80 - create IPUIPlugin
2023-10-30 11:41:07,423 [INFO] IPUIPlugin:80 - create IPUIPlugin
2023-10-30 11:41:07,423 [INFO] IPUIPlugin:80 - create IPUIPlugin
2023-10-30 11:41:07,423 [INFO] IPUIPlugin:80 - create IPUIPlugin
2023-10-30 11:41:07,423 [INFO] IPUIPlugin:80 - create IPUIPlugin
2023-10-30 11:41:07,423 [INFO] IPUIPlugin:80 - create IPUIPlugin
2023-10-30 11:41:07,423 [INFO] IPUIPlugin:80 - create IPUIPlugin
2023-10-30 11:41:07,423 [INFO] IPUIPlugin:80 - create IPUIPlugin
2023-10-30 11:41:07,423 [INFO] IPUIPlugin:80 - create IPUIPlugin
2023-10-30 11:41:07,423 [INFO] IPUIPlugin:80 - create IPUIPlugin
2023-10-30 11:41:07,423 [INFO] IPUIPlugin:80 - create IPUIPlugin
2023-10-30 11:41:07,423 [INFO] IPUIPlugin:80 - create IPUIPlugin
2023-10-30 11:41:07,424 [INFO] IPUIPlugin:80 - create IPUIPlugin
2023-10-30 11:41:07,424 [INFO] IPUIPlugin:80 - create IPUIPlugin
2023-10-30 11:41:07,424 [INFO] IPUIPlugin:80 - create IPUIPlugin
2023-10-30 11:41:07,424 [INFO] IPUIPlugin:80 - create IPUIPlugin
2023-10-30 11:41:07,424 [INFO] IPUIPlugin:80 - create IPUIPlugin
2023-10-30 11:41:07,424 [INFO] IPUIPlugin:80 - create IPUIPlugin
2023-10-30 11:41:07,424 [INFO] IPUIPlugin:80 - create IPUIPlugin
2023-10-30 11:41:07,425 [INFO] IPUIPlugin:80 - create IPUIPlugin
2023-10-30 11:41:07,425 [INFO] IPUIPlugin:80 - create IPUIPlugin
2023-10-30 11:41:07,425 [INFO] IPUIPlugin:80 - create IPUIPlugin
2023-10-30 11:41:07,425 [INFO] IPUIPlugin:80 - create IPUIPlugin
2023-10-30 11:41:07,425 [INFO] IPUIPlugin:80 - create IPUIPlugin
2023-10-30 11:41:07,425 [INFO] IPUIPlugin:80 - create IPUIPlugin
2023-10-30 11:41:07,425 [INFO] IPUIPlugin:80 - create IPUIPlugin
2023-10-30 11:41:07,425 [INFO] IPUIPlugin:80 - create IPUIPlugin
2023-10-30 11:41:07,426 [INFO] IPUIPlugin:80 - create IPUIPlugin
2023-10-30 11:41:07,426 [INFO] IPUIPlugin:80 - create IPUIPlugin
2023-10-30 11:41:07,426 [INFO] IPUIPlugin:80 - create IPUIPlugin
2023-10-30 11:41:07,426 [INFO] IPUIPlugin:80 - create IPUIPlugin
2023-10-30 11:41:07,426 [INFO] IPUIPlugin:80 - create IPUIPlugin
2023-10-30 11:41:07,427 [INFO] IPUIPlugin:80 - create IPUIPlugin
2023-10-30 11:41:07,427 [INFO] IPUIPlugin:80 - create IPUIPlugin
2023-10-30 11:41:07,499 [INFO] CADModel:165 - CPN selected for project levelSTM32F103ZET6
2023-10-30 11:41:07,499 [INFO] CADModel:114 - Register for checkConnection events
2023-10-30 11:41:07,539 [INFO] OpenFileManager:328 - Restore cursor
2023-10-30 11:42:46,467 [INFO] Gpio:273 - dependency for GPIO [FSMC, RCC, SYS, USART1]
2023-10-30 14:12:08,268 [INFO] MainUpdater:2868 - connection check result : 10
2023-10-30 14:12:08,268 [INFO] MainUpdater:2868 - connection check result : 10
2023-10-30 14:12:09,438 [INFO] MicroXplorer:468 - Change Database Path : 
2023-10-30 14:12:09,438 [INFO] MicroXplorer:498 - Change Database Version : DB.6.0.91
2023-10-30 14:12:09,461 [WARN] ThirdParty:871 - waiting for thirdparty lock release [close project]
2023-10-30 14:12:09,461 [INFO] ThirdParty:873 - entering critical section [close project]
2023-10-30 14:12:09,461 [INFO] ThirdParty:883 - exiting critical section [close project]
2023-10-30 14:12:09,463 [INFO] PinOutPanel:1499 - setPackage(No Configuration,No Configuration)
2023-10-30 14:12:09,465 [INFO] UtilMem:75 - Begin LoadConfig() Used Memory: 785453576 Bytes (1073741824)
2023-10-30 14:12:09,465 [INFO] MicroXplorer:468 - Change Database Path : 
2023-10-30 14:12:09,465 [INFO] MicroXplorer:498 - Change Database Version : DB.6.0.91
2023-10-30 14:12:09,465 [INFO] OpenFileManager:308 - Change cursor
2023-10-30 14:12:09,472 [INFO] Mcu:1946 - Initializing MCU STM32F103Z(C-D-E)Tx STM32F103ZETx STM32F103ZET6
2023-10-30 14:12:10,367 [INFO] Context:659 - Trying to add GPIOservice into a context  which must be forbidden
2023-10-30 14:12:10,714 [INFO] RtosManager:555 - Registered RTOS mode: class=CMSIS, group=RTOS, mode=CMSIS_V1, owner=FREERTOS
2023-10-30 14:12:10,714 [INFO] RtosManager:555 - Registered RTOS mode: class=CMSIS, group=RTOS2, mode=CMSIS_V2, owner=FREERTOS
2023-10-30 14:12:10,714 [INFO] RtosManager:555 - Registered RTOS mode: class=RTOS, group=Core, mode=CMSIS_V1, owner=FREERTOS
2023-10-30 14:12:10,714 [INFO] RtosManager:555 - Registered RTOS mode: class=RTOS, group=Core, mode=CMSIS_V2, owner=FREERTOS
2023-10-30 14:12:10,714 [WARN] ModelIntegratedComponent:184 - Missing modes for component STMicroelectronics:FreeRTOS:0.0.1:STMicroelectronics:RTOS:FreeRTOS:Core:::10.2.0:
2023-10-30 14:12:10,718 [WARN] ModelIntegratedComponent:63 - No mode defined for component null
2023-10-30 14:12:10,718 [WARN] ModelIntegratedComponent:63 - No mode defined for component null
2023-10-30 14:12:10,718 [WARN] ModelIntegratedComponent:63 - No mode defined for component null
2023-10-30 14:12:10,718 [WARN] ModelIntegratedComponent:63 - No mode defined for component null
2023-10-30 14:12:10,718 [WARN] ModelIntegratedComponent:63 - No mode defined for component null
2023-10-30 14:12:10,718 [WARN] ModelIntegratedComponent:63 - No mode defined for component null
2023-10-30 14:12:10,718 [WARN] ModelIntegratedComponent:63 - No mode defined for component null
2023-10-30 14:12:10,718 [WARN] ModelIntegratedComponent:63 - No mode defined for component null
2023-10-30 14:12:10,718 [WARN] ModelIntegratedComponent:63 - No mode defined for component null
2023-10-30 14:12:10,718 [WARN] ModelIntegratedComponent:63 - No mode defined for component null
2023-10-30 14:12:10,718 [WARN] ModelIntegratedComponent:63 - No mode defined for component null
2023-10-30 14:12:10,718 [WARN] ModelIntegratedComponent:63 - No mode defined for component null
2023-10-30 14:12:10,718 [WARN] ModelIntegratedComponent:63 - No mode defined for component null
2023-10-30 14:12:10,718 [WARN] ModelIntegratedComponent:63 - No mode defined for component null
2023-10-30 14:12:10,718 [WARN] ModelIntegratedComponent:63 - No mode defined for component null
2023-10-30 14:12:10,718 [WARN] ModelIntegratedComponent:63 - No mode defined for component null
2023-10-30 14:12:10,718 [WARN] ModelIntegratedComponent:63 - No mode defined for component null
2023-10-30 14:12:10,718 [WARN] ModelIntegratedComponent:63 - No mode defined for component null
2023-10-30 14:12:10,718 [WARN] ModelIntegratedComponent:63 - No mode defined for component null
2023-10-30 14:12:10,718 [WARN] ModelIntegratedComponent:63 - No mode defined for component null
2023-10-30 14:12:10,718 [WARN] ModelIntegratedComponent:63 - No mode defined for component null
2023-10-30 14:12:10,718 [WARN] ModelIntegratedComponent:63 - No mode defined for component null
2023-10-30 14:12:10,718 [WARN] ModelIntegratedComponent:63 - No mode defined for component null
2023-10-30 14:12:10,718 [WARN] ModelIntegratedComponent:63 - No mode defined for component null
2023-10-30 14:12:10,718 [WARN] ModelIntegratedComponent:63 - No mode defined for component null
2023-10-30 14:12:10,719 [WARN] ModelIntegratedComponent:63 - No mode defined for component null
2023-10-30 14:12:10,719 [WARN] ModelIntegratedComponent:63 - No mode defined for component null
2023-10-30 14:12:10,719 [WARN] ModelIntegratedComponent:63 - No mode defined for component null
2023-10-30 14:12:10,719 [WARN] ModelIntegratedComponent:63 - No mode defined for component null
2023-10-30 14:12:10,719 [WARN] ModelIntegratedComponent:63 - No mode defined for component null
2023-10-30 14:12:10,719 [WARN] ModelIntegratedComponent:63 - No mode defined for component null
2023-10-30 14:12:10,719 [WARN] ModelIntegratedComponent:63 - No mode defined for component null
2023-10-30 14:12:10,719 [WARN] ModelIntegratedComponent:63 - No mode defined for component null
2023-10-30 14:12:10,942 [INFO] ThirdPartyModel:298 - Start build external matchings
2023-10-30 14:12:13,160 [INFO] ThirdPartyModel:316 - End build external matchings
2023-10-30 14:12:13,208 [INFO] ImportTextPane:194 - (OptionalMessage_ERROR) IP (RCC) : Parameter (ADCFreqValue) has invalid value (36000000)
2023-10-30 14:12:13,208 [INFO] ImportTextPane:194 - (OptionalMessage_ERROR) IP (RCC) : Invalid parameter (FamilyName)
2023-10-30 14:12:13,208 [INFO] ImportTextPane:194 - (OptionalMessage_ERROR) IP (RCC) : Parameter (MCOFreq_Value) has invalid value (72000000)
2023-10-30 14:12:13,209 [INFO] ImportTextPane:194 - (OptionalMessage_ERROR) IP (RCC) : Parameter (USBFreq_Value) has invalid value (72000000)
2023-10-30 14:12:13,520 [INFO] UtilMem:75 - End LoadConfig() Used Memory: 548896152 Bytes (1073741824)
2023-10-30 14:12:13,547 [WARN] ThirdParty:833 - waiting for thirdparty lock release [change project]
2023-10-30 14:12:13,547 [INFO] ThirdParty:835 - entering critical section [change project]
2023-10-30 14:12:13,547 [INFO] ThirdParty:1030 - CMSIS Pack Vendor :STMicroelectronics USBPD 4.1
2023-10-30 14:12:13,547 [INFO] ThirdParty:1030 - CMSIS Pack Vendor :STMicroelectronics X-CUBE-GNSS1 6.0.0
2023-10-30 14:12:13,547 [INFO] ThirdParty:1030 - CMSIS Pack Vendor :STMicroelectronics USB_HOST 2.0.0
2023-10-30 14:12:13,547 [INFO] ThirdParty:1030 - CMSIS Pack Vendor :STMicroelectronics X-CUBE-AZRTOS-F4 1.1.0
2023-10-30 14:12:13,547 [INFO] ThirdParty:1030 - CMSIS Pack Vendor :STMicroelectronics LIBJPEG 8.0.0
2023-10-30 14:12:13,547 [INFO] ThirdParty:1030 - CMSIS Pack Vendor :wolfSSL I-CUBE-wolfSSL 5.6.3
2023-10-30 14:12:13,547 [INFO] ThirdParty:1030 - CMSIS Pack Vendor :STMicroelectronics X-CUBE-SMBUS 2.1.0
2023-10-30 14:12:13,547 [INFO] ThirdParty:1030 - CMSIS Pack Vendor :wolfSSL I-CUBE-wolfSSL 5.6.0
2023-10-30 14:12:13,547 [INFO] ThirdParty:1030 - CMSIS Pack Vendor :STMicroelectronics X-CUBE-MEMS1 9.2.0
2023-10-30 14:12:13,547 [INFO] ThirdParty:1030 - CMSIS Pack Vendor :STMicroelectronics X-CUBE-BLEMGR 1.2.0
2023-10-30 14:12:13,547 [INFO] ThirdParty:1030 - CMSIS Pack Vendor :STMicroelectronics X-CUBE-AZRTOS-F7 1.1.0
2023-10-30 14:12:13,547 [INFO] ThirdParty:1030 - CMSIS Pack Vendor :STMicroelectronics X-CUBE-AZRTOS-L5 2.0.0
2023-10-30 14:12:13,547 [INFO] ThirdParty:1030 - CMSIS Pack Vendor :STMicroelectronics USB_DEVICE 2.0.0
2023-10-30 14:12:13,547 [INFO] ThirdParty:1030 - CMSIS Pack Vendor :STMicroelectronics X-CUBE-MEMS1 9.6.0
2023-10-30 14:12:13,547 [INFO] ThirdParty:1030 - CMSIS Pack Vendor :STMicroelectronics X-CUBE-EEPRMA1 4.2.0
2023-10-30 14:12:13,547 [INFO] ThirdParty:1030 - CMSIS Pack Vendor :ITTIA_DB I-CUBE-ITTIADB 8.8.0
2023-10-30 14:12:13,547 [INFO] ThirdParty:1030 - CMSIS Pack Vendor :STMicroelectronics X-CUBE-AI 7.1.0
2023-10-30 14:12:13,547 [INFO] ThirdParty:1030 - CMSIS Pack Vendor :STMicroelectronics X-CUBE-TOUCHGFX 4.19.1
2023-10-30 14:12:13,547 [INFO] ThirdParty:1030 - CMSIS Pack Vendor :STMicroelectronics FP-SNS-MOTENV1 4.3.2
2023-10-30 14:12:13,547 [INFO] ThirdParty:1030 - CMSIS Pack Vendor :STMicroelectronics X-CUBE-BLE1 6.2.3
2023-10-30 14:12:13,547 [INFO] ThirdParty:1030 - CMSIS Pack Vendor :STMicroelectronics X-CUBE-BLE1 6.2.4
2023-10-30 14:12:13,547 [INFO] ThirdParty:1030 - CMSIS Pack Vendor :STMicroelectronics FreeRTOS 0.0.1
2023-10-30 14:12:13,547 [INFO] ThirdParty:1030 - CMSIS Pack Vendor :STMicroelectronics X-CUBE-BLEMGR 2.0.0
2023-10-30 14:12:13,547 [INFO] ThirdParty:1030 - CMSIS Pack Vendor :STMicroelectronics FP-SNS-FLIGHT1 5.0.2
2023-10-30 14:12:13,547 [INFO] ThirdParty:1030 - CMSIS Pack Vendor :STMicroelectronics X-CUBE-NFC4 2.0.5
2023-10-30 14:12:13,547 [INFO] ThirdParty:1030 - CMSIS Pack Vendor :STMicroelectronics X-CUBE-BLE2 3.2.2
2023-10-30 14:12:13,547 [INFO] ThirdParty:1030 - CMSIS Pack Vendor :STMicroelectronics X-CUBE-NFC4 2.0.4
2023-10-30 14:12:13,547 [INFO] ThirdParty:1030 - CMSIS Pack Vendor :STMicroelectronics X-CUBE-AZRTOS-H7 3.1.0
2023-10-30 14:12:13,547 [INFO] ThirdParty:1030 - CMSIS Pack Vendor :STMicroelectronics PDM2PCM 3.3.0
2023-10-30 14:12:13,547 [INFO] ThirdParty:1030 - CMSIS Pack Vendor :STMicroelectronics X-CUBE-TOF1 3.1.0
2023-10-30 14:12:13,548 [INFO] ThirdParty:1030 - CMSIS Pack Vendor :STMicroelectronics X-CUBE-SFXS2LP1 3.1.0
2023-10-30 14:12:13,548 [INFO] ThirdParty:1030 - CMSIS Pack Vendor :STMicroelectronics X-CUBE-DISPLAY 3.0.0
2023-10-30 14:12:13,548 [INFO] ThirdParty:1030 - CMSIS Pack Vendor :STMicroelectronics X-CUBE-AZRTOS-F4 1.0.0
2023-10-30 14:12:13,548 [INFO] ThirdParty:1030 - CMSIS Pack Vendor :STMicroelectronics X-CUBE-BLE1 7.0.0
2023-10-30 14:12:13,548 [INFO] ThirdParty:1030 - CMSIS Pack Vendor :STMicroelectronics HAL Drivers 0.0.0
2023-10-30 14:12:13,548 [INFO] ThirdParty:1030 - CMSIS Pack Vendor :emotas I-CUBE-CANOPEN 1.3.0
2023-10-30 14:12:13,548 [INFO] ThirdParty:1030 - CMSIS Pack Vendor :STMicroelectronics X-CUBE-TOUCHGFX 4.22.0
2023-10-30 14:12:13,548 [INFO] ThirdParty:1030 - CMSIS Pack Vendor :STMicroelectronics X-CUBE-NFC7 1.0.1
2023-10-30 14:12:13,548 [INFO] ThirdParty:1030 - CMSIS Pack Vendor :STMicroelectronics MBEDTLS 2.14.1
2023-10-30 14:12:13,548 [INFO] ThirdParty:1030 - CMSIS Pack Vendor :STMicroelectronics X-CUBE-NFC7 1.0.0
2023-10-30 14:12:13,548 [INFO] ThirdParty:1030 - CMSIS Pack Vendor :STMicroelectronics X-CUBE-TOUCHGFX 4.22.1
2023-10-30 14:12:13,548 [INFO] ThirdParty:1030 - CMSIS Pack Vendor :STMicroelectronics X-CUBE-NFC6 3.0.0
2023-10-30 14:12:13,548 [INFO] ThirdParty:1030 - CMSIS Pack Vendor :STMicroelectronics X-CUBE-MEMS1 9.3.0
2023-10-30 14:12:13,548 [INFO] ThirdParty:1030 - CMSIS Pack Vendor :STMicroelectronics X-CUBE-EEPRMA1 4.1.0
2023-10-30 14:12:13,548 [INFO] ThirdParty:1030 - CMSIS Pack Vendor :STMicroelectronics X-CUBE-AI 7.2.0
2023-10-30 14:12:13,548 [INFO] ThirdParty:1030 - CMSIS Pack Vendor :STMicroelectronics FP-SNS-SMARTAG2 1.2.0
2023-10-30 14:12:13,548 [INFO] ThirdParty:1030 - CMSIS Pack Vendor :STMicroelectronics X-CUBE-AZRTOS-WL 2.0.0
2023-10-30 14:12:13,548 [INFO] ThirdParty:1030 - CMSIS Pack Vendor :STMicroelectronics USB_DEVICE 1.0.0
2023-10-30 14:12:13,548 [INFO] ThirdParty:1030 - CMSIS Pack Vendor :STMicroelectronics X-CUBE-AI 8.1.0
2023-10-30 14:12:13,548 [INFO] ThirdParty:1030 - CMSIS Pack Vendor :STMicroelectronics X-CUBE-AZRTOS-G0 1.0.0
2023-10-30 14:12:13,548 [INFO] ThirdParty:1030 - CMSIS Pack Vendor :STMicroelectronics X-CUBE-AZRTOS-L4 2.0.0
2023-10-30 14:12:13,548 [INFO] ThirdParty:1030 - CMSIS Pack Vendor :STMicroelectronics ThreadX 0.0.2
2023-10-30 14:12:13,548 [INFO] ThirdParty:1030 - CMSIS Pack Vendor :WES I-CUBE-Cesium 1.3.0
2023-10-30 14:12:13,548 [INFO] ThirdParty:1030 - CMSIS Pack Vendor :STMicroelectronics lwIP 2.1.2
2023-10-30 14:12:13,548 [INFO] ThirdParty:1030 - CMSIS Pack Vendor :STMicroelectronics X-CUBE-SFXS2LP1 4.0.0
2023-10-30 14:12:13,548 [INFO] ThirdParty:1030 - CMSIS Pack Vendor :STMicroelectronics X-CUBE-BLE2 3.3.0
2023-10-30 14:12:13,548 [INFO] ThirdParty:1030 - CMSIS Pack Vendor :STMicroelectronics X-CUBE-DISPLAY 2.2.0
2023-10-30 14:12:13,548 [INFO] ThirdParty:1030 - CMSIS Pack Vendor :STMicroelectronics X-CUBE-TOF1 3.2.0
2023-10-30 14:12:13,548 [INFO] ThirdParty:1030 - CMSIS Pack Vendor :STMicroelectronics PDM2PCM 3.2.0
2023-10-30 14:12:13,548 [INFO] ThirdParty:1030 - CMSIS Pack Vendor :STMicroelectronics X-CUBE-AZRTOS-H7 3.0.0
2023-10-30 14:12:13,548 [INFO] ThirdParty:1030 - CMSIS Pack Vendor :STMicroelectronics X-CUBE-ISPU 1.0.0
2023-10-30 14:12:13,548 [INFO] ThirdParty:1030 - CMSIS Pack Vendor :STMicroelectronics X-CUBE-ISPU 1.1.0
2023-10-30 14:12:13,548 [INFO] ThirdParty:1030 - CMSIS Pack Vendor :RoweBots I-CUBE-UNISONRTOS 5.5.0-4
2023-10-30 14:12:13,548 [INFO] ThirdParty:1030 - CMSIS Pack Vendor :STMicroelectronics X-CUBE-AZRTOS-H7 2.1.0
2023-10-30 14:12:13,548 [INFO] ThirdParty:1030 - CMSIS Pack Vendor :STMicroelectronics USB_DEVICE 3.0.0
2023-10-30 14:12:13,548 [INFO] ThirdParty:1030 - CMSIS Pack Vendor :STMicroelectronics X-CUBE-AI 8.0.0
2023-10-30 14:12:13,548 [INFO] ThirdParty:1030 - CMSIS Pack Vendor :STMicroelectronics X-CUBE-AZRTOS-WB 2.0.0
2023-10-30 14:12:13,548 [INFO] ThirdParty:1030 - CMSIS Pack Vendor :STMicroelectronics X-CUBE-FREERTOS 1.0.1
2023-10-30 14:12:13,548 [INFO] ThirdParty:1030 - CMSIS Pack Vendor :STMicroelectronics X-CUBE-TOUCHGFX 4.21.1
2023-10-30 14:12:13,548 [INFO] ThirdParty:1030 - CMSIS Pack Vendor :STMicroelectronics X-CUBE-TOUCHGFX 4.21.0
2023-10-30 14:12:13,548 [INFO] ThirdParty:1030 - CMSIS Pack Vendor :STMicroelectronics X-CUBE-TOUCHGFX 4.21.3
2023-10-30 14:12:13,548 [INFO] ThirdParty:1030 - CMSIS Pack Vendor :STMicroelectronics X-CUBE-TOUCHGFX 4.21.4
2023-10-30 14:12:13,548 [INFO] ThirdParty:1030 - CMSIS Pack Vendor :STMicroelectronics X-CUBE-MEMS1 9.4.0
2023-10-30 14:12:13,548 [INFO] ThirdParty:1030 - CMSIS Pack Vendor :STMicroelectronics X-CUBE-AI 7.3.0
2023-10-30 14:12:13,548 [INFO] ThirdParty:1030 - CMSIS Pack Vendor :STMicroelectronics X-CUBE-ALGOBUILD 1.3.0
2023-10-30 14:12:13,548 [INFO] ThirdParty:1030 - CMSIS Pack Vendor :STMicroelectronics X-CUBE-AZRTOS-L5 1.1.0
2023-10-30 14:12:13,548 [INFO] ThirdParty:1030 - CMSIS Pack Vendor :STMicroelectronics X-CUBE-AZRTOS-G0 1.1.0
2023-10-30 14:12:13,548 [INFO] ThirdParty:1030 - CMSIS Pack Vendor :STMicroelectronics X-CUBE-AI 8.0.1
2023-10-30 14:12:13,548 [INFO] ThirdParty:1030 - CMSIS Pack Vendor :STMicroelectronics X-CUBE-NFC4 3.0.0
2023-10-30 14:12:13,548 [INFO] ThirdParty:1030 - CMSIS Pack Vendor :SEGGER I-CUBE-embOS 1.2.0
2023-10-30 14:12:13,548 [INFO] ThirdParty:1030 - CMSIS Pack Vendor :STMicroelectronics X-CUBE-SUBG2 5.0.0
2023-10-30 14:12:13,548 [INFO] ThirdParty:1030 - CMSIS Pack Vendor :STMicroelectronics STM32_WPAN 1.0.0
2023-10-30 14:12:13,548 [INFO] ThirdParty:1030 - CMSIS Pack Vendor :STMicroelectronics lwIP 2.0.3
2023-10-30 14:12:13,548 [INFO] ThirdParty:1030 - CMSIS Pack Vendor :STMicroelectronics USB_HOST 1.0.0
2023-10-30 14:12:13,548 [INFO] ThirdParty:1030 - CMSIS Pack Vendor :STMicroelectronics X-CUBE-TOF1 3.3.1
2023-10-30 14:12:13,548 [INFO] ThirdParty:1030 - CMSIS Pack Vendor :STMicroelectronics X-CUBE-AZRTOS-G4 2.0.0
2023-10-30 14:12:13,548 [INFO] ThirdParty:1030 - CMSIS Pack Vendor :STMicroelectronics PDM2PCM 3.1.0
2023-10-30 14:12:13,548 [INFO] ThirdParty:1030 - CMSIS Pack Vendor :STMicroelectronics X-CUBE-TOF1 3.3.0
2023-10-30 14:12:13,548 [INFO] ThirdParty:1030 - CMSIS Pack Vendor :STMicroelectronics FP-ATR-ASTRA1 1.1.1
2023-10-30 14:12:13,548 [INFO] ThirdParty:1030 - CMSIS Pack Vendor :Infineon AIROC-Wi-Fi-Bluetooth-STM32 1.5.1
2023-10-30 14:12:13,548 [INFO] ThirdParty:1030 - CMSIS Pack Vendor :STMicroelectronics FP-ATR-ASTRA1 1.1.0
2023-10-30 14:12:13,548 [INFO] ThirdParty:1030 - CMSIS Pack Vendor :STMicroelectronics X-CUBE-BLEMGR 1.3.0
2023-10-30 14:12:13,549 [INFO] ThirdParty:1030 - CMSIS Pack Vendor :STMicroelectronics FP-ATR-SIGFOX1 3.2.0
2023-10-30 14:12:13,549 [INFO] ThirdParty:1030 - CMSIS Pack Vendor :STMicroelectronics X-CUBE-AZRTOS-G4 1.0.0
2023-10-30 14:12:13,549 [INFO] ThirdParty:1030 - CMSIS Pack Vendor :wolfSSL I-CUBE-wolfSSL 5.3.0
2023-10-30 14:12:13,549 [INFO] ThirdParty:1030 - CMSIS Pack Vendor :STMicroelectronics X-CUBE-AZRTOS-L4 1.0.0
2023-10-30 14:12:13,549 [INFO] ThirdParty:1030 - CMSIS Pack Vendor :STMicroelectronics MBEDTLS 2.16.2
2023-10-30 14:12:13,549 [INFO] ThirdParty:1030 - CMSIS Pack Vendor :emotas I-CUBE-CANOPEN 1.1.2
2023-10-30 14:12:13,549 [INFO] ThirdParty:1030 - CMSIS Pack Vendor :STMicroelectronics X-CUBE-TOUCHGFX 4.20.0
2023-10-30 14:12:13,549 [INFO] ThirdParty:1030 - CMSIS Pack Vendor :STMicroelectronics X-CUBE-MEMS1 10.0.0
2023-10-30 14:12:13,549 [INFO] ThirdParty:1030 - CMSIS Pack Vendor :STMicroelectronics X-CUBE-FREERTOS 1.1.0
2023-10-30 14:12:13,549 [INFO] ThirdParty:1030 - CMSIS Pack Vendor :STMicroelectronics X-CUBE-AZRTOS-F7 1.0.0
2023-10-30 14:12:13,549 [INFO] ThirdParty:1030 - CMSIS Pack Vendor :STMicroelectronics X-CUBE-AZRTOS-WL 1.0.0
2023-10-30 14:12:13,549 [INFO] ThirdParty:1030 - CMSIS Pack Vendor :portGmbH I-Cube-SoM-uGOAL 1.1.0
2023-10-30 14:12:13,549 [INFO] ThirdParty:1030 - CMSIS Pack Vendor :STMicroelectronics X-CUBE-ALS 1.0.1
2023-10-30 14:12:13,549 [INFO] ThirdParty:1030 - CMSIS Pack Vendor :STMicroelectronics X-CUBE-MEMS1 9.5.0
2023-10-30 14:12:13,549 [INFO] ThirdParty:1030 - CMSIS Pack Vendor :STMicroelectronics ThreadX 1.0.0
2023-10-30 14:12:13,549 [INFO] ThirdParty:1030 - CMSIS Pack Vendor :STMicroelectronics X-CUBE-AZRTOS-WB 1.1.0
2023-10-30 14:12:13,549 [INFO] ThirdParty:1030 - CMSIS Pack Vendor :SEGGER I-CUBE-embOS 1.3.1
2023-10-30 14:12:13,549 [INFO] ThirdParty:1030 - CMSIS Pack Vendor :STMicroelectronics X-CUBE-AZRTOS-L5 1.0.0
2023-10-30 14:12:13,549 [INFO] ThirdParty:1030 - CMSIS Pack Vendor :STMicroelectronics X-CUBE-EEPRMA1 3.1.1
2023-10-30 14:12:13,549 [INFO] ThirdParty:1030 - CMSIS Pack Vendor :STMicroelectronics X-CUBE-GNSS1 5.2.0
2023-10-30 14:12:13,549 [INFO] ThirdParty:1030 - CMSIS Pack Vendor :STMicroelectronics FP-ATR-ASTRA1 2.0.0
2023-10-30 14:12:13,549 [INFO] ThirdParty:1030 - CMSIS Pack Vendor :STMicroelectronics X-CUBE-TOF1 3.0.0
2023-10-30 14:12:13,549 [INFO] ThirdParty:841 - exiting critical section [change project]
2023-10-30 14:12:13,678 [INFO] PinOutPanel:1499 - setPackage(No Configuration,No Configuration)
2023-10-30 14:12:13,678 [INFO] PinOutPanel:1499 - setPackage(STM32F103ZETx,LQFP144)
2023-10-30 14:12:13,849 [INFO] UtilMem:75 - Before build in PCC Used Memory: 713730256 Bytes (1073741824)
2023-10-30 14:12:13,960 [INFO] UtilMem:75 - After build in PCC Used Memory: 756199632 Bytes (1073741824)
2023-10-30 14:12:13,975 [INFO] IPUIPlugin:80 - create IPUIPlugin
2023-10-30 14:12:13,975 [INFO] IPUIPlugin:80 - create IPUIPlugin
2023-10-30 14:12:13,975 [INFO] IPUIPlugin:80 - create IPUIPlugin
2023-10-30 14:12:13,975 [INFO] IPUIPlugin:80 - create IPUIPlugin
2023-10-30 14:12:13,975 [INFO] IPUIPlugin:80 - create IPUIPlugin
2023-10-30 14:12:13,975 [INFO] IPUIPlugin:80 - create IPUIPlugin
2023-10-30 14:12:13,975 [INFO] IPUIPlugin:80 - create IPUIPlugin
2023-10-30 14:12:13,975 [INFO] IPUIPlugin:80 - create IPUIPlugin
2023-10-30 14:12:13,975 [INFO] IPUIPlugin:80 - create IPUIPlugin
2023-10-30 14:12:13,975 [INFO] IPUIPlugin:80 - create IPUIPlugin
2023-10-30 14:12:13,975 [INFO] IPUIPlugin:80 - create IPUIPlugin
2023-10-30 14:12:13,976 [INFO] IPUIPlugin:80 - create IPUIPlugin
2023-10-30 14:12:13,976 [INFO] IPUIPlugin:80 - create IPUIPlugin
2023-10-30 14:12:13,976 [INFO] IPUIPlugin:80 - create IPUIPlugin
2023-10-30 14:12:13,976 [INFO] IPUIPlugin:80 - create IPUIPlugin
2023-10-30 14:12:13,976 [INFO] IPUIPlugin:80 - create IPUIPlugin
2023-10-30 14:12:13,976 [INFO] IPUIPlugin:80 - create IPUIPlugin
2023-10-30 14:12:13,976 [INFO] IPUIPlugin:80 - create IPUIPlugin
2023-10-30 14:12:13,976 [INFO] IPUIPlugin:80 - create IPUIPlugin
2023-10-30 14:12:13,976 [INFO] IPUIPlugin:80 - create IPUIPlugin
2023-10-30 14:12:13,976 [INFO] IPUIPlugin:80 - create IPUIPlugin
2023-10-30 14:12:13,976 [INFO] IPUIPlugin:80 - create IPUIPlugin
2023-10-30 14:12:13,976 [INFO] IPUIPlugin:80 - create IPUIPlugin
2023-10-30 14:12:13,977 [INFO] IPUIPlugin:80 - create IPUIPlugin
2023-10-30 14:12:13,977 [INFO] IPUIPlugin:80 - create IPUIPlugin
2023-10-30 14:12:13,977 [INFO] IPUIPlugin:80 - create IPUIPlugin
2023-10-30 14:12:13,977 [INFO] IPUIPlugin:80 - create IPUIPlugin
2023-10-30 14:12:13,977 [INFO] IPUIPlugin:80 - create IPUIPlugin
2023-10-30 14:12:13,977 [INFO] IPUIPlugin:80 - create IPUIPlugin
2023-10-30 14:12:13,977 [INFO] IPUIPlugin:80 - create IPUIPlugin
2023-10-30 14:12:13,977 [INFO] IPUIPlugin:80 - create IPUIPlugin
2023-10-30 14:12:13,977 [INFO] IPUIPlugin:80 - create IPUIPlugin
2023-10-30 14:12:13,978 [INFO] IPUIPlugin:80 - create IPUIPlugin
2023-10-30 14:12:13,978 [INFO] IPUIPlugin:80 - create IPUIPlugin
2023-10-30 14:12:13,978 [INFO] IPUIPlugin:80 - create IPUIPlugin
2023-10-30 14:12:13,978 [INFO] IPUIPlugin:80 - create IPUIPlugin
2023-10-30 14:12:13,978 [INFO] IPUIPlugin:80 - create IPUIPlugin
2023-10-30 14:12:13,978 [INFO] IPUIPlugin:80 - create IPUIPlugin
2023-10-30 14:12:13,978 [INFO] IPUIPlugin:80 - create IPUIPlugin
2023-10-30 14:12:13,979 [INFO] IPUIPlugin:80 - create IPUIPlugin
2023-10-30 14:12:14,030 [INFO] CADModel:165 - CPN selected for project levelSTM32F103ZET6
2023-10-30 14:12:14,030 [INFO] CADModel:114 - Register for checkConnection events
2023-10-30 14:12:14,076 [INFO] OpenFileManager:328 - Restore cursor
2023-10-30 14:34:35,115 [INFO] Gpio:273 - dependency for GPIO [FSMC, RCC, SPI2, SYS, USART1]
2023-10-30 16:00:58,149 [INFO] MainUpdater:2868 - connection check result : 10
2023-10-30 16:00:58,149 [INFO] MainUpdater:2868 - connection check result : 10
2023-10-30 16:00:58,680 [INFO] MicroXplorer:468 - Change Database Path : 
2023-10-30 16:00:58,680 [INFO] MicroXplorer:498 - Change Database Version : DB.6.0.91
2023-10-30 16:00:58,702 [WARN] ThirdParty:871 - waiting for thirdparty lock release [close project]
2023-10-30 16:00:58,702 [INFO] ThirdParty:873 - entering critical section [close project]
2023-10-30 16:00:58,702 [INFO] ThirdParty:883 - exiting critical section [close project]
2023-10-30 16:00:58,703 [INFO] PinOutPanel:1499 - setPackage(No Configuration,No Configuration)
2023-10-30 16:00:58,705 [INFO] UtilMem:75 - Begin LoadConfig() Used Memory: 822480392 Bytes (1073741824)
2023-10-30 16:00:58,706 [INFO] MicroXplorer:468 - Change Database Path : 
2023-10-30 16:00:58,706 [INFO] MicroXplorer:498 - Change Database Version : DB.6.0.91
2023-10-30 16:00:58,706 [INFO] OpenFileManager:308 - Change cursor
2023-10-30 16:00:58,714 [INFO] Mcu:1946 - Initializing MCU STM32F103Z(C-D-E)Tx STM32F103ZETx STM32F103ZET6
2023-10-30 16:00:59,574 [INFO] Context:659 - Trying to add GPIOservice into a context  which must be forbidden
2023-10-30 16:00:59,771 [INFO] RtosManager:555 - Registered RTOS mode: class=CMSIS, group=RTOS, mode=CMSIS_V1, owner=FREERTOS
2023-10-30 16:00:59,771 [INFO] RtosManager:555 - Registered RTOS mode: class=CMSIS, group=RTOS2, mode=CMSIS_V2, owner=FREERTOS
2023-10-30 16:00:59,771 [INFO] RtosManager:555 - Registered RTOS mode: class=RTOS, group=Core, mode=CMSIS_V1, owner=FREERTOS
2023-10-30 16:00:59,771 [INFO] RtosManager:555 - Registered RTOS mode: class=RTOS, group=Core, mode=CMSIS_V2, owner=FREERTOS
2023-10-30 16:00:59,771 [WARN] ModelIntegratedComponent:184 - Missing modes for component STMicroelectronics:FreeRTOS:0.0.1:STMicroelectronics:RTOS:FreeRTOS:Core:::10.2.0:
2023-10-30 16:00:59,775 [WARN] ModelIntegratedComponent:63 - No mode defined for component null
2023-10-30 16:00:59,775 [WARN] ModelIntegratedComponent:63 - No mode defined for component null
2023-10-30 16:00:59,775 [WARN] ModelIntegratedComponent:63 - No mode defined for component null
2023-10-30 16:00:59,775 [WARN] ModelIntegratedComponent:63 - No mode defined for component null
2023-10-30 16:00:59,775 [WARN] ModelIntegratedComponent:63 - No mode defined for component null
2023-10-30 16:00:59,775 [WARN] ModelIntegratedComponent:63 - No mode defined for component null
2023-10-30 16:00:59,775 [WARN] ModelIntegratedComponent:63 - No mode defined for component null
2023-10-30 16:00:59,775 [WARN] ModelIntegratedComponent:63 - No mode defined for component null
2023-10-30 16:00:59,775 [WARN] ModelIntegratedComponent:63 - No mode defined for component null
2023-10-30 16:00:59,775 [WARN] ModelIntegratedComponent:63 - No mode defined for component null
2023-10-30 16:00:59,775 [WARN] ModelIntegratedComponent:63 - No mode defined for component null
2023-10-30 16:00:59,775 [WARN] ModelIntegratedComponent:63 - No mode defined for component null
2023-10-30 16:00:59,775 [WARN] ModelIntegratedComponent:63 - No mode defined for component null
2023-10-30 16:00:59,775 [WARN] ModelIntegratedComponent:63 - No mode defined for component null
2023-10-30 16:00:59,775 [WARN] ModelIntegratedComponent:63 - No mode defined for component null
2023-10-30 16:00:59,775 [WARN] ModelIntegratedComponent:63 - No mode defined for component null
2023-10-30 16:00:59,775 [WARN] ModelIntegratedComponent:63 - No mode defined for component null
2023-10-30 16:00:59,775 [WARN] ModelIntegratedComponent:63 - No mode defined for component null
2023-10-30 16:00:59,775 [WARN] ModelIntegratedComponent:63 - No mode defined for component null
2023-10-30 16:00:59,775 [WARN] ModelIntegratedComponent:63 - No mode defined for component null
2023-10-30 16:00:59,775 [WARN] ModelIntegratedComponent:63 - No mode defined for component null
2023-10-30 16:00:59,775 [WARN] ModelIntegratedComponent:63 - No mode defined for component null
2023-10-30 16:00:59,776 [WARN] ModelIntegratedComponent:63 - No mode defined for component null
2023-10-30 16:00:59,776 [WARN] ModelIntegratedComponent:63 - No mode defined for component null
2023-10-30 16:00:59,776 [WARN] ModelIntegratedComponent:63 - No mode defined for component null
2023-10-30 16:00:59,776 [WARN] ModelIntegratedComponent:63 - No mode defined for component null
2023-10-30 16:00:59,776 [WARN] ModelIntegratedComponent:63 - No mode defined for component null
2023-10-30 16:00:59,776 [WARN] ModelIntegratedComponent:63 - No mode defined for component null
2023-10-30 16:00:59,776 [WARN] ModelIntegratedComponent:63 - No mode defined for component null
2023-10-30 16:00:59,776 [WARN] ModelIntegratedComponent:63 - No mode defined for component null
2023-10-30 16:00:59,776 [WARN] ModelIntegratedComponent:63 - No mode defined for component null
2023-10-30 16:00:59,776 [WARN] ModelIntegratedComponent:63 - No mode defined for component null
2023-10-30 16:00:59,776 [WARN] ModelIntegratedComponent:63 - No mode defined for component null
2023-10-30 16:00:59,984 [INFO] ThirdPartyModel:298 - Start build external matchings
2023-10-30 16:01:02,409 [INFO] ThirdPartyModel:316 - End build external matchings
2023-10-30 16:01:02,443 [INFO] ImportTextPane:194 - (OptionalMessage_ERROR) IP (RCC) : Parameter (ADCFreqValue) has invalid value (36000000)
2023-10-30 16:01:02,444 [INFO] ImportTextPane:194 - (OptionalMessage_ERROR) IP (RCC) : Invalid parameter (FamilyName)
2023-10-30 16:01:02,444 [INFO] ImportTextPane:194 - (OptionalMessage_ERROR) IP (RCC) : Parameter (MCOFreq_Value) has invalid value (72000000)
2023-10-30 16:01:02,444 [INFO] ImportTextPane:194 - (OptionalMessage_ERROR) IP (RCC) : Parameter (USBFreq_Value) has invalid value (72000000)
2023-10-30 16:01:02,733 [INFO] UtilMem:75 - End LoadConfig() Used Memory: 763372464 Bytes (1073741824)
2023-10-30 16:01:02,791 [WARN] ThirdParty:833 - waiting for thirdparty lock release [change project]
2023-10-30 16:01:02,792 [INFO] ThirdParty:835 - entering critical section [change project]
2023-10-30 16:01:02,792 [INFO] ThirdParty:1030 - CMSIS Pack Vendor :STMicroelectronics USBPD 4.1
2023-10-30 16:01:02,792 [INFO] ThirdParty:1030 - CMSIS Pack Vendor :STMicroelectronics X-CUBE-GNSS1 6.0.0
2023-10-30 16:01:02,792 [INFO] ThirdParty:1030 - CMSIS Pack Vendor :STMicroelectronics USB_HOST 2.0.0
2023-10-30 16:01:02,792 [INFO] ThirdParty:1030 - CMSIS Pack Vendor :STMicroelectronics X-CUBE-AZRTOS-F4 1.1.0
2023-10-30 16:01:02,792 [INFO] ThirdParty:1030 - CMSIS Pack Vendor :STMicroelectronics LIBJPEG 8.0.0
2023-10-30 16:01:02,792 [INFO] ThirdParty:1030 - CMSIS Pack Vendor :wolfSSL I-CUBE-wolfSSL 5.6.3
2023-10-30 16:01:02,792 [INFO] ThirdParty:1030 - CMSIS Pack Vendor :STMicroelectronics X-CUBE-SMBUS 2.1.0
2023-10-30 16:01:02,792 [INFO] ThirdParty:1030 - CMSIS Pack Vendor :wolfSSL I-CUBE-wolfSSL 5.6.0
2023-10-30 16:01:02,792 [INFO] ThirdParty:1030 - CMSIS Pack Vendor :STMicroelectronics X-CUBE-MEMS1 9.2.0
2023-10-30 16:01:02,792 [INFO] ThirdParty:1030 - CMSIS Pack Vendor :STMicroelectronics X-CUBE-BLEMGR 1.2.0
2023-10-30 16:01:02,792 [INFO] ThirdParty:1030 - CMSIS Pack Vendor :STMicroelectronics X-CUBE-AZRTOS-F7 1.1.0
2023-10-30 16:01:02,792 [INFO] ThirdParty:1030 - CMSIS Pack Vendor :STMicroelectronics X-CUBE-AZRTOS-L5 2.0.0
2023-10-30 16:01:02,792 [INFO] ThirdParty:1030 - CMSIS Pack Vendor :STMicroelectronics USB_DEVICE 2.0.0
2023-10-30 16:01:02,792 [INFO] ThirdParty:1030 - CMSIS Pack Vendor :STMicroelectronics X-CUBE-MEMS1 9.6.0
2023-10-30 16:01:02,792 [INFO] ThirdParty:1030 - CMSIS Pack Vendor :STMicroelectronics X-CUBE-EEPRMA1 4.2.0
2023-10-30 16:01:02,792 [INFO] ThirdParty:1030 - CMSIS Pack Vendor :ITTIA_DB I-CUBE-ITTIADB 8.8.0
2023-10-30 16:01:02,792 [INFO] ThirdParty:1030 - CMSIS Pack Vendor :STMicroelectronics X-CUBE-AI 7.1.0
2023-10-30 16:01:02,792 [INFO] ThirdParty:1030 - CMSIS Pack Vendor :STMicroelectronics X-CUBE-TOUCHGFX 4.19.1
2023-10-30 16:01:02,792 [INFO] ThirdParty:1030 - CMSIS Pack Vendor :STMicroelectronics FP-SNS-MOTENV1 4.3.2
2023-10-30 16:01:02,792 [INFO] ThirdParty:1030 - CMSIS Pack Vendor :STMicroelectronics X-CUBE-BLE1 6.2.3
2023-10-30 16:01:02,792 [INFO] ThirdParty:1030 - CMSIS Pack Vendor :STMicroelectronics X-CUBE-BLE1 6.2.4
2023-10-30 16:01:02,792 [INFO] ThirdParty:1030 - CMSIS Pack Vendor :STMicroelectronics FreeRTOS 0.0.1
2023-10-30 16:01:02,792 [INFO] ThirdParty:1030 - CMSIS Pack Vendor :STMicroelectronics X-CUBE-BLEMGR 2.0.0
2023-10-30 16:01:02,792 [INFO] ThirdParty:1030 - CMSIS Pack Vendor :STMicroelectronics FP-SNS-FLIGHT1 5.0.2
2023-10-30 16:01:02,792 [INFO] ThirdParty:1030 - CMSIS Pack Vendor :STMicroelectronics X-CUBE-NFC4 2.0.5
2023-10-30 16:01:02,792 [INFO] ThirdParty:1030 - CMSIS Pack Vendor :STMicroelectronics X-CUBE-BLE2 3.2.2
2023-10-30 16:01:02,792 [INFO] ThirdParty:1030 - CMSIS Pack Vendor :STMicroelectronics X-CUBE-NFC4 2.0.4
2023-10-30 16:01:02,792 [INFO] ThirdParty:1030 - CMSIS Pack Vendor :STMicroelectronics X-CUBE-AZRTOS-H7 3.1.0
2023-10-30 16:01:02,792 [INFO] ThirdParty:1030 - CMSIS Pack Vendor :STMicroelectronics PDM2PCM 3.3.0
2023-10-30 16:01:02,792 [INFO] ThirdParty:1030 - CMSIS Pack Vendor :STMicroelectronics X-CUBE-TOF1 3.1.0
2023-10-30 16:01:02,792 [INFO] ThirdParty:1030 - CMSIS Pack Vendor :STMicroelectronics X-CUBE-SFXS2LP1 3.1.0
2023-10-30 16:01:02,792 [INFO] ThirdParty:1030 - CMSIS Pack Vendor :STMicroelectronics X-CUBE-DISPLAY 3.0.0
2023-10-30 16:01:02,792 [INFO] ThirdParty:1030 - CMSIS Pack Vendor :STMicroelectronics X-CUBE-AZRTOS-F4 1.0.0
2023-10-30 16:01:02,792 [INFO] ThirdParty:1030 - CMSIS Pack Vendor :STMicroelectronics X-CUBE-BLE1 7.0.0
2023-10-30 16:01:02,792 [INFO] ThirdParty:1030 - CMSIS Pack Vendor :STMicroelectronics HAL Drivers 0.0.0
2023-10-30 16:01:02,792 [INFO] ThirdParty:1030 - CMSIS Pack Vendor :emotas I-CUBE-CANOPEN 1.3.0
2023-10-30 16:01:02,792 [INFO] ThirdParty:1030 - CMSIS Pack Vendor :STMicroelectronics X-CUBE-TOUCHGFX 4.22.0
2023-10-30 16:01:02,792 [INFO] ThirdParty:1030 - CMSIS Pack Vendor :STMicroelectronics X-CUBE-NFC7 1.0.1
2023-10-30 16:01:02,792 [INFO] ThirdParty:1030 - CMSIS Pack Vendor :STMicroelectronics MBEDTLS 2.14.1
2023-10-30 16:01:02,792 [INFO] ThirdParty:1030 - CMSIS Pack Vendor :STMicroelectronics X-CUBE-NFC7 1.0.0
2023-10-30 16:01:02,792 [INFO] ThirdParty:1030 - CMSIS Pack Vendor :STMicroelectronics X-CUBE-TOUCHGFX 4.22.1
2023-10-30 16:01:02,792 [INFO] ThirdParty:1030 - CMSIS Pack Vendor :STMicroelectronics X-CUBE-NFC6 3.0.0
2023-10-30 16:01:02,792 [INFO] ThirdParty:1030 - CMSIS Pack Vendor :STMicroelectronics X-CUBE-MEMS1 9.3.0
2023-10-30 16:01:02,792 [INFO] ThirdParty:1030 - CMSIS Pack Vendor :STMicroelectronics X-CUBE-EEPRMA1 4.1.0
2023-10-30 16:01:02,792 [INFO] ThirdParty:1030 - CMSIS Pack Vendor :STMicroelectronics X-CUBE-AI 7.2.0
2023-10-30 16:01:02,792 [INFO] ThirdParty:1030 - CMSIS Pack Vendor :STMicroelectronics FP-SNS-SMARTAG2 1.2.0
2023-10-30 16:01:02,792 [INFO] ThirdParty:1030 - CMSIS Pack Vendor :STMicroelectronics X-CUBE-AZRTOS-WL 2.0.0
2023-10-30 16:01:02,792 [INFO] ThirdParty:1030 - CMSIS Pack Vendor :STMicroelectronics USB_DEVICE 1.0.0
2023-10-30 16:01:02,792 [INFO] ThirdParty:1030 - CMSIS Pack Vendor :STMicroelectronics X-CUBE-AI 8.1.0
2023-10-30 16:01:02,792 [INFO] ThirdParty:1030 - CMSIS Pack Vendor :STMicroelectronics X-CUBE-AZRTOS-G0 1.0.0
2023-10-30 16:01:02,792 [INFO] ThirdParty:1030 - CMSIS Pack Vendor :STMicroelectronics X-CUBE-AZRTOS-L4 2.0.0
2023-10-30 16:01:02,792 [INFO] ThirdParty:1030 - CMSIS Pack Vendor :STMicroelectronics ThreadX 0.0.2
2023-10-30 16:01:02,792 [INFO] ThirdParty:1030 - CMSIS Pack Vendor :WES I-CUBE-Cesium 1.3.0
2023-10-30 16:01:02,792 [INFO] ThirdParty:1030 - CMSIS Pack Vendor :STMicroelectronics lwIP 2.1.2
2023-10-30 16:01:02,793 [INFO] ThirdParty:1030 - CMSIS Pack Vendor :STMicroelectronics X-CUBE-SFXS2LP1 4.0.0
2023-10-30 16:01:02,793 [INFO] ThirdParty:1030 - CMSIS Pack Vendor :STMicroelectronics X-CUBE-BLE2 3.3.0
2023-10-30 16:01:02,793 [INFO] ThirdParty:1030 - CMSIS Pack Vendor :STMicroelectronics X-CUBE-DISPLAY 2.2.0
2023-10-30 16:01:02,793 [INFO] ThirdParty:1030 - CMSIS Pack Vendor :STMicroelectronics X-CUBE-TOF1 3.2.0
2023-10-30 16:01:02,793 [INFO] ThirdParty:1030 - CMSIS Pack Vendor :STMicroelectronics PDM2PCM 3.2.0
2023-10-30 16:01:02,793 [INFO] ThirdParty:1030 - CMSIS Pack Vendor :STMicroelectronics X-CUBE-AZRTOS-H7 3.0.0
2023-10-30 16:01:02,793 [INFO] ThirdParty:1030 - CMSIS Pack Vendor :STMicroelectronics X-CUBE-ISPU 1.0.0
2023-10-30 16:01:02,793 [INFO] ThirdParty:1030 - CMSIS Pack Vendor :STMicroelectronics X-CUBE-ISPU 1.1.0
2023-10-30 16:01:02,793 [INFO] ThirdParty:1030 - CMSIS Pack Vendor :RoweBots I-CUBE-UNISONRTOS 5.5.0-4
2023-10-30 16:01:02,793 [INFO] ThirdParty:1030 - CMSIS Pack Vendor :STMicroelectronics X-CUBE-AZRTOS-H7 2.1.0
2023-10-30 16:01:02,793 [INFO] ThirdParty:1030 - CMSIS Pack Vendor :STMicroelectronics USB_DEVICE 3.0.0
2023-10-30 16:01:02,793 [INFO] ThirdParty:1030 - CMSIS Pack Vendor :STMicroelectronics X-CUBE-AI 8.0.0
2023-10-30 16:01:02,793 [INFO] ThirdParty:1030 - CMSIS Pack Vendor :STMicroelectronics X-CUBE-AZRTOS-WB 2.0.0
2023-10-30 16:01:02,793 [INFO] ThirdParty:1030 - CMSIS Pack Vendor :STMicroelectronics X-CUBE-FREERTOS 1.0.1
2023-10-30 16:01:02,793 [INFO] ThirdParty:1030 - CMSIS Pack Vendor :STMicroelectronics X-CUBE-TOUCHGFX 4.21.1
2023-10-30 16:01:02,793 [INFO] ThirdParty:1030 - CMSIS Pack Vendor :STMicroelectronics X-CUBE-TOUCHGFX 4.21.0
2023-10-30 16:01:02,793 [INFO] ThirdParty:1030 - CMSIS Pack Vendor :STMicroelectronics X-CUBE-TOUCHGFX 4.21.3
2023-10-30 16:01:02,793 [INFO] ThirdParty:1030 - CMSIS Pack Vendor :STMicroelectronics X-CUBE-TOUCHGFX 4.21.4
2023-10-30 16:01:02,793 [INFO] ThirdParty:1030 - CMSIS Pack Vendor :STMicroelectronics X-CUBE-MEMS1 9.4.0
2023-10-30 16:01:02,793 [INFO] ThirdParty:1030 - CMSIS Pack Vendor :STMicroelectronics X-CUBE-AI 7.3.0
2023-10-30 16:01:02,793 [INFO] ThirdParty:1030 - CMSIS Pack Vendor :STMicroelectronics X-CUBE-ALGOBUILD 1.3.0
2023-10-30 16:01:02,793 [INFO] ThirdParty:1030 - CMSIS Pack Vendor :STMicroelectronics X-CUBE-AZRTOS-L5 1.1.0
2023-10-30 16:01:02,793 [INFO] ThirdParty:1030 - CMSIS Pack Vendor :STMicroelectronics X-CUBE-AZRTOS-G0 1.1.0
2023-10-30 16:01:02,793 [INFO] ThirdParty:1030 - CMSIS Pack Vendor :STMicroelectronics X-CUBE-AI 8.0.1
2023-10-30 16:01:02,793 [INFO] ThirdParty:1030 - CMSIS Pack Vendor :STMicroelectronics X-CUBE-NFC4 3.0.0
2023-10-30 16:01:02,793 [INFO] ThirdParty:1030 - CMSIS Pack Vendor :SEGGER I-CUBE-embOS 1.2.0
2023-10-30 16:01:02,793 [INFO] ThirdParty:1030 - CMSIS Pack Vendor :STMicroelectronics X-CUBE-SUBG2 5.0.0
2023-10-30 16:01:02,793 [INFO] ThirdParty:1030 - CMSIS Pack Vendor :STMicroelectronics STM32_WPAN 1.0.0
2023-10-30 16:01:02,793 [INFO] ThirdParty:1030 - CMSIS Pack Vendor :STMicroelectronics lwIP 2.0.3
2023-10-30 16:01:02,793 [INFO] ThirdParty:1030 - CMSIS Pack Vendor :STMicroelectronics USB_HOST 1.0.0
2023-10-30 16:01:02,793 [INFO] ThirdParty:1030 - CMSIS Pack Vendor :STMicroelectronics X-CUBE-TOF1 3.3.1
2023-10-30 16:01:02,793 [INFO] ThirdParty:1030 - CMSIS Pack Vendor :STMicroelectronics X-CUBE-AZRTOS-G4 2.0.0
2023-10-30 16:01:02,793 [INFO] ThirdParty:1030 - CMSIS Pack Vendor :STMicroelectronics PDM2PCM 3.1.0
2023-10-30 16:01:02,793 [INFO] ThirdParty:1030 - CMSIS Pack Vendor :STMicroelectronics X-CUBE-TOF1 3.3.0
2023-10-30 16:01:02,793 [INFO] ThirdParty:1030 - CMSIS Pack Vendor :STMicroelectronics FP-ATR-ASTRA1 1.1.1
2023-10-30 16:01:02,793 [INFO] ThirdParty:1030 - CMSIS Pack Vendor :Infineon AIROC-Wi-Fi-Bluetooth-STM32 1.5.1
2023-10-30 16:01:02,793 [INFO] ThirdParty:1030 - CMSIS Pack Vendor :STMicroelectronics FP-ATR-ASTRA1 1.1.0
2023-10-30 16:01:02,793 [INFO] ThirdParty:1030 - CMSIS Pack Vendor :STMicroelectronics X-CUBE-BLEMGR 1.3.0
2023-10-30 16:01:02,793 [INFO] ThirdParty:1030 - CMSIS Pack Vendor :STMicroelectronics FP-ATR-SIGFOX1 3.2.0
2023-10-30 16:01:02,793 [INFO] ThirdParty:1030 - CMSIS Pack Vendor :STMicroelectronics X-CUBE-AZRTOS-G4 1.0.0
2023-10-30 16:01:02,793 [INFO] ThirdParty:1030 - CMSIS Pack Vendor :wolfSSL I-CUBE-wolfSSL 5.3.0
2023-10-30 16:01:02,793 [INFO] ThirdParty:1030 - CMSIS Pack Vendor :STMicroelectronics X-CUBE-AZRTOS-L4 1.0.0
2023-10-30 16:01:02,793 [INFO] ThirdParty:1030 - CMSIS Pack Vendor :STMicroelectronics MBEDTLS 2.16.2
2023-10-30 16:01:02,793 [INFO] ThirdParty:1030 - CMSIS Pack Vendor :emotas I-CUBE-CANOPEN 1.1.2
2023-10-30 16:01:02,793 [INFO] ThirdParty:1030 - CMSIS Pack Vendor :STMicroelectronics X-CUBE-TOUCHGFX 4.20.0
2023-10-30 16:01:02,793 [INFO] ThirdParty:1030 - CMSIS Pack Vendor :STMicroelectronics X-CUBE-MEMS1 10.0.0
2023-10-30 16:01:02,793 [INFO] ThirdParty:1030 - CMSIS Pack Vendor :STMicroelectronics X-CUBE-FREERTOS 1.1.0
2023-10-30 16:01:02,793 [INFO] ThirdParty:1030 - CMSIS Pack Vendor :STMicroelectronics X-CUBE-AZRTOS-F7 1.0.0
2023-10-30 16:01:02,793 [INFO] ThirdParty:1030 - CMSIS Pack Vendor :STMicroelectronics X-CUBE-AZRTOS-WL 1.0.0
2023-10-30 16:01:02,793 [INFO] ThirdParty:1030 - CMSIS Pack Vendor :portGmbH I-Cube-SoM-uGOAL 1.1.0
2023-10-30 16:01:02,793 [INFO] ThirdParty:1030 - CMSIS Pack Vendor :STMicroelectronics X-CUBE-ALS 1.0.1
2023-10-30 16:01:02,793 [INFO] ThirdParty:1030 - CMSIS Pack Vendor :STMicroelectronics X-CUBE-MEMS1 9.5.0
2023-10-30 16:01:02,793 [INFO] ThirdParty:1030 - CMSIS Pack Vendor :STMicroelectronics ThreadX 1.0.0
2023-10-30 16:01:02,793 [INFO] ThirdParty:1030 - CMSIS Pack Vendor :STMicroelectronics X-CUBE-AZRTOS-WB 1.1.0
2023-10-30 16:01:02,793 [INFO] ThirdParty:1030 - CMSIS Pack Vendor :SEGGER I-CUBE-embOS 1.3.1
2023-10-30 16:01:02,793 [INFO] ThirdParty:1030 - CMSIS Pack Vendor :STMicroelectronics X-CUBE-AZRTOS-L5 1.0.0
2023-10-30 16:01:02,793 [INFO] ThirdParty:1030 - CMSIS Pack Vendor :STMicroelectronics X-CUBE-EEPRMA1 3.1.1
2023-10-30 16:01:02,793 [INFO] ThirdParty:1030 - CMSIS Pack Vendor :STMicroelectronics X-CUBE-GNSS1 5.2.0
2023-10-30 16:01:02,793 [INFO] ThirdParty:1030 - CMSIS Pack Vendor :STMicroelectronics FP-ATR-ASTRA1 2.0.0
2023-10-30 16:01:02,793 [INFO] ThirdParty:1030 - CMSIS Pack Vendor :STMicroelectronics X-CUBE-TOF1 3.0.0
2023-10-30 16:01:02,793 [INFO] ThirdParty:841 - exiting critical section [change project]
2023-10-30 16:01:02,907 [INFO] PinOutPanel:1499 - setPackage(No Configuration,No Configuration)
2023-10-30 16:01:02,907 [INFO] PinOutPanel:1499 - setPackage(STM32F103ZETx,LQFP144)
2023-10-30 16:01:03,114 [INFO] UtilMem:75 - Before build in PCC Used Memory: 618456600 Bytes (1073741824)
2023-10-30 16:01:03,263 [INFO] UtilMem:75 - After build in PCC Used Memory: 660399640 Bytes (1073741824)
2023-10-30 16:01:03,280 [INFO] IPUIPlugin:80 - create IPUIPlugin
2023-10-30 16:01:03,280 [INFO] IPUIPlugin:80 - create IPUIPlugin
2023-10-30 16:01:03,280 [INFO] IPUIPlugin:80 - create IPUIPlugin
2023-10-30 16:01:03,280 [INFO] IPUIPlugin:80 - create IPUIPlugin
2023-10-30 16:01:03,280 [INFO] IPUIPlugin:80 - create IPUIPlugin
2023-10-30 16:01:03,280 [INFO] IPUIPlugin:80 - create IPUIPlugin
2023-10-30 16:01:03,280 [INFO] IPUIPlugin:80 - create IPUIPlugin
2023-10-30 16:01:03,280 [INFO] IPUIPlugin:80 - create IPUIPlugin
2023-10-30 16:01:03,280 [INFO] IPUIPlugin:80 - create IPUIPlugin
2023-10-30 16:01:03,280 [INFO] IPUIPlugin:80 - create IPUIPlugin
2023-10-30 16:01:03,280 [INFO] IPUIPlugin:80 - create IPUIPlugin
2023-10-30 16:01:03,280 [INFO] IPUIPlugin:80 - create IPUIPlugin
2023-10-30 16:01:03,281 [INFO] IPUIPlugin:80 - create IPUIPlugin
2023-10-30 16:01:03,281 [INFO] IPUIPlugin:80 - create IPUIPlugin
2023-10-30 16:01:03,281 [INFO] IPUIPlugin:80 - create IPUIPlugin
2023-10-30 16:01:03,281 [INFO] IPUIPlugin:80 - create IPUIPlugin
2023-10-30 16:01:03,281 [INFO] IPUIPlugin:80 - create IPUIPlugin
2023-10-30 16:01:03,281 [INFO] IPUIPlugin:80 - create IPUIPlugin
2023-10-30 16:01:03,281 [INFO] IPUIPlugin:80 - create IPUIPlugin
2023-10-30 16:01:03,281 [INFO] IPUIPlugin:80 - create IPUIPlugin
2023-10-30 16:01:03,281 [INFO] IPUIPlugin:80 - create IPUIPlugin
2023-10-30 16:01:03,281 [INFO] IPUIPlugin:80 - create IPUIPlugin
2023-10-30 16:01:03,282 [INFO] IPUIPlugin:80 - create IPUIPlugin
2023-10-30 16:01:03,282 [INFO] IPUIPlugin:80 - create IPUIPlugin
2023-10-30 16:01:03,282 [INFO] IPUIPlugin:80 - create IPUIPlugin
2023-10-30 16:01:03,282 [INFO] IPUIPlugin:80 - create IPUIPlugin
2023-10-30 16:01:03,282 [INFO] IPUIPlugin:80 - create IPUIPlugin
2023-10-30 16:01:03,282 [INFO] IPUIPlugin:80 - create IPUIPlugin
2023-10-30 16:01:03,282 [INFO] IPUIPlugin:80 - create IPUIPlugin
2023-10-30 16:01:03,282 [INFO] IPUIPlugin:80 - create IPUIPlugin
2023-10-30 16:01:03,282 [INFO] IPUIPlugin:80 - create IPUIPlugin
2023-10-30 16:01:03,282 [INFO] IPUIPlugin:80 - create IPUIPlugin
2023-10-30 16:01:03,283 [INFO] IPUIPlugin:80 - create IPUIPlugin
2023-10-30 16:01:03,283 [INFO] IPUIPlugin:80 - create IPUIPlugin
2023-10-30 16:01:03,283 [INFO] IPUIPlugin:80 - create IPUIPlugin
2023-10-30 16:01:03,283 [INFO] IPUIPlugin:80 - create IPUIPlugin
2023-10-30 16:01:03,283 [INFO] IPUIPlugin:80 - create IPUIPlugin
2023-10-30 16:01:03,283 [INFO] IPUIPlugin:80 - create IPUIPlugin
2023-10-30 16:01:03,283 [INFO] IPUIPlugin:80 - create IPUIPlugin
2023-10-30 16:01:03,284 [INFO] IPUIPlugin:80 - create IPUIPlugin
2023-10-30 16:01:03,357 [INFO] CADModel:165 - CPN selected for project levelSTM32F103ZET6
2023-10-30 16:01:03,357 [INFO] CADModel:114 - Register for checkConnection events
2023-10-30 16:01:03,416 [INFO] OpenFileManager:328 - Restore cursor
2023-10-30 16:01:11,082 [INFO] UtilMem:75 - End SaveConfig() Used Memory: 622500016 Bytes (1073741824)
2023-10-30 16:01:12,198 [INFO] UtilMem:75 - End SaveConfig() Used Memory: 748855448 Bytes (1073741824)
2023-10-30 16:01:12,628 [INFO] BlockDiagram:2759 - set Specific Code input for plugin: SPI
2023-10-30 16:01:12,628 [INFO] BlockDiagram:2759 - set Specific Code input for plugin: FSMC
2023-10-30 16:01:12,628 [INFO] BlockDiagram:2759 - set Specific Code input for plugin: NVIC
2023-10-30 16:01:12,628 [INFO] BlockDiagram:2759 - set Specific Code input for plugin: USART
2023-10-30 16:01:12,628 [INFO] BlockDiagram:2759 - set Specific Code input for plugin: SYS
2023-10-30 16:01:12,628 [INFO] BlockDiagram:2759 - set Specific Code input for plugin: GPIO
2023-10-30 16:01:12,628 [INFO] BlockDiagram:2759 - set Specific Code input for plugin: RCC
2023-10-30 16:01:12,636 [INFO] CodeGenerator:799 - code generatio: config db path: H:\cubeide\STM32CubeIDE_1.13.1\STM32CubeIDE\plugins\com.st.stm32cube.common.mx_6.9.1.202307191849\\db\
2023-10-30 16:01:12,891 [INFO] CodeEngine:255 - oldGeneratedFile, H:\cubeide\STM32CubeIDE_DEMO\23_SPI\MXTmpFiles\license.tmp_save
2023-10-30 16:01:13,268 [INFO] CodeEngine:279 - Generated code: H:\cubeide\STM32CubeIDE_DEMO\23_SPI\MXTmpFiles\license.tmp
2023-10-30 16:01:13,436 [INFO] CodeEngine:255 - oldGeneratedFile, H:\cubeide\STM32CubeIDE_DEMO\23_SPI\Core\Src\gpio.c_save
2023-10-30 16:01:13,551 [INFO] CodeEngine:279 - Generated code: H:\cubeide\STM32CubeIDE_DEMO\23_SPI\Core\Src\gpio.c
2023-10-30 16:01:13,562 [INFO] CodeEngine:255 - oldGeneratedFile, H:\cubeide\STM32CubeIDE_DEMO\23_SPI\Core\Inc\gpio.h_save
2023-10-30 16:01:13,631 [INFO] CodeEngine:279 - Generated code: H:\cubeide\STM32CubeIDE_DEMO\23_SPI\Core\Inc\gpio.h
2023-10-30 16:01:13,905 [INFO] CodeEngine:255 - oldGeneratedFile, H:\cubeide\STM32CubeIDE_DEMO\23_SPI\Core\Src\fsmc.c_save
2023-10-30 16:01:13,987 [INFO] CodeEngine:279 - Generated code: H:\cubeide\STM32CubeIDE_DEMO\23_SPI\Core\Src\fsmc.c
2023-10-30 16:01:14,015 [INFO] CodeEngine:255 - oldGeneratedFile, H:\cubeide\STM32CubeIDE_DEMO\23_SPI\Core\Inc\fsmc.h_save
2023-10-30 16:01:14,071 [INFO] CodeEngine:279 - Generated code: H:\cubeide\STM32CubeIDE_DEMO\23_SPI\Core\Inc\fsmc.h
2023-10-30 16:01:14,084 [INFO] CodeEngine:255 - oldGeneratedFile, H:\cubeide\STM32CubeIDE_DEMO\23_SPI\Core\Src\spi.c_save
2023-10-30 16:01:14,186 [INFO] CodeEngine:279 - Generated code: H:\cubeide\STM32CubeIDE_DEMO\23_SPI\Core\Src\spi.c
2023-10-30 16:01:14,210 [INFO] CodeEngine:255 - oldGeneratedFile, H:\cubeide\STM32CubeIDE_DEMO\23_SPI\Core\Inc\spi.h_save
2023-10-30 16:01:14,265 [INFO] CodeEngine:279 - Generated code: H:\cubeide\STM32CubeIDE_DEMO\23_SPI\Core\Inc\spi.h
2023-10-30 16:01:14,274 [INFO] CodeEngine:255 - oldGeneratedFile, H:\cubeide\STM32CubeIDE_DEMO\23_SPI\Core\Src\usart.c_save
2023-10-30 16:01:14,349 [INFO] CodeEngine:279 - Generated code: H:\cubeide\STM32CubeIDE_DEMO\23_SPI\Core\Src\usart.c
2023-10-30 16:01:14,355 [INFO] CodeEngine:255 - oldGeneratedFile, H:\cubeide\STM32CubeIDE_DEMO\23_SPI\Core\Inc\usart.h_save
2023-10-30 16:01:14,437 [INFO] CodeEngine:279 - Generated code: H:\cubeide\STM32CubeIDE_DEMO\23_SPI\Core\Inc\usart.h
2023-10-30 16:01:14,462 [INFO] CodeEngine:255 - oldGeneratedFile, H:\cubeide\STM32CubeIDE_DEMO\23_SPI\Core\Src\stm32f1xx_it.c_save
2023-10-30 16:01:14,548 [INFO] CodeEngine:279 - Generated code: H:\cubeide\STM32CubeIDE_DEMO\23_SPI\Core\Src\stm32f1xx_it.c
2023-10-30 16:01:14,561 [INFO] CodeEngine:255 - oldGeneratedFile, H:\cubeide\STM32CubeIDE_DEMO\23_SPI\Core\Inc\stm32f1xx_it.h_save
2023-10-30 16:01:14,631 [INFO] CodeEngine:279 - Generated code: H:\cubeide\STM32CubeIDE_DEMO\23_SPI\Core\Inc\stm32f1xx_it.h
2023-10-30 16:01:14,661 [INFO] CodeEngine:255 - oldGeneratedFile, H:\cubeide\STM32CubeIDE_DEMO\23_SPI\Core\Src\stm32f1xx_hal_msp.c_save
2023-10-30 16:01:14,772 [INFO] CodeEngine:279 - Generated code: H:\cubeide\STM32CubeIDE_DEMO\23_SPI\Core\Src\stm32f1xx_hal_msp.c
2023-10-30 16:01:14,789 [INFO] CodeEngine:255 - oldGeneratedFile, H:\cubeide\STM32CubeIDE_DEMO\23_SPI\MXTmpFiles\system.tmp_save
2023-10-30 16:01:14,854 [INFO] CodeEngine:279 - Generated code: H:\cubeide\STM32CubeIDE_DEMO\23_SPI\MXTmpFiles\system.tmp
2023-10-30 16:01:14,878 [INFO] CodeEngine:311 - oldGeneratedFile, H:\cubeide\STM32CubeIDE_DEMO\23_SPI\Core\Inc\stm32f1xx_hal_conf.h_save
2023-10-30 16:01:14,958 [INFO] CodeEngine:335 - Generated code: H:\cubeide\STM32CubeIDE_DEMO\23_SPI\Core\Inc\stm32f1xx_hal_conf.h
2023-10-30 16:01:15,011 [INFO] CodeEngine:255 - oldGeneratedFile, H:\cubeide\STM32CubeIDE_DEMO\23_SPI\Core\Inc\main.h_save
2023-10-30 16:01:15,103 [INFO] CodeEngine:279 - Generated code: H:\cubeide\STM32CubeIDE_DEMO\23_SPI\Core\Inc\main.h
2023-10-30 16:01:15,123 [INFO] CodeEngine:255 - oldGeneratedFile, H:\cubeide\STM32CubeIDE_DEMO\23_SPI\Core\Src\main.c_save
2023-10-30 16:01:15,252 [INFO] CodeEngine:279 - Generated code: H:\cubeide\STM32CubeIDE_DEMO\23_SPI\Core\Src\main.c
2023-10-30 16:01:15,992 [INFO] ProjectBuilder:3064 - Time for Copy HAL[1] : 315mS.
2023-10-30 16:01:15,998 [INFO] ProjectBuilder:4404 - Project Generator version: 4.1.0
2023-10-30 16:01:16,187 [INFO] ConfigFileManager:1457 - The Die is : DIE414
2023-10-30 16:01:16,201 [INFO] ApiDbMcu:507 - Load IP Config File for FATFS
2023-10-30 16:01:16,213 [INFO] ApiDbMcu:507 - Load IP Config File for FREERTOS
2023-10-30 16:01:16,225 [INFO] ApiDbMcu:507 - Load IP Config File for USB_DEVICE
