2023-10-24 11:14:06,624 [INFO] MainUpdater:2868 - connection check result : 10
2023-10-24 11:14:06,701 [INFO] MainUpdater:2868 - connection check result : 10
2023-10-24 11:14:06,806 [INFO] MicroXplorer:468 - Change Database Path : 
2023-10-24 11:14:06,806 [INFO] MicroXplorer:498 - Change Database Version : DB.6.0.91
2023-10-24 11:14:06,834 [WARN] ThirdParty:871 - waiting for thirdparty lock release [close project]
2023-10-24 11:14:06,834 [INFO] ThirdParty:873 - entering critical section [close project]
2023-10-24 11:14:06,834 [INFO] ThirdParty:883 - exiting critical section [close project]
2023-10-24 11:14:06,835 [INFO] PinOutPanel:1499 - setPackage(No Configuration,No Configuration)
2023-10-24 11:14:06,839 [INFO] UtilMem:75 - Begin LoadConfig() Used Memory: 592422928 Bytes (1073741824)
2023-10-24 11:14:06,840 [INFO] MicroXplorer:468 - Change Database Path : 
2023-10-24 11:14:06,840 [INFO] MicroXplorer:498 - Change Database Version : DB.6.0.91
2023-10-24 11:14:06,840 [INFO] OpenFileManager:308 - Change cursor
2023-10-24 11:14:06,849 [INFO] RulesReader:64 - Compatibility file has been processed (293 Rules)
2023-10-24 11:14:06,851 [INFO] Mcu:1946 - Initializing MCU STM32F103Z(C-D-E)Tx STM32F103ZETx STM32F103ZET6
2023-10-24 11:14:07,734 [INFO] Context:659 - Trying to add GPIOservice into a context  which must be forbidden
2023-10-24 11:14:07,927 [INFO] RtosManager:555 - Registered RTOS mode: class=CMSIS, group=RTOS, mode=CMSIS_V1, owner=FREERTOS
2023-10-24 11:14:07,927 [INFO] RtosManager:555 - Registered RTOS mode: class=CMSIS, group=RTOS2, mode=CMSIS_V2, owner=FREERTOS
2023-10-24 11:14:07,927 [INFO] RtosManager:555 - Registered RTOS mode: class=RTOS, group=Core, mode=CMSIS_V1, owner=FREERTOS
2023-10-24 11:14:07,927 [INFO] RtosManager:555 - Registered RTOS mode: class=RTOS, group=Core, mode=CMSIS_V2, owner=FREERTOS
2023-10-24 11:14:07,927 [WARN] ModelIntegratedComponent:184 - Missing modes for component STMicroelectronics:FreeRTOS:0.0.1:STMicroelectronics:RTOS:FreeRTOS:Core:::10.2.0:
2023-10-24 11:14:07,931 [WARN] ModelIntegratedComponent:63 - No mode defined for component null
2023-10-24 11:14:07,931 [WARN] ModelIntegratedComponent:63 - No mode defined for component null
2023-10-24 11:14:07,931 [WARN] ModelIntegratedComponent:63 - No mode defined for component null
2023-10-24 11:14:07,931 [WARN] ModelIntegratedComponent:63 - No mode defined for component null
2023-10-24 11:14:07,931 [WARN] ModelIntegratedComponent:63 - No mode defined for component null
2023-10-24 11:14:07,931 [WARN] ModelIntegratedComponent:63 - No mode defined for component null
2023-10-24 11:14:07,931 [WARN] ModelIntegratedComponent:63 - No mode defined for component null
2023-10-24 11:14:07,931 [WARN] ModelIntegratedComponent:63 - No mode defined for component null
2023-10-24 11:14:07,931 [WARN] ModelIntegratedComponent:63 - No mode defined for component null
2023-10-24 11:14:07,931 [WARN] ModelIntegratedComponent:63 - No mode defined for component null
2023-10-24 11:14:07,931 [WARN] ModelIntegratedComponent:63 - No mode defined for component null
2023-10-24 11:14:07,931 [WARN] ModelIntegratedComponent:63 - No mode defined for component null
2023-10-24 11:14:07,931 [WARN] ModelIntegratedComponent:63 - No mode defined for component null
2023-10-24 11:14:07,931 [WARN] ModelIntegratedComponent:63 - No mode defined for component null
2023-10-24 11:14:07,931 [WARN] ModelIntegratedComponent:63 - No mode defined for component null
2023-10-24 11:14:07,931 [WARN] ModelIntegratedComponent:63 - No mode defined for component null
2023-10-24 11:14:07,931 [WARN] ModelIntegratedComponent:63 - No mode defined for component null
2023-10-24 11:14:07,931 [WARN] ModelIntegratedComponent:63 - No mode defined for component null
2023-10-24 11:14:07,931 [WARN] ModelIntegratedComponent:63 - No mode defined for component null
2023-10-24 11:14:07,931 [WARN] ModelIntegratedComponent:63 - No mode defined for component null
2023-10-24 11:14:07,931 [WARN] ModelIntegratedComponent:63 - No mode defined for component null
2023-10-24 11:14:07,931 [WARN] ModelIntegratedComponent:63 - No mode defined for component null
2023-10-24 11:14:07,931 [WARN] ModelIntegratedComponent:63 - No mode defined for component null
2023-10-24 11:14:07,931 [WARN] ModelIntegratedComponent:63 - No mode defined for component null
2023-10-24 11:14:07,931 [WARN] ModelIntegratedComponent:63 - No mode defined for component null
2023-10-24 11:14:07,931 [WARN] ModelIntegratedComponent:63 - No mode defined for component null
2023-10-24 11:14:07,931 [WARN] ModelIntegratedComponent:63 - No mode defined for component null
2023-10-24 11:14:07,931 [WARN] ModelIntegratedComponent:63 - No mode defined for component null
2023-10-24 11:14:07,931 [WARN] ModelIntegratedComponent:63 - No mode defined for component null
2023-10-24 11:14:07,931 [WARN] ModelIntegratedComponent:63 - No mode defined for component null
2023-10-24 11:14:07,931 [WARN] ModelIntegratedComponent:63 - No mode defined for component null
2023-10-24 11:14:07,931 [WARN] ModelIntegratedComponent:63 - No mode defined for component null
2023-10-24 11:14:07,931 [WARN] ModelIntegratedComponent:63 - No mode defined for component null
2023-10-24 11:14:08,163 [INFO] ThirdPartyModel:298 - Start build external matchings
2023-10-24 11:14:10,417 [INFO] ThirdPartyModel:316 - End build external matchings
2023-10-24 11:14:10,449 [INFO] ImportTextPane:194 - (OptionalMessage_ERROR) IP (RCC) : Parameter (ADCFreqValue) has invalid value (36000000)
2023-10-24 11:14:10,449 [INFO] ImportTextPane:194 - (OptionalMessage_ERROR) IP (RCC) : Invalid parameter (FamilyName)
2023-10-24 11:14:10,449 [INFO] ImportTextPane:194 - (OptionalMessage_ERROR) IP (RCC) : Parameter (MCOFreq_Value) has invalid value (72000000)
2023-10-24 11:14:10,449 [INFO] ImportTextPane:194 - (OptionalMessage_ERROR) IP (RCC) : Parameter (USBFreq_Value) has invalid value (72000000)
2023-10-24 11:14:10,752 [INFO] UtilMem:75 - End LoadConfig() Used Memory: 828108936 Bytes (1073741824)
2023-10-24 11:14:10,796 [WARN] ThirdParty:833 - waiting for thirdparty lock release [change project]
2023-10-24 11:14:10,797 [INFO] ThirdParty:835 - entering critical section [change project]
2023-10-24 11:14:10,797 [INFO] ThirdParty:1030 - CMSIS Pack Vendor :STMicroelectronics USBPD 4.1
2023-10-24 11:14:10,797 [INFO] ThirdParty:1030 - CMSIS Pack Vendor :STMicroelectronics X-CUBE-GNSS1 6.0.0
2023-10-24 11:14:10,797 [INFO] ThirdParty:1030 - CMSIS Pack Vendor :STMicroelectronics USB_HOST 2.0.0
2023-10-24 11:14:10,797 [INFO] ThirdParty:1030 - CMSIS Pack Vendor :STMicroelectronics X-CUBE-AZRTOS-F4 1.1.0
2023-10-24 11:14:10,797 [INFO] ThirdParty:1030 - CMSIS Pack Vendor :STMicroelectronics LIBJPEG 8.0.0
2023-10-24 11:14:10,797 [INFO] ThirdParty:1030 - CMSIS Pack Vendor :wolfSSL I-CUBE-wolfSSL 5.6.3
2023-10-24 11:14:10,797 [INFO] ThirdParty:1030 - CMSIS Pack Vendor :STMicroelectronics X-CUBE-SMBUS 2.1.0
2023-10-24 11:14:10,797 [INFO] ThirdParty:1030 - CMSIS Pack Vendor :wolfSSL I-CUBE-wolfSSL 5.6.0
2023-10-24 11:14:10,797 [INFO] ThirdParty:1030 - CMSIS Pack Vendor :STMicroelectronics X-CUBE-MEMS1 9.2.0
2023-10-24 11:14:10,797 [INFO] ThirdParty:1030 - CMSIS Pack Vendor :STMicroelectronics X-CUBE-BLEMGR 1.2.0
2023-10-24 11:14:10,797 [INFO] ThirdParty:1030 - CMSIS Pack Vendor :STMicroelectronics X-CUBE-AZRTOS-F7 1.1.0
2023-10-24 11:14:10,797 [INFO] ThirdParty:1030 - CMSIS Pack Vendor :STMicroelectronics X-CUBE-AZRTOS-L5 2.0.0
2023-10-24 11:14:10,797 [INFO] ThirdParty:1030 - CMSIS Pack Vendor :STMicroelectronics USB_DEVICE 2.0.0
2023-10-24 11:14:10,797 [INFO] ThirdParty:1030 - CMSIS Pack Vendor :STMicroelectronics X-CUBE-MEMS1 9.6.0
2023-10-24 11:14:10,797 [INFO] ThirdParty:1030 - CMSIS Pack Vendor :ITTIA_DB I-CUBE-ITTIADB 8.8.0
2023-10-24 11:14:10,797 [INFO] ThirdParty:1030 - CMSIS Pack Vendor :STMicroelectronics X-CUBE-AI 7.1.0
2023-10-24 11:14:10,797 [INFO] ThirdParty:1030 - CMSIS Pack Vendor :STMicroelectronics X-CUBE-TOUCHGFX 4.19.1
2023-10-24 11:14:10,797 [INFO] ThirdParty:1030 - CMSIS Pack Vendor :STMicroelectronics FP-SNS-MOTENV1 4.3.2
2023-10-24 11:14:10,797 [INFO] ThirdParty:1030 - CMSIS Pack Vendor :STMicroelectronics X-CUBE-BLE1 6.2.3
2023-10-24 11:14:10,797 [INFO] ThirdParty:1030 - CMSIS Pack Vendor :STMicroelectronics X-CUBE-BLE1 6.2.4
2023-10-24 11:14:10,797 [INFO] ThirdParty:1030 - CMSIS Pack Vendor :STMicroelectronics FreeRTOS 0.0.1
2023-10-24 11:14:10,797 [INFO] ThirdParty:1030 - CMSIS Pack Vendor :STMicroelectronics X-CUBE-BLEMGR 2.0.0
2023-10-24 11:14:10,797 [INFO] ThirdParty:1030 - CMSIS Pack Vendor :STMicroelectronics FP-SNS-FLIGHT1 5.0.2
2023-10-24 11:14:10,797 [INFO] ThirdParty:1030 - CMSIS Pack Vendor :STMicroelectronics X-CUBE-NFC4 2.0.5
2023-10-24 11:14:10,797 [INFO] ThirdParty:1030 - CMSIS Pack Vendor :STMicroelectronics X-CUBE-BLE2 3.2.2
2023-10-24 11:14:10,797 [INFO] ThirdParty:1030 - CMSIS Pack Vendor :STMicroelectronics X-CUBE-NFC4 2.0.4
2023-10-24 11:14:10,797 [INFO] ThirdParty:1030 - CMSIS Pack Vendor :STMicroelectronics X-CUBE-AZRTOS-H7 3.1.0
2023-10-24 11:14:10,797 [INFO] ThirdParty:1030 - CMSIS Pack Vendor :STMicroelectronics PDM2PCM 3.3.0
2023-10-24 11:14:10,797 [INFO] ThirdParty:1030 - CMSIS Pack Vendor :STMicroelectronics X-CUBE-TOF1 3.1.0
2023-10-24 11:14:10,797 [INFO] ThirdParty:1030 - CMSIS Pack Vendor :STMicroelectronics X-CUBE-SFXS2LP1 3.1.0
2023-10-24 11:14:10,797 [INFO] ThirdParty:1030 - CMSIS Pack Vendor :STMicroelectronics X-CUBE-DISPLAY 3.0.0
2023-10-24 11:14:10,797 [INFO] ThirdParty:1030 - CMSIS Pack Vendor :STMicroelectronics X-CUBE-AZRTOS-F4 1.0.0
2023-10-24 11:14:10,797 [INFO] ThirdParty:1030 - CMSIS Pack Vendor :STMicroelectronics X-CUBE-BLE1 7.0.0
2023-10-24 11:14:10,797 [INFO] ThirdParty:1030 - CMSIS Pack Vendor :STMicroelectronics HAL Drivers 0.0.0
2023-10-24 11:14:10,797 [INFO] ThirdParty:1030 - CMSIS Pack Vendor :emotas I-CUBE-CANOPEN 1.3.0
2023-10-24 11:14:10,797 [INFO] ThirdParty:1030 - CMSIS Pack Vendor :STMicroelectronics X-CUBE-TOUCHGFX 4.22.0
2023-10-24 11:14:10,797 [INFO] ThirdParty:1030 - CMSIS Pack Vendor :STMicroelectronics X-CUBE-NFC7 1.0.1
2023-10-24 11:14:10,797 [INFO] ThirdParty:1030 - CMSIS Pack Vendor :STMicroelectronics MBEDTLS 2.14.1
2023-10-24 11:14:10,797 [INFO] ThirdParty:1030 - CMSIS Pack Vendor :STMicroelectronics X-CUBE-NFC7 1.0.0
2023-10-24 11:14:10,798 [INFO] ThirdParty:1030 - CMSIS Pack Vendor :STMicroelectronics X-CUBE-TOUCHGFX 4.22.1
2023-10-24 11:14:10,798 [INFO] ThirdParty:1030 - CMSIS Pack Vendor :STMicroelectronics X-CUBE-NFC6 3.0.0
2023-10-24 11:14:10,798 [INFO] ThirdParty:1030 - CMSIS Pack Vendor :STMicroelectronics X-CUBE-MEMS1 9.3.0
2023-10-24 11:14:10,798 [INFO] ThirdParty:1030 - CMSIS Pack Vendor :STMicroelectronics X-CUBE-EEPRMA1 4.1.0
2023-10-24 11:14:10,798 [INFO] ThirdParty:1030 - CMSIS Pack Vendor :STMicroelectronics X-CUBE-AI 7.2.0
2023-10-24 11:14:10,798 [INFO] ThirdParty:1030 - CMSIS Pack Vendor :STMicroelectronics FP-SNS-SMARTAG2 1.2.0
2023-10-24 11:14:10,798 [INFO] ThirdParty:1030 - CMSIS Pack Vendor :STMicroelectronics X-CUBE-AZRTOS-WL 2.0.0
2023-10-24 11:14:10,798 [INFO] ThirdParty:1030 - CMSIS Pack Vendor :STMicroelectronics USB_DEVICE 1.0.0
2023-10-24 11:14:10,798 [INFO] ThirdParty:1030 - CMSIS Pack Vendor :STMicroelectronics X-CUBE-AI 8.1.0
2023-10-24 11:14:10,798 [INFO] ThirdParty:1030 - CMSIS Pack Vendor :STMicroelectronics X-CUBE-AZRTOS-G0 1.0.0
2023-10-24 11:14:10,798 [INFO] ThirdParty:1030 - CMSIS Pack Vendor :STMicroelectronics X-CUBE-AZRTOS-L4 2.0.0
2023-10-24 11:14:10,798 [INFO] ThirdParty:1030 - CMSIS Pack Vendor :STMicroelectronics ThreadX 0.0.2
2023-10-24 11:14:10,798 [INFO] ThirdParty:1030 - CMSIS Pack Vendor :WES I-CUBE-Cesium 1.3.0
2023-10-24 11:14:10,798 [INFO] ThirdParty:1030 - CMSIS Pack Vendor :STMicroelectronics lwIP 2.1.2
2023-10-24 11:14:10,798 [INFO] ThirdParty:1030 - CMSIS Pack Vendor :STMicroelectronics X-CUBE-SFXS2LP1 4.0.0
2023-10-24 11:14:10,798 [INFO] ThirdParty:1030 - CMSIS Pack Vendor :STMicroelectronics X-CUBE-BLE2 3.3.0
2023-10-24 11:14:10,798 [INFO] ThirdParty:1030 - CMSIS Pack Vendor :STMicroelectronics X-CUBE-DISPLAY 2.2.0
2023-10-24 11:14:10,798 [INFO] ThirdParty:1030 - CMSIS Pack Vendor :STMicroelectronics X-CUBE-TOF1 3.2.0
2023-10-24 11:14:10,798 [INFO] ThirdParty:1030 - CMSIS Pack Vendor :STMicroelectronics PDM2PCM 3.2.0
2023-10-24 11:14:10,798 [INFO] ThirdParty:1030 - CMSIS Pack Vendor :STMicroelectronics X-CUBE-AZRTOS-H7 3.0.0
2023-10-24 11:14:10,798 [INFO] ThirdParty:1030 - CMSIS Pack Vendor :STMicroelectronics X-CUBE-ISPU 1.0.0
2023-10-24 11:14:10,798 [INFO] ThirdParty:1030 - CMSIS Pack Vendor :STMicroelectronics X-CUBE-ISPU 1.1.0
2023-10-24 11:14:10,798 [INFO] ThirdParty:1030 - CMSIS Pack Vendor :RoweBots I-CUBE-UNISONRTOS 5.5.0-4
2023-10-24 11:14:10,798 [INFO] ThirdParty:1030 - CMSIS Pack Vendor :STMicroelectronics X-CUBE-AZRTOS-H7 2.1.0
2023-10-24 11:14:10,798 [INFO] ThirdParty:1030 - CMSIS Pack Vendor :STMicroelectronics USB_DEVICE 3.0.0
2023-10-24 11:14:10,798 [INFO] ThirdParty:1030 - CMSIS Pack Vendor :STMicroelectronics X-CUBE-AI 8.0.0
2023-10-24 11:14:10,798 [INFO] ThirdParty:1030 - CMSIS Pack Vendor :STMicroelectronics X-CUBE-AZRTOS-WB 2.0.0
2023-10-24 11:14:10,798 [INFO] ThirdParty:1030 - CMSIS Pack Vendor :STMicroelectronics X-CUBE-FREERTOS 1.0.1
2023-10-24 11:14:10,798 [INFO] ThirdParty:1030 - CMSIS Pack Vendor :STMicroelectronics X-CUBE-TOUCHGFX 4.21.1
2023-10-24 11:14:10,798 [INFO] ThirdParty:1030 - CMSIS Pack Vendor :STMicroelectronics X-CUBE-TOUCHGFX 4.21.0
2023-10-24 11:14:10,798 [INFO] ThirdParty:1030 - CMSIS Pack Vendor :STMicroelectronics X-CUBE-TOUCHGFX 4.21.3
2023-10-24 11:14:10,798 [INFO] ThirdParty:1030 - CMSIS Pack Vendor :STMicroelectronics X-CUBE-TOUCHGFX 4.21.4
2023-10-24 11:14:10,798 [INFO] ThirdParty:1030 - CMSIS Pack Vendor :STMicroelectronics X-CUBE-MEMS1 9.4.0
2023-10-24 11:14:10,798 [INFO] ThirdParty:1030 - CMSIS Pack Vendor :STMicroelectronics X-CUBE-AI 7.3.0
2023-10-24 11:14:10,798 [INFO] ThirdParty:1030 - CMSIS Pack Vendor :STMicroelectronics X-CUBE-ALGOBUILD 1.3.0
2023-10-24 11:14:10,798 [INFO] ThirdParty:1030 - CMSIS Pack Vendor :STMicroelectronics X-CUBE-AZRTOS-L5 1.1.0
2023-10-24 11:14:10,798 [INFO] ThirdParty:1030 - CMSIS Pack Vendor :STMicroelectronics X-CUBE-AZRTOS-G0 1.1.0
2023-10-24 11:14:10,798 [INFO] ThirdParty:1030 - CMSIS Pack Vendor :STMicroelectronics X-CUBE-AI 8.0.1
2023-10-24 11:14:10,798 [INFO] ThirdParty:1030 - CMSIS Pack Vendor :STMicroelectronics X-CUBE-NFC4 3.0.0
2023-10-24 11:14:10,798 [INFO] ThirdParty:1030 - CMSIS Pack Vendor :SEGGER I-CUBE-embOS 1.2.0
2023-10-24 11:14:10,798 [INFO] ThirdParty:1030 - CMSIS Pack Vendor :STMicroelectronics X-CUBE-SUBG2 5.0.0
2023-10-24 11:14:10,798 [INFO] ThirdParty:1030 - CMSIS Pack Vendor :STMicroelectronics STM32_WPAN 1.0.0
2023-10-24 11:14:10,798 [INFO] ThirdParty:1030 - CMSIS Pack Vendor :STMicroelectronics lwIP 2.0.3
2023-10-24 11:14:10,798 [INFO] ThirdParty:1030 - CMSIS Pack Vendor :STMicroelectronics USB_HOST 1.0.0
2023-10-24 11:14:10,798 [INFO] ThirdParty:1030 - CMSIS Pack Vendor :STMicroelectronics X-CUBE-TOF1 3.3.1
2023-10-24 11:14:10,798 [INFO] ThirdParty:1030 - CMSIS Pack Vendor :STMicroelectronics X-CUBE-AZRTOS-G4 2.0.0
2023-10-24 11:14:10,798 [INFO] ThirdParty:1030 - CMSIS Pack Vendor :STMicroelectronics PDM2PCM 3.1.0
2023-10-24 11:14:10,798 [INFO] ThirdParty:1030 - CMSIS Pack Vendor :STMicroelectronics X-CUBE-TOF1 3.3.0
2023-10-24 11:14:10,798 [INFO] ThirdParty:1030 - CMSIS Pack Vendor :STMicroelectronics FP-ATR-ASTRA1 1.1.1
2023-10-24 11:14:10,798 [INFO] ThirdParty:1030 - CMSIS Pack Vendor :Infineon AIROC-Wi-Fi-Bluetooth-STM32 1.5.1
2023-10-24 11:14:10,798 [INFO] ThirdParty:1030 - CMSIS Pack Vendor :STMicroelectronics FP-ATR-ASTRA1 1.1.0
2023-10-24 11:14:10,799 [INFO] ThirdParty:1030 - CMSIS Pack Vendor :STMicroelectronics X-CUBE-BLEMGR 1.3.0
2023-10-24 11:14:10,799 [INFO] ThirdParty:1030 - CMSIS Pack Vendor :STMicroelectronics FP-ATR-SIGFOX1 3.2.0
2023-10-24 11:14:10,799 [INFO] ThirdParty:1030 - CMSIS Pack Vendor :STMicroelectronics X-CUBE-AZRTOS-G4 1.0.0
2023-10-24 11:14:10,799 [INFO] ThirdParty:1030 - CMSIS Pack Vendor :wolfSSL I-CUBE-wolfSSL 5.3.0
2023-10-24 11:14:10,799 [INFO] ThirdParty:1030 - CMSIS Pack Vendor :STMicroelectronics X-CUBE-AZRTOS-L4 1.0.0
2023-10-24 11:14:10,799 [INFO] ThirdParty:1030 - CMSIS Pack Vendor :STMicroelectronics MBEDTLS 2.16.2
2023-10-24 11:14:10,799 [INFO] ThirdParty:1030 - CMSIS Pack Vendor :emotas I-CUBE-CANOPEN 1.1.2
2023-10-24 11:14:10,799 [INFO] ThirdParty:1030 - CMSIS Pack Vendor :STMicroelectronics X-CUBE-TOUCHGFX 4.20.0
2023-10-24 11:14:10,799 [INFO] ThirdParty:1030 - CMSIS Pack Vendor :STMicroelectronics X-CUBE-MEMS1 10.0.0
2023-10-24 11:14:10,799 [INFO] ThirdParty:1030 - CMSIS Pack Vendor :STMicroelectronics X-CUBE-FREERTOS 1.1.0
2023-10-24 11:14:10,799 [INFO] ThirdParty:1030 - CMSIS Pack Vendor :STMicroelectronics X-CUBE-AZRTOS-F7 1.0.0
2023-10-24 11:14:10,799 [INFO] ThirdParty:1030 - CMSIS Pack Vendor :STMicroelectronics X-CUBE-AZRTOS-WL 1.0.0
2023-10-24 11:14:10,799 [INFO] ThirdParty:1030 - CMSIS Pack Vendor :portGmbH I-Cube-SoM-uGOAL 1.1.0
2023-10-24 11:14:10,799 [INFO] ThirdParty:1030 - CMSIS Pack Vendor :STMicroelectronics X-CUBE-ALS 1.0.1
2023-10-24 11:14:10,799 [INFO] ThirdParty:1030 - CMSIS Pack Vendor :STMicroelectronics X-CUBE-MEMS1 9.5.0
2023-10-24 11:14:10,799 [INFO] ThirdParty:1030 - CMSIS Pack Vendor :STMicroelectronics ThreadX 1.0.0
2023-10-24 11:14:10,799 [INFO] ThirdParty:1030 - CMSIS Pack Vendor :STMicroelectronics X-CUBE-AZRTOS-WB 1.1.0
2023-10-24 11:14:10,799 [INFO] ThirdParty:1030 - CMSIS Pack Vendor :SEGGER I-CUBE-embOS 1.3.1
2023-10-24 11:14:10,799 [INFO] ThirdParty:1030 - CMSIS Pack Vendor :STMicroelectronics X-CUBE-AZRTOS-L5 1.0.0
2023-10-24 11:14:10,799 [INFO] ThirdParty:1030 - CMSIS Pack Vendor :STMicroelectronics X-CUBE-EEPRMA1 3.1.1
2023-10-24 11:14:10,799 [INFO] ThirdParty:1030 - CMSIS Pack Vendor :STMicroelectronics X-CUBE-GNSS1 5.2.0
2023-10-24 11:14:10,799 [INFO] ThirdParty:1030 - CMSIS Pack Vendor :STMicroelectronics FP-ATR-ASTRA1 2.0.0
2023-10-24 11:14:10,799 [INFO] ThirdParty:1030 - CMSIS Pack Vendor :STMicroelectronics X-CUBE-TOF1 3.0.0
2023-10-24 11:14:10,799 [INFO] ThirdParty:841 - exiting critical section [change project]
2023-10-24 11:14:10,913 [INFO] PinOutPanel:1499 - setPackage(No Configuration,No Configuration)
2023-10-24 11:14:10,913 [INFO] PinOutPanel:1499 - setPackage(STM32F103ZETx,LQFP144)
2023-10-24 11:14:11,103 [INFO] UtilMem:75 - Before build in PCC Used Memory: 649500944 Bytes (1073741824)
2023-10-24 11:14:11,244 [INFO] UtilMem:75 - After build in PCC Used Memory: 620829280 Bytes (1073741824)
2023-10-24 11:14:11,262 [INFO] IPUIPlugin:80 - create IPUIPlugin
2023-10-24 11:14:11,263 [INFO] IPUIPlugin:80 - create IPUIPlugin
2023-10-24 11:14:11,263 [INFO] IPUIPlugin:80 - create IPUIPlugin
2023-10-24 11:14:11,263 [INFO] IPUIPlugin:80 - create IPUIPlugin
2023-10-24 11:14:11,263 [INFO] IPUIPlugin:80 - create IPUIPlugin
2023-10-24 11:14:11,263 [INFO] IPUIPlugin:80 - create IPUIPlugin
2023-10-24 11:14:11,263 [INFO] IPUIPlugin:80 - create IPUIPlugin
2023-10-24 11:14:11,263 [INFO] IPUIPlugin:80 - create IPUIPlugin
2023-10-24 11:14:11,263 [INFO] IPUIPlugin:80 - create IPUIPlugin
2023-10-24 11:14:11,263 [INFO] IPUIPlugin:80 - create IPUIPlugin
2023-10-24 11:14:11,263 [INFO] IPUIPlugin:80 - create IPUIPlugin
2023-10-24 11:14:11,263 [INFO] IPUIPlugin:80 - create IPUIPlugin
2023-10-24 11:14:11,263 [INFO] IPUIPlugin:80 - create IPUIPlugin
2023-10-24 11:14:11,263 [INFO] IPUIPlugin:80 - create IPUIPlugin
2023-10-24 11:14:11,263 [INFO] IPUIPlugin:80 - create IPUIPlugin
2023-10-24 11:14:11,263 [INFO] IPUIPlugin:80 - create IPUIPlugin
2023-10-24 11:14:11,263 [INFO] IPUIPlugin:80 - create IPUIPlugin
2023-10-24 11:14:11,264 [INFO] IPUIPlugin:80 - create IPUIPlugin
2023-10-24 11:14:11,264 [INFO] IPUIPlugin:80 - create IPUIPlugin
2023-10-24 11:14:11,264 [INFO] IPUIPlugin:80 - create IPUIPlugin
2023-10-24 11:14:11,264 [INFO] IPUIPlugin:80 - create IPUIPlugin
2023-10-24 11:14:11,264 [INFO] IPUIPlugin:80 - create IPUIPlugin
2023-10-24 11:14:11,264 [INFO] IPUIPlugin:80 - create IPUIPlugin
2023-10-24 11:14:11,264 [INFO] IPUIPlugin:80 - create IPUIPlugin
2023-10-24 11:14:11,264 [INFO] IPUIPlugin:80 - create IPUIPlugin
2023-10-24 11:14:11,264 [INFO] IPUIPlugin:80 - create IPUIPlugin
2023-10-24 11:14:11,264 [INFO] IPUIPlugin:80 - create IPUIPlugin
2023-10-24 11:14:11,265 [INFO] IPUIPlugin:80 - create IPUIPlugin
2023-10-24 11:14:11,265 [INFO] IPUIPlugin:80 - create IPUIPlugin
2023-10-24 11:14:11,265 [INFO] IPUIPlugin:80 - create IPUIPlugin
2023-10-24 11:14:11,265 [INFO] IPUIPlugin:80 - create IPUIPlugin
2023-10-24 11:14:11,265 [INFO] IPUIPlugin:80 - create IPUIPlugin
2023-10-24 11:14:11,265 [INFO] IPUIPlugin:80 - create IPUIPlugin
2023-10-24 11:14:11,265 [INFO] IPUIPlugin:80 - create IPUIPlugin
2023-10-24 11:14:11,265 [INFO] IPUIPlugin:80 - create IPUIPlugin
2023-10-24 11:14:11,266 [INFO] IPUIPlugin:80 - create IPUIPlugin
2023-10-24 11:14:11,266 [INFO] IPUIPlugin:80 - create IPUIPlugin
2023-10-24 11:14:11,266 [INFO] IPUIPlugin:80 - create IPUIPlugin
2023-10-24 11:14:11,266 [INFO] IPUIPlugin:80 - create IPUIPlugin
2023-10-24 11:14:11,266 [INFO] IPUIPlugin:80 - create IPUIPlugin
2023-10-24 11:14:11,322 [INFO] CADModel:165 - CPN selected for project levelSTM32F103ZET6
2023-10-24 11:14:11,322 [INFO] CADModel:114 - Register for checkConnection events
2023-10-24 11:14:11,384 [INFO] OpenFileManager:328 - Restore cursor
2023-10-24 11:14:18,506 [INFO] Gpio:273 - dependency for GPIO [FSMC, RCC, SYS, USART1]
2023-10-24 15:16:02,636 [INFO] MainUpdater:2868 - connection check result : 10
2023-10-24 15:16:02,636 [INFO] MainUpdater:2868 - connection check result : 10
2023-10-24 15:16:07,034 [INFO] MicroXplorer:468 - Change Database Path : 
2023-10-24 15:16:07,034 [INFO] MicroXplorer:498 - Change Database Version : DB.6.0.91
2023-10-24 15:16:07,054 [WARN] ThirdParty:871 - waiting for thirdparty lock release [close project]
2023-10-24 15:16:07,054 [INFO] ThirdParty:873 - entering critical section [close project]
2023-10-24 15:16:07,054 [INFO] ThirdParty:883 - exiting critical section [close project]
2023-10-24 15:16:07,055 [INFO] PinOutPanel:1499 - setPackage(No Configuration,No Configuration)
2023-10-24 15:16:07,065 [INFO] UtilMem:75 - Begin LoadConfig() Used Memory: 596620064 Bytes (1073741824)
2023-10-24 15:16:07,066 [INFO] MicroXplorer:468 - Change Database Path : 
2023-10-24 15:16:07,066 [INFO] MicroXplorer:498 - Change Database Version : DB.6.0.91
2023-10-24 15:16:07,066 [INFO] OpenFileManager:308 - Change cursor
2023-10-24 15:16:07,073 [INFO] Mcu:1946 - Initializing MCU STM32F103Z(C-D-E)Tx STM32F103ZETx STM32F103ZET6
2023-10-24 15:16:07,914 [INFO] Context:659 - Trying to add GPIOservice into a context  which must be forbidden
2023-10-24 15:16:08,102 [INFO] RtosManager:555 - Registered RTOS mode: class=CMSIS, group=RTOS, mode=CMSIS_V1, owner=FREERTOS
2023-10-24 15:16:08,102 [INFO] RtosManager:555 - Registered RTOS mode: class=CMSIS, group=RTOS2, mode=CMSIS_V2, owner=FREERTOS
2023-10-24 15:16:08,102 [INFO] RtosManager:555 - Registered RTOS mode: class=RTOS, group=Core, mode=CMSIS_V1, owner=FREERTOS
2023-10-24 15:16:08,102 [INFO] RtosManager:555 - Registered RTOS mode: class=RTOS, group=Core, mode=CMSIS_V2, owner=FREERTOS
2023-10-24 15:16:08,102 [WARN] ModelIntegratedComponent:184 - Missing modes for component STMicroelectronics:FreeRTOS:0.0.1:STMicroelectronics:RTOS:FreeRTOS:Core:::10.2.0:
2023-10-24 15:16:08,105 [WARN] ModelIntegratedComponent:63 - No mode defined for component null
2023-10-24 15:16:08,105 [WARN] ModelIntegratedComponent:63 - No mode defined for component null
2023-10-24 15:16:08,105 [WARN] ModelIntegratedComponent:63 - No mode defined for component null
2023-10-24 15:16:08,105 [WARN] ModelIntegratedComponent:63 - No mode defined for component null
2023-10-24 15:16:08,105 [WARN] ModelIntegratedComponent:63 - No mode defined for component null
2023-10-24 15:16:08,105 [WARN] ModelIntegratedComponent:63 - No mode defined for component null
2023-10-24 15:16:08,105 [WARN] ModelIntegratedComponent:63 - No mode defined for component null
2023-10-24 15:16:08,105 [WARN] ModelIntegratedComponent:63 - No mode defined for component null
2023-10-24 15:16:08,105 [WARN] ModelIntegratedComponent:63 - No mode defined for component null
2023-10-24 15:16:08,105 [WARN] ModelIntegratedComponent:63 - No mode defined for component null
2023-10-24 15:16:08,105 [WARN] ModelIntegratedComponent:63 - No mode defined for component null
2023-10-24 15:16:08,105 [WARN] ModelIntegratedComponent:63 - No mode defined for component null
2023-10-24 15:16:08,105 [WARN] ModelIntegratedComponent:63 - No mode defined for component null
2023-10-24 15:16:08,105 [WARN] ModelIntegratedComponent:63 - No mode defined for component null
2023-10-24 15:16:08,105 [WARN] ModelIntegratedComponent:63 - No mode defined for component null
2023-10-24 15:16:08,105 [WARN] ModelIntegratedComponent:63 - No mode defined for component null
2023-10-24 15:16:08,105 [WARN] ModelIntegratedComponent:63 - No mode defined for component null
2023-10-24 15:16:08,105 [WARN] ModelIntegratedComponent:63 - No mode defined for component null
2023-10-24 15:16:08,105 [WARN] ModelIntegratedComponent:63 - No mode defined for component null
2023-10-24 15:16:08,105 [WARN] ModelIntegratedComponent:63 - No mode defined for component null
2023-10-24 15:16:08,105 [WARN] ModelIntegratedComponent:63 - No mode defined for component null
2023-10-24 15:16:08,105 [WARN] ModelIntegratedComponent:63 - No mode defined for component null
2023-10-24 15:16:08,105 [WARN] ModelIntegratedComponent:63 - No mode defined for component null
2023-10-24 15:16:08,105 [WARN] ModelIntegratedComponent:63 - No mode defined for component null
2023-10-24 15:16:08,105 [WARN] ModelIntegratedComponent:63 - No mode defined for component null
2023-10-24 15:16:08,105 [WARN] ModelIntegratedComponent:63 - No mode defined for component null
2023-10-24 15:16:08,105 [WARN] ModelIntegratedComponent:63 - No mode defined for component null
2023-10-24 15:16:08,105 [WARN] ModelIntegratedComponent:63 - No mode defined for component null
2023-10-24 15:16:08,105 [WARN] ModelIntegratedComponent:63 - No mode defined for component null
2023-10-24 15:16:08,105 [WARN] ModelIntegratedComponent:63 - No mode defined for component null
2023-10-24 15:16:08,105 [WARN] ModelIntegratedComponent:63 - No mode defined for component null
2023-10-24 15:16:08,105 [WARN] ModelIntegratedComponent:63 - No mode defined for component null
2023-10-24 15:16:08,105 [WARN] ModelIntegratedComponent:63 - No mode defined for component null
2023-10-24 15:16:08,299 [INFO] ThirdPartyModel:298 - Start build external matchings
2023-10-24 15:16:10,565 [INFO] ThirdPartyModel:316 - End build external matchings
2023-10-24 15:16:10,596 [INFO] ImportTextPane:194 - (OptionalMessage_ERROR) IP (RCC) : Parameter (ADCFreqValue) has invalid value (36000000)
2023-10-24 15:16:10,596 [INFO] ImportTextPane:194 - (OptionalMessage_ERROR) IP (RCC) : Invalid parameter (FamilyName)
2023-10-24 15:16:10,596 [INFO] ImportTextPane:194 - (OptionalMessage_ERROR) IP (RCC) : Parameter (MCOFreq_Value) has invalid value (72000000)
2023-10-24 15:16:10,596 [INFO] ImportTextPane:194 - (OptionalMessage_ERROR) IP (RCC) : Parameter (USBFreq_Value) has invalid value (72000000)
2023-10-24 15:16:10,871 [INFO] UtilMem:75 - End LoadConfig() Used Memory: 893167928 Bytes (1073741824)
2023-10-24 15:16:10,917 [WARN] ThirdParty:833 - waiting for thirdparty lock release [change project]
2023-10-24 15:16:10,918 [INFO] ThirdParty:835 - entering critical section [change project]
2023-10-24 15:16:10,918 [INFO] ThirdParty:1030 - CMSIS Pack Vendor :STMicroelectronics USBPD 4.1
2023-10-24 15:16:10,918 [INFO] ThirdParty:1030 - CMSIS Pack Vendor :STMicroelectronics X-CUBE-GNSS1 6.0.0
2023-10-24 15:16:10,918 [INFO] ThirdParty:1030 - CMSIS Pack Vendor :STMicroelectronics USB_HOST 2.0.0
2023-10-24 15:16:10,918 [INFO] ThirdParty:1030 - CMSIS Pack Vendor :STMicroelectronics X-CUBE-AZRTOS-F4 1.1.0
2023-10-24 15:16:10,918 [INFO] ThirdParty:1030 - CMSIS Pack Vendor :STMicroelectronics LIBJPEG 8.0.0
2023-10-24 15:16:10,918 [INFO] ThirdParty:1030 - CMSIS Pack Vendor :wolfSSL I-CUBE-wolfSSL 5.6.3
2023-10-24 15:16:10,918 [INFO] ThirdParty:1030 - CMSIS Pack Vendor :STMicroelectronics X-CUBE-SMBUS 2.1.0
2023-10-24 15:16:10,918 [INFO] ThirdParty:1030 - CMSIS Pack Vendor :wolfSSL I-CUBE-wolfSSL 5.6.0
2023-10-24 15:16:10,918 [INFO] ThirdParty:1030 - CMSIS Pack Vendor :STMicroelectronics X-CUBE-MEMS1 9.2.0
2023-10-24 15:16:10,918 [INFO] ThirdParty:1030 - CMSIS Pack Vendor :STMicroelectronics X-CUBE-BLEMGR 1.2.0
2023-10-24 15:16:10,918 [INFO] ThirdParty:1030 - CMSIS Pack Vendor :STMicroelectronics X-CUBE-AZRTOS-F7 1.1.0
2023-10-24 15:16:10,918 [INFO] ThirdParty:1030 - CMSIS Pack Vendor :STMicroelectronics X-CUBE-AZRTOS-L5 2.0.0
2023-10-24 15:16:10,918 [INFO] ThirdParty:1030 - CMSIS Pack Vendor :STMicroelectronics USB_DEVICE 2.0.0
2023-10-24 15:16:10,918 [INFO] ThirdParty:1030 - CMSIS Pack Vendor :STMicroelectronics X-CUBE-MEMS1 9.6.0
2023-10-24 15:16:10,918 [INFO] ThirdParty:1030 - CMSIS Pack Vendor :ITTIA_DB I-CUBE-ITTIADB 8.8.0
2023-10-24 15:16:10,918 [INFO] ThirdParty:1030 - CMSIS Pack Vendor :STMicroelectronics X-CUBE-AI 7.1.0
2023-10-24 15:16:10,918 [INFO] ThirdParty:1030 - CMSIS Pack Vendor :STMicroelectronics X-CUBE-TOUCHGFX 4.19.1
2023-10-24 15:16:10,918 [INFO] ThirdParty:1030 - CMSIS Pack Vendor :STMicroelectronics FP-SNS-MOTENV1 4.3.2
2023-10-24 15:16:10,918 [INFO] ThirdParty:1030 - CMSIS Pack Vendor :STMicroelectronics X-CUBE-BLE1 6.2.3
2023-10-24 15:16:10,918 [INFO] ThirdParty:1030 - CMSIS Pack Vendor :STMicroelectronics X-CUBE-BLE1 6.2.4
2023-10-24 15:16:10,918 [INFO] ThirdParty:1030 - CMSIS Pack Vendor :STMicroelectronics FreeRTOS 0.0.1
2023-10-24 15:16:10,918 [INFO] ThirdParty:1030 - CMSIS Pack Vendor :STMicroelectronics X-CUBE-BLEMGR 2.0.0
2023-10-24 15:16:10,918 [INFO] ThirdParty:1030 - CMSIS Pack Vendor :STMicroelectronics FP-SNS-FLIGHT1 5.0.2
2023-10-24 15:16:10,918 [INFO] ThirdParty:1030 - CMSIS Pack Vendor :STMicroelectronics X-CUBE-NFC4 2.0.5
2023-10-24 15:16:10,918 [INFO] ThirdParty:1030 - CMSIS Pack Vendor :STMicroelectronics X-CUBE-BLE2 3.2.2
2023-10-24 15:16:10,918 [INFO] ThirdParty:1030 - CMSIS Pack Vendor :STMicroelectronics X-CUBE-NFC4 2.0.4
2023-10-24 15:16:10,918 [INFO] ThirdParty:1030 - CMSIS Pack Vendor :STMicroelectronics X-CUBE-AZRTOS-H7 3.1.0
2023-10-24 15:16:10,918 [INFO] ThirdParty:1030 - CMSIS Pack Vendor :STMicroelectronics PDM2PCM 3.3.0
2023-10-24 15:16:10,918 [INFO] ThirdParty:1030 - CMSIS Pack Vendor :STMicroelectronics X-CUBE-TOF1 3.1.0
2023-10-24 15:16:10,918 [INFO] ThirdParty:1030 - CMSIS Pack Vendor :STMicroelectronics X-CUBE-SFXS2LP1 3.1.0
2023-10-24 15:16:10,918 [INFO] ThirdParty:1030 - CMSIS Pack Vendor :STMicroelectronics X-CUBE-DISPLAY 3.0.0
2023-10-24 15:16:10,918 [INFO] ThirdParty:1030 - CMSIS Pack Vendor :STMicroelectronics X-CUBE-AZRTOS-F4 1.0.0
2023-10-24 15:16:10,918 [INFO] ThirdParty:1030 - CMSIS Pack Vendor :STMicroelectronics X-CUBE-BLE1 7.0.0
2023-10-24 15:16:10,918 [INFO] ThirdParty:1030 - CMSIS Pack Vendor :STMicroelectronics HAL Drivers 0.0.0
2023-10-24 15:16:10,918 [INFO] ThirdParty:1030 - CMSIS Pack Vendor :emotas I-CUBE-CANOPEN 1.3.0
2023-10-24 15:16:10,918 [INFO] ThirdParty:1030 - CMSIS Pack Vendor :STMicroelectronics X-CUBE-TOUCHGFX 4.22.0
2023-10-24 15:16:10,918 [INFO] ThirdParty:1030 - CMSIS Pack Vendor :STMicroelectronics X-CUBE-NFC7 1.0.1
2023-10-24 15:16:10,918 [INFO] ThirdParty:1030 - CMSIS Pack Vendor :STMicroelectronics MBEDTLS 2.14.1
2023-10-24 15:16:10,918 [INFO] ThirdParty:1030 - CMSIS Pack Vendor :STMicroelectronics X-CUBE-NFC7 1.0.0
2023-10-24 15:16:10,918 [INFO] ThirdParty:1030 - CMSIS Pack Vendor :STMicroelectronics X-CUBE-TOUCHGFX 4.22.1
2023-10-24 15:16:10,918 [INFO] ThirdParty:1030 - CMSIS Pack Vendor :STMicroelectronics X-CUBE-NFC6 3.0.0
2023-10-24 15:16:10,918 [INFO] ThirdParty:1030 - CMSIS Pack Vendor :STMicroelectronics X-CUBE-MEMS1 9.3.0
2023-10-24 15:16:10,918 [INFO] ThirdParty:1030 - CMSIS Pack Vendor :STMicroelectronics X-CUBE-EEPRMA1 4.1.0
2023-10-24 15:16:10,918 [INFO] ThirdParty:1030 - CMSIS Pack Vendor :STMicroelectronics X-CUBE-AI 7.2.0
2023-10-24 15:16:10,918 [INFO] ThirdParty:1030 - CMSIS Pack Vendor :STMicroelectronics FP-SNS-SMARTAG2 1.2.0
2023-10-24 15:16:10,918 [INFO] ThirdParty:1030 - CMSIS Pack Vendor :STMicroelectronics X-CUBE-AZRTOS-WL 2.0.0
2023-10-24 15:16:10,918 [INFO] ThirdParty:1030 - CMSIS Pack Vendor :STMicroelectronics USB_DEVICE 1.0.0
2023-10-24 15:16:10,918 [INFO] ThirdParty:1030 - CMSIS Pack Vendor :STMicroelectronics X-CUBE-AI 8.1.0
2023-10-24 15:16:10,918 [INFO] ThirdParty:1030 - CMSIS Pack Vendor :STMicroelectronics X-CUBE-AZRTOS-G0 1.0.0
2023-10-24 15:16:10,918 [INFO] ThirdParty:1030 - CMSIS Pack Vendor :STMicroelectronics X-CUBE-AZRTOS-L4 2.0.0
2023-10-24 15:16:10,918 [INFO] ThirdParty:1030 - CMSIS Pack Vendor :STMicroelectronics ThreadX 0.0.2
2023-10-24 15:16:10,918 [INFO] ThirdParty:1030 - CMSIS Pack Vendor :WES I-CUBE-Cesium 1.3.0
2023-10-24 15:16:10,918 [INFO] ThirdParty:1030 - CMSIS Pack Vendor :STMicroelectronics lwIP 2.1.2
2023-10-24 15:16:10,918 [INFO] ThirdParty:1030 - CMSIS Pack Vendor :STMicroelectronics X-CUBE-SFXS2LP1 4.0.0
2023-10-24 15:16:10,918 [INFO] ThirdParty:1030 - CMSIS Pack Vendor :STMicroelectronics X-CUBE-BLE2 3.3.0
2023-10-24 15:16:10,919 [INFO] ThirdParty:1030 - CMSIS Pack Vendor :STMicroelectronics X-CUBE-DISPLAY 2.2.0
2023-10-24 15:16:10,919 [INFO] ThirdParty:1030 - CMSIS Pack Vendor :STMicroelectronics X-CUBE-TOF1 3.2.0
2023-10-24 15:16:10,919 [INFO] ThirdParty:1030 - CMSIS Pack Vendor :STMicroelectronics PDM2PCM 3.2.0
2023-10-24 15:16:10,919 [INFO] ThirdParty:1030 - CMSIS Pack Vendor :STMicroelectronics X-CUBE-AZRTOS-H7 3.0.0
2023-10-24 15:16:10,919 [INFO] ThirdParty:1030 - CMSIS Pack Vendor :STMicroelectronics X-CUBE-ISPU 1.0.0
2023-10-24 15:16:10,919 [INFO] ThirdParty:1030 - CMSIS Pack Vendor :STMicroelectronics X-CUBE-ISPU 1.1.0
2023-10-24 15:16:10,919 [INFO] ThirdParty:1030 - CMSIS Pack Vendor :RoweBots I-CUBE-UNISONRTOS 5.5.0-4
2023-10-24 15:16:10,919 [INFO] ThirdParty:1030 - CMSIS Pack Vendor :STMicroelectronics X-CUBE-AZRTOS-H7 2.1.0
2023-10-24 15:16:10,919 [INFO] ThirdParty:1030 - CMSIS Pack Vendor :STMicroelectronics USB_DEVICE 3.0.0
2023-10-24 15:16:10,919 [INFO] ThirdParty:1030 - CMSIS Pack Vendor :STMicroelectronics X-CUBE-AI 8.0.0
2023-10-24 15:16:10,919 [INFO] ThirdParty:1030 - CMSIS Pack Vendor :STMicroelectronics X-CUBE-AZRTOS-WB 2.0.0
2023-10-24 15:16:10,919 [INFO] ThirdParty:1030 - CMSIS Pack Vendor :STMicroelectronics X-CUBE-FREERTOS 1.0.1
2023-10-24 15:16:10,919 [INFO] ThirdParty:1030 - CMSIS Pack Vendor :STMicroelectronics X-CUBE-TOUCHGFX 4.21.1
2023-10-24 15:16:10,919 [INFO] ThirdParty:1030 - CMSIS Pack Vendor :STMicroelectronics X-CUBE-TOUCHGFX 4.21.0
2023-10-24 15:16:10,919 [INFO] ThirdParty:1030 - CMSIS Pack Vendor :STMicroelectronics X-CUBE-TOUCHGFX 4.21.3
2023-10-24 15:16:10,919 [INFO] ThirdParty:1030 - CMSIS Pack Vendor :STMicroelectronics X-CUBE-TOUCHGFX 4.21.4
2023-10-24 15:16:10,919 [INFO] ThirdParty:1030 - CMSIS Pack Vendor :STMicroelectronics X-CUBE-MEMS1 9.4.0
2023-10-24 15:16:10,919 [INFO] ThirdParty:1030 - CMSIS Pack Vendor :STMicroelectronics X-CUBE-AI 7.3.0
2023-10-24 15:16:10,919 [INFO] ThirdParty:1030 - CMSIS Pack Vendor :STMicroelectronics X-CUBE-ALGOBUILD 1.3.0
2023-10-24 15:16:10,919 [INFO] ThirdParty:1030 - CMSIS Pack Vendor :STMicroelectronics X-CUBE-AZRTOS-L5 1.1.0
2023-10-24 15:16:10,919 [INFO] ThirdParty:1030 - CMSIS Pack Vendor :STMicroelectronics X-CUBE-AZRTOS-G0 1.1.0
2023-10-24 15:16:10,919 [INFO] ThirdParty:1030 - CMSIS Pack Vendor :STMicroelectronics X-CUBE-AI 8.0.1
2023-10-24 15:16:10,919 [INFO] ThirdParty:1030 - CMSIS Pack Vendor :STMicroelectronics X-CUBE-NFC4 3.0.0
2023-10-24 15:16:10,919 [INFO] ThirdParty:1030 - CMSIS Pack Vendor :SEGGER I-CUBE-embOS 1.2.0
2023-10-24 15:16:10,919 [INFO] ThirdParty:1030 - CMSIS Pack Vendor :STMicroelectronics X-CUBE-SUBG2 5.0.0
2023-10-24 15:16:10,919 [INFO] ThirdParty:1030 - CMSIS Pack Vendor :STMicroelectronics STM32_WPAN 1.0.0
2023-10-24 15:16:10,919 [INFO] ThirdParty:1030 - CMSIS Pack Vendor :STMicroelectronics lwIP 2.0.3
2023-10-24 15:16:10,919 [INFO] ThirdParty:1030 - CMSIS Pack Vendor :STMicroelectronics USB_HOST 1.0.0
2023-10-24 15:16:10,919 [INFO] ThirdParty:1030 - CMSIS Pack Vendor :STMicroelectronics X-CUBE-TOF1 3.3.1
2023-10-24 15:16:10,919 [INFO] ThirdParty:1030 - CMSIS Pack Vendor :STMicroelectronics X-CUBE-AZRTOS-G4 2.0.0
2023-10-24 15:16:10,919 [INFO] ThirdParty:1030 - CMSIS Pack Vendor :STMicroelectronics PDM2PCM 3.1.0
2023-10-24 15:16:10,919 [INFO] ThirdParty:1030 - CMSIS Pack Vendor :STMicroelectronics X-CUBE-TOF1 3.3.0
2023-10-24 15:16:10,919 [INFO] ThirdParty:1030 - CMSIS Pack Vendor :STMicroelectronics FP-ATR-ASTRA1 1.1.1
2023-10-24 15:16:10,919 [INFO] ThirdParty:1030 - CMSIS Pack Vendor :Infineon AIROC-Wi-Fi-Bluetooth-STM32 1.5.1
2023-10-24 15:16:10,919 [INFO] ThirdParty:1030 - CMSIS Pack Vendor :STMicroelectronics FP-ATR-ASTRA1 1.1.0
2023-10-24 15:16:10,919 [INFO] ThirdParty:1030 - CMSIS Pack Vendor :STMicroelectronics X-CUBE-BLEMGR 1.3.0
2023-10-24 15:16:10,919 [INFO] ThirdParty:1030 - CMSIS Pack Vendor :STMicroelectronics FP-ATR-SIGFOX1 3.2.0
2023-10-24 15:16:10,919 [INFO] ThirdParty:1030 - CMSIS Pack Vendor :STMicroelectronics X-CUBE-AZRTOS-G4 1.0.0
2023-10-24 15:16:10,919 [INFO] ThirdParty:1030 - CMSIS Pack Vendor :wolfSSL I-CUBE-wolfSSL 5.3.0
2023-10-24 15:16:10,919 [INFO] ThirdParty:1030 - CMSIS Pack Vendor :STMicroelectronics X-CUBE-AZRTOS-L4 1.0.0
2023-10-24 15:16:10,919 [INFO] ThirdParty:1030 - CMSIS Pack Vendor :STMicroelectronics MBEDTLS 2.16.2
2023-10-24 15:16:10,919 [INFO] ThirdParty:1030 - CMSIS Pack Vendor :emotas I-CUBE-CANOPEN 1.1.2
2023-10-24 15:16:10,919 [INFO] ThirdParty:1030 - CMSIS Pack Vendor :STMicroelectronics X-CUBE-TOUCHGFX 4.20.0
2023-10-24 15:16:10,919 [INFO] ThirdParty:1030 - CMSIS Pack Vendor :STMicroelectronics X-CUBE-MEMS1 10.0.0
2023-10-24 15:16:10,919 [INFO] ThirdParty:1030 - CMSIS Pack Vendor :STMicroelectronics X-CUBE-FREERTOS 1.1.0
2023-10-24 15:16:10,919 [INFO] ThirdParty:1030 - CMSIS Pack Vendor :STMicroelectronics X-CUBE-AZRTOS-F7 1.0.0
2023-10-24 15:16:10,919 [INFO] ThirdParty:1030 - CMSIS Pack Vendor :STMicroelectronics X-CUBE-AZRTOS-WL 1.0.0
2023-10-24 15:16:10,919 [INFO] ThirdParty:1030 - CMSIS Pack Vendor :portGmbH I-Cube-SoM-uGOAL 1.1.0
2023-10-24 15:16:10,919 [INFO] ThirdParty:1030 - CMSIS Pack Vendor :STMicroelectronics X-CUBE-ALS 1.0.1
2023-10-24 15:16:10,919 [INFO] ThirdParty:1030 - CMSIS Pack Vendor :STMicroelectronics X-CUBE-MEMS1 9.5.0
2023-10-24 15:16:10,919 [INFO] ThirdParty:1030 - CMSIS Pack Vendor :STMicroelectronics ThreadX 1.0.0
2023-10-24 15:16:10,919 [INFO] ThirdParty:1030 - CMSIS Pack Vendor :STMicroelectronics X-CUBE-AZRTOS-WB 1.1.0
2023-10-24 15:16:10,919 [INFO] ThirdParty:1030 - CMSIS Pack Vendor :SEGGER I-CUBE-embOS 1.3.1
2023-10-24 15:16:10,919 [INFO] ThirdParty:1030 - CMSIS Pack Vendor :STMicroelectronics X-CUBE-AZRTOS-L5 1.0.0
2023-10-24 15:16:10,919 [INFO] ThirdParty:1030 - CMSIS Pack Vendor :STMicroelectronics X-CUBE-EEPRMA1 3.1.1
2023-10-24 15:16:10,919 [INFO] ThirdParty:1030 - CMSIS Pack Vendor :STMicroelectronics X-CUBE-GNSS1 5.2.0
2023-10-24 15:16:10,919 [INFO] ThirdParty:1030 - CMSIS Pack Vendor :STMicroelectronics FP-ATR-ASTRA1 2.0.0
2023-10-24 15:16:10,919 [INFO] ThirdParty:1030 - CMSIS Pack Vendor :STMicroelectronics X-CUBE-TOF1 3.0.0
2023-10-24 15:16:10,919 [INFO] ThirdParty:841 - exiting critical section [change project]
2023-10-24 15:16:11,034 [INFO] PinOutPanel:1499 - setPackage(No Configuration,No Configuration)
2023-10-24 15:16:11,034 [INFO] PinOutPanel:1499 - setPackage(STM32F103ZETx,LQFP144)
2023-10-24 15:16:11,214 [INFO] UtilMem:75 - Before build in PCC Used Memory: 788841584 Bytes (1073741824)
2023-10-24 15:16:11,345 [INFO] UtilMem:75 - After build in PCC Used Memory: 832149368 Bytes (1073741824)
2023-10-24 15:16:11,360 [INFO] IPUIPlugin:80 - create IPUIPlugin
2023-10-24 15:16:11,360 [INFO] IPUIPlugin:80 - create IPUIPlugin
2023-10-24 15:16:11,360 [INFO] IPUIPlugin:80 - create IPUIPlugin
2023-10-24 15:16:11,360 [INFO] IPUIPlugin:80 - create IPUIPlugin
2023-10-24 15:16:11,360 [INFO] IPUIPlugin:80 - create IPUIPlugin
2023-10-24 15:16:11,360 [INFO] IPUIPlugin:80 - create IPUIPlugin
2023-10-24 15:16:11,360 [INFO] IPUIPlugin:80 - create IPUIPlugin
2023-10-24 15:16:11,360 [INFO] IPUIPlugin:80 - create IPUIPlugin
2023-10-24 15:16:11,360 [INFO] IPUIPlugin:80 - create IPUIPlugin
2023-10-24 15:16:11,360 [INFO] IPUIPlugin:80 - create IPUIPlugin
2023-10-24 15:16:11,361 [INFO] IPUIPlugin:80 - create IPUIPlugin
2023-10-24 15:16:11,361 [INFO] IPUIPlugin:80 - create IPUIPlugin
2023-10-24 15:16:11,361 [INFO] IPUIPlugin:80 - create IPUIPlugin
2023-10-24 15:16:11,361 [INFO] IPUIPlugin:80 - create IPUIPlugin
2023-10-24 15:16:11,361 [INFO] IPUIPlugin:80 - create IPUIPlugin
2023-10-24 15:16:11,361 [INFO] IPUIPlugin:80 - create IPUIPlugin
2023-10-24 15:16:11,361 [INFO] IPUIPlugin:80 - create IPUIPlugin
2023-10-24 15:16:11,361 [INFO] IPUIPlugin:80 - create IPUIPlugin
2023-10-24 15:16:11,361 [INFO] IPUIPlugin:80 - create IPUIPlugin
2023-10-24 15:16:11,361 [INFO] IPUIPlugin:80 - create IPUIPlugin
2023-10-24 15:16:11,361 [INFO] IPUIPlugin:80 - create IPUIPlugin
2023-10-24 15:16:11,362 [INFO] IPUIPlugin:80 - create IPUIPlugin
2023-10-24 15:16:11,362 [INFO] IPUIPlugin:80 - create IPUIPlugin
2023-10-24 15:16:11,362 [INFO] IPUIPlugin:80 - create IPUIPlugin
2023-10-24 15:16:11,362 [INFO] IPUIPlugin:80 - create IPUIPlugin
2023-10-24 15:16:11,362 [INFO] IPUIPlugin:80 - create IPUIPlugin
2023-10-24 15:16:11,362 [INFO] IPUIPlugin:80 - create IPUIPlugin
2023-10-24 15:16:11,362 [INFO] IPUIPlugin:80 - create IPUIPlugin
2023-10-24 15:16:11,362 [INFO] IPUIPlugin:80 - create IPUIPlugin
2023-10-24 15:16:11,362 [INFO] IPUIPlugin:80 - create IPUIPlugin
2023-10-24 15:16:11,362 [INFO] IPUIPlugin:80 - create IPUIPlugin
2023-10-24 15:16:11,362 [INFO] IPUIPlugin:80 - create IPUIPlugin
2023-10-24 15:16:11,363 [INFO] IPUIPlugin:80 - create IPUIPlugin
2023-10-24 15:16:11,363 [INFO] IPUIPlugin:80 - create IPUIPlugin
2023-10-24 15:16:11,363 [INFO] IPUIPlugin:80 - create IPUIPlugin
2023-10-24 15:16:11,363 [INFO] IPUIPlugin:80 - create IPUIPlugin
2023-10-24 15:16:11,363 [INFO] IPUIPlugin:80 - create IPUIPlugin
2023-10-24 15:16:11,363 [INFO] IPUIPlugin:80 - create IPUIPlugin
2023-10-24 15:16:11,363 [INFO] IPUIPlugin:80 - create IPUIPlugin
2023-10-24 15:16:11,364 [INFO] IPUIPlugin:80 - create IPUIPlugin
2023-10-24 15:16:11,411 [INFO] CADModel:165 - CPN selected for project levelSTM32F103ZET6
2023-10-24 15:16:11,411 [INFO] CADModel:114 - Register for checkConnection events
2023-10-24 15:16:11,464 [INFO] OpenFileManager:328 - Restore cursor
2023-10-24 15:16:50,939 [INFO] Gpio:273 - dependency for GPIO [FSMC, RCC, SYS, USART1]
2023-10-24 15:18:25,988 [INFO] UtilMem:75 - End SaveConfig() Used Memory: 839532696 Bytes (1073741824)
2023-10-24 15:18:26,443 [INFO] UtilMem:75 - End SaveConfig() Used Memory: 908127960 Bytes (1073741824)
2023-10-24 15:18:26,616 [INFO] BlockDiagram:2759 - set Specific Code input for plugin: FSMC
2023-10-24 15:18:26,616 [INFO] BlockDiagram:2759 - set Specific Code input for plugin: NVIC
2023-10-24 15:18:26,616 [INFO] BlockDiagram:2759 - set Specific Code input for plugin: USART
2023-10-24 15:18:26,616 [INFO] BlockDiagram:2759 - set Specific Code input for plugin: SYS
2023-10-24 15:18:26,616 [INFO] BlockDiagram:2759 - set Specific Code input for plugin: GPIO
2023-10-24 15:18:26,616 [INFO] BlockDiagram:2759 - set Specific Code input for plugin: RCC
2023-10-24 15:18:26,617 [INFO] CodeGenerator:799 - code generatio: config db path: H:\cubeide\STM32CubeIDE_1.13.1\STM32CubeIDE\plugins\com.st.stm32cube.common.mx_6.9.1.202307191849\\db\
2023-10-24 15:18:26,744 [INFO] CodeEngine:255 - oldGeneratedFile, H:\cubeide\STM32CubeIDE_DEMO\16_2_LowPower_Sleep\MXTmpFiles\license.tmp_save
2023-10-24 15:18:26,803 [INFO] CodeEngine:279 - Generated code: H:\cubeide\STM32CubeIDE_DEMO\16_2_LowPower_Sleep\MXTmpFiles\license.tmp
2023-10-24 15:18:26,833 [INFO] CodeEngine:255 - oldGeneratedFile, H:\cubeide\STM32CubeIDE_DEMO\16_2_LowPower_Sleep\Core\Src\gpio.c_save
2023-10-24 15:18:26,891 [INFO] CodeEngine:279 - Generated code: H:\cubeide\STM32CubeIDE_DEMO\16_2_LowPower_Sleep\Core\Src\gpio.c
2023-10-24 15:18:26,896 [INFO] CodeEngine:255 - oldGeneratedFile, H:\cubeide\STM32CubeIDE_DEMO\16_2_LowPower_Sleep\Core\Inc\gpio.h_save
2023-10-24 15:18:26,946 [INFO] CodeEngine:279 - Generated code: H:\cubeide\STM32CubeIDE_DEMO\16_2_LowPower_Sleep\Core\Inc\gpio.h
2023-10-24 15:18:27,014 [INFO] CodeEngine:255 - oldGeneratedFile, H:\cubeide\STM32CubeIDE_DEMO\16_2_LowPower_Sleep\Core\Src\fsmc.c_save
2023-10-24 15:18:27,079 [INFO] CodeEngine:279 - Generated code: H:\cubeide\STM32CubeIDE_DEMO\16_2_LowPower_Sleep\Core\Src\fsmc.c
2023-10-24 15:18:27,084 [INFO] CodeEngine:255 - oldGeneratedFile, H:\cubeide\STM32CubeIDE_DEMO\16_2_LowPower_Sleep\Core\Inc\fsmc.h_save
2023-10-24 15:18:27,133 [INFO] CodeEngine:279 - Generated code: H:\cubeide\STM32CubeIDE_DEMO\16_2_LowPower_Sleep\Core\Inc\fsmc.h
2023-10-24 15:18:27,143 [INFO] CodeEngine:255 - oldGeneratedFile, H:\cubeide\STM32CubeIDE_DEMO\16_2_LowPower_Sleep\Core\Src\usart.c_save
2023-10-24 15:18:27,232 [INFO] CodeEngine:279 - Generated code: H:\cubeide\STM32CubeIDE_DEMO\16_2_LowPower_Sleep\Core\Src\usart.c
2023-10-24 15:18:27,237 [INFO] CodeEngine:255 - oldGeneratedFile, H:\cubeide\STM32CubeIDE_DEMO\16_2_LowPower_Sleep\Core\Inc\usart.h_save
2023-10-24 15:18:27,287 [INFO] CodeEngine:279 - Generated code: H:\cubeide\STM32CubeIDE_DEMO\16_2_LowPower_Sleep\Core\Inc\usart.h
2023-10-24 15:18:27,298 [INFO] CodeEngine:255 - oldGeneratedFile, H:\cubeide\STM32CubeIDE_DEMO\16_2_LowPower_Sleep\Core\Src\stm32f1xx_it.c_save
2023-10-24 15:18:27,409 [INFO] CodeEngine:279 - Generated code: H:\cubeide\STM32CubeIDE_DEMO\16_2_LowPower_Sleep\Core\Src\stm32f1xx_it.c
2023-10-24 15:18:27,415 [INFO] CodeEngine:255 - oldGeneratedFile, H:\cubeide\STM32CubeIDE_DEMO\16_2_LowPower_Sleep\Core\Inc\stm32f1xx_it.h_save
2023-10-24 15:18:27,467 [INFO] CodeEngine:279 - Generated code: H:\cubeide\STM32CubeIDE_DEMO\16_2_LowPower_Sleep\Core\Inc\stm32f1xx_it.h
2023-10-24 15:18:27,477 [INFO] CodeEngine:255 - oldGeneratedFile, H:\cubeide\STM32CubeIDE_DEMO\16_2_LowPower_Sleep\Core\Src\stm32f1xx_hal_msp.c_save
2023-10-24 15:18:27,543 [INFO] CodeEngine:279 - Generated code: H:\cubeide\STM32CubeIDE_DEMO\16_2_LowPower_Sleep\Core\Src\stm32f1xx_hal_msp.c
2023-10-24 15:18:27,547 [INFO] CodeEngine:255 - oldGeneratedFile, H:\cubeide\STM32CubeIDE_DEMO\16_2_LowPower_Sleep\MXTmpFiles\system.tmp_save
2023-10-24 15:18:27,594 [INFO] CodeEngine:279 - Generated code: H:\cubeide\STM32CubeIDE_DEMO\16_2_LowPower_Sleep\MXTmpFiles\system.tmp
2023-10-24 15:18:27,602 [INFO] CodeEngine:311 - oldGeneratedFile, H:\cubeide\STM32CubeIDE_DEMO\16_2_LowPower_Sleep\Core\Inc\stm32f1xx_hal_conf.h_save
2023-10-24 15:18:27,654 [INFO] CodeEngine:335 - Generated code: H:\cubeide\STM32CubeIDE_DEMO\16_2_LowPower_Sleep\Core\Inc\stm32f1xx_hal_conf.h
2023-10-24 15:18:27,671 [INFO] CodeEngine:255 - oldGeneratedFile, H:\cubeide\STM32CubeIDE_DEMO\16_2_LowPower_Sleep\Core\Inc\main.h_save
2023-10-24 15:18:27,732 [INFO] CodeEngine:279 - Generated code: H:\cubeide\STM32CubeIDE_DEMO\16_2_LowPower_Sleep\Core\Inc\main.h
2023-10-24 15:18:27,738 [INFO] CodeEngine:255 - oldGeneratedFile, H:\cubeide\STM32CubeIDE_DEMO\16_2_LowPower_Sleep\Core\Src\main.c_save
2023-10-24 15:18:27,804 [INFO] CodeEngine:279 - Generated code: H:\cubeide\STM32CubeIDE_DEMO\16_2_LowPower_Sleep\Core\Src\main.c
2023-10-24 15:18:28,320 [INFO] ProjectBuilder:3064 - Time for Copy HAL[1] : 234mS.
2023-10-24 15:18:28,323 [INFO] ProjectBuilder:4404 - Project Generator version: 4.1.0
2023-10-24 15:18:28,464 [INFO] ConfigFileManager:1457 - The Die is : DIE414
2023-10-24 15:18:28,466 [INFO] ApiDbMcu:507 - Load IP Config File for FATFS
2023-10-24 15:18:28,468 [INFO] ApiDbMcu:507 - Load IP Config File for FREERTOS
2023-10-24 15:18:28,471 [INFO] ApiDbMcu:507 - Load IP Config File for USB_DEVICE
2023-10-24 15:18:29,369 [INFO] ProjectBuilder:4626 - Time for Generating toolchain IDE Files: 1046mS.
2023-10-24 15:18:29,370 [INFO] ProjectBuilder:2935 - Time for Copy CMSIS : 1mS.
2023-10-24 15:18:29,371 [INFO] ProjectBuilder:2935 - Time for Copy CMSIS : 0mS.
2023-10-24 15:18:29,498 [INFO] UtilMem:75 - End SaveConfig() Used Memory: 840110640 Bytes (1073741824)
2023-10-24 15:18:29,680 [INFO] BlockDiagram:2759 - set Specific Code input for plugin: FSMC
2023-10-24 15:18:29,680 [INFO] BlockDiagram:2759 - set Specific Code input for plugin: NVIC
2023-10-24 15:18:29,680 [INFO] BlockDiagram:2759 - set Specific Code input for plugin: USART
2023-10-24 15:18:29,680 [INFO] BlockDiagram:2759 - set Specific Code input for plugin: SYS
2023-10-24 15:18:29,680 [INFO] BlockDiagram:2759 - set Specific Code input for plugin: GPIO
2023-10-24 15:18:29,680 [INFO] BlockDiagram:2759 - set Specific Code input for plugin: RCC
2023-10-24 15:18:29,682 [INFO] CodeGenerator:799 - code generatio: config db path: H:\cubeide\STM32CubeIDE_1.13.1\STM32CubeIDE\plugins\com.st.stm32cube.common.mx_6.9.1.202307191849\\db\
2023-10-24 15:18:29,841 [INFO] CodeEngine:255 - oldGeneratedFile, H:\cubeide\STM32CubeIDE_DEMO\16_2_LowPower_Sleep\MXTmpFiles\license.tmp_save
2023-10-24 15:18:29,893 [INFO] CodeEngine:279 - Generated code: H:\cubeide\STM32CubeIDE_DEMO\16_2_LowPower_Sleep\MXTmpFiles\license.tmp
2023-10-24 15:18:29,918 [INFO] CodeEngine:255 - oldGeneratedFile, H:\cubeide\STM32CubeIDE_DEMO\16_2_LowPower_Sleep\Core\Src\gpio.c_save
2023-10-24 15:18:29,969 [INFO] CodeEngine:279 - Generated code: H:\cubeide\STM32CubeIDE_DEMO\16_2_LowPower_Sleep\Core\Src\gpio.c
2023-10-24 15:18:29,973 [INFO] CodeEngine:255 - oldGeneratedFile, H:\cubeide\STM32CubeIDE_DEMO\16_2_LowPower_Sleep\Core\Inc\gpio.h_save
2023-10-24 15:18:30,021 [INFO] CodeEngine:279 - Generated code: H:\cubeide\STM32CubeIDE_DEMO\16_2_LowPower_Sleep\Core\Inc\gpio.h
2023-10-24 15:18:30,085 [INFO] CodeEngine:255 - oldGeneratedFile, H:\cubeide\STM32CubeIDE_DEMO\16_2_LowPower_Sleep\Core\Src\fsmc.c_save
2023-10-24 15:18:30,142 [INFO] CodeEngine:279 - Generated code: H:\cubeide\STM32CubeIDE_DEMO\16_2_LowPower_Sleep\Core\Src\fsmc.c
2023-10-24 15:18:30,147 [INFO] CodeEngine:255 - oldGeneratedFile, H:\cubeide\STM32CubeIDE_DEMO\16_2_LowPower_Sleep\Core\Inc\fsmc.h_save
2023-10-24 15:18:30,195 [INFO] CodeEngine:279 - Generated code: H:\cubeide\STM32CubeIDE_DEMO\16_2_LowPower_Sleep\Core\Inc\fsmc.h
2023-10-24 15:18:30,204 [INFO] CodeEngine:255 - oldGeneratedFile, H:\cubeide\STM32CubeIDE_DEMO\16_2_LowPower_Sleep\Core\Src\usart.c_save
2023-10-24 15:18:30,285 [INFO] CodeEngine:279 - Generated code: H:\cubeide\STM32CubeIDE_DEMO\16_2_LowPower_Sleep\Core\Src\usart.c
2023-10-24 15:18:30,290 [INFO] CodeEngine:255 - oldGeneratedFile, H:\cubeide\STM32CubeIDE_DEMO\16_2_LowPower_Sleep\Core\Inc\usart.h_save
2023-10-24 15:18:30,341 [INFO] CodeEngine:279 - Generated code: H:\cubeide\STM32CubeIDE_DEMO\16_2_LowPower_Sleep\Core\Inc\usart.h
2023-10-24 15:18:30,351 [INFO] CodeEngine:255 - oldGeneratedFile, H:\cubeide\STM32CubeIDE_DEMO\16_2_LowPower_Sleep\Core\Src\stm32f1xx_it.c_save
2023-10-24 15:18:30,405 [INFO] CodeEngine:279 - Generated code: H:\cubeide\STM32CubeIDE_DEMO\16_2_LowPower_Sleep\Core\Src\stm32f1xx_it.c
2023-10-24 15:18:30,410 [INFO] CodeEngine:255 - oldGeneratedFile, H:\cubeide\STM32CubeIDE_DEMO\16_2_LowPower_Sleep\Core\Inc\stm32f1xx_it.h_save
2023-10-24 15:18:30,459 [INFO] CodeEngine:279 - Generated code: H:\cubeide\STM32CubeIDE_DEMO\16_2_LowPower_Sleep\Core\Inc\stm32f1xx_it.h
2023-10-24 15:18:30,469 [INFO] CodeEngine:255 - oldGeneratedFile, H:\cubeide\STM32CubeIDE_DEMO\16_2_LowPower_Sleep\Core\Src\stm32f1xx_hal_msp.c_save
2023-10-24 15:18:30,542 [INFO] CodeEngine:279 - Generated code: H:\cubeide\STM32CubeIDE_DEMO\16_2_LowPower_Sleep\Core\Src\stm32f1xx_hal_msp.c
2023-10-24 15:18:30,546 [INFO] CodeEngine:255 - oldGeneratedFile, H:\cubeide\STM32CubeIDE_DEMO\16_2_LowPower_Sleep\MXTmpFiles\system.tmp_save
2023-10-24 15:18:30,591 [INFO] CodeEngine:279 - Generated code: H:\cubeide\STM32CubeIDE_DEMO\16_2_LowPower_Sleep\MXTmpFiles\system.tmp
2023-10-24 15:18:30,599 [INFO] CodeEngine:311 - oldGeneratedFile, H:\cubeide\STM32CubeIDE_DEMO\16_2_LowPower_Sleep\Core\Inc\stm32f1xx_hal_conf.h_save
2023-10-24 15:18:30,651 [INFO] CodeEngine:335 - Generated code: H:\cubeide\STM32CubeIDE_DEMO\16_2_LowPower_Sleep\Core\Inc\stm32f1xx_hal_conf.h
2023-10-24 15:18:30,668 [INFO] CodeEngine:255 - oldGeneratedFile, H:\cubeide\STM32CubeIDE_DEMO\16_2_LowPower_Sleep\Core\Inc\main.h_save
2023-10-24 15:18:30,719 [INFO] CodeEngine:279 - Generated code: H:\cubeide\STM32CubeIDE_DEMO\16_2_LowPower_Sleep\Core\Inc\main.h
2023-10-24 15:18:30,723 [INFO] CodeEngine:255 - oldGeneratedFile, H:\cubeide\STM32CubeIDE_DEMO\16_2_LowPower_Sleep\Core\Src\main.c_save
2023-10-24 15:18:30,789 [INFO] CodeEngine:279 - Generated code: H:\cubeide\STM32CubeIDE_DEMO\16_2_LowPower_Sleep\Core\Src\main.c
2023-10-24 15:18:31,291 [INFO] ProjectBuilder:3064 - Time for Copy HAL[1] : 222mS.
2023-10-24 15:18:31,294 [INFO] ProjectBuilder:4404 - Project Generator version: 4.1.0
2023-10-24 15:18:31,526 [INFO] ConfigFileManager:1457 - The Die is : DIE414
2023-10-24 15:18:32,304 [INFO] ProjectBuilder:4626 - Time for Generating toolchain IDE Files: 1010mS.
2023-10-24 15:18:32,305 [INFO] ProjectBuilder:2935 - Time for Copy CMSIS : 1mS.
2023-10-24 15:18:32,306 [INFO] ProjectBuilder:2935 - Time for Copy CMSIS : 0mS.
2023-10-24 15:34:28,526 [INFO] UtilMem:75 - End SaveConfig() Used Memory: 746115968 Bytes (1073741824)
2023-10-24 15:34:28,632 [INFO] UtilMem:75 - End SaveConfig() Used Memory: 769143448 Bytes (1073741824)
2023-10-24 15:34:29,255 [INFO] UtilMem:75 - End SaveConfig() Used Memory: 817807416 Bytes (1073741824)
2023-10-24 15:34:29,406 [INFO] BlockDiagram:2759 - set Specific Code input for plugin: FSMC
2023-10-24 15:34:29,407 [INFO] BlockDiagram:2759 - set Specific Code input for plugin: NVIC
2023-10-24 15:34:29,407 [INFO] BlockDiagram:2759 - set Specific Code input for plugin: USART
2023-10-24 15:34:29,407 [INFO] BlockDiagram:2759 - set Specific Code input for plugin: SYS
2023-10-24 15:34:29,407 [INFO] BlockDiagram:2759 - set Specific Code input for plugin: GPIO
2023-10-24 15:34:29,407 [INFO] BlockDiagram:2759 - set Specific Code input for plugin: RCC
2023-10-24 15:34:29,421 [INFO] CodeGenerator:799 - code generatio: config db path: H:\cubeide\STM32CubeIDE_1.13.1\STM32CubeIDE\plugins\com.st.stm32cube.common.mx_6.9.1.202307191849\\db\
2023-10-24 15:34:29,584 [INFO] CodeEngine:255 - oldGeneratedFile, H:\cubeide\STM32CubeIDE_DEMO\16_2_LowPower_Sleep\MXTmpFiles\license.tmp_save
2023-10-24 15:34:29,637 [INFO] CodeEngine:279 - Generated code: H:\cubeide\STM32CubeIDE_DEMO\16_2_LowPower_Sleep\MXTmpFiles\license.tmp
2023-10-24 15:34:29,665 [INFO] CodeEngine:255 - oldGeneratedFile, H:\cubeide\STM32CubeIDE_DEMO\16_2_LowPower_Sleep\Core\Src\gpio.c_save
2023-10-24 15:34:29,724 [INFO] CodeEngine:279 - Generated code: H:\cubeide\STM32CubeIDE_DEMO\16_2_LowPower_Sleep\Core\Src\gpio.c
2023-10-24 15:34:29,731 [INFO] CodeEngine:255 - oldGeneratedFile, H:\cubeide\STM32CubeIDE_DEMO\16_2_LowPower_Sleep\Core\Inc\gpio.h_save
2023-10-24 15:34:29,786 [INFO] CodeEngine:279 - Generated code: H:\cubeide\STM32CubeIDE_DEMO\16_2_LowPower_Sleep\Core\Inc\gpio.h
2023-10-24 15:34:29,941 [INFO] CodeEngine:255 - oldGeneratedFile, H:\cubeide\STM32CubeIDE_DEMO\16_2_LowPower_Sleep\Core\Src\fsmc.c_save
2023-10-24 15:34:30,027 [INFO] CodeEngine:279 - Generated code: H:\cubeide\STM32CubeIDE_DEMO\16_2_LowPower_Sleep\Core\Src\fsmc.c
2023-10-24 15:34:30,032 [INFO] CodeEngine:255 - oldGeneratedFile, H:\cubeide\STM32CubeIDE_DEMO\16_2_LowPower_Sleep\Core\Inc\fsmc.h_save
2023-10-24 15:34:30,084 [INFO] CodeEngine:279 - Generated code: H:\cubeide\STM32CubeIDE_DEMO\16_2_LowPower_Sleep\Core\Inc\fsmc.h
2023-10-24 15:34:30,094 [INFO] CodeEngine:255 - oldGeneratedFile, H:\cubeide\STM32CubeIDE_DEMO\16_2_LowPower_Sleep\Core\Src\usart.c_save
2023-10-24 15:34:30,167 [INFO] CodeEngine:279 - Generated code: H:\cubeide\STM32CubeIDE_DEMO\16_2_LowPower_Sleep\Core\Src\usart.c
2023-10-24 15:34:30,173 [INFO] CodeEngine:255 - oldGeneratedFile, H:\cubeide\STM32CubeIDE_DEMO\16_2_LowPower_Sleep\Core\Inc\usart.h_save
2023-10-24 15:34:30,224 [INFO] CodeEngine:279 - Generated code: H:\cubeide\STM32CubeIDE_DEMO\16_2_LowPower_Sleep\Core\Inc\usart.h
2023-10-24 15:34:30,235 [INFO] CodeEngine:255 - oldGeneratedFile, H:\cubeide\STM32CubeIDE_DEMO\16_2_LowPower_Sleep\Core\Src\stm32f1xx_it.c_save
2023-10-24 15:34:30,362 [INFO] CodeEngine:279 - Generated code: H:\cubeide\STM32CubeIDE_DEMO\16_2_LowPower_Sleep\Core\Src\stm32f1xx_it.c
2023-10-24 15:34:30,368 [INFO] CodeEngine:255 - oldGeneratedFile, H:\cubeide\STM32CubeIDE_DEMO\16_2_LowPower_Sleep\Core\Inc\stm32f1xx_it.h_save
2023-10-24 15:34:30,420 [INFO] CodeEngine:279 - Generated code: H:\cubeide\STM32CubeIDE_DEMO\16_2_LowPower_Sleep\Core\Inc\stm32f1xx_it.h
2023-10-24 15:34:30,430 [INFO] CodeEngine:255 - oldGeneratedFile, H:\cubeide\STM32CubeIDE_DEMO\16_2_LowPower_Sleep\Core\Src\stm32f1xx_hal_msp.c_save
2023-10-24 15:34:30,496 [INFO] CodeEngine:279 - Generated code: H:\cubeide\STM32CubeIDE_DEMO\16_2_LowPower_Sleep\Core\Src\stm32f1xx_hal_msp.c
2023-10-24 15:34:30,500 [INFO] CodeEngine:255 - oldGeneratedFile, H:\cubeide\STM32CubeIDE_DEMO\16_2_LowPower_Sleep\MXTmpFiles\system.tmp_save
2023-10-24 15:34:30,549 [INFO] CodeEngine:279 - Generated code: H:\cubeide\STM32CubeIDE_DEMO\16_2_LowPower_Sleep\MXTmpFiles\system.tmp
2023-10-24 15:34:30,557 [INFO] CodeEngine:311 - oldGeneratedFile, H:\cubeide\STM32CubeIDE_DEMO\16_2_LowPower_Sleep\Core\Inc\stm32f1xx_hal_conf.h_save
2023-10-24 15:34:30,612 [INFO] CodeEngine:335 - Generated code: H:\cubeide\STM32CubeIDE_DEMO\16_2_LowPower_Sleep\Core\Inc\stm32f1xx_hal_conf.h
2023-10-24 15:34:30,630 [INFO] CodeEngine:255 - oldGeneratedFile, H:\cubeide\STM32CubeIDE_DEMO\16_2_LowPower_Sleep\Core\Inc\main.h_save
2023-10-24 15:34:30,694 [INFO] CodeEngine:279 - Generated code: H:\cubeide\STM32CubeIDE_DEMO\16_2_LowPower_Sleep\Core\Inc\main.h
2023-10-24 15:34:30,700 [INFO] CodeEngine:255 - oldGeneratedFile, H:\cubeide\STM32CubeIDE_DEMO\16_2_LowPower_Sleep\Core\Src\main.c_save
2023-10-24 15:34:30,767 [INFO] CodeEngine:279 - Generated code: H:\cubeide\STM32CubeIDE_DEMO\16_2_LowPower_Sleep\Core\Src\main.c
2023-10-24 15:34:31,280 [INFO] ProjectBuilder:3064 - Time for Copy HAL[1] : 223mS.
2023-10-24 15:34:31,283 [INFO] ProjectBuilder:4404 - Project Generator version: 4.1.0
2023-10-24 15:34:31,509 [INFO] ConfigFileManager:1457 - The Die is : DIE414
2023-10-24 15:34:32,399 [INFO] ProjectBuilder:4626 - Time for Generating toolchain IDE Files: 1116mS.
2023-10-24 15:34:32,400 [INFO] ProjectBuilder:2935 - Time for Copy CMSIS : 1mS.
2023-10-24 15:34:32,402 [INFO] ProjectBuilder:2935 - Time for Copy CMSIS : 1mS.
2023-10-24 15:34:54,246 [INFO] Gpio:273 - dependency for GPIO [FSMC, RCC, SYS, USART1]
2023-10-24 15:35:10,623 [INFO] Gpio:273 - dependency for GPIO [FSMC, RCC, SYS, USART1]
2023-10-24 15:35:10,648 [INFO] NvicIntPanel:101 - NVIC parent = com.st.microxplorer.plugins.ip.nvic.MultiNvicIntPanel[,0,0,0x0,invalid,layout=javax.swing.BoxLayout,alignmentX=0.0,alignmentY=0.0,border=,flags=9,maximumSize=,minimumSize=,preferredSize=]
2023-10-24 15:35:10,750 [INFO] Gpio:273 - dependency for GPIO [FSMC, RCC, SYS, USART1]
2023-10-24 15:35:10,780 [INFO] NvicIntPanel:101 - NVIC parent = com.st.microxplorer.plugins.ip.nvic.MultiNvicIntPanel[,0,0,0x0,invalid,layout=javax.swing.BoxLayout,alignmentX=0.0,alignmentY=0.0,border=,flags=9,maximumSize=,minimumSize=,preferredSize=]
2023-10-24 15:35:27,743 [INFO] UtilMem:75 - End SaveConfig() Used Memory: 942900848 Bytes (1073741824)
2023-10-24 15:35:27,806 [INFO] UtilMem:75 - End SaveConfig() Used Memory: 964706720 Bytes (1073741824)
2023-10-24 15:35:28,323 [INFO] UtilMem:75 - End SaveConfig() Used Memory: 614472272 Bytes (1073741824)
2023-10-24 15:35:28,495 [INFO] BlockDiagram:2759 - set Specific Code input for plugin: FSMC
2023-10-24 15:35:28,495 [INFO] BlockDiagram:2759 - set Specific Code input for plugin: NVIC
2023-10-24 15:35:28,495 [INFO] BlockDiagram:2759 - set Specific Code input for plugin: USART
2023-10-24 15:35:28,495 [INFO] BlockDiagram:2759 - set Specific Code input for plugin: SYS
2023-10-24 15:35:28,495 [INFO] BlockDiagram:2759 - set Specific Code input for plugin: GPIO
2023-10-24 15:35:28,495 [INFO] BlockDiagram:2759 - set Specific Code input for plugin: RCC
2023-10-24 15:35:28,496 [INFO] CodeGenerator:799 - code generatio: config db path: H:\cubeide\STM32CubeIDE_1.13.1\STM32CubeIDE\plugins\com.st.stm32cube.common.mx_6.9.1.202307191849\\db\
2023-10-24 15:35:28,597 [INFO] CodeEngine:255 - oldGeneratedFile, H:\cubeide\STM32CubeIDE_DEMO\16_2_LowPower_Sleep\MXTmpFiles\license.tmp_save
2023-10-24 15:35:28,647 [INFO] CodeEngine:279 - Generated code: H:\cubeide\STM32CubeIDE_DEMO\16_2_LowPower_Sleep\MXTmpFiles\license.tmp
2023-10-24 15:35:28,673 [INFO] CodeEngine:255 - oldGeneratedFile, H:\cubeide\STM32CubeIDE_DEMO\16_2_LowPower_Sleep\Core\Src\gpio.c_save
2023-10-24 15:35:28,749 [INFO] CodeEngine:279 - Generated code: H:\cubeide\STM32CubeIDE_DEMO\16_2_LowPower_Sleep\Core\Src\gpio.c
2023-10-24 15:35:28,756 [INFO] CodeEngine:255 - oldGeneratedFile, H:\cubeide\STM32CubeIDE_DEMO\16_2_LowPower_Sleep\Core\Inc\gpio.h_save
2023-10-24 15:35:28,814 [INFO] CodeEngine:279 - Generated code: H:\cubeide\STM32CubeIDE_DEMO\16_2_LowPower_Sleep\Core\Inc\gpio.h
2023-10-24 15:35:28,915 [INFO] CodeEngine:255 - oldGeneratedFile, H:\cubeide\STM32CubeIDE_DEMO\16_2_LowPower_Sleep\Core\Src\fsmc.c_save
2023-10-24 15:35:28,974 [INFO] CodeEngine:279 - Generated code: H:\cubeide\STM32CubeIDE_DEMO\16_2_LowPower_Sleep\Core\Src\fsmc.c
2023-10-24 15:35:28,979 [INFO] CodeEngine:255 - oldGeneratedFile, H:\cubeide\STM32CubeIDE_DEMO\16_2_LowPower_Sleep\Core\Inc\fsmc.h_save
2023-10-24 15:35:29,043 [INFO] CodeEngine:279 - Generated code: H:\cubeide\STM32CubeIDE_DEMO\16_2_LowPower_Sleep\Core\Inc\fsmc.h
2023-10-24 15:35:29,052 [INFO] CodeEngine:255 - oldGeneratedFile, H:\cubeide\STM32CubeIDE_DEMO\16_2_LowPower_Sleep\Core\Src\usart.c_save
2023-10-24 15:35:29,124 [INFO] CodeEngine:279 - Generated code: H:\cubeide\STM32CubeIDE_DEMO\16_2_LowPower_Sleep\Core\Src\usart.c
2023-10-24 15:35:29,129 [INFO] CodeEngine:255 - oldGeneratedFile, H:\cubeide\STM32CubeIDE_DEMO\16_2_LowPower_Sleep\Core\Inc\usart.h_save
2023-10-24 15:35:29,180 [INFO] CodeEngine:279 - Generated code: H:\cubeide\STM32CubeIDE_DEMO\16_2_LowPower_Sleep\Core\Inc\usart.h
2023-10-24 15:35:29,190 [INFO] CodeEngine:255 - oldGeneratedFile, H:\cubeide\STM32CubeIDE_DEMO\16_2_LowPower_Sleep\Core\Src\stm32f1xx_it.c_save
2023-10-24 15:35:29,253 [INFO] CodeEngine:279 - Generated code: H:\cubeide\STM32CubeIDE_DEMO\16_2_LowPower_Sleep\Core\Src\stm32f1xx_it.c
2023-10-24 15:35:29,260 [INFO] CodeEngine:255 - oldGeneratedFile, H:\cubeide\STM32CubeIDE_DEMO\16_2_LowPower_Sleep\Core\Inc\stm32f1xx_it.h_save
2023-10-24 15:35:29,311 [INFO] CodeEngine:279 - Generated code: H:\cubeide\STM32CubeIDE_DEMO\16_2_LowPower_Sleep\Core\Inc\stm32f1xx_it.h
2023-10-24 15:35:29,321 [INFO] CodeEngine:255 - oldGeneratedFile, H:\cubeide\STM32CubeIDE_DEMO\16_2_LowPower_Sleep\Core\Src\stm32f1xx_hal_msp.c_save
2023-10-24 15:35:29,385 [INFO] CodeEngine:279 - Generated code: H:\cubeide\STM32CubeIDE_DEMO\16_2_LowPower_Sleep\Core\Src\stm32f1xx_hal_msp.c
2023-10-24 15:35:29,388 [INFO] CodeEngine:255 - oldGeneratedFile, H:\cubeide\STM32CubeIDE_DEMO\16_2_LowPower_Sleep\MXTmpFiles\system.tmp_save
2023-10-24 15:35:29,435 [INFO] CodeEngine:279 - Generated code: H:\cubeide\STM32CubeIDE_DEMO\16_2_LowPower_Sleep\MXTmpFiles\system.tmp
2023-10-24 15:35:29,443 [INFO] CodeEngine:311 - oldGeneratedFile, H:\cubeide\STM32CubeIDE_DEMO\16_2_LowPower_Sleep\Core\Inc\stm32f1xx_hal_conf.h_save
2023-10-24 15:35:29,496 [INFO] CodeEngine:335 - Generated code: H:\cubeide\STM32CubeIDE_DEMO\16_2_LowPower_Sleep\Core\Inc\stm32f1xx_hal_conf.h
2023-10-24 15:35:29,512 [INFO] CodeEngine:255 - oldGeneratedFile, H:\cubeide\STM32CubeIDE_DEMO\16_2_LowPower_Sleep\Core\Inc\main.h_save
2023-10-24 15:35:29,566 [INFO] CodeEngine:279 - Generated code: H:\cubeide\STM32CubeIDE_DEMO\16_2_LowPower_Sleep\Core\Inc\main.h
2023-10-24 15:35:29,571 [INFO] CodeEngine:255 - oldGeneratedFile, H:\cubeide\STM32CubeIDE_DEMO\16_2_LowPower_Sleep\Core\Src\main.c_save
2023-10-24 15:35:29,638 [INFO] CodeEngine:279 - Generated code: H:\cubeide\STM32CubeIDE_DEMO\16_2_LowPower_Sleep\Core\Src\main.c
2023-10-24 15:35:30,162 [INFO] ProjectBuilder:3064 - Time for Copy HAL[1] : 226mS.
2023-10-24 15:35:30,165 [INFO] ProjectBuilder:4404 - Project Generator version: 4.1.0
2023-10-24 15:35:30,367 [INFO] ConfigFileManager:1457 - The Die is : DIE414
2023-10-24 15:35:31,282 [INFO] ProjectBuilder:4626 - Time for Generating toolchain IDE Files: 1116mS.
2023-10-24 15:35:31,283 [INFO] ProjectBuilder:2935 - Time for Copy CMSIS : 1mS.
2023-10-24 15:35:31,285 [INFO] ProjectBuilder:2935 - Time for Copy CMSIS : 0mS.
