2023-10-17 14:00:30,741 [INFO] LogOutputStream:77 - [STDOUT_REDIRECT] 
2023-10-17 14:00:31,943 [INFO] ProjectBuilder:4626 - Time for Generating toolchain IDE Files: 2579mS.
2023-10-17 14:00:31,944 [INFO] ProjectBuilder:2935 - Time for Copy CMSIS : 1mS.
2023-10-17 14:00:31,946 [INFO] ProjectBuilder:2935 - Time for Copy CMSIS : 0mS.
2023-10-17 14:41:26,902 [INFO] MainUpdater:2868 - connection check result : 10
2023-10-17 14:41:26,902 [INFO] MainUpdater:2868 - connection check result : 10
2023-10-17 14:41:27,032 [INFO] MicroXplorer:468 - Change Database Path : 
2023-10-17 14:41:27,032 [INFO] MicroXplorer:498 - Change Database Version : DB.6.0.91
2023-10-17 14:41:27,053 [WARN] ThirdParty:871 - waiting for thirdparty lock release [close project]
2023-10-17 14:41:27,053 [INFO] ThirdParty:873 - entering critical section [close project]
2023-10-17 14:41:27,053 [INFO] ThirdParty:883 - exiting critical section [close project]
2023-10-17 14:41:27,054 [INFO] PinOutPanel:1499 - setPackage(No Configuration,No Configuration)
2023-10-17 14:41:27,056 [INFO] UtilMem:75 - Begin LoadConfig() Used Memory: 857836520 Bytes (1073741824)
2023-10-17 14:41:27,057 [INFO] MicroXplorer:468 - Change Database Path : 
2023-10-17 14:41:27,057 [INFO] MicroXplorer:498 - Change Database Version : DB.6.0.91
2023-10-17 14:41:27,057 [INFO] OpenFileManager:308 - Change cursor
2023-10-17 14:41:27,080 [INFO] RulesReader:64 - Compatibility file has been processed (293 Rules)
2023-10-17 14:41:27,082 [INFO] Mcu:1946 - Initializing MCU STM32F103Z(C-D-E)Tx STM32F103ZETx STM32F103ZET6
2023-10-17 14:41:27,961 [INFO] Context:659 - Trying to add GPIOservice into a context  which must be forbidden
2023-10-17 14:41:28,200 [INFO] RtosManager:555 - Registered RTOS mode: class=CMSIS, group=RTOS, mode=CMSIS_V1, owner=FREERTOS
2023-10-17 14:41:28,200 [INFO] RtosManager:555 - Registered RTOS mode: class=CMSIS, group=RTOS2, mode=CMSIS_V2, owner=FREERTOS
2023-10-17 14:41:28,200 [INFO] RtosManager:555 - Registered RTOS mode: class=RTOS, group=Core, mode=CMSIS_V1, owner=FREERTOS
2023-10-17 14:41:28,200 [INFO] RtosManager:555 - Registered RTOS mode: class=RTOS, group=Core, mode=CMSIS_V2, owner=FREERTOS
2023-10-17 14:41:28,200 [WARN] ModelIntegratedComponent:184 - Missing modes for component STMicroelectronics:FreeRTOS:0.0.1:STMicroelectronics:RTOS:FreeRTOS:Core:::10.2.0:
2023-10-17 14:41:28,204 [WARN] ModelIntegratedComponent:63 - No mode defined for component null
2023-10-17 14:41:28,204 [WARN] ModelIntegratedComponent:63 - No mode defined for component null
2023-10-17 14:41:28,204 [WARN] ModelIntegratedComponent:63 - No mode defined for component null
2023-10-17 14:41:28,204 [WARN] ModelIntegratedComponent:63 - No mode defined for component null
2023-10-17 14:41:28,204 [WARN] ModelIntegratedComponent:63 - No mode defined for component null
2023-10-17 14:41:28,204 [WARN] ModelIntegratedComponent:63 - No mode defined for component null
2023-10-17 14:41:28,204 [WARN] ModelIntegratedComponent:63 - No mode defined for component null
2023-10-17 14:41:28,204 [WARN] ModelIntegratedComponent:63 - No mode defined for component null
2023-10-17 14:41:28,204 [WARN] ModelIntegratedComponent:63 - No mode defined for component null
2023-10-17 14:41:28,204 [WARN] ModelIntegratedComponent:63 - No mode defined for component null
2023-10-17 14:41:28,204 [WARN] ModelIntegratedComponent:63 - No mode defined for component null
2023-10-17 14:41:28,204 [WARN] ModelIntegratedComponent:63 - No mode defined for component null
2023-10-17 14:41:28,204 [WARN] ModelIntegratedComponent:63 - No mode defined for component null
2023-10-17 14:41:28,204 [WARN] ModelIntegratedComponent:63 - No mode defined for component null
2023-10-17 14:41:28,204 [WARN] ModelIntegratedComponent:63 - No mode defined for component null
2023-10-17 14:41:28,204 [WARN] ModelIntegratedComponent:63 - No mode defined for component null
2023-10-17 14:41:28,204 [WARN] ModelIntegratedComponent:63 - No mode defined for component null
2023-10-17 14:41:28,204 [WARN] ModelIntegratedComponent:63 - No mode defined for component null
2023-10-17 14:41:28,204 [WARN] ModelIntegratedComponent:63 - No mode defined for component null
2023-10-17 14:41:28,204 [WARN] ModelIntegratedComponent:63 - No mode defined for component null
2023-10-17 14:41:28,204 [WARN] ModelIntegratedComponent:63 - No mode defined for component null
2023-10-17 14:41:28,204 [WARN] ModelIntegratedComponent:63 - No mode defined for component null
2023-10-17 14:41:28,204 [WARN] ModelIntegratedComponent:63 - No mode defined for component null
2023-10-17 14:41:28,204 [WARN] ModelIntegratedComponent:63 - No mode defined for component null
2023-10-17 14:41:28,204 [WARN] ModelIntegratedComponent:63 - No mode defined for component null
2023-10-17 14:41:28,204 [WARN] ModelIntegratedComponent:63 - No mode defined for component null
2023-10-17 14:41:28,204 [WARN] ModelIntegratedComponent:63 - No mode defined for component null
2023-10-17 14:41:28,204 [WARN] ModelIntegratedComponent:63 - No mode defined for component null
2023-10-17 14:41:28,204 [WARN] ModelIntegratedComponent:63 - No mode defined for component null
2023-10-17 14:41:28,204 [WARN] ModelIntegratedComponent:63 - No mode defined for component null
2023-10-17 14:41:28,204 [WARN] ModelIntegratedComponent:63 - No mode defined for component null
2023-10-17 14:41:28,204 [WARN] ModelIntegratedComponent:63 - No mode defined for component null
2023-10-17 14:41:28,204 [WARN] ModelIntegratedComponent:63 - No mode defined for component null
2023-10-17 14:41:28,407 [INFO] ThirdPartyModel:298 - Start build external matchings
2023-10-17 14:41:30,496 [INFO] ThirdPartyModel:316 - End build external matchings
2023-10-17 14:41:30,525 [INFO] ImportTextPane:194 - (OptionalMessage_ERROR) IP (RCC) : Parameter (ADCFreqValue) has invalid value (36000000)
2023-10-17 14:41:30,525 [INFO] ImportTextPane:194 - (OptionalMessage_ERROR) IP (RCC) : Invalid parameter (FamilyName)
2023-10-17 14:41:30,525 [INFO] ImportTextPane:194 - (OptionalMessage_ERROR) IP (RCC) : Parameter (MCOFreq_Value) has invalid value (72000000)
2023-10-17 14:41:30,525 [INFO] ImportTextPane:194 - (OptionalMessage_ERROR) IP (RCC) : Parameter (USBFreq_Value) has invalid value (72000000)
2023-10-17 14:41:30,824 [INFO] UtilMem:75 - End LoadConfig() Used Memory: 563333496 Bytes (1073741824)
2023-10-17 14:41:30,900 [WARN] ThirdParty:833 - waiting for thirdparty lock release [change project]
2023-10-17 14:41:30,900 [INFO] ThirdParty:835 - entering critical section [change project]
2023-10-17 14:41:30,900 [INFO] ThirdParty:1030 - CMSIS Pack Vendor :STMicroelectronics USBPD 4.1
2023-10-17 14:41:30,900 [INFO] ThirdParty:1030 - CMSIS Pack Vendor :STMicroelectronics X-CUBE-GNSS1 6.0.0
2023-10-17 14:41:30,900 [INFO] ThirdParty:1030 - CMSIS Pack Vendor :STMicroelectronics USB_HOST 2.0.0
2023-10-17 14:41:30,900 [INFO] ThirdParty:1030 - CMSIS Pack Vendor :STMicroelectronics X-CUBE-AZRTOS-F4 1.1.0
2023-10-17 14:41:30,900 [INFO] ThirdParty:1030 - CMSIS Pack Vendor :STMicroelectronics LIBJPEG 8.0.0
2023-10-17 14:41:30,900 [INFO] ThirdParty:1030 - CMSIS Pack Vendor :wolfSSL I-CUBE-wolfSSL 5.6.3
2023-10-17 14:41:30,900 [INFO] ThirdParty:1030 - CMSIS Pack Vendor :STMicroelectronics X-CUBE-SMBUS 2.1.0
2023-10-17 14:41:30,900 [INFO] ThirdParty:1030 - CMSIS Pack Vendor :wolfSSL I-CUBE-wolfSSL 5.6.0
2023-10-17 14:41:30,900 [INFO] ThirdParty:1030 - CMSIS Pack Vendor :STMicroelectronics X-CUBE-MEMS1 9.2.0
2023-10-17 14:41:30,900 [INFO] ThirdParty:1030 - CMSIS Pack Vendor :STMicroelectronics X-CUBE-BLEMGR 1.2.0
2023-10-17 14:41:30,900 [INFO] ThirdParty:1030 - CMSIS Pack Vendor :STMicroelectronics X-CUBE-AZRTOS-F7 1.1.0
2023-10-17 14:41:30,900 [INFO] ThirdParty:1030 - CMSIS Pack Vendor :STMicroelectronics X-CUBE-AZRTOS-L5 2.0.0
2023-10-17 14:41:30,900 [INFO] ThirdParty:1030 - CMSIS Pack Vendor :STMicroelectronics USB_DEVICE 2.0.0
2023-10-17 14:41:30,900 [INFO] ThirdParty:1030 - CMSIS Pack Vendor :STMicroelectronics X-CUBE-MEMS1 9.6.0
2023-10-17 14:41:30,900 [INFO] ThirdParty:1030 - CMSIS Pack Vendor :ITTIA_DB I-CUBE-ITTIADB 8.8.0
2023-10-17 14:41:30,900 [INFO] ThirdParty:1030 - CMSIS Pack Vendor :STMicroelectronics X-CUBE-AI 7.1.0
2023-10-17 14:41:30,900 [INFO] ThirdParty:1030 - CMSIS Pack Vendor :STMicroelectronics X-CUBE-TOUCHGFX 4.19.1
2023-10-17 14:41:30,900 [INFO] ThirdParty:1030 - CMSIS Pack Vendor :STMicroelectronics FP-SNS-MOTENV1 4.3.2
2023-10-17 14:41:30,900 [INFO] ThirdParty:1030 - CMSIS Pack Vendor :STMicroelectronics X-CUBE-BLE1 6.2.3
2023-10-17 14:41:30,900 [INFO] ThirdParty:1030 - CMSIS Pack Vendor :STMicroelectronics X-CUBE-BLE1 6.2.4
2023-10-17 14:41:30,900 [INFO] ThirdParty:1030 - CMSIS Pack Vendor :STMicroelectronics FreeRTOS 0.0.1
2023-10-17 14:41:30,900 [INFO] ThirdParty:1030 - CMSIS Pack Vendor :STMicroelectronics X-CUBE-BLEMGR 2.0.0
2023-10-17 14:41:30,900 [INFO] ThirdParty:1030 - CMSIS Pack Vendor :STMicroelectronics FP-SNS-FLIGHT1 5.0.2
2023-10-17 14:41:30,900 [INFO] ThirdParty:1030 - CMSIS Pack Vendor :STMicroelectronics X-CUBE-NFC4 2.0.5
2023-10-17 14:41:30,900 [INFO] ThirdParty:1030 - CMSIS Pack Vendor :STMicroelectronics X-CUBE-BLE2 3.2.2
2023-10-17 14:41:30,900 [INFO] ThirdParty:1030 - CMSIS Pack Vendor :STMicroelectronics X-CUBE-NFC4 2.0.4
2023-10-17 14:41:30,900 [INFO] ThirdParty:1030 - CMSIS Pack Vendor :STMicroelectronics X-CUBE-AZRTOS-H7 3.1.0
2023-10-17 14:41:30,900 [INFO] ThirdParty:1030 - CMSIS Pack Vendor :STMicroelectronics PDM2PCM 3.3.0
2023-10-17 14:41:30,900 [INFO] ThirdParty:1030 - CMSIS Pack Vendor :STMicroelectronics X-CUBE-TOF1 3.1.0
2023-10-17 14:41:30,900 [INFO] ThirdParty:1030 - CMSIS Pack Vendor :STMicroelectronics X-CUBE-SFXS2LP1 3.1.0
2023-10-17 14:41:30,900 [INFO] ThirdParty:1030 - CMSIS Pack Vendor :STMicroelectronics X-CUBE-DISPLAY 3.0.0
2023-10-17 14:41:30,900 [INFO] ThirdParty:1030 - CMSIS Pack Vendor :STMicroelectronics X-CUBE-AZRTOS-F4 1.0.0
2023-10-17 14:41:30,900 [INFO] ThirdParty:1030 - CMSIS Pack Vendor :STMicroelectronics X-CUBE-BLE1 7.0.0
2023-10-17 14:41:30,900 [INFO] ThirdParty:1030 - CMSIS Pack Vendor :STMicroelectronics HAL Drivers 0.0.0
2023-10-17 14:41:30,900 [INFO] ThirdParty:1030 - CMSIS Pack Vendor :emotas I-CUBE-CANOPEN 1.3.0
2023-10-17 14:41:30,900 [INFO] ThirdParty:1030 - CMSIS Pack Vendor :STMicroelectronics X-CUBE-TOUCHGFX 4.22.0
2023-10-17 14:41:30,900 [INFO] ThirdParty:1030 - CMSIS Pack Vendor :STMicroelectronics X-CUBE-NFC7 1.0.1
2023-10-17 14:41:30,900 [INFO] ThirdParty:1030 - CMSIS Pack Vendor :STMicroelectronics MBEDTLS 2.14.1
2023-10-17 14:41:30,900 [INFO] ThirdParty:1030 - CMSIS Pack Vendor :STMicroelectronics X-CUBE-NFC7 1.0.0
2023-10-17 14:41:30,900 [INFO] ThirdParty:1030 - CMSIS Pack Vendor :STMicroelectronics X-CUBE-TOUCHGFX 4.22.1
2023-10-17 14:41:30,900 [INFO] ThirdParty:1030 - CMSIS Pack Vendor :STMicroelectronics X-CUBE-NFC6 3.0.0
2023-10-17 14:41:30,900 [INFO] ThirdParty:1030 - CMSIS Pack Vendor :STMicroelectronics X-CUBE-MEMS1 9.3.0
2023-10-17 14:41:30,900 [INFO] ThirdParty:1030 - CMSIS Pack Vendor :STMicroelectronics X-CUBE-EEPRMA1 4.1.0
2023-10-17 14:41:30,900 [INFO] ThirdParty:1030 - CMSIS Pack Vendor :STMicroelectronics X-CUBE-AI 7.2.0
2023-10-17 14:41:30,900 [INFO] ThirdParty:1030 - CMSIS Pack Vendor :STMicroelectronics FP-SNS-SMARTAG2 1.2.0
2023-10-17 14:41:30,900 [INFO] ThirdParty:1030 - CMSIS Pack Vendor :STMicroelectronics X-CUBE-AZRTOS-WL 2.0.0
2023-10-17 14:41:30,900 [INFO] ThirdParty:1030 - CMSIS Pack Vendor :STMicroelectronics USB_DEVICE 1.0.0
2023-10-17 14:41:30,900 [INFO] ThirdParty:1030 - CMSIS Pack Vendor :STMicroelectronics X-CUBE-AI 8.1.0
2023-10-17 14:41:30,900 [INFO] ThirdParty:1030 - CMSIS Pack Vendor :STMicroelectronics X-CUBE-AZRTOS-G0 1.0.0
2023-10-17 14:41:30,900 [INFO] ThirdParty:1030 - CMSIS Pack Vendor :STMicroelectronics X-CUBE-AZRTOS-L4 2.0.0
2023-10-17 14:41:30,900 [INFO] ThirdParty:1030 - CMSIS Pack Vendor :STMicroelectronics ThreadX 0.0.2
2023-10-17 14:41:30,900 [INFO] ThirdParty:1030 - CMSIS Pack Vendor :WES I-CUBE-Cesium 1.3.0
2023-10-17 14:41:30,900 [INFO] ThirdParty:1030 - CMSIS Pack Vendor :STMicroelectronics lwIP 2.1.2
2023-10-17 14:41:30,901 [INFO] ThirdParty:1030 - CMSIS Pack Vendor :STMicroelectronics X-CUBE-SFXS2LP1 4.0.0
2023-10-17 14:41:30,901 [INFO] ThirdParty:1030 - CMSIS Pack Vendor :STMicroelectronics X-CUBE-BLE2 3.3.0
2023-10-17 14:41:30,901 [INFO] ThirdParty:1030 - CMSIS Pack Vendor :STMicroelectronics X-CUBE-DISPLAY 2.2.0
2023-10-17 14:41:30,901 [INFO] ThirdParty:1030 - CMSIS Pack Vendor :STMicroelectronics X-CUBE-TOF1 3.2.0
2023-10-17 14:41:30,901 [INFO] ThirdParty:1030 - CMSIS Pack Vendor :STMicroelectronics PDM2PCM 3.2.0
2023-10-17 14:41:30,901 [INFO] ThirdParty:1030 - CMSIS Pack Vendor :STMicroelectronics X-CUBE-AZRTOS-H7 3.0.0
2023-10-17 14:41:30,901 [INFO] ThirdParty:1030 - CMSIS Pack Vendor :STMicroelectronics X-CUBE-ISPU 1.0.0
2023-10-17 14:41:30,901 [INFO] ThirdParty:1030 - CMSIS Pack Vendor :STMicroelectronics X-CUBE-ISPU 1.1.0
2023-10-17 14:41:30,901 [INFO] ThirdParty:1030 - CMSIS Pack Vendor :RoweBots I-CUBE-UNISONRTOS 5.5.0-4
2023-10-17 14:41:30,901 [INFO] ThirdParty:1030 - CMSIS Pack Vendor :STMicroelectronics X-CUBE-AZRTOS-H7 2.1.0
2023-10-17 14:41:30,901 [INFO] ThirdParty:1030 - CMSIS Pack Vendor :STMicroelectronics USB_DEVICE 3.0.0
2023-10-17 14:41:30,901 [INFO] ThirdParty:1030 - CMSIS Pack Vendor :STMicroelectronics X-CUBE-AI 8.0.0
2023-10-17 14:41:30,901 [INFO] ThirdParty:1030 - CMSIS Pack Vendor :STMicroelectronics X-CUBE-AZRTOS-WB 2.0.0
2023-10-17 14:41:30,901 [INFO] ThirdParty:1030 - CMSIS Pack Vendor :STMicroelectronics X-CUBE-FREERTOS 1.0.1
2023-10-17 14:41:30,901 [INFO] ThirdParty:1030 - CMSIS Pack Vendor :STMicroelectronics X-CUBE-TOUCHGFX 4.21.1
2023-10-17 14:41:30,901 [INFO] ThirdParty:1030 - CMSIS Pack Vendor :STMicroelectronics X-CUBE-TOUCHGFX 4.21.0
2023-10-17 14:41:30,901 [INFO] ThirdParty:1030 - CMSIS Pack Vendor :STMicroelectronics X-CUBE-TOUCHGFX 4.21.3
2023-10-17 14:41:30,901 [INFO] ThirdParty:1030 - CMSIS Pack Vendor :STMicroelectronics X-CUBE-TOUCHGFX 4.21.4
2023-10-17 14:41:30,901 [INFO] ThirdParty:1030 - CMSIS Pack Vendor :STMicroelectronics X-CUBE-MEMS1 9.4.0
2023-10-17 14:41:30,901 [INFO] ThirdParty:1030 - CMSIS Pack Vendor :STMicroelectronics X-CUBE-AI 7.3.0
2023-10-17 14:41:30,901 [INFO] ThirdParty:1030 - CMSIS Pack Vendor :STMicroelectronics X-CUBE-ALGOBUILD 1.3.0
2023-10-17 14:41:30,901 [INFO] ThirdParty:1030 - CMSIS Pack Vendor :STMicroelectronics X-CUBE-AZRTOS-L5 1.1.0
2023-10-17 14:41:30,901 [INFO] ThirdParty:1030 - CMSIS Pack Vendor :STMicroelectronics X-CUBE-AZRTOS-G0 1.1.0
2023-10-17 14:41:30,901 [INFO] ThirdParty:1030 - CMSIS Pack Vendor :STMicroelectronics X-CUBE-AI 8.0.1
2023-10-17 14:41:30,901 [INFO] ThirdParty:1030 - CMSIS Pack Vendor :STMicroelectronics X-CUBE-NFC4 3.0.0
2023-10-17 14:41:30,901 [INFO] ThirdParty:1030 - CMSIS Pack Vendor :SEGGER I-CUBE-embOS 1.2.0
2023-10-17 14:41:30,901 [INFO] ThirdParty:1030 - CMSIS Pack Vendor :STMicroelectronics X-CUBE-SUBG2 5.0.0
2023-10-17 14:41:30,901 [INFO] ThirdParty:1030 - CMSIS Pack Vendor :STMicroelectronics STM32_WPAN 1.0.0
2023-10-17 14:41:30,901 [INFO] ThirdParty:1030 - CMSIS Pack Vendor :STMicroelectronics lwIP 2.0.3
2023-10-17 14:41:30,901 [INFO] ThirdParty:1030 - CMSIS Pack Vendor :STMicroelectronics USB_HOST 1.0.0
2023-10-17 14:41:30,901 [INFO] ThirdParty:1030 - CMSIS Pack Vendor :STMicroelectronics X-CUBE-TOF1 3.3.1
2023-10-17 14:41:30,901 [INFO] ThirdParty:1030 - CMSIS Pack Vendor :STMicroelectronics X-CUBE-AZRTOS-G4 2.0.0
2023-10-17 14:41:30,901 [INFO] ThirdParty:1030 - CMSIS Pack Vendor :STMicroelectronics PDM2PCM 3.1.0
2023-10-17 14:41:30,901 [INFO] ThirdParty:1030 - CMSIS Pack Vendor :STMicroelectronics X-CUBE-TOF1 3.3.0
2023-10-17 14:41:30,901 [INFO] ThirdParty:1030 - CMSIS Pack Vendor :STMicroelectronics FP-ATR-ASTRA1 1.1.1
2023-10-17 14:41:30,901 [INFO] ThirdParty:1030 - CMSIS Pack Vendor :Infineon AIROC-Wi-Fi-Bluetooth-STM32 1.5.1
2023-10-17 14:41:30,901 [INFO] ThirdParty:1030 - CMSIS Pack Vendor :STMicroelectronics FP-ATR-ASTRA1 1.1.0
2023-10-17 14:41:30,901 [INFO] ThirdParty:1030 - CMSIS Pack Vendor :STMicroelectronics X-CUBE-BLEMGR 1.3.0
2023-10-17 14:41:30,901 [INFO] ThirdParty:1030 - CMSIS Pack Vendor :STMicroelectronics FP-ATR-SIGFOX1 3.2.0
2023-10-17 14:41:30,901 [INFO] ThirdParty:1030 - CMSIS Pack Vendor :STMicroelectronics X-CUBE-AZRTOS-G4 1.0.0
2023-10-17 14:41:30,901 [INFO] ThirdParty:1030 - CMSIS Pack Vendor :wolfSSL I-CUBE-wolfSSL 5.3.0
2023-10-17 14:41:30,901 [INFO] ThirdParty:1030 - CMSIS Pack Vendor :STMicroelectronics X-CUBE-AZRTOS-L4 1.0.0
2023-10-17 14:41:30,901 [INFO] ThirdParty:1030 - CMSIS Pack Vendor :STMicroelectronics MBEDTLS 2.16.2
2023-10-17 14:41:30,901 [INFO] ThirdParty:1030 - CMSIS Pack Vendor :emotas I-CUBE-CANOPEN 1.1.2
2023-10-17 14:41:30,901 [INFO] ThirdParty:1030 - CMSIS Pack Vendor :STMicroelectronics X-CUBE-TOUCHGFX 4.20.0
2023-10-17 14:41:30,901 [INFO] ThirdParty:1030 - CMSIS Pack Vendor :STMicroelectronics X-CUBE-FREERTOS 1.1.0
2023-10-17 14:41:30,901 [INFO] ThirdParty:1030 - CMSIS Pack Vendor :STMicroelectronics X-CUBE-AZRTOS-F7 1.0.0
2023-10-17 14:41:30,901 [INFO] ThirdParty:1030 - CMSIS Pack Vendor :STMicroelectronics X-CUBE-AZRTOS-WL 1.0.0
2023-10-17 14:41:30,901 [INFO] ThirdParty:1030 - CMSIS Pack Vendor :portGmbH I-Cube-SoM-uGOAL 1.1.0
2023-10-17 14:41:30,901 [INFO] ThirdParty:1030 - CMSIS Pack Vendor :STMicroelectronics X-CUBE-ALS 1.0.1
2023-10-17 14:41:30,901 [INFO] ThirdParty:1030 - CMSIS Pack Vendor :STMicroelectronics X-CUBE-MEMS1 9.5.0
2023-10-17 14:41:30,901 [INFO] ThirdParty:1030 - CMSIS Pack Vendor :STMicroelectronics ThreadX 1.0.0
2023-10-17 14:41:30,901 [INFO] ThirdParty:1030 - CMSIS Pack Vendor :STMicroelectronics X-CUBE-AZRTOS-WB 1.1.0
2023-10-17 14:41:30,901 [INFO] ThirdParty:1030 - CMSIS Pack Vendor :SEGGER I-CUBE-embOS 1.3.1
2023-10-17 14:41:30,901 [INFO] ThirdParty:1030 - CMSIS Pack Vendor :STMicroelectronics X-CUBE-AZRTOS-L5 1.0.0
2023-10-17 14:41:30,901 [INFO] ThirdParty:1030 - CMSIS Pack Vendor :STMicroelectronics X-CUBE-EEPRMA1 3.1.1
2023-10-17 14:41:30,901 [INFO] ThirdParty:1030 - CMSIS Pack Vendor :STMicroelectronics X-CUBE-GNSS1 5.2.0
2023-10-17 14:41:30,901 [INFO] ThirdParty:1030 - CMSIS Pack Vendor :STMicroelectronics FP-ATR-ASTRA1 2.0.0
2023-10-17 14:41:30,901 [INFO] ThirdParty:1030 - CMSIS Pack Vendor :STMicroelectronics X-CUBE-TOF1 3.0.0
2023-10-17 14:41:30,901 [INFO] ThirdParty:841 - exiting critical section [change project]
2023-10-17 14:41:31,047 [INFO] PinOutPanel:1499 - setPackage(No Configuration,No Configuration)
2023-10-17 14:41:31,047 [INFO] PinOutPanel:1499 - setPackage(STM32F103ZETx,LQFP144)
2023-10-17 14:41:31,236 [INFO] UtilMem:75 - Before build in PCC Used Memory: 771555824 Bytes (1073741824)
2023-10-17 14:41:31,337 [INFO] UtilMem:75 - After build in PCC Used Memory: 814023152 Bytes (1073741824)
2023-10-17 14:41:31,349 [INFO] IPUIPlugin:80 - create IPUIPlugin
2023-10-17 14:41:31,349 [INFO] IPUIPlugin:80 - create IPUIPlugin
2023-10-17 14:41:31,349 [INFO] IPUIPlugin:80 - create IPUIPlugin
2023-10-17 14:41:31,349 [INFO] IPUIPlugin:80 - create IPUIPlugin
2023-10-17 14:41:31,349 [INFO] IPUIPlugin:80 - create IPUIPlugin
2023-10-17 14:41:31,350 [INFO] IPUIPlugin:80 - create IPUIPlugin
2023-10-17 14:41:31,350 [INFO] IPUIPlugin:80 - create IPUIPlugin
2023-10-17 14:41:31,350 [INFO] IPUIPlugin:80 - create IPUIPlugin
2023-10-17 14:41:31,350 [INFO] IPUIPlugin:80 - create IPUIPlugin
2023-10-17 14:41:31,350 [INFO] IPUIPlugin:80 - create IPUIPlugin
2023-10-17 14:41:31,350 [INFO] IPUIPlugin:80 - create IPUIPlugin
2023-10-17 14:41:31,350 [INFO] IPUIPlugin:80 - create IPUIPlugin
2023-10-17 14:41:31,350 [INFO] IPUIPlugin:80 - create IPUIPlugin
2023-10-17 14:41:31,350 [INFO] IPUIPlugin:80 - create IPUIPlugin
2023-10-17 14:41:31,350 [INFO] IPUIPlugin:80 - create IPUIPlugin
2023-10-17 14:41:31,350 [INFO] IPUIPlugin:80 - create IPUIPlugin
2023-10-17 14:41:31,350 [INFO] IPUIPlugin:80 - create IPUIPlugin
2023-10-17 14:41:31,350 [INFO] IPUIPlugin:80 - create IPUIPlugin
2023-10-17 14:41:31,350 [INFO] IPUIPlugin:80 - create IPUIPlugin
2023-10-17 14:41:31,350 [INFO] IPUIPlugin:80 - create IPUIPlugin
2023-10-17 14:41:31,350 [INFO] IPUIPlugin:80 - create IPUIPlugin
2023-10-17 14:41:31,350 [INFO] IPUIPlugin:80 - create IPUIPlugin
2023-10-17 14:41:31,351 [INFO] IPUIPlugin:80 - create IPUIPlugin
2023-10-17 14:41:31,351 [INFO] IPUIPlugin:80 - create IPUIPlugin
2023-10-17 14:41:31,351 [INFO] IPUIPlugin:80 - create IPUIPlugin
2023-10-17 14:41:31,351 [INFO] IPUIPlugin:80 - create IPUIPlugin
2023-10-17 14:41:31,351 [INFO] IPUIPlugin:80 - create IPUIPlugin
2023-10-17 14:41:31,351 [INFO] IPUIPlugin:80 - create IPUIPlugin
2023-10-17 14:41:31,351 [INFO] IPUIPlugin:80 - create IPUIPlugin
2023-10-17 14:41:31,351 [INFO] IPUIPlugin:80 - create IPUIPlugin
2023-10-17 14:41:31,351 [INFO] IPUIPlugin:80 - create IPUIPlugin
2023-10-17 14:41:31,352 [INFO] IPUIPlugin:80 - create IPUIPlugin
2023-10-17 14:41:31,352 [INFO] IPUIPlugin:80 - create IPUIPlugin
2023-10-17 14:41:31,352 [INFO] IPUIPlugin:80 - create IPUIPlugin
2023-10-17 14:41:31,352 [INFO] IPUIPlugin:80 - create IPUIPlugin
2023-10-17 14:41:31,352 [INFO] IPUIPlugin:80 - create IPUIPlugin
2023-10-17 14:41:31,352 [INFO] IPUIPlugin:80 - create IPUIPlugin
2023-10-17 14:41:31,352 [INFO] IPUIPlugin:80 - create IPUIPlugin
2023-10-17 14:41:31,352 [INFO] IPUIPlugin:80 - create IPUIPlugin
2023-10-17 14:41:31,353 [INFO] IPUIPlugin:80 - create IPUIPlugin
2023-10-17 14:41:31,397 [INFO] CADModel:165 - CPN selected for project levelSTM32F103ZET6
2023-10-17 14:41:31,397 [INFO] CADModel:114 - Register for checkConnection events
2023-10-17 14:41:31,474 [INFO] OpenFileManager:328 - Restore cursor
2023-10-17 14:46:39,550 [INFO] NvicIntPanel:101 - NVIC parent = com.st.microxplorer.plugins.ip.nvic.MultiNvicIntPanel[,0,0,0x0,invalid,layout=javax.swing.BoxLayout,alignmentX=0.0,alignmentY=0.0,border=,flags=9,maximumSize=,minimumSize=,preferredSize=]
2023-10-17 14:48:32,468 [INFO] Gpio:273 - dependency for GPIO [RCC, SYS, TIM5, USART1]
2023-10-17 16:04:14,877 [INFO] MainUpdater:2868 - connection check result : 10
2023-10-17 16:04:14,877 [INFO] MainUpdater:2868 - connection check result : 10
2023-10-17 16:04:16,639 [INFO] MicroXplorer:468 - Change Database Path : 
2023-10-17 16:04:16,639 [INFO] MicroXplorer:498 - Change Database Version : DB.6.0.91
2023-10-17 16:04:16,659 [WARN] ThirdParty:871 - waiting for thirdparty lock release [close project]
2023-10-17 16:04:16,659 [INFO] ThirdParty:873 - entering critical section [close project]
2023-10-17 16:04:16,659 [INFO] ThirdParty:883 - exiting critical section [close project]
2023-10-17 16:04:16,660 [INFO] PinOutPanel:1499 - setPackage(No Configuration,No Configuration)
2023-10-17 16:04:16,662 [INFO] UtilMem:75 - Begin LoadConfig() Used Memory: 699120704 Bytes (1073741824)
2023-10-17 16:04:16,663 [INFO] MicroXplorer:468 - Change Database Path : 
2023-10-17 16:04:16,663 [INFO] MicroXplorer:498 - Change Database Version : DB.6.0.91
2023-10-17 16:04:16,663 [INFO] OpenFileManager:308 - Change cursor
2023-10-17 16:04:16,669 [INFO] Mcu:1946 - Initializing MCU STM32F103Z(C-D-E)Tx STM32F103ZETx STM32F103ZET6
2023-10-17 16:04:17,535 [INFO] Context:659 - Trying to add GPIOservice into a context  which must be forbidden
2023-10-17 16:04:17,719 [INFO] RtosManager:555 - Registered RTOS mode: class=CMSIS, group=RTOS, mode=CMSIS_V1, owner=FREERTOS
2023-10-17 16:04:17,719 [INFO] RtosManager:555 - Registered RTOS mode: class=CMSIS, group=RTOS2, mode=CMSIS_V2, owner=FREERTOS
2023-10-17 16:04:17,719 [INFO] RtosManager:555 - Registered RTOS mode: class=RTOS, group=Core, mode=CMSIS_V1, owner=FREERTOS
2023-10-17 16:04:17,719 [INFO] RtosManager:555 - Registered RTOS mode: class=RTOS, group=Core, mode=CMSIS_V2, owner=FREERTOS
2023-10-17 16:04:17,719 [WARN] ModelIntegratedComponent:184 - Missing modes for component STMicroelectronics:FreeRTOS:0.0.1:STMicroelectronics:RTOS:FreeRTOS:Core:::10.2.0:
2023-10-17 16:04:17,722 [WARN] ModelIntegratedComponent:63 - No mode defined for component null
2023-10-17 16:04:17,722 [WARN] ModelIntegratedComponent:63 - No mode defined for component null
2023-10-17 16:04:17,722 [WARN] ModelIntegratedComponent:63 - No mode defined for component null
2023-10-17 16:04:17,722 [WARN] ModelIntegratedComponent:63 - No mode defined for component null
2023-10-17 16:04:17,722 [WARN] ModelIntegratedComponent:63 - No mode defined for component null
2023-10-17 16:04:17,722 [WARN] ModelIntegratedComponent:63 - No mode defined for component null
2023-10-17 16:04:17,722 [WARN] ModelIntegratedComponent:63 - No mode defined for component null
2023-10-17 16:04:17,722 [WARN] ModelIntegratedComponent:63 - No mode defined for component null
2023-10-17 16:04:17,722 [WARN] ModelIntegratedComponent:63 - No mode defined for component null
2023-10-17 16:04:17,723 [WARN] ModelIntegratedComponent:63 - No mode defined for component null
2023-10-17 16:04:17,723 [WARN] ModelIntegratedComponent:63 - No mode defined for component null
2023-10-17 16:04:17,723 [WARN] ModelIntegratedComponent:63 - No mode defined for component null
2023-10-17 16:04:17,723 [WARN] ModelIntegratedComponent:63 - No mode defined for component null
2023-10-17 16:04:17,723 [WARN] ModelIntegratedComponent:63 - No mode defined for component null
2023-10-17 16:04:17,723 [WARN] ModelIntegratedComponent:63 - No mode defined for component null
2023-10-17 16:04:17,723 [WARN] ModelIntegratedComponent:63 - No mode defined for component null
2023-10-17 16:04:17,723 [WARN] ModelIntegratedComponent:63 - No mode defined for component null
2023-10-17 16:04:17,723 [WARN] ModelIntegratedComponent:63 - No mode defined for component null
2023-10-17 16:04:17,723 [WARN] ModelIntegratedComponent:63 - No mode defined for component null
2023-10-17 16:04:17,723 [WARN] ModelIntegratedComponent:63 - No mode defined for component null
2023-10-17 16:04:17,723 [WARN] ModelIntegratedComponent:63 - No mode defined for component null
2023-10-17 16:04:17,723 [WARN] ModelIntegratedComponent:63 - No mode defined for component null
2023-10-17 16:04:17,723 [WARN] ModelIntegratedComponent:63 - No mode defined for component null
2023-10-17 16:04:17,723 [WARN] ModelIntegratedComponent:63 - No mode defined for component null
2023-10-17 16:04:17,723 [WARN] ModelIntegratedComponent:63 - No mode defined for component null
2023-10-17 16:04:17,723 [WARN] ModelIntegratedComponent:63 - No mode defined for component null
2023-10-17 16:04:17,723 [WARN] ModelIntegratedComponent:63 - No mode defined for component null
2023-10-17 16:04:17,723 [WARN] ModelIntegratedComponent:63 - No mode defined for component null
2023-10-17 16:04:17,723 [WARN] ModelIntegratedComponent:63 - No mode defined for component null
2023-10-17 16:04:17,723 [WARN] ModelIntegratedComponent:63 - No mode defined for component null
2023-10-17 16:04:17,723 [WARN] ModelIntegratedComponent:63 - No mode defined for component null
2023-10-17 16:04:17,723 [WARN] ModelIntegratedComponent:63 - No mode defined for component null
2023-10-17 16:04:17,723 [WARN] ModelIntegratedComponent:63 - No mode defined for component null
2023-10-17 16:04:17,879 [INFO] ThirdPartyModel:298 - Start build external matchings
2023-10-17 16:04:19,765 [INFO] ThirdPartyModel:316 - End build external matchings
2023-10-17 16:04:19,800 [INFO] ImportTextPane:194 - (OptionalMessage_ERROR) IP (RCC) : Parameter (ADCFreqValue) has invalid value (36000000)
2023-10-17 16:04:19,800 [INFO] ImportTextPane:194 - (OptionalMessage_ERROR) IP (RCC) : Invalid parameter (FamilyName)
2023-10-17 16:04:19,800 [INFO] ImportTextPane:194 - (OptionalMessage_ERROR) IP (RCC) : Parameter (MCOFreq_Value) has invalid value (72000000)
2023-10-17 16:04:19,800 [INFO] ImportTextPane:194 - (OptionalMessage_ERROR) IP (RCC) : Parameter (USBFreq_Value) has invalid value (72000000)
2023-10-17 16:04:20,116 [INFO] UtilMem:75 - End LoadConfig() Used Memory: 561959584 Bytes (1073741824)
2023-10-17 16:04:20,180 [WARN] ThirdParty:833 - waiting for thirdparty lock release [change project]
2023-10-17 16:04:20,181 [INFO] ThirdParty:835 - entering critical section [change project]
2023-10-17 16:04:20,181 [INFO] ThirdParty:1030 - CMSIS Pack Vendor :STMicroelectronics USBPD 4.1
2023-10-17 16:04:20,181 [INFO] ThirdParty:1030 - CMSIS Pack Vendor :STMicroelectronics X-CUBE-GNSS1 6.0.0
2023-10-17 16:04:20,181 [INFO] ThirdParty:1030 - CMSIS Pack Vendor :STMicroelectronics USB_HOST 2.0.0
2023-10-17 16:04:20,181 [INFO] ThirdParty:1030 - CMSIS Pack Vendor :STMicroelectronics X-CUBE-AZRTOS-F4 1.1.0
2023-10-17 16:04:20,181 [INFO] ThirdParty:1030 - CMSIS Pack Vendor :STMicroelectronics LIBJPEG 8.0.0
2023-10-17 16:04:20,181 [INFO] ThirdParty:1030 - CMSIS Pack Vendor :wolfSSL I-CUBE-wolfSSL 5.6.3
2023-10-17 16:04:20,181 [INFO] ThirdParty:1030 - CMSIS Pack Vendor :STMicroelectronics X-CUBE-SMBUS 2.1.0
2023-10-17 16:04:20,181 [INFO] ThirdParty:1030 - CMSIS Pack Vendor :wolfSSL I-CUBE-wolfSSL 5.6.0
2023-10-17 16:04:20,181 [INFO] ThirdParty:1030 - CMSIS Pack Vendor :STMicroelectronics X-CUBE-MEMS1 9.2.0
2023-10-17 16:04:20,181 [INFO] ThirdParty:1030 - CMSIS Pack Vendor :STMicroelectronics X-CUBE-BLEMGR 1.2.0
2023-10-17 16:04:20,181 [INFO] ThirdParty:1030 - CMSIS Pack Vendor :STMicroelectronics X-CUBE-AZRTOS-F7 1.1.0
2023-10-17 16:04:20,181 [INFO] ThirdParty:1030 - CMSIS Pack Vendor :STMicroelectronics X-CUBE-AZRTOS-L5 2.0.0
2023-10-17 16:04:20,181 [INFO] ThirdParty:1030 - CMSIS Pack Vendor :STMicroelectronics USB_DEVICE 2.0.0
2023-10-17 16:04:20,181 [INFO] ThirdParty:1030 - CMSIS Pack Vendor :STMicroelectronics X-CUBE-MEMS1 9.6.0
2023-10-17 16:04:20,181 [INFO] ThirdParty:1030 - CMSIS Pack Vendor :ITTIA_DB I-CUBE-ITTIADB 8.8.0
2023-10-17 16:04:20,181 [INFO] ThirdParty:1030 - CMSIS Pack Vendor :STMicroelectronics X-CUBE-AI 7.1.0
2023-10-17 16:04:20,181 [INFO] ThirdParty:1030 - CMSIS Pack Vendor :STMicroelectronics X-CUBE-TOUCHGFX 4.19.1
2023-10-17 16:04:20,181 [INFO] ThirdParty:1030 - CMSIS Pack Vendor :STMicroelectronics FP-SNS-MOTENV1 4.3.2
2023-10-17 16:04:20,181 [INFO] ThirdParty:1030 - CMSIS Pack Vendor :STMicroelectronics X-CUBE-BLE1 6.2.3
2023-10-17 16:04:20,181 [INFO] ThirdParty:1030 - CMSIS Pack Vendor :STMicroelectronics X-CUBE-BLE1 6.2.4
2023-10-17 16:04:20,181 [INFO] ThirdParty:1030 - CMSIS Pack Vendor :STMicroelectronics FreeRTOS 0.0.1
2023-10-17 16:04:20,181 [INFO] ThirdParty:1030 - CMSIS Pack Vendor :STMicroelectronics X-CUBE-BLEMGR 2.0.0
2023-10-17 16:04:20,181 [INFO] ThirdParty:1030 - CMSIS Pack Vendor :STMicroelectronics FP-SNS-FLIGHT1 5.0.2
2023-10-17 16:04:20,181 [INFO] ThirdParty:1030 - CMSIS Pack Vendor :STMicroelectronics X-CUBE-NFC4 2.0.5
2023-10-17 16:04:20,181 [INFO] ThirdParty:1030 - CMSIS Pack Vendor :STMicroelectronics X-CUBE-BLE2 3.2.2
2023-10-17 16:04:20,181 [INFO] ThirdParty:1030 - CMSIS Pack Vendor :STMicroelectronics X-CUBE-NFC4 2.0.4
2023-10-17 16:04:20,181 [INFO] ThirdParty:1030 - CMSIS Pack Vendor :STMicroelectronics X-CUBE-AZRTOS-H7 3.1.0
2023-10-17 16:04:20,181 [INFO] ThirdParty:1030 - CMSIS Pack Vendor :STMicroelectronics PDM2PCM 3.3.0
2023-10-17 16:04:20,181 [INFO] ThirdParty:1030 - CMSIS Pack Vendor :STMicroelectronics X-CUBE-TOF1 3.1.0
2023-10-17 16:04:20,181 [INFO] ThirdParty:1030 - CMSIS Pack Vendor :STMicroelectronics X-CUBE-SFXS2LP1 3.1.0
2023-10-17 16:04:20,181 [INFO] ThirdParty:1030 - CMSIS Pack Vendor :STMicroelectronics X-CUBE-DISPLAY 3.0.0
2023-10-17 16:04:20,181 [INFO] ThirdParty:1030 - CMSIS Pack Vendor :STMicroelectronics X-CUBE-AZRTOS-F4 1.0.0
2023-10-17 16:04:20,181 [INFO] ThirdParty:1030 - CMSIS Pack Vendor :STMicroelectronics X-CUBE-BLE1 7.0.0
2023-10-17 16:04:20,181 [INFO] ThirdParty:1030 - CMSIS Pack Vendor :STMicroelectronics HAL Drivers 0.0.0
2023-10-17 16:04:20,181 [INFO] ThirdParty:1030 - CMSIS Pack Vendor :emotas I-CUBE-CANOPEN 1.3.0
2023-10-17 16:04:20,181 [INFO] ThirdParty:1030 - CMSIS Pack Vendor :STMicroelectronics X-CUBE-TOUCHGFX 4.22.0
2023-10-17 16:04:20,181 [INFO] ThirdParty:1030 - CMSIS Pack Vendor :STMicroelectronics X-CUBE-NFC7 1.0.1
2023-10-17 16:04:20,181 [INFO] ThirdParty:1030 - CMSIS Pack Vendor :STMicroelectronics MBEDTLS 2.14.1
2023-10-17 16:04:20,181 [INFO] ThirdParty:1030 - CMSIS Pack Vendor :STMicroelectronics X-CUBE-NFC7 1.0.0
2023-10-17 16:04:20,181 [INFO] ThirdParty:1030 - CMSIS Pack Vendor :STMicroelectronics X-CUBE-TOUCHGFX 4.22.1
2023-10-17 16:04:20,181 [INFO] ThirdParty:1030 - CMSIS Pack Vendor :STMicroelectronics X-CUBE-NFC6 3.0.0
2023-10-17 16:04:20,181 [INFO] ThirdParty:1030 - CMSIS Pack Vendor :STMicroelectronics X-CUBE-MEMS1 9.3.0
2023-10-17 16:04:20,181 [INFO] ThirdParty:1030 - CMSIS Pack Vendor :STMicroelectronics X-CUBE-EEPRMA1 4.1.0
2023-10-17 16:04:20,181 [INFO] ThirdParty:1030 - CMSIS Pack Vendor :STMicroelectronics X-CUBE-AI 7.2.0
2023-10-17 16:04:20,181 [INFO] ThirdParty:1030 - CMSIS Pack Vendor :STMicroelectronics FP-SNS-SMARTAG2 1.2.0
2023-10-17 16:04:20,181 [INFO] ThirdParty:1030 - CMSIS Pack Vendor :STMicroelectronics X-CUBE-AZRTOS-WL 2.0.0
2023-10-17 16:04:20,181 [INFO] ThirdParty:1030 - CMSIS Pack Vendor :STMicroelectronics USB_DEVICE 1.0.0
2023-10-17 16:04:20,181 [INFO] ThirdParty:1030 - CMSIS Pack Vendor :STMicroelectronics X-CUBE-AI 8.1.0
2023-10-17 16:04:20,181 [INFO] ThirdParty:1030 - CMSIS Pack Vendor :STMicroelectronics X-CUBE-AZRTOS-G0 1.0.0
2023-10-17 16:04:20,181 [INFO] ThirdParty:1030 - CMSIS Pack Vendor :STMicroelectronics X-CUBE-AZRTOS-L4 2.0.0
2023-10-17 16:04:20,181 [INFO] ThirdParty:1030 - CMSIS Pack Vendor :STMicroelectronics ThreadX 0.0.2
2023-10-17 16:04:20,181 [INFO] ThirdParty:1030 - CMSIS Pack Vendor :WES I-CUBE-Cesium 1.3.0
2023-10-17 16:04:20,181 [INFO] ThirdParty:1030 - CMSIS Pack Vendor :STMicroelectronics lwIP 2.1.2
2023-10-17 16:04:20,182 [INFO] ThirdParty:1030 - CMSIS Pack Vendor :STMicroelectronics X-CUBE-SFXS2LP1 4.0.0
2023-10-17 16:04:20,182 [INFO] ThirdParty:1030 - CMSIS Pack Vendor :STMicroelectronics X-CUBE-BLE2 3.3.0
2023-10-17 16:04:20,182 [INFO] ThirdParty:1030 - CMSIS Pack Vendor :STMicroelectronics X-CUBE-DISPLAY 2.2.0
2023-10-17 16:04:20,182 [INFO] ThirdParty:1030 - CMSIS Pack Vendor :STMicroelectronics X-CUBE-TOF1 3.2.0
2023-10-17 16:04:20,182 [INFO] ThirdParty:1030 - CMSIS Pack Vendor :STMicroelectronics PDM2PCM 3.2.0
2023-10-17 16:04:20,182 [INFO] ThirdParty:1030 - CMSIS Pack Vendor :STMicroelectronics X-CUBE-AZRTOS-H7 3.0.0
2023-10-17 16:04:20,182 [INFO] ThirdParty:1030 - CMSIS Pack Vendor :STMicroelectronics X-CUBE-ISPU 1.0.0
2023-10-17 16:04:20,182 [INFO] ThirdParty:1030 - CMSIS Pack Vendor :STMicroelectronics X-CUBE-ISPU 1.1.0
2023-10-17 16:04:20,182 [INFO] ThirdParty:1030 - CMSIS Pack Vendor :RoweBots I-CUBE-UNISONRTOS 5.5.0-4
2023-10-17 16:04:20,182 [INFO] ThirdParty:1030 - CMSIS Pack Vendor :STMicroelectronics X-CUBE-AZRTOS-H7 2.1.0
2023-10-17 16:04:20,182 [INFO] ThirdParty:1030 - CMSIS Pack Vendor :STMicroelectronics USB_DEVICE 3.0.0
2023-10-17 16:04:20,182 [INFO] ThirdParty:1030 - CMSIS Pack Vendor :STMicroelectronics X-CUBE-AI 8.0.0
2023-10-17 16:04:20,182 [INFO] ThirdParty:1030 - CMSIS Pack Vendor :STMicroelectronics X-CUBE-AZRTOS-WB 2.0.0
2023-10-17 16:04:20,182 [INFO] ThirdParty:1030 - CMSIS Pack Vendor :STMicroelectronics X-CUBE-FREERTOS 1.0.1
2023-10-17 16:04:20,182 [INFO] ThirdParty:1030 - CMSIS Pack Vendor :STMicroelectronics X-CUBE-TOUCHGFX 4.21.1
2023-10-17 16:04:20,182 [INFO] ThirdParty:1030 - CMSIS Pack Vendor :STMicroelectronics X-CUBE-TOUCHGFX 4.21.0
2023-10-17 16:04:20,182 [INFO] ThirdParty:1030 - CMSIS Pack Vendor :STMicroelectronics X-CUBE-TOUCHGFX 4.21.3
2023-10-17 16:04:20,182 [INFO] ThirdParty:1030 - CMSIS Pack Vendor :STMicroelectronics X-CUBE-TOUCHGFX 4.21.4
2023-10-17 16:04:20,182 [INFO] ThirdParty:1030 - CMSIS Pack Vendor :STMicroelectronics X-CUBE-MEMS1 9.4.0
2023-10-17 16:04:20,182 [INFO] ThirdParty:1030 - CMSIS Pack Vendor :STMicroelectronics X-CUBE-AI 7.3.0
2023-10-17 16:04:20,182 [INFO] ThirdParty:1030 - CMSIS Pack Vendor :STMicroelectronics X-CUBE-ALGOBUILD 1.3.0
2023-10-17 16:04:20,182 [INFO] ThirdParty:1030 - CMSIS Pack Vendor :STMicroelectronics X-CUBE-AZRTOS-L5 1.1.0
2023-10-17 16:04:20,182 [INFO] ThirdParty:1030 - CMSIS Pack Vendor :STMicroelectronics X-CUBE-AZRTOS-G0 1.1.0
2023-10-17 16:04:20,182 [INFO] ThirdParty:1030 - CMSIS Pack Vendor :STMicroelectronics X-CUBE-AI 8.0.1
2023-10-17 16:04:20,182 [INFO] ThirdParty:1030 - CMSIS Pack Vendor :STMicroelectronics X-CUBE-NFC4 3.0.0
2023-10-17 16:04:20,182 [INFO] ThirdParty:1030 - CMSIS Pack Vendor :SEGGER I-CUBE-embOS 1.2.0
2023-10-17 16:04:20,182 [INFO] ThirdParty:1030 - CMSIS Pack Vendor :STMicroelectronics X-CUBE-SUBG2 5.0.0
2023-10-17 16:04:20,182 [INFO] ThirdParty:1030 - CMSIS Pack Vendor :STMicroelectronics STM32_WPAN 1.0.0
2023-10-17 16:04:20,182 [INFO] ThirdParty:1030 - CMSIS Pack Vendor :STMicroelectronics lwIP 2.0.3
2023-10-17 16:04:20,182 [INFO] ThirdParty:1030 - CMSIS Pack Vendor :STMicroelectronics USB_HOST 1.0.0
2023-10-17 16:04:20,182 [INFO] ThirdParty:1030 - CMSIS Pack Vendor :STMicroelectronics X-CUBE-TOF1 3.3.1
2023-10-17 16:04:20,182 [INFO] ThirdParty:1030 - CMSIS Pack Vendor :STMicroelectronics X-CUBE-AZRTOS-G4 2.0.0
2023-10-17 16:04:20,182 [INFO] ThirdParty:1030 - CMSIS Pack Vendor :STMicroelectronics PDM2PCM 3.1.0
2023-10-17 16:04:20,182 [INFO] ThirdParty:1030 - CMSIS Pack Vendor :STMicroelectronics X-CUBE-TOF1 3.3.0
2023-10-17 16:04:20,182 [INFO] ThirdParty:1030 - CMSIS Pack Vendor :STMicroelectronics FP-ATR-ASTRA1 1.1.1
2023-10-17 16:04:20,182 [INFO] ThirdParty:1030 - CMSIS Pack Vendor :Infineon AIROC-Wi-Fi-Bluetooth-STM32 1.5.1
2023-10-17 16:04:20,182 [INFO] ThirdParty:1030 - CMSIS Pack Vendor :STMicroelectronics FP-ATR-ASTRA1 1.1.0
2023-10-17 16:04:20,182 [INFO] ThirdParty:1030 - CMSIS Pack Vendor :STMicroelectronics X-CUBE-BLEMGR 1.3.0
2023-10-17 16:04:20,182 [INFO] ThirdParty:1030 - CMSIS Pack Vendor :STMicroelectronics FP-ATR-SIGFOX1 3.2.0
2023-10-17 16:04:20,182 [INFO] ThirdParty:1030 - CMSIS Pack Vendor :STMicroelectronics X-CUBE-AZRTOS-G4 1.0.0
2023-10-17 16:04:20,182 [INFO] ThirdParty:1030 - CMSIS Pack Vendor :wolfSSL I-CUBE-wolfSSL 5.3.0
2023-10-17 16:04:20,182 [INFO] ThirdParty:1030 - CMSIS Pack Vendor :STMicroelectronics X-CUBE-AZRTOS-L4 1.0.0
2023-10-17 16:04:20,182 [INFO] ThirdParty:1030 - CMSIS Pack Vendor :STMicroelectronics MBEDTLS 2.16.2
2023-10-17 16:04:20,182 [INFO] ThirdParty:1030 - CMSIS Pack Vendor :emotas I-CUBE-CANOPEN 1.1.2
2023-10-17 16:04:20,182 [INFO] ThirdParty:1030 - CMSIS Pack Vendor :STMicroelectronics X-CUBE-TOUCHGFX 4.20.0
2023-10-17 16:04:20,182 [INFO] ThirdParty:1030 - CMSIS Pack Vendor :STMicroelectronics X-CUBE-FREERTOS 1.1.0
2023-10-17 16:04:20,182 [INFO] ThirdParty:1030 - CMSIS Pack Vendor :STMicroelectronics X-CUBE-AZRTOS-F7 1.0.0
2023-10-17 16:04:20,182 [INFO] ThirdParty:1030 - CMSIS Pack Vendor :STMicroelectronics X-CUBE-AZRTOS-WL 1.0.0
2023-10-17 16:04:20,182 [INFO] ThirdParty:1030 - CMSIS Pack Vendor :portGmbH I-Cube-SoM-uGOAL 1.1.0
2023-10-17 16:04:20,182 [INFO] ThirdParty:1030 - CMSIS Pack Vendor :STMicroelectronics X-CUBE-ALS 1.0.1
2023-10-17 16:04:20,182 [INFO] ThirdParty:1030 - CMSIS Pack Vendor :STMicroelectronics X-CUBE-MEMS1 9.5.0
2023-10-17 16:04:20,182 [INFO] ThirdParty:1030 - CMSIS Pack Vendor :STMicroelectronics ThreadX 1.0.0
2023-10-17 16:04:20,182 [INFO] ThirdParty:1030 - CMSIS Pack Vendor :STMicroelectronics X-CUBE-AZRTOS-WB 1.1.0
2023-10-17 16:04:20,182 [INFO] ThirdParty:1030 - CMSIS Pack Vendor :SEGGER I-CUBE-embOS 1.3.1
2023-10-17 16:04:20,182 [INFO] ThirdParty:1030 - CMSIS Pack Vendor :STMicroelectronics X-CUBE-AZRTOS-L5 1.0.0
2023-10-17 16:04:20,182 [INFO] ThirdParty:1030 - CMSIS Pack Vendor :STMicroelectronics X-CUBE-EEPRMA1 3.1.1
2023-10-17 16:04:20,182 [INFO] ThirdParty:1030 - CMSIS Pack Vendor :STMicroelectronics X-CUBE-GNSS1 5.2.0
2023-10-17 16:04:20,182 [INFO] ThirdParty:1030 - CMSIS Pack Vendor :STMicroelectronics FP-ATR-ASTRA1 2.0.0
2023-10-17 16:04:20,182 [INFO] ThirdParty:1030 - CMSIS Pack Vendor :STMicroelectronics X-CUBE-TOF1 3.0.0
2023-10-17 16:04:20,182 [INFO] ThirdParty:841 - exiting critical section [change project]
2023-10-17 16:04:20,287 [INFO] PinOutPanel:1499 - setPackage(No Configuration,No Configuration)
2023-10-17 16:04:20,287 [INFO] PinOutPanel:1499 - setPackage(STM32F103ZETx,LQFP144)
2023-10-17 16:04:20,451 [INFO] UtilMem:75 - Before build in PCC Used Memory: 764342160 Bytes (1073741824)
2023-10-17 16:04:20,575 [INFO] UtilMem:75 - After build in PCC Used Memory: 807333776 Bytes (1073741824)
2023-10-17 16:04:20,589 [INFO] IPUIPlugin:80 - create IPUIPlugin
2023-10-17 16:04:20,589 [INFO] IPUIPlugin:80 - create IPUIPlugin
2023-10-17 16:04:20,589 [INFO] IPUIPlugin:80 - create IPUIPlugin
2023-10-17 16:04:20,589 [INFO] IPUIPlugin:80 - create IPUIPlugin
2023-10-17 16:04:20,589 [INFO] IPUIPlugin:80 - create IPUIPlugin
2023-10-17 16:04:20,589 [INFO] IPUIPlugin:80 - create IPUIPlugin
2023-10-17 16:04:20,589 [INFO] IPUIPlugin:80 - create IPUIPlugin
2023-10-17 16:04:20,589 [INFO] IPUIPlugin:80 - create IPUIPlugin
2023-10-17 16:04:20,589 [INFO] IPUIPlugin:80 - create IPUIPlugin
2023-10-17 16:04:20,589 [INFO] IPUIPlugin:80 - create IPUIPlugin
2023-10-17 16:04:20,589 [INFO] IPUIPlugin:80 - create IPUIPlugin
2023-10-17 16:04:20,589 [INFO] IPUIPlugin:80 - create IPUIPlugin
2023-10-17 16:04:20,589 [INFO] IPUIPlugin:80 - create IPUIPlugin
2023-10-17 16:04:20,589 [INFO] IPUIPlugin:80 - create IPUIPlugin
2023-10-17 16:04:20,589 [INFO] IPUIPlugin:80 - create IPUIPlugin
2023-10-17 16:04:20,589 [INFO] IPUIPlugin:80 - create IPUIPlugin
2023-10-17 16:04:20,589 [INFO] IPUIPlugin:80 - create IPUIPlugin
2023-10-17 16:04:20,589 [INFO] IPUIPlugin:80 - create IPUIPlugin
2023-10-17 16:04:20,590 [INFO] IPUIPlugin:80 - create IPUIPlugin
2023-10-17 16:04:20,590 [INFO] IPUIPlugin:80 - create IPUIPlugin
2023-10-17 16:04:20,590 [INFO] IPUIPlugin:80 - create IPUIPlugin
2023-10-17 16:04:20,590 [INFO] IPUIPlugin:80 - create IPUIPlugin
2023-10-17 16:04:20,590 [INFO] IPUIPlugin:80 - create IPUIPlugin
2023-10-17 16:04:20,590 [INFO] IPUIPlugin:80 - create IPUIPlugin
2023-10-17 16:04:20,590 [INFO] IPUIPlugin:80 - create IPUIPlugin
2023-10-17 16:04:20,590 [INFO] IPUIPlugin:80 - create IPUIPlugin
2023-10-17 16:04:20,590 [INFO] IPUIPlugin:80 - create IPUIPlugin
2023-10-17 16:04:20,590 [INFO] IPUIPlugin:80 - create IPUIPlugin
2023-10-17 16:04:20,591 [INFO] IPUIPlugin:80 - create IPUIPlugin
2023-10-17 16:04:20,591 [INFO] IPUIPlugin:80 - create IPUIPlugin
2023-10-17 16:04:20,591 [INFO] IPUIPlugin:80 - create IPUIPlugin
2023-10-17 16:04:20,591 [INFO] IPUIPlugin:80 - create IPUIPlugin
2023-10-17 16:04:20,591 [INFO] IPUIPlugin:80 - create IPUIPlugin
2023-10-17 16:04:20,591 [INFO] IPUIPlugin:80 - create IPUIPlugin
2023-10-17 16:04:20,591 [INFO] IPUIPlugin:80 - create IPUIPlugin
2023-10-17 16:04:20,591 [INFO] IPUIPlugin:80 - create IPUIPlugin
2023-10-17 16:04:20,591 [INFO] IPUIPlugin:80 - create IPUIPlugin
2023-10-17 16:04:20,592 [INFO] IPUIPlugin:80 - create IPUIPlugin
2023-10-17 16:04:20,592 [INFO] IPUIPlugin:80 - create IPUIPlugin
2023-10-17 16:04:20,592 [INFO] IPUIPlugin:80 - create IPUIPlugin
2023-10-17 16:04:20,635 [INFO] CADModel:165 - CPN selected for project levelSTM32F103ZET6
2023-10-17 16:04:20,635 [INFO] CADModel:114 - Register for checkConnection events
2023-10-17 16:04:20,702 [INFO] OpenFileManager:328 - Restore cursor
2023-10-17 16:13:35,001 [INFO] Gpio:273 - dependency for GPIO [RCC, SYS, TIM2, USART1]
