2023-10-12 09:48:03,303 [INFO] UtilMem:75 - End SaveConfig() Used Memory: 518307976 Bytes (1073741824)
2023-10-12 09:48:06,052 [INFO] UtilMem:75 - End SaveConfig() Used Memory: 551642776 Bytes (1073741824)
2023-10-12 09:48:09,027 [INFO] UtilMem:75 - End SaveConfig() Used Memory: 639942792 Bytes (1073741824)
2023-10-12 09:48:09,518 [INFO] BlockDiagram:2759 - set Specific Code input for plugin: NVIC
2023-10-12 09:48:09,519 [INFO] BlockDiagram:2759 - set Specific Code input for plugin: SYS
2023-10-12 09:48:09,519 [INFO] BlockDiagram:2759 - set Specific Code input for plugin: GPIO
2023-10-12 09:48:09,519 [INFO] BlockDiagram:2759 - set Specific Code input for plugin: RCC
2023-10-12 09:48:09,521 [INFO] CodeGenerator:799 - code generatio: config db path: H:\cubeide\STM32CubeIDE_1.13.1\STM32CubeIDE\plugins\com.st.stm32cube.common.mx_6.9.1.202307191849\\db\
2023-10-12 09:48:09,854 [INFO] CodeEngine:255 - oldGeneratedFile, H:\cubeide\STM32CubeIDE_DEMO\00_f103_test\MXTmpFiles\license.tmp_save
2023-10-12 09:48:10,217 [INFO] CodeEngine:279 - Generated code: H:\cubeide\STM32CubeIDE_DEMO\00_f103_test\MXTmpFiles\license.tmp
2023-10-12 09:48:10,331 [INFO] CodeEngine:255 - oldGeneratedFile, H:\cubeide\STM32CubeIDE_DEMO\00_f103_test\Core\Src\gpio.c_save
2023-10-12 09:48:10,460 [INFO] CodeEngine:279 - Generated code: H:\cubeide\STM32CubeIDE_DEMO\00_f103_test\Core\Src\gpio.c
2023-10-12 09:48:10,474 [INFO] CodeEngine:255 - oldGeneratedFile, H:\cubeide\STM32CubeIDE_DEMO\00_f103_test\Core\Inc\gpio.h_save
2023-10-12 09:48:10,552 [INFO] CodeEngine:279 - Generated code: H:\cubeide\STM32CubeIDE_DEMO\00_f103_test\Core\Inc\gpio.h
2023-10-12 09:48:10,610 [INFO] CodeEngine:255 - oldGeneratedFile, H:\cubeide\STM32CubeIDE_DEMO\00_f103_test\Core\Src\stm32f1xx_it.c_save
2023-10-12 09:48:10,712 [INFO] CodeEngine:279 - Generated code: H:\cubeide\STM32CubeIDE_DEMO\00_f103_test\Core\Src\stm32f1xx_it.c
2023-10-12 09:48:10,732 [INFO] CodeEngine:255 - oldGeneratedFile, H:\cubeide\STM32CubeIDE_DEMO\00_f103_test\Core\Inc\stm32f1xx_it.h_save
2023-10-12 09:48:10,797 [INFO] CodeEngine:279 - Generated code: H:\cubeide\STM32CubeIDE_DEMO\00_f103_test\Core\Inc\stm32f1xx_it.h
2023-10-12 09:48:10,822 [INFO] CodeEngine:255 - oldGeneratedFile, H:\cubeide\STM32CubeIDE_DEMO\00_f103_test\Core\Src\stm32f1xx_hal_msp.c_save
2023-10-12 09:48:10,916 [INFO] CodeEngine:279 - Generated code: H:\cubeide\STM32CubeIDE_DEMO\00_f103_test\Core\Src\stm32f1xx_hal_msp.c
2023-10-12 09:48:10,926 [INFO] CodeEngine:255 - oldGeneratedFile, H:\cubeide\STM32CubeIDE_DEMO\00_f103_test\MXTmpFiles\system.tmp_save
2023-10-12 09:48:10,976 [INFO] CodeEngine:279 - Generated code: H:\cubeide\STM32CubeIDE_DEMO\00_f103_test\MXTmpFiles\system.tmp
2023-10-12 09:48:10,998 [INFO] CodeEngine:311 - oldGeneratedFile, H:\cubeide\STM32CubeIDE_DEMO\00_f103_test\Core\Inc\stm32f1xx_hal_conf.h_save
2023-10-12 09:48:11,068 [INFO] CodeEngine:335 - Generated code: H:\cubeide\STM32CubeIDE_DEMO\00_f103_test\Core\Inc\stm32f1xx_hal_conf.h
2023-10-12 09:48:11,122 [INFO] CodeEngine:255 - oldGeneratedFile, H:\cubeide\STM32CubeIDE_DEMO\00_f103_test\Core\Inc\main.h_save
2023-10-12 09:48:11,200 [INFO] CodeEngine:279 - Generated code: H:\cubeide\STM32CubeIDE_DEMO\00_f103_test\Core\Inc\main.h
2023-10-12 09:48:11,219 [INFO] CodeEngine:255 - oldGeneratedFile, H:\cubeide\STM32CubeIDE_DEMO\00_f103_test\Core\Src\main.c_save
2023-10-12 09:48:11,316 [INFO] CodeEngine:279 - Generated code: H:\cubeide\STM32CubeIDE_DEMO\00_f103_test\Core\Src\main.c
2023-10-12 09:48:11,820 [INFO] ProjectBuilder:3064 - Time for Copy HAL[1] : 232mS.
2023-10-12 09:48:11,835 [INFO] ProjectBuilder:4404 - Project Generator version: 4.1.0
2023-10-12 09:48:12,131 [INFO] ConfigFileManager:1457 - The Die is : DIE414
2023-10-12 09:48:12,157 [INFO] ApiDbMcu:507 - Load IP Config File for FATFS
2023-10-12 09:48:12,171 [INFO] ApiDbMcu:507 - Load IP Config File for FREERTOS
2023-10-12 09:48:12,189 [INFO] ApiDbMcu:507 - Load IP Config File for USB_DEVICE
