2023-11-14 11:53:06,385 [ERROR] AdobePublisher:162 - Exception while opening the connection: java.net.SocketTimeoutException: Connect timed out
2023-11-14 11:55:09,058 [WARN] IP:2114 - I2C_Coeff_DF not found: check if there is a RefParameter without a condition.
2023-11-14 11:55:09,058 [WARN] IP:2114 - Analog_Filter not found: check if there is a RefParameter without a condition.
2023-11-14 11:55:09,058 [WARN] IP:2114 - I2C_Coeff_DF not found: check if there is a RefParameter without a condition.
2023-11-14 11:55:09,058 [WARN] IP:2114 - Analog_Filter not found: check if there is a RefParameter without a condition.
2023-11-14 11:55:11,202 [WARN] IP:2114 - I2C_Coeff_DF not found: check if there is a RefParameter without a condition.
2023-11-14 11:55:11,202 [WARN] IP:2114 - Analog_Filter not found: check if there is a RefParameter without a condition.
2023-11-14 11:55:13,502 [INFO] NvicIntPanel:101 - NVIC parent = com.st.microxplorer.plugins.ip.nvic.MultiNvicIntPanel[,0,0,664x435,layout=javax.swing.BoxLayout,alignmentX=0.0,alignmentY=0.0,border=,flags=9,maximumSize=,minimumSize=,preferredSize=]
2023-11-14 11:55:35,541 [INFO] UtilMem:75 - End SaveConfig() Used Memory: 850059080 Bytes (1073741824)
2023-11-14 11:55:36,108 [INFO] UtilMem:75 - End SaveConfig() Used Memory: 887807816 Bytes (1073741824)
2023-11-14 11:55:36,527 [INFO] BlockDiagram:2759 - set Specific Code input for plugin: FSMC
2023-11-14 11:55:36,528 [INFO] BlockDiagram:2759 - set Specific Code input for plugin: NVIC
2023-11-14 11:55:36,528 [INFO] BlockDiagram:2759 - set Specific Code input for plugin: USART
2023-11-14 11:55:36,528 [INFO] BlockDiagram:2759 - set Specific Code input for plugin: SYS
2023-11-14 11:55:36,528 [INFO] BlockDiagram:2759 - set Specific Code input for plugin: GPIO
2023-11-14 11:55:36,528 [INFO] BlockDiagram:2759 - set Specific Code input for plugin: RCC
2023-11-14 11:55:36,528 [INFO] BlockDiagram:2759 - set Specific Code input for plugin: I2C
2023-11-14 11:55:36,529 [INFO] CodeGenerator:799 - code generatio: config db path: H:\cubeide\STM32CubeIDE_1.13.1\STM32CubeIDE\plugins\com.st.stm32cube.common.mx_6.9.1.202307191849\\db\
2023-11-14 11:55:36,534 [WARN] IP:2114 - I2C_Coeff_DF not found: check if there is a RefParameter without a condition.
2023-11-14 11:55:36,534 [WARN] IP:2114 - Analog_Filter not found: check if there is a RefParameter without a condition.
2023-11-14 11:55:36,684 [INFO] CodeEngine:255 - oldGeneratedFile, H:\cubeide\STM32CubeIDE_DEMO\IIC\MXTmpFiles\license.tmp_save
2023-11-14 11:55:36,748 [INFO] CodeEngine:279 - Generated code: H:\cubeide\STM32CubeIDE_DEMO\IIC\MXTmpFiles\license.tmp
2023-11-14 11:55:36,789 [INFO] CodeEngine:255 - oldGeneratedFile, H:\cubeide\STM32CubeIDE_DEMO\IIC\Core\Src\gpio.c_save
2023-11-14 11:55:36,859 [INFO] CodeEngine:279 - Generated code: H:\cubeide\STM32CubeIDE_DEMO\IIC\Core\Src\gpio.c
2023-11-14 11:55:36,873 [INFO] CodeEngine:255 - oldGeneratedFile, H:\cubeide\STM32CubeIDE_DEMO\IIC\Core\Inc\gpio.h_save
2023-11-14 11:55:36,934 [INFO] CodeEngine:279 - Generated code: H:\cubeide\STM32CubeIDE_DEMO\IIC\Core\Inc\gpio.h
2023-11-14 11:55:37,134 [INFO] CodeEngine:255 - oldGeneratedFile, H:\cubeide\STM32CubeIDE_DEMO\IIC\Core\Src\fsmc.c_save
2023-11-14 11:55:37,215 [INFO] CodeEngine:279 - Generated code: H:\cubeide\STM32CubeIDE_DEMO\IIC\Core\Src\fsmc.c
2023-11-14 11:55:37,228 [INFO] CodeEngine:255 - oldGeneratedFile, H:\cubeide\STM32CubeIDE_DEMO\IIC\Core\Inc\fsmc.h_save
2023-11-14 11:55:37,292 [INFO] CodeEngine:279 - Generated code: H:\cubeide\STM32CubeIDE_DEMO\IIC\Core\Inc\fsmc.h
2023-11-14 11:55:37,301 [INFO] CodeEngine:255 - oldGeneratedFile, H:\cubeide\STM32CubeIDE_DEMO\IIC\Core\Src\i2c.c_save
2023-11-14 11:55:37,381 [INFO] CodeEngine:279 - Generated code: H:\cubeide\STM32CubeIDE_DEMO\IIC\Core\Src\i2c.c
2023-11-14 11:55:37,397 [INFO] CodeEngine:255 - oldGeneratedFile, H:\cubeide\STM32CubeIDE_DEMO\IIC\Core\Inc\i2c.h_save
2023-11-14 11:55:37,446 [INFO] CodeEngine:279 - Generated code: H:\cubeide\STM32CubeIDE_DEMO\IIC\Core\Inc\i2c.h
2023-11-14 11:55:37,455 [INFO] CodeEngine:255 - oldGeneratedFile, H:\cubeide\STM32CubeIDE_DEMO\IIC\Core\Src\usart.c_save
2023-11-14 11:55:37,538 [INFO] CodeEngine:279 - Generated code: H:\cubeide\STM32CubeIDE_DEMO\IIC\Core\Src\usart.c
2023-11-14 11:55:37,543 [INFO] CodeEngine:255 - oldGeneratedFile, H:\cubeide\STM32CubeIDE_DEMO\IIC\Core\Inc\usart.h_save
2023-11-14 11:55:37,600 [INFO] CodeEngine:279 - Generated code: H:\cubeide\STM32CubeIDE_DEMO\IIC\Core\Inc\usart.h
2023-11-14 11:55:37,624 [INFO] CodeEngine:255 - oldGeneratedFile, H:\cubeide\STM32CubeIDE_DEMO\IIC\Core\Src\stm32f1xx_it.c_save
2023-11-14 11:55:37,756 [INFO] CodeEngine:279 - Generated code: H:\cubeide\STM32CubeIDE_DEMO\IIC\Core\Src\stm32f1xx_it.c
2023-11-14 11:55:37,772 [INFO] CodeEngine:255 - oldGeneratedFile, H:\cubeide\STM32CubeIDE_DEMO\IIC\Core\Inc\stm32f1xx_it.h_save
2023-11-14 11:55:37,834 [INFO] CodeEngine:279 - Generated code: H:\cubeide\STM32CubeIDE_DEMO\IIC\Core\Inc\stm32f1xx_it.h
2023-11-14 11:55:37,854 [INFO] CodeEngine:255 - oldGeneratedFile, H:\cubeide\STM32CubeIDE_DEMO\IIC\Core\Src\stm32f1xx_hal_msp.c_save
2023-11-14 11:55:37,941 [INFO] CodeEngine:279 - Generated code: H:\cubeide\STM32CubeIDE_DEMO\IIC\Core\Src\stm32f1xx_hal_msp.c
2023-11-14 11:55:37,960 [INFO] CodeEngine:255 - oldGeneratedFile, H:\cubeide\STM32CubeIDE_DEMO\IIC\MXTmpFiles\system.tmp_save
2023-11-14 11:55:38,022 [INFO] CodeEngine:279 - Generated code: H:\cubeide\STM32CubeIDE_DEMO\IIC\MXTmpFiles\system.tmp
2023-11-14 11:55:38,040 [INFO] CodeEngine:311 - oldGeneratedFile, H:\cubeide\STM32CubeIDE_DEMO\IIC\Core\Inc\stm32f1xx_hal_conf.h_save
2023-11-14 11:55:38,110 [INFO] CodeEngine:335 - Generated code: H:\cubeide\STM32CubeIDE_DEMO\IIC\Core\Inc\stm32f1xx_hal_conf.h
2023-11-14 11:55:38,138 [INFO] CodeEngine:255 - oldGeneratedFile, H:\cubeide\STM32CubeIDE_DEMO\IIC\Core\Inc\main.h_save
2023-11-14 11:55:38,208 [INFO] CodeEngine:279 - Generated code: H:\cubeide\STM32CubeIDE_DEMO\IIC\Core\Inc\main.h
2023-11-14 11:55:38,226 [INFO] CodeEngine:255 - oldGeneratedFile, H:\cubeide\STM32CubeIDE_DEMO\IIC\Core\Src\main.c_save
2023-11-14 11:55:38,297 [INFO] CodeEngine:279 - Generated code: H:\cubeide\STM32CubeIDE_DEMO\IIC\Core\Src\main.c
2023-11-14 11:55:38,836 [INFO] ProjectBuilder:3064 - Time for Copy HAL[1] : 259mS.
2023-11-14 11:55:38,839 [INFO] ProjectBuilder:4404 - Project Generator version: 4.1.0
2023-11-14 11:55:39,031 [INFO] ConfigFileManager:1457 - The Die is : DIE414
2023-11-14 11:55:39,968 [INFO] ProjectBuilder:4626 - Time for Generating toolchain IDE Files: 1129mS.
2023-11-14 11:55:39,969 [INFO] ProjectBuilder:2935 - Time for Copy CMSIS : 1mS.
2023-11-14 11:55:39,972 [INFO] ProjectBuilder:2935 - Time for Copy CMSIS : 1mS.
2023-11-14 14:53:26,528 [INFO] MainUpdater:2868 - connection check result : 10
2023-11-14 14:53:26,529 [INFO] MainUpdater:2868 - connection check result : 10
2023-11-14 14:53:26,647 [INFO] MicroXplorer:468 - Change Database Path : 
2023-11-14 14:53:26,647 [INFO] MicroXplorer:498 - Change Database Version : DB.6.0.91
2023-11-14 14:53:26,685 [WARN] ThirdParty:871 - waiting for thirdparty lock release [close project]
2023-11-14 14:53:26,685 [INFO] ThirdParty:873 - entering critical section [close project]
2023-11-14 14:53:26,685 [INFO] ThirdParty:883 - exiting critical section [close project]
2023-11-14 14:53:26,686 [INFO] PinOutPanel:1499 - setPackage(No Configuration,No Configuration)
2023-11-14 14:53:26,691 [INFO] UtilMem:75 - Begin LoadConfig() Used Memory: 616450968 Bytes (1073741824)
2023-11-14 14:53:26,691 [INFO] MicroXplorer:468 - Change Database Path : 
2023-11-14 14:53:26,691 [INFO] MicroXplorer:498 - Change Database Version : DB.6.0.91
2023-11-14 14:53:26,692 [INFO] OpenFileManager:308 - Change cursor
2023-11-14 14:53:26,732 [INFO] RulesReader:64 - Compatibility file has been processed (293 Rules)
2023-11-14 14:53:26,746 [INFO] Mcu:1946 - Initializing MCU STM32F103Z(C-D-E)Tx STM32F103ZETx STM32F103ZET6
2023-11-14 14:53:27,900 [INFO] Context:659 - Trying to add GPIOservice into a context  which must be forbidden
2023-11-14 14:53:28,258 [INFO] RtosManager:555 - Registered RTOS mode: class=CMSIS, group=RTOS, mode=CMSIS_V1, owner=FREERTOS
2023-11-14 14:53:28,258 [INFO] RtosManager:555 - Registered RTOS mode: class=CMSIS, group=RTOS2, mode=CMSIS_V2, owner=FREERTOS
2023-11-14 14:53:28,258 [INFO] RtosManager:555 - Registered RTOS mode: class=RTOS, group=Core, mode=CMSIS_V1, owner=FREERTOS
2023-11-14 14:53:28,258 [INFO] RtosManager:555 - Registered RTOS mode: class=RTOS, group=Core, mode=CMSIS_V2, owner=FREERTOS
2023-11-14 14:53:28,258 [WARN] ModelIntegratedComponent:184 - Missing modes for component STMicroelectronics:FreeRTOS:0.0.1:STMicroelectronics:RTOS:FreeRTOS:Core:::10.2.0:
2023-11-14 14:53:28,262 [WARN] ModelIntegratedComponent:63 - No mode defined for component null
2023-11-14 14:53:28,262 [WARN] ModelIntegratedComponent:63 - No mode defined for component null
2023-11-14 14:53:28,262 [WARN] ModelIntegratedComponent:63 - No mode defined for component null
2023-11-14 14:53:28,262 [WARN] ModelIntegratedComponent:63 - No mode defined for component null
2023-11-14 14:53:28,262 [WARN] ModelIntegratedComponent:63 - No mode defined for component null
2023-11-14 14:53:28,262 [WARN] ModelIntegratedComponent:63 - No mode defined for component null
2023-11-14 14:53:28,262 [WARN] ModelIntegratedComponent:63 - No mode defined for component null
2023-11-14 14:53:28,262 [WARN] ModelIntegratedComponent:63 - No mode defined for component null
2023-11-14 14:53:28,262 [WARN] ModelIntegratedComponent:63 - No mode defined for component null
2023-11-14 14:53:28,262 [WARN] ModelIntegratedComponent:63 - No mode defined for component null
2023-11-14 14:53:28,262 [WARN] ModelIntegratedComponent:63 - No mode defined for component null
2023-11-14 14:53:28,262 [WARN] ModelIntegratedComponent:63 - No mode defined for component null
2023-11-14 14:53:28,262 [WARN] ModelIntegratedComponent:63 - No mode defined for component null
2023-11-14 14:53:28,262 [WARN] ModelIntegratedComponent:63 - No mode defined for component null
2023-11-14 14:53:28,262 [WARN] ModelIntegratedComponent:63 - No mode defined for component null
2023-11-14 14:53:28,262 [WARN] ModelIntegratedComponent:63 - No mode defined for component null
2023-11-14 14:53:28,262 [WARN] ModelIntegratedComponent:63 - No mode defined for component null
2023-11-14 14:53:28,262 [WARN] ModelIntegratedComponent:63 - No mode defined for component null
2023-11-14 14:53:28,262 [WARN] ModelIntegratedComponent:63 - No mode defined for component null
2023-11-14 14:53:28,262 [WARN] ModelIntegratedComponent:63 - No mode defined for component null
2023-11-14 14:53:28,262 [WARN] ModelIntegratedComponent:63 - No mode defined for component null
2023-11-14 14:53:28,262 [WARN] ModelIntegratedComponent:63 - No mode defined for component null
2023-11-14 14:53:28,262 [WARN] ModelIntegratedComponent:63 - No mode defined for component null
2023-11-14 14:53:28,262 [WARN] ModelIntegratedComponent:63 - No mode defined for component null
2023-11-14 14:53:28,262 [WARN] ModelIntegratedComponent:63 - No mode defined for component null
2023-11-14 14:53:28,262 [WARN] ModelIntegratedComponent:63 - No mode defined for component null
2023-11-14 14:53:28,262 [WARN] ModelIntegratedComponent:63 - No mode defined for component null
2023-11-14 14:53:28,262 [WARN] ModelIntegratedComponent:63 - No mode defined for component null
2023-11-14 14:53:28,262 [WARN] ModelIntegratedComponent:63 - No mode defined for component null
2023-11-14 14:53:28,262 [WARN] ModelIntegratedComponent:63 - No mode defined for component null
2023-11-14 14:53:28,262 [WARN] ModelIntegratedComponent:63 - No mode defined for component null
2023-11-14 14:53:28,262 [WARN] ModelIntegratedComponent:63 - No mode defined for component null
2023-11-14 14:53:28,262 [WARN] ModelIntegratedComponent:63 - No mode defined for component null
2023-11-14 14:53:28,485 [INFO] ThirdPartyModel:298 - Start build external matchings
2023-11-14 14:53:30,874 [INFO] ThirdPartyModel:316 - End build external matchings
2023-11-14 14:53:30,912 [INFO] ImportTextPane:194 - (OptionalMessage_ERROR) IP (RCC) : Parameter (ADCFreqValue) has invalid value (36000000)
2023-11-14 14:53:30,913 [INFO] ImportTextPane:194 - (OptionalMessage_ERROR) IP (RCC) : Invalid parameter (FamilyName)
2023-11-14 14:53:30,913 [INFO] ImportTextPane:194 - (OptionalMessage_ERROR) IP (RCC) : Parameter (MCOFreq_Value) has invalid value (72000000)
2023-11-14 14:53:30,913 [INFO] ImportTextPane:194 - (OptionalMessage_ERROR) IP (RCC) : Parameter (USBFreq_Value) has invalid value (72000000)
2023-11-14 14:53:31,209 [INFO] UtilMem:75 - End LoadConfig() Used Memory: 760892928 Bytes (1073741824)
2023-11-14 14:53:31,260 [WARN] ThirdParty:833 - waiting for thirdparty lock release [change project]
2023-11-14 14:53:31,260 [INFO] ThirdParty:835 - entering critical section [change project]
2023-11-14 14:53:31,260 [INFO] ThirdParty:1030 - CMSIS Pack Vendor :STMicroelectronics USBPD 4.1
2023-11-14 14:53:31,260 [INFO] ThirdParty:1030 - CMSIS Pack Vendor :STMicroelectronics X-CUBE-GNSS1 6.0.0
2023-11-14 14:53:31,260 [INFO] ThirdParty:1030 - CMSIS Pack Vendor :STMicroelectronics USB_HOST 2.0.0
2023-11-14 14:53:31,260 [INFO] ThirdParty:1030 - CMSIS Pack Vendor :STMicroelectronics X-CUBE-AZRTOS-F4 1.1.0
2023-11-14 14:53:31,260 [INFO] ThirdParty:1030 - CMSIS Pack Vendor :STMicroelectronics LIBJPEG 8.0.0
2023-11-14 14:53:31,260 [INFO] ThirdParty:1030 - CMSIS Pack Vendor :wolfSSL I-CUBE-wolfSSL 5.6.3
2023-11-14 14:53:31,260 [INFO] ThirdParty:1030 - CMSIS Pack Vendor :STMicroelectronics X-CUBE-SMBUS 2.1.0
2023-11-14 14:53:31,260 [INFO] ThirdParty:1030 - CMSIS Pack Vendor :wolfSSL I-CUBE-wolfSSL 5.6.0
2023-11-14 14:53:31,260 [INFO] ThirdParty:1030 - CMSIS Pack Vendor :STMicroelectronics X-CUBE-MEMS1 9.2.0
2023-11-14 14:53:31,260 [INFO] ThirdParty:1030 - CMSIS Pack Vendor :STMicroelectronics X-CUBE-BLEMGR 1.2.0
2023-11-14 14:53:31,260 [INFO] ThirdParty:1030 - CMSIS Pack Vendor :STMicroelectronics X-CUBE-AZRTOS-F7 1.1.0
2023-11-14 14:53:31,260 [INFO] ThirdParty:1030 - CMSIS Pack Vendor :STMicroelectronics X-CUBE-AZRTOS-L5 2.0.0
2023-11-14 14:53:31,260 [INFO] ThirdParty:1030 - CMSIS Pack Vendor :STMicroelectronics USB_DEVICE 2.0.0
2023-11-14 14:53:31,260 [INFO] ThirdParty:1030 - CMSIS Pack Vendor :STMicroelectronics X-CUBE-MEMS1 9.6.0
2023-11-14 14:53:31,260 [INFO] ThirdParty:1030 - CMSIS Pack Vendor :STMicroelectronics X-CUBE-EEPRMA1 4.2.0
2023-11-14 14:53:31,260 [INFO] ThirdParty:1030 - CMSIS Pack Vendor :ITTIA_DB I-CUBE-ITTIADB 8.8.0
2023-11-14 14:53:31,260 [INFO] ThirdParty:1030 - CMSIS Pack Vendor :STMicroelectronics X-CUBE-AI 7.1.0
2023-11-14 14:53:31,260 [INFO] ThirdParty:1030 - CMSIS Pack Vendor :STMicroelectronics X-CUBE-TOUCHGFX 4.19.1
2023-11-14 14:53:31,260 [INFO] ThirdParty:1030 - CMSIS Pack Vendor :STMicroelectronics FP-SNS-MOTENV1 4.3.2
2023-11-14 14:53:31,260 [INFO] ThirdParty:1030 - CMSIS Pack Vendor :STMicroelectronics X-CUBE-BLE1 6.2.3
2023-11-14 14:53:31,260 [INFO] ThirdParty:1030 - CMSIS Pack Vendor :STMicroelectronics X-CUBE-BLE1 6.2.4
2023-11-14 14:53:31,260 [INFO] ThirdParty:1030 - CMSIS Pack Vendor :STMicroelectronics FreeRTOS 0.0.1
2023-11-14 14:53:31,260 [INFO] ThirdParty:1030 - CMSIS Pack Vendor :STMicroelectronics X-CUBE-BLEMGR 2.0.0
2023-11-14 14:53:31,260 [INFO] ThirdParty:1030 - CMSIS Pack Vendor :STMicroelectronics FP-SNS-FLIGHT1 5.0.2
2023-11-14 14:53:31,260 [INFO] ThirdParty:1030 - CMSIS Pack Vendor :STMicroelectronics X-CUBE-NFC4 2.0.5
2023-11-14 14:53:31,260 [INFO] ThirdParty:1030 - CMSIS Pack Vendor :STMicroelectronics X-CUBE-BLE2 3.2.2
2023-11-14 14:53:31,260 [INFO] ThirdParty:1030 - CMSIS Pack Vendor :STMicroelectronics X-CUBE-NFC4 2.0.4
2023-11-14 14:53:31,260 [INFO] ThirdParty:1030 - CMSIS Pack Vendor :STMicroelectronics X-CUBE-AZRTOS-H7 3.1.0
2023-11-14 14:53:31,260 [INFO] ThirdParty:1030 - CMSIS Pack Vendor :STMicroelectronics PDM2PCM 3.3.0
2023-11-14 14:53:31,260 [INFO] ThirdParty:1030 - CMSIS Pack Vendor :STMicroelectronics X-CUBE-TOF1 3.1.0
2023-11-14 14:53:31,260 [INFO] ThirdParty:1030 - CMSIS Pack Vendor :STMicroelectronics X-CUBE-SFXS2LP1 3.1.0
2023-11-14 14:53:31,260 [INFO] ThirdParty:1030 - CMSIS Pack Vendor :STMicroelectronics X-CUBE-DISPLAY 3.0.0
2023-11-14 14:53:31,275 [INFO] ThirdParty:1030 - CMSIS Pack Vendor :STMicroelectronics X-CUBE-AZRTOS-F4 1.0.0
2023-11-14 14:53:31,275 [INFO] ThirdParty:1030 - CMSIS Pack Vendor :STMicroelectronics X-CUBE-BLE1 7.0.0
2023-11-14 14:53:31,275 [INFO] ThirdParty:1030 - CMSIS Pack Vendor :STMicroelectronics HAL Drivers 0.0.0
2023-11-14 14:53:31,275 [INFO] ThirdParty:1030 - CMSIS Pack Vendor :emotas I-CUBE-CANOPEN 1.3.0
2023-11-14 14:53:31,275 [INFO] ThirdParty:1030 - CMSIS Pack Vendor :STMicroelectronics X-CUBE-TOUCHGFX 4.22.0
2023-11-14 14:53:31,275 [INFO] ThirdParty:1030 - CMSIS Pack Vendor :STMicroelectronics X-CUBE-NFC7 1.0.1
2023-11-14 14:53:31,275 [INFO] ThirdParty:1030 - CMSIS Pack Vendor :STMicroelectronics MBEDTLS 2.14.1
2023-11-14 14:53:31,275 [INFO] ThirdParty:1030 - CMSIS Pack Vendor :STMicroelectronics X-CUBE-NFC7 1.0.0
2023-11-14 14:53:31,275 [INFO] ThirdParty:1030 - CMSIS Pack Vendor :STMicroelectronics X-CUBE-TOUCHGFX 4.22.1
2023-11-14 14:53:31,275 [INFO] ThirdParty:1030 - CMSIS Pack Vendor :STMicroelectronics X-CUBE-NFC6 3.0.0
2023-11-14 14:53:31,275 [INFO] ThirdParty:1030 - CMSIS Pack Vendor :STMicroelectronics X-CUBE-MEMS1 9.3.0
2023-11-14 14:53:31,275 [INFO] ThirdParty:1030 - CMSIS Pack Vendor :STMicroelectronics X-CUBE-EEPRMA1 4.1.0
2023-11-14 14:53:31,275 [INFO] ThirdParty:1030 - CMSIS Pack Vendor :STMicroelectronics X-CUBE-AI 7.2.0
2023-11-14 14:53:31,275 [INFO] ThirdParty:1030 - CMSIS Pack Vendor :STMicroelectronics FP-SNS-SMARTAG2 1.2.0
2023-11-14 14:53:31,275 [INFO] ThirdParty:1030 - CMSIS Pack Vendor :STMicroelectronics X-CUBE-AZRTOS-WL 2.0.0
2023-11-14 14:53:31,275 [INFO] ThirdParty:1030 - CMSIS Pack Vendor :STMicroelectronics USB_DEVICE 1.0.0
2023-11-14 14:53:31,275 [INFO] ThirdParty:1030 - CMSIS Pack Vendor :STMicroelectronics X-CUBE-AI 8.1.0
2023-11-14 14:53:31,275 [INFO] ThirdParty:1030 - CMSIS Pack Vendor :STMicroelectronics X-CUBE-AZRTOS-G0 1.0.0
2023-11-14 14:53:31,275 [INFO] ThirdParty:1030 - CMSIS Pack Vendor :STMicroelectronics X-CUBE-AZRTOS-L4 2.0.0
2023-11-14 14:53:31,275 [INFO] ThirdParty:1030 - CMSIS Pack Vendor :STMicroelectronics ThreadX 0.0.2
2023-11-14 14:53:31,275 [INFO] ThirdParty:1030 - CMSIS Pack Vendor :WES I-CUBE-Cesium 1.3.0
2023-11-14 14:53:31,275 [INFO] ThirdParty:1030 - CMSIS Pack Vendor :STMicroelectronics lwIP 2.1.2
2023-11-14 14:53:31,275 [INFO] ThirdParty:1030 - CMSIS Pack Vendor :STMicroelectronics X-CUBE-SFXS2LP1 4.0.0
2023-11-14 14:53:31,275 [INFO] ThirdParty:1030 - CMSIS Pack Vendor :STMicroelectronics X-CUBE-BLE2 3.3.0
2023-11-14 14:53:31,275 [INFO] ThirdParty:1030 - CMSIS Pack Vendor :STMicroelectronics X-CUBE-DISPLAY 2.2.0
2023-11-14 14:53:31,275 [INFO] ThirdParty:1030 - CMSIS Pack Vendor :STMicroelectronics X-CUBE-TOF1 3.2.0
2023-11-14 14:53:31,275 [INFO] ThirdParty:1030 - CMSIS Pack Vendor :STMicroelectronics PDM2PCM 3.2.0
2023-11-14 14:53:31,275 [INFO] ThirdParty:1030 - CMSIS Pack Vendor :STMicroelectronics X-CUBE-AZRTOS-H7 3.0.0
2023-11-14 14:53:31,275 [INFO] ThirdParty:1030 - CMSIS Pack Vendor :STMicroelectronics X-CUBE-ISPU 1.0.0
2023-11-14 14:53:31,275 [INFO] ThirdParty:1030 - CMSIS Pack Vendor :STMicroelectronics X-CUBE-ISPU 1.1.0
2023-11-14 14:53:31,275 [INFO] ThirdParty:1030 - CMSIS Pack Vendor :RoweBots I-CUBE-UNISONRTOS 5.5.0-4
2023-11-14 14:53:31,276 [INFO] ThirdParty:1030 - CMSIS Pack Vendor :STMicroelectronics X-CUBE-AZRTOS-H7 2.1.0
2023-11-14 14:53:31,276 [INFO] ThirdParty:1030 - CMSIS Pack Vendor :STMicroelectronics USB_DEVICE 3.0.0
2023-11-14 14:53:31,276 [INFO] ThirdParty:1030 - CMSIS Pack Vendor :STMicroelectronics X-CUBE-AI 8.0.0
2023-11-14 14:53:31,276 [INFO] ThirdParty:1030 - CMSIS Pack Vendor :STMicroelectronics X-CUBE-AZRTOS-WB 2.0.0
2023-11-14 14:53:31,276 [INFO] ThirdParty:1030 - CMSIS Pack Vendor :STMicroelectronics X-CUBE-FREERTOS 1.0.1
2023-11-14 14:53:31,276 [INFO] ThirdParty:1030 - CMSIS Pack Vendor :STMicroelectronics X-CUBE-TOUCHGFX 4.21.1
2023-11-14 14:53:31,276 [INFO] ThirdParty:1030 - CMSIS Pack Vendor :STMicroelectronics X-CUBE-TOUCHGFX 4.21.0
2023-11-14 14:53:31,276 [INFO] ThirdParty:1030 - CMSIS Pack Vendor :STMicroelectronics X-CUBE-TOUCHGFX 4.21.3
2023-11-14 14:53:31,276 [INFO] ThirdParty:1030 - CMSIS Pack Vendor :STMicroelectronics X-CUBE-TOUCHGFX 4.21.4
2023-11-14 14:53:31,276 [INFO] ThirdParty:1030 - CMSIS Pack Vendor :STMicroelectronics X-CUBE-MEMS1 9.4.0
2023-11-14 14:53:31,276 [INFO] ThirdParty:1030 - CMSIS Pack Vendor :STMicroelectronics X-CUBE-AI 7.3.0
2023-11-14 14:53:31,276 [INFO] ThirdParty:1030 - CMSIS Pack Vendor :STMicroelectronics X-CUBE-ALGOBUILD 1.3.0
2023-11-14 14:53:31,276 [INFO] ThirdParty:1030 - CMSIS Pack Vendor :STMicroelectronics X-CUBE-AZRTOS-L5 1.1.0
2023-11-14 14:53:31,276 [INFO] ThirdParty:1030 - CMSIS Pack Vendor :STMicroelectronics X-CUBE-AZRTOS-G0 1.1.0
2023-11-14 14:53:31,276 [INFO] ThirdParty:1030 - CMSIS Pack Vendor :STMicroelectronics X-CUBE-AI 8.0.1
2023-11-14 14:53:31,276 [INFO] ThirdParty:1030 - CMSIS Pack Vendor :STMicroelectronics X-CUBE-NFC4 3.0.0
2023-11-14 14:53:31,276 [INFO] ThirdParty:1030 - CMSIS Pack Vendor :SEGGER I-CUBE-embOS 1.2.0
2023-11-14 14:53:31,276 [INFO] ThirdParty:1030 - CMSIS Pack Vendor :STMicroelectronics X-CUBE-SUBG2 5.0.0
2023-11-14 14:53:31,276 [INFO] ThirdParty:1030 - CMSIS Pack Vendor :STMicroelectronics STM32_WPAN 1.0.0
2023-11-14 14:53:31,276 [INFO] ThirdParty:1030 - CMSIS Pack Vendor :STMicroelectronics lwIP 2.0.3
2023-11-14 14:53:31,276 [INFO] ThirdParty:1030 - CMSIS Pack Vendor :STMicroelectronics USB_HOST 1.0.0
2023-11-14 14:53:31,276 [INFO] ThirdParty:1030 - CMSIS Pack Vendor :STMicroelectronics X-CUBE-TOF1 3.3.1
2023-11-14 14:53:31,276 [INFO] ThirdParty:1030 - CMSIS Pack Vendor :STMicroelectronics X-CUBE-AZRTOS-G4 2.0.0
2023-11-14 14:53:31,276 [INFO] ThirdParty:1030 - CMSIS Pack Vendor :STMicroelectronics PDM2PCM 3.1.0
2023-11-14 14:53:31,276 [INFO] ThirdParty:1030 - CMSIS Pack Vendor :STMicroelectronics X-CUBE-TOF1 3.3.0
2023-11-14 14:53:31,276 [INFO] ThirdParty:1030 - CMSIS Pack Vendor :STMicroelectronics FP-ATR-ASTRA1 1.1.1
2023-11-14 14:53:31,276 [INFO] ThirdParty:1030 - CMSIS Pack Vendor :Infineon AIROC-Wi-Fi-Bluetooth-STM32 1.5.1
2023-11-14 14:53:31,276 [INFO] ThirdParty:1030 - CMSIS Pack Vendor :STMicroelectronics X-CUBE-BLEMGR 3.0.0
2023-11-14 14:53:31,276 [INFO] ThirdParty:1030 - CMSIS Pack Vendor :STMicroelectronics FP-ATR-ASTRA1 1.1.0
2023-11-14 14:53:31,276 [INFO] ThirdParty:1030 - CMSIS Pack Vendor :STMicroelectronics X-CUBE-BLEMGR 1.3.0
2023-11-14 14:53:31,276 [INFO] ThirdParty:1030 - CMSIS Pack Vendor :STMicroelectronics FP-SNS-MOTENVWB1 1.3.0
2023-11-14 14:53:31,276 [INFO] ThirdParty:1030 - CMSIS Pack Vendor :STMicroelectronics FP-ATR-SIGFOX1 3.2.0
2023-11-14 14:53:31,276 [INFO] ThirdParty:1030 - CMSIS Pack Vendor :STMicroelectronics X-CUBE-AZRTOS-G4 1.0.0
2023-11-14 14:53:31,276 [INFO] ThirdParty:1030 - CMSIS Pack Vendor :wolfSSL I-CUBE-wolfSSL 5.3.0
2023-11-14 14:53:31,276 [INFO] ThirdParty:1030 - CMSIS Pack Vendor :STMicroelectronics X-CUBE-AZRTOS-L4 1.0.0
2023-11-14 14:53:31,276 [INFO] ThirdParty:1030 - CMSIS Pack Vendor :STMicroelectronics MBEDTLS 2.16.2
2023-11-14 14:53:31,276 [INFO] ThirdParty:1030 - CMSIS Pack Vendor :emotas I-CUBE-CANOPEN 1.1.2
2023-11-14 14:53:31,276 [INFO] ThirdParty:1030 - CMSIS Pack Vendor :STMicroelectronics X-CUBE-TOUCHGFX 4.20.0
2023-11-14 14:53:31,276 [INFO] ThirdParty:1030 - CMSIS Pack Vendor :STMicroelectronics X-CUBE-MEMS1 10.0.0
2023-11-14 14:53:31,276 [INFO] ThirdParty:1030 - CMSIS Pack Vendor :STMicroelectronics X-CUBE-FREERTOS 1.1.0
2023-11-14 14:53:31,276 [INFO] ThirdParty:1030 - CMSIS Pack Vendor :STMicroelectronics X-CUBE-AZRTOS-F7 1.0.0
2023-11-14 14:53:31,276 [INFO] ThirdParty:1030 - CMSIS Pack Vendor :STMicroelectronics X-CUBE-AZRTOS-WL 1.0.0
2023-11-14 14:53:31,276 [INFO] ThirdParty:1030 - CMSIS Pack Vendor :portGmbH I-Cube-SoM-uGOAL 1.1.0
2023-11-14 14:53:31,276 [INFO] ThirdParty:1030 - CMSIS Pack Vendor :STMicroelectronics X-CUBE-ALS 1.0.1
2023-11-14 14:53:31,276 [INFO] ThirdParty:1030 - CMSIS Pack Vendor :STMicroelectronics X-CUBE-MEMS1 9.5.0
2023-11-14 14:53:31,276 [INFO] ThirdParty:1030 - CMSIS Pack Vendor :STMicroelectronics ThreadX 1.0.0
2023-11-14 14:53:31,276 [INFO] ThirdParty:1030 - CMSIS Pack Vendor :STMicroelectronics X-CUBE-AZRTOS-WB 1.1.0
2023-11-14 14:53:31,276 [INFO] ThirdParty:1030 - CMSIS Pack Vendor :SEGGER I-CUBE-embOS 1.3.1
2023-11-14 14:53:31,276 [INFO] ThirdParty:1030 - CMSIS Pack Vendor :STMicroelectronics X-CUBE-AZRTOS-L5 1.0.0
2023-11-14 14:53:31,276 [INFO] ThirdParty:1030 - CMSIS Pack Vendor :STMicroelectronics X-CUBE-EEPRMA1 3.1.1
2023-11-14 14:53:31,276 [INFO] ThirdParty:1030 - CMSIS Pack Vendor :STMicroelectronics X-CUBE-GNSS1 5.2.0
2023-11-14 14:53:31,276 [INFO] ThirdParty:1030 - CMSIS Pack Vendor :STMicroelectronics FP-ATR-ASTRA1 2.0.0
2023-11-14 14:53:31,276 [INFO] ThirdParty:1030 - CMSIS Pack Vendor :STMicroelectronics X-CUBE-TOF1 3.0.0
2023-11-14 14:53:31,276 [INFO] ThirdParty:841 - exiting critical section [change project]
2023-11-14 14:53:31,409 [INFO] PinOutPanel:1499 - setPackage(No Configuration,No Configuration)
2023-11-14 14:53:31,410 [INFO] PinOutPanel:1499 - setPackage(STM32F103ZETx,LQFP144)
2023-11-14 14:53:31,663 [INFO] UtilMem:75 - Before build in PCC Used Memory: 613934744 Bytes (1073741824)
2023-11-14 14:53:31,904 [INFO] UtilMem:75 - After build in PCC Used Memory: 629155152 Bytes (1073741824)
2023-11-14 14:53:31,918 [INFO] IPUIPlugin:80 - create IPUIPlugin
2023-11-14 14:53:31,918 [INFO] IPUIPlugin:80 - create IPUIPlugin
2023-11-14 14:53:31,918 [INFO] IPUIPlugin:80 - create IPUIPlugin
2023-11-14 14:53:31,918 [INFO] IPUIPlugin:80 - create IPUIPlugin
2023-11-14 14:53:31,918 [INFO] IPUIPlugin:80 - create IPUIPlugin
2023-11-14 14:53:31,918 [INFO] IPUIPlugin:80 - create IPUIPlugin
2023-11-14 14:53:31,918 [INFO] IPUIPlugin:80 - create IPUIPlugin
2023-11-14 14:53:31,918 [INFO] IPUIPlugin:80 - create IPUIPlugin
2023-11-14 14:53:31,919 [INFO] IPUIPlugin:80 - create IPUIPlugin
2023-11-14 14:53:31,919 [INFO] IPUIPlugin:80 - create IPUIPlugin
2023-11-14 14:53:31,919 [INFO] IPUIPlugin:80 - create IPUIPlugin
2023-11-14 14:53:31,919 [INFO] IPUIPlugin:80 - create IPUIPlugin
2023-11-14 14:53:31,919 [INFO] IPUIPlugin:80 - create IPUIPlugin
2023-11-14 14:53:31,919 [INFO] IPUIPlugin:80 - create IPUIPlugin
2023-11-14 14:53:31,919 [INFO] IPUIPlugin:80 - create IPUIPlugin
2023-11-14 14:53:31,919 [INFO] IPUIPlugin:80 - create IPUIPlugin
2023-11-14 14:53:31,919 [INFO] IPUIPlugin:80 - create IPUIPlugin
2023-11-14 14:53:31,919 [INFO] IPUIPlugin:80 - create IPUIPlugin
2023-11-14 14:53:31,919 [INFO] IPUIPlugin:80 - create IPUIPlugin
2023-11-14 14:53:31,919 [INFO] IPUIPlugin:80 - create IPUIPlugin
2023-11-14 14:53:31,919 [INFO] IPUIPlugin:80 - create IPUIPlugin
2023-11-14 14:53:31,920 [INFO] IPUIPlugin:80 - create IPUIPlugin
2023-11-14 14:53:31,920 [INFO] IPUIPlugin:80 - create IPUIPlugin
2023-11-14 14:53:31,920 [INFO] IPUIPlugin:80 - create IPUIPlugin
2023-11-14 14:53:31,920 [INFO] IPUIPlugin:80 - create IPUIPlugin
2023-11-14 14:53:31,920 [INFO] IPUIPlugin:80 - create IPUIPlugin
2023-11-14 14:53:31,920 [INFO] IPUIPlugin:80 - create IPUIPlugin
2023-11-14 14:53:31,920 [INFO] IPUIPlugin:80 - create IPUIPlugin
2023-11-14 14:53:31,920 [INFO] IPUIPlugin:80 - create IPUIPlugin
2023-11-14 14:53:31,920 [INFO] IPUIPlugin:80 - create IPUIPlugin
2023-11-14 14:53:31,920 [INFO] IPUIPlugin:80 - create IPUIPlugin
2023-11-14 14:53:31,921 [INFO] IPUIPlugin:80 - create IPUIPlugin
2023-11-14 14:53:31,921 [INFO] IPUIPlugin:80 - create IPUIPlugin
2023-11-14 14:53:31,921 [INFO] IPUIPlugin:80 - create IPUIPlugin
2023-11-14 14:53:31,921 [INFO] IPUIPlugin:80 - create IPUIPlugin
2023-11-14 14:53:31,921 [INFO] IPUIPlugin:80 - create IPUIPlugin
2023-11-14 14:53:31,921 [INFO] IPUIPlugin:80 - create IPUIPlugin
2023-11-14 14:53:31,921 [INFO] IPUIPlugin:80 - create IPUIPlugin
2023-11-14 14:53:31,922 [INFO] IPUIPlugin:80 - create IPUIPlugin
2023-11-14 14:53:31,922 [INFO] IPUIPlugin:80 - create IPUIPlugin
2023-11-14 14:53:31,923 [WARN] IP:2114 - I2C_Coeff_DF not found: check if there is a RefParameter without a condition.
2023-11-14 14:53:31,923 [WARN] IP:2114 - Analog_Filter not found: check if there is a RefParameter without a condition.
2023-11-14 14:53:31,978 [INFO] CADModel:165 - CPN selected for project levelSTM32F103ZET6
2023-11-14 14:53:31,978 [INFO] CADModel:114 - Register for checkConnection events
2023-11-14 14:53:32,035 [INFO] OpenFileManager:328 - Restore cursor
2023-11-14 14:53:32,230 [WARN] IP:2114 - I2C_Coeff_DF not found: check if there is a RefParameter without a condition.
2023-11-14 14:53:32,230 [WARN] IP:2114 - Analog_Filter not found: check if there is a RefParameter without a condition.
2023-11-14 14:53:32,230 [WARN] IP:2114 - I2C_Coeff_DF not found: check if there is a RefParameter without a condition.
2023-11-14 14:53:32,230 [WARN] IP:2114 - Analog_Filter not found: check if there is a RefParameter without a condition.
2023-11-14 14:53:40,466 [WARN] IP:2114 - I2C_Coeff_DF not found: check if there is a RefParameter without a condition.
2023-11-14 14:53:40,466 [WARN] IP:2114 - Analog_Filter not found: check if there is a RefParameter without a condition.
2023-11-14 14:53:40,471 [INFO] NvicIntPanel:101 - NVIC parent = com.st.microxplorer.plugins.ip.nvic.MultiNvicIntPanel[,0,0,0x0,invalid,layout=javax.swing.BoxLayout,alignmentX=0.0,alignmentY=0.0,border=,flags=9,maximumSize=,minimumSize=,preferredSize=]
2023-11-14 14:54:04,360 [WARN] IP:2114 - I2C_Coeff_DF not found: check if there is a RefParameter without a condition.
2023-11-14 14:54:04,360 [WARN] IP:2114 - Analog_Filter not found: check if there is a RefParameter without a condition.
2023-11-14 14:54:12,136 [WARN] IP:2114 - I2C_Coeff_DF not found: check if there is a RefParameter without a condition.
2023-11-14 14:54:12,136 [WARN] IP:2114 - Analog_Filter not found: check if there is a RefParameter without a condition.
2023-11-14 14:54:12,136 [WARN] IP:2114 - I2C_Coeff_DF not found: check if there is a RefParameter without a condition.
2023-11-14 14:54:12,136 [WARN] IP:2114 - Analog_Filter not found: check if there is a RefParameter without a condition.
2023-11-14 14:54:12,152 [INFO] NvicIntPanel:101 - NVIC parent = com.st.microxplorer.plugins.ip.nvic.MultiNvicIntPanel[,0,0,0x0,invalid,layout=javax.swing.BoxLayout,alignmentX=0.0,alignmentY=0.0,border=,flags=9,maximumSize=,minimumSize=,preferredSize=]
2023-11-14 14:54:14,909 [WARN] IP:2114 - I2C_Coeff_DF not found: check if there is a RefParameter without a condition.
2023-11-14 14:54:14,909 [WARN] IP:2114 - Analog_Filter not found: check if there is a RefParameter without a condition.
2023-11-14 14:54:14,910 [WARN] IP:2114 - I2C_Coeff_DF not found: check if there is a RefParameter without a condition.
2023-11-14 14:54:14,910 [WARN] IP:2114 - Analog_Filter not found: check if there is a RefParameter without a condition.
2023-11-14 14:54:14,927 [INFO] NvicIntPanel:101 - NVIC parent = com.st.microxplorer.plugins.ip.nvic.MultiNvicIntPanel[,0,0,0x0,invalid,layout=javax.swing.BoxLayout,alignmentX=0.0,alignmentY=0.0,border=,flags=9,maximumSize=,minimumSize=,preferredSize=]
2023-11-14 14:54:18,026 [INFO] UtilMem:75 - End SaveConfig() Used Memory: 639732296 Bytes (1073741824)
2023-11-14 14:54:18,096 [INFO] UtilMem:75 - End SaveConfig() Used Memory: 661337856 Bytes (1073741824)
2023-11-14 14:54:18,657 [INFO] UtilMem:75 - End SaveConfig() Used Memory: 703695432 Bytes (1073741824)
2023-11-14 14:54:18,821 [INFO] BlockDiagram:2759 - set Specific Code input for plugin: FSMC
2023-11-14 14:54:18,821 [INFO] BlockDiagram:2759 - set Specific Code input for plugin: NVIC
2023-11-14 14:54:18,821 [INFO] BlockDiagram:2759 - set Specific Code input for plugin: USART
2023-11-14 14:54:18,821 [INFO] BlockDiagram:2759 - set Specific Code input for plugin: DMA
2023-11-14 14:54:18,821 [INFO] BlockDiagram:2759 - set Specific Code input for plugin: SYS
2023-11-14 14:54:18,821 [INFO] BlockDiagram:2759 - set Specific Code input for plugin: GPIO
2023-11-14 14:54:18,821 [INFO] BlockDiagram:2759 - set Specific Code input for plugin: RCC
2023-11-14 14:54:18,821 [INFO] BlockDiagram:2759 - set Specific Code input for plugin: I2C
2023-11-14 14:54:18,823 [INFO] CodeGenerator:799 - code generatio: config db path: H:\cubeide\STM32CubeIDE_1.13.1\STM32CubeIDE\plugins\com.st.stm32cube.common.mx_6.9.1.202307191849\\db\
2023-11-14 14:54:18,827 [WARN] IP:2114 - I2C_Coeff_DF not found: check if there is a RefParameter without a condition.
2023-11-14 14:54:18,827 [WARN] IP:2114 - Analog_Filter not found: check if there is a RefParameter without a condition.
2023-11-14 14:54:18,988 [INFO] CodeEngine:255 - oldGeneratedFile, H:\cubeide\STM32CubeIDE_DEMO\IIC\MXTmpFiles\license.tmp_save
2023-11-14 14:54:19,064 [INFO] CodeEngine:279 - Generated code: H:\cubeide\STM32CubeIDE_DEMO\IIC\MXTmpFiles\license.tmp
2023-11-14 14:54:19,107 [INFO] CodeEngine:255 - oldGeneratedFile, H:\cubeide\STM32CubeIDE_DEMO\IIC\Core\Src\gpio.c_save
2023-11-14 14:54:19,167 [INFO] CodeEngine:279 - Generated code: H:\cubeide\STM32CubeIDE_DEMO\IIC\Core\Src\gpio.c
2023-11-14 14:54:19,172 [INFO] CodeEngine:255 - oldGeneratedFile, H:\cubeide\STM32CubeIDE_DEMO\IIC\Core\Inc\gpio.h_save
2023-11-14 14:54:19,221 [INFO] CodeEngine:279 - Generated code: H:\cubeide\STM32CubeIDE_DEMO\IIC\Core\Inc\gpio.h
2023-11-14 14:54:19,416 [INFO] CodeEngine:255 - oldGeneratedFile, H:\cubeide\STM32CubeIDE_DEMO\IIC\Core\Src\dma.c_save
2023-11-14 14:54:19,470 [INFO] CodeEngine:279 - Generated code: H:\cubeide\STM32CubeIDE_DEMO\IIC\Core\Src\dma.c
2023-11-14 14:54:19,483 [INFO] CodeEngine:255 - oldGeneratedFile, H:\cubeide\STM32CubeIDE_DEMO\IIC\Core\Inc\dma.h_save
2023-11-14 14:54:19,533 [INFO] CodeEngine:279 - Generated code: H:\cubeide\STM32CubeIDE_DEMO\IIC\Core\Inc\dma.h
2023-11-14 14:54:19,542 [INFO] CodeEngine:255 - oldGeneratedFile, H:\cubeide\STM32CubeIDE_DEMO\IIC\Core\Src\fsmc.c_save
2023-11-14 14:54:19,608 [INFO] CodeEngine:279 - Generated code: H:\cubeide\STM32CubeIDE_DEMO\IIC\Core\Src\fsmc.c
2023-11-14 14:54:19,613 [INFO] CodeEngine:255 - oldGeneratedFile, H:\cubeide\STM32CubeIDE_DEMO\IIC\Core\Inc\fsmc.h_save
2023-11-14 14:54:19,663 [INFO] CodeEngine:279 - Generated code: H:\cubeide\STM32CubeIDE_DEMO\IIC\Core\Inc\fsmc.h
2023-11-14 14:54:19,673 [INFO] CodeEngine:255 - oldGeneratedFile, H:\cubeide\STM32CubeIDE_DEMO\IIC\Core\Src\i2c.c_save
2023-11-14 14:54:19,746 [INFO] CodeEngine:279 - Generated code: H:\cubeide\STM32CubeIDE_DEMO\IIC\Core\Src\i2c.c
2023-11-14 14:54:19,752 [INFO] CodeEngine:255 - oldGeneratedFile, H:\cubeide\STM32CubeIDE_DEMO\IIC\Core\Inc\i2c.h_save
2023-11-14 14:54:19,802 [INFO] CodeEngine:279 - Generated code: H:\cubeide\STM32CubeIDE_DEMO\IIC\Core\Inc\i2c.h
2023-11-14 14:54:19,811 [INFO] CodeEngine:255 - oldGeneratedFile, H:\cubeide\STM32CubeIDE_DEMO\IIC\Core\Src\usart.c_save
2023-11-14 14:54:19,881 [INFO] CodeEngine:279 - Generated code: H:\cubeide\STM32CubeIDE_DEMO\IIC\Core\Src\usart.c
2023-11-14 14:54:19,885 [INFO] CodeEngine:255 - oldGeneratedFile, H:\cubeide\STM32CubeIDE_DEMO\IIC\Core\Inc\usart.h_save
2023-11-14 14:54:19,937 [INFO] CodeEngine:279 - Generated code: H:\cubeide\STM32CubeIDE_DEMO\IIC\Core\Inc\usart.h
2023-11-14 14:54:19,947 [INFO] CodeEngine:255 - oldGeneratedFile, H:\cubeide\STM32CubeIDE_DEMO\IIC\Core\Src\stm32f1xx_it.c_save
2023-11-14 14:54:20,061 [INFO] CodeEngine:279 - Generated code: H:\cubeide\STM32CubeIDE_DEMO\IIC\Core\Src\stm32f1xx_it.c
2023-11-14 14:54:20,067 [INFO] CodeEngine:255 - oldGeneratedFile, H:\cubeide\STM32CubeIDE_DEMO\IIC\Core\Inc\stm32f1xx_it.h_save
2023-11-14 14:54:20,119 [INFO] CodeEngine:279 - Generated code: H:\cubeide\STM32CubeIDE_DEMO\IIC\Core\Inc\stm32f1xx_it.h
2023-11-14 14:54:20,130 [INFO] CodeEngine:255 - oldGeneratedFile, H:\cubeide\STM32CubeIDE_DEMO\IIC\Core\Src\stm32f1xx_hal_msp.c_save
2023-11-14 14:54:20,196 [INFO] CodeEngine:279 - Generated code: H:\cubeide\STM32CubeIDE_DEMO\IIC\Core\Src\stm32f1xx_hal_msp.c
2023-11-14 14:54:20,199 [INFO] CodeEngine:255 - oldGeneratedFile, H:\cubeide\STM32CubeIDE_DEMO\IIC\MXTmpFiles\system.tmp_save
2023-11-14 14:54:20,247 [INFO] CodeEngine:279 - Generated code: H:\cubeide\STM32CubeIDE_DEMO\IIC\MXTmpFiles\system.tmp
2023-11-14 14:54:20,256 [INFO] CodeEngine:311 - oldGeneratedFile, H:\cubeide\STM32CubeIDE_DEMO\IIC\Core\Inc\stm32f1xx_hal_conf.h_save
2023-11-14 14:54:20,312 [INFO] CodeEngine:335 - Generated code: H:\cubeide\STM32CubeIDE_DEMO\IIC\Core\Inc\stm32f1xx_hal_conf.h
2023-11-14 14:54:20,339 [INFO] CodeEngine:255 - oldGeneratedFile, H:\cubeide\STM32CubeIDE_DEMO\IIC\Core\Inc\main.h_save
2023-11-14 14:54:20,410 [INFO] CodeEngine:279 - Generated code: H:\cubeide\STM32CubeIDE_DEMO\IIC\Core\Inc\main.h
2023-11-14 14:54:20,417 [INFO] CodeEngine:255 - oldGeneratedFile, H:\cubeide\STM32CubeIDE_DEMO\IIC\Core\Src\main.c_save
2023-11-14 14:54:20,492 [INFO] CodeEngine:279 - Generated code: H:\cubeide\STM32CubeIDE_DEMO\IIC\Core\Src\main.c
2023-11-14 14:54:20,975 [INFO] ProjectBuilder:3064 - Time for Copy HAL[1] : 208mS.
2023-11-14 14:54:20,978 [INFO] ProjectBuilder:4404 - Project Generator version: 4.1.0
2023-11-14 14:54:21,119 [INFO] ConfigFileManager:1457 - The Die is : DIE414
2023-11-14 14:54:21,156 [INFO] ApiDbMcu:507 - Load IP Config File for FATFS
2023-11-14 14:54:21,169 [INFO] ApiDbMcu:507 - Load IP Config File for FREERTOS
2023-11-14 14:54:21,198 [INFO] ApiDbMcu:507 - Load IP Config File for USB_DEVICE
2023-11-14 14:54:22,252 [INFO] ProjectBuilder:4626 - Time for Generating toolchain IDE Files: 1274mS.
2023-11-14 14:54:22,253 [INFO] ProjectBuilder:2935 - Time for Copy CMSIS : 1mS.
2023-11-14 14:54:22,255 [INFO] ProjectBuilder:2935 - Time for Copy CMSIS : 0mS.
