2023-10-10 18:03:23,614 [INFO] Activator:176 - 


2023-10-10 18:03:23,615 [INFO] Activator:177 - !SESSION log4j initialized
2023-10-10 18:03:28,565 [INFO] LogOutputStream:77 - [STDOUT_REDIRECT] 
2023-10-10 18:03:32,270 [ERROR] ConfigurationRetriever:142 - IOException on connection: Read timed out
2023-10-10 18:03:38,568 [INFO] ApplicationProperties:184 - Using Application install path: H:\cubeide\STM32CubeIDE_1.13.1\STM32CubeIDE\plugins\com.st.stm32cube.common.mx_6.9.1.202307191849
2023-10-10 18:03:38,673 [INFO] DbMcusXml:78 - Set database path to: H:\cubeide\STM32CubeIDE_1.13.1\STM32CubeIDE\plugins\com.st.stm32cube.common.mx_6.9.1.202307191849\\db\/mcu/
2023-10-10 18:03:38,673 [INFO] ApiDb:274 - Set plugin database path to: H:\cubeide\STM32CubeIDE_1.13.1\STM32CubeIDE\plugins\com.st.stm32cube.common.mx_6.9.1.202307191849\\db\/plugins/boardmanager/
2023-10-10 18:03:38,674 [WARN] ApiDb:259 - Overriding images path with different value:  => H:\cubeide\STM32CubeIDE_1.13.1\STM32CubeIDE\plugins\com.st.stm32cube.common.mx_6.9.1.202307191849\\db\/plugins/mcufinder/images/
2023-10-10 18:03:38,688 [INFO] ApiDb:250 - Set database path to: C:\Users\ALIENTEK\.stmcufinder\plugins\mcufinder//mcu/
2023-10-10 18:03:38,689 [INFO] DbMcusAds:125 - Set database path to: C:\Users\ALIENTEK\.stmcufinder\plugins\mcufinder//mcu/
2023-10-10 18:03:38,693 [INFO] CrossReferenceDbSqlite:203 - Set database path to: C:\Users\ALIENTEK\.stmcufinder\plugins\mcufinder//mcu/cs/
2023-10-10 18:03:38,876 [INFO] RulesReader:64 - Compatibility file has been processed (293 Rules)
2023-10-10 18:03:39,172 [INFO] DbMcusXml:78 - Set database path to: H:\cubeide\STM32CubeIDE_1.13.1\STM32CubeIDE\plugins\com.st.stm32cube.common.mx_6.9.1.202307191849\\db\/mcu/
2023-10-10 18:03:39,172 [INFO] ApiDb:274 - Set plugin database path to: H:\cubeide\STM32CubeIDE_1.13.1\STM32CubeIDE\plugins\com.st.stm32cube.common.mx_6.9.1.202307191849\\db\/plugins/boardmanager/
2023-10-10 18:03:39,172 [INFO] ApiDb:261 - Set plugin images path to: H:\cubeide\STM32CubeIDE_1.13.1\STM32CubeIDE\plugins\com.st.stm32cube.common.mx_6.9.1.202307191849\\db\/plugins/mcufinder/images/
2023-10-10 18:03:39,173 [WARN] DbFile:41 - Overriding database path with different value: C:\Users\ALIENTEK\.stmcufinder\plugins\mcufinder/ => C:\Users\ALIENTEK\.stmcufinder\plugins\mcufinder
2023-10-10 18:03:39,173 [INFO] ApiDb:250 - Set database path to: C:\Users\ALIENTEK\.stmcufinder\plugins\mcufinder//mcu/
2023-10-10 18:03:39,173 [WARN] DbFile:41 - Overriding database path with different value: C:\Users\ALIENTEK\.stmcufinder\plugins\mcufinder/ => C:\Users\ALIENTEK\.stmcufinder\plugins\mcufinder
2023-10-10 18:03:39,173 [INFO] DbMcusAds:125 - Set database path to: C:\Users\ALIENTEK\.stmcufinder\plugins\mcufinder//mcu/
2023-10-10 18:03:39,173 [WARN] DbFile:41 - Overriding database path with different value: C:\Users\ALIENTEK\.stmcufinder\plugins\mcufinder/ => C:\Users\ALIENTEK\.stmcufinder\plugins\mcufinder
2023-10-10 18:03:39,173 [WARN] DbFile:41 - Overriding database path with different value: C:\Users\ALIENTEK\.stmcufinder\plugins\mcufinder/ => C:\Users\ALIENTEK\.stmcufinder\plugins\mcufinder
2023-10-10 18:03:39,178 [INFO] CrossReferenceDbSqlite:203 - Set database path to: C:\Users\ALIENTEK\.stmcufinder\plugins\mcufinder//mcu/cs/
2023-10-10 18:03:39,365 [INFO] MainPanel:262 - HeapMemory: 268435456
2023-10-10 18:03:39,519 [INFO] DbMcusXml:78 - Set database path to: H:\cubeide\STM32CubeIDE_1.13.1\STM32CubeIDE\plugins\com.st.stm32cube.common.mx_6.9.1.202307191849\\db\/mcu/
2023-10-10 18:03:39,519 [INFO] ApiDb:274 - Set plugin database path to: H:\cubeide\STM32CubeIDE_1.13.1\STM32CubeIDE\plugins\com.st.stm32cube.common.mx_6.9.1.202307191849\\db\/plugins/boardmanager/
2023-10-10 18:03:39,519 [INFO] ApiDb:261 - Set plugin images path to: H:\cubeide\STM32CubeIDE_1.13.1\STM32CubeIDE\plugins\com.st.stm32cube.common.mx_6.9.1.202307191849\\db\/plugins/mcufinder/images/
2023-10-10 18:03:39,531 [WARN] DbFile:41 - Overriding database path with different value: C:\Users\ALIENTEK\.stmcufinder\plugins\mcufinder/ => C:\Users\ALIENTEK\.stmcufinder\plugins\mcufinder
2023-10-10 18:03:39,531 [INFO] ApiDb:250 - Set database path to: C:\Users\ALIENTEK\.stmcufinder\plugins\mcufinder//mcu/
2023-10-10 18:03:39,531 [WARN] DbFile:41 - Overriding database path with different value: C:\Users\ALIENTEK\.stmcufinder\plugins\mcufinder/ => C:\Users\ALIENTEK\.stmcufinder\plugins\mcufinder
2023-10-10 18:03:39,531 [INFO] DbMcusAds:125 - Set database path to: C:\Users\ALIENTEK\.stmcufinder\plugins\mcufinder//mcu/
2023-10-10 18:03:39,531 [WARN] DbFile:41 - Overriding database path with different value: C:\Users\ALIENTEK\.stmcufinder\plugins\mcufinder/ => C:\Users\ALIENTEK\.stmcufinder\plugins\mcufinder
2023-10-10 18:03:39,532 [WARN] DbFile:41 - Overriding database path with different value: C:\Users\ALIENTEK\.stmcufinder\plugins\mcufinder/ => C:\Users\ALIENTEK\.stmcufinder\plugins\mcufinder
2023-10-10 18:03:39,532 [INFO] CrossReferenceDbSqlite:203 - Set database path to: C:\Users\ALIENTEK\.stmcufinder\plugins\mcufinder//mcu/cs/
2023-10-10 18:03:39,556 [INFO] ApplicationProperties:184 - Using Application install path: H:\cubeide\STM32CubeIDE_1.13.1\STM32CubeIDE\plugins\com.st.stm32cube.common.mx_6.9.1.202307191849
2023-10-10 18:03:39,557 [INFO] PluginManage:196 - Search for loadable plugins [exclusion list=, ]
2023-10-10 18:03:39,559 [INFO] PluginManage:310 - Check plugin analytics
2023-10-10 18:03:39,725 [INFO] AnalyticsPlugin:253 - Accepted Software Licenses: 
2023-10-10 18:03:39,725 [INFO] AnalyticsPlugin:255 - Accepted CMSIS Pack Licenses: 
2023-10-10 18:03:39,725 [INFO] AnalyticsPlugin:257 - Accepted Firmware Licenses: FW.F4.1.27.0
2023-10-10 18:03:39,727 [INFO] PluginManage:359 - Loaded plugin analytics (category:tool,tabindex:-1)
2023-10-10 18:03:39,728 [INFO] PluginManage:310 - Check plugin cadmodel
2023-10-10 18:03:39,743 [INFO] CADModel:105 - Init CAD model plugin
2023-10-10 18:03:39,744 [INFO] PluginManage:359 - Loaded plugin cadmodel (category:power,tabindex:5)
2023-10-10 18:03:39,744 [INFO] PluginManage:310 - Check plugin clock
2023-10-10 18:03:39,759 [INFO] PluginManage:359 - Loaded plugin clock (category:base,tabindex:2)
2023-10-10 18:03:39,759 [INFO] PluginManage:310 - Check plugin ddr
2023-10-10 18:03:39,769 [INFO] PluginManage:359 - Loaded plugin ddr (category:tool,tabindex:6)
2023-10-10 18:03:39,769 [INFO] PluginManage:310 - Check plugin filemanager
2023-10-10 18:03:39,924 [INFO] PluginManage:359 - Loaded plugin filemanager (category:base,tabindex:10)
2023-10-10 18:03:39,925 [INFO] PluginManage:310 - Check plugin ipmanager
2023-10-10 18:03:39,933 [INFO] PluginManage:359 - Loaded plugin ipmanager (category:base,tabindex:5)
2023-10-10 18:03:39,933 [INFO] PluginManage:310 - Check plugin lpbam
2023-10-10 18:03:39,939 [INFO] PluginManage:359 - Loaded plugin lpbam (category:base,tabindex:0)
2023-10-10 18:03:39,939 [INFO] PluginManage:310 - Check plugin memorymap
2023-10-10 18:03:39,955 [INFO] PluginManage:359 - Loaded plugin memorymap (category:base,tabindex:4)
2023-10-10 18:03:39,955 [INFO] PluginManage:310 - Check plugin pinoutandconfiguration
2023-10-10 18:03:39,960 [INFO] PluginManage:359 - Loaded plugin pinoutandconfiguration (category:base,tabindex:1)
2023-10-10 18:03:39,961 [INFO] PluginManage:310 - Check plugin pinoutconfig
2023-10-10 18:03:40,102 [WARN] SupportedApi:132 - Cannot load RTOS API schema: s4s-elt-must-match.1: The content of 'definitions' must match (annotation?, (simpleType | complexType)?, (unique | key | keyref)*)). A problem was found starting at: attribute.
2023-10-10 18:03:40,275 [INFO] PluginManage:359 - Loaded plugin pinoutconfig (category:base,tabindex:0)
2023-10-10 18:03:40,275 [INFO] PluginManage:310 - Check plugin power
2023-10-10 18:03:40,304 [INFO] PluginManage:359 - Loaded plugin power (category:power,tabindex:4)
2023-10-10 18:03:40,305 [INFO] PluginManage:310 - Check plugin projectmanager
2023-10-10 18:03:40,317 [INFO] PluginManage:359 - Loaded plugin projectmanager (category:projectmanager,tabindex:3)
2023-10-10 18:03:40,318 [INFO] PluginManage:310 - Check plugin thirdparty
2023-10-10 18:03:40,562 [INFO] PluginManage:359 - Loaded plugin thirdparty (category:base,tabindex:-1)
2023-10-10 18:03:40,562 [INFO] PluginManage:310 - Check plugin tools
2023-10-10 18:03:40,562 [WARN] IntegrityCheckThread:84 - waiting for thirdparty lock release [integrity check]
2023-10-10 18:03:40,563 [INFO] IntegrityCheckThread:86 - entering critical section [integrity check]
2023-10-10 18:03:40,563 [INFO] ThirdPartyUpdaterWithRetryManager:70 - Updater plugin not ready yet. [1/15]
2023-10-10 18:03:40,564 [INFO] PluginManage:359 - Loaded plugin tools (category:base,tabindex:7)
2023-10-10 18:03:40,564 [INFO] PluginManage:310 - Check plugin tutovideos
2023-10-10 18:03:40,822 [INFO] PluginManage:359 - Loaded plugin tutovideos (category:base,tabindex:-1)
2023-10-10 18:03:40,822 [INFO] PluginManage:310 - Check plugin updater
2023-10-10 18:03:40,829 [INFO] PluginManage:359 - Loaded plugin updater (category:base,tabindex:12)
2023-10-10 18:03:40,829 [INFO] PluginManage:310 - Check plugin userauth
2023-10-10 18:03:40,849 [INFO] UserAuth:113 - Init User Auth plugin
2023-10-10 18:03:40,849 [INFO] PluginManage:359 - Loaded plugin userauth (category:base,tabindex:14)
2023-10-10 18:03:40,850 [INFO] PluginManage:283 - PluginManage : Loaded plugins [17]
2023-10-10 18:03:41,229 [INFO] PinOutPanel:1499 - setPackage(No Configuration,No Configuration)
2023-10-10 18:03:41,376 [INFO] CADModel:165 - CPN selected for project level
2023-10-10 18:03:41,376 [INFO] CADModel:114 - Register for checkConnection events
2023-10-10 18:03:41,418 [INFO] IPUIPlugin:80 - create IPUIPlugin
2023-10-10 18:03:41,418 [INFO] PluginManager:220 - loadIPPluginJar : add adc
2023-10-10 18:03:41,420 [INFO] IPUIPlugin:80 - create IPUIPlugin
2023-10-10 18:03:41,420 [INFO] PluginManager:220 - loadIPPluginJar : add aes
2023-10-10 18:03:41,421 [INFO] IPUIPlugin:80 - create IPUIPlugin
2023-10-10 18:03:41,421 [INFO] PluginManager:220 - loadIPPluginJar : add can
2023-10-10 18:03:41,422 [INFO] IPUIPlugin:80 - create IPUIPlugin
2023-10-10 18:03:41,422 [INFO] PluginManager:220 - loadIPPluginJar : add comp
2023-10-10 18:03:41,423 [INFO] IPUIPlugin:80 - create IPUIPlugin
2023-10-10 18:03:41,423 [INFO] PluginManager:220 - loadIPPluginJar : add cryp
2023-10-10 18:03:41,424 [INFO] IPUIPlugin:80 - create IPUIPlugin
2023-10-10 18:03:41,424 [INFO] PluginManager:220 - loadIPPluginJar : add dfsdm
2023-10-10 18:03:41,427 [INFO] IPUIPlugin:80 - create IPUIPlugin
2023-10-10 18:03:41,540 [INFO] PluginManager:220 - loadIPPluginJar : add dma
2023-10-10 18:03:41,542 [INFO] IPUIPlugin:80 - create IPUIPlugin
2023-10-10 18:03:41,542 [INFO] PluginManager:220 - loadIPPluginJar : add dma3
2023-10-10 18:03:41,543 [INFO] IPUIPlugin:80 - create IPUIPlugin
2023-10-10 18:03:41,543 [INFO] PluginManager:220 - loadIPPluginJar : add fatfs
2023-10-10 18:03:41,545 [INFO] IPUIPlugin:80 - create IPUIPlugin
2023-10-10 18:03:41,545 [INFO] PluginManager:220 - loadIPPluginJar : add fmc
2023-10-10 18:03:41,549 [INFO] IPUIPlugin:80 - create IPUIPlugin
2023-10-10 18:03:41,549 [INFO] PluginManager:220 - loadIPPluginJar : add freertos
2023-10-10 18:03:41,550 [INFO] IPUIPlugin:80 - create IPUIPlugin
2023-10-10 18:03:41,550 [INFO] PluginManager:220 - loadIPPluginJar : add genericplugin
2023-10-10 18:03:41,551 [INFO] IPUIPlugin:80 - create IPUIPlugin
2023-10-10 18:03:41,551 [INFO] PluginManager:220 - loadIPPluginJar : add gfxmmu
2023-10-10 18:03:41,554 [INFO] IPUIPlugin:80 - create IPUIPlugin
2023-10-10 18:03:41,554 [INFO] PluginManager:220 - loadIPPluginJar : add gic
2023-10-10 18:03:41,556 [INFO] IPUIPlugin:80 - create IPUIPlugin
2023-10-10 18:03:41,556 [INFO] PluginManager:220 - loadIPPluginJar : add gpio
2023-10-10 18:03:41,557 [INFO] IPUIPlugin:80 - create IPUIPlugin
2023-10-10 18:03:41,557 [INFO] PluginManager:220 - loadIPPluginJar : add gtzc
2023-10-10 18:03:41,558 [INFO] IPUIPlugin:80 - create IPUIPlugin
2023-10-10 18:03:41,558 [INFO] PluginManager:220 - loadIPPluginJar : add hash
2023-10-10 18:03:41,559 [INFO] IPUIPlugin:80 - create IPUIPlugin
2023-10-10 18:03:41,559 [INFO] PluginManager:220 - loadIPPluginJar : add i2c
2023-10-10 18:03:41,560 [INFO] IPUIPlugin:80 - create IPUIPlugin
2023-10-10 18:03:41,561 [INFO] PluginManager:220 - loadIPPluginJar : add i2s
2023-10-10 18:03:41,562 [INFO] IPUIPlugin:80 - create IPUIPlugin
2023-10-10 18:03:41,562 [INFO] PluginManager:220 - loadIPPluginJar : add i3c
2023-10-10 18:03:41,604 [INFO] IPUIPlugin:80 - create IPUIPlugin
2023-10-10 18:03:41,604 [INFO] PluginManager:220 - loadIPPluginJar : add ipddr
2023-10-10 18:03:41,609 [INFO] IPUIPlugin:80 - create IPUIPlugin
2023-10-10 18:03:41,609 [INFO] PluginManager:220 - loadIPPluginJar : add linkedlist
2023-10-10 18:03:41,611 [INFO] IPUIPlugin:80 - create IPUIPlugin
2023-10-10 18:03:41,611 [INFO] PluginManager:220 - loadIPPluginJar : add lorawan
2023-10-10 18:03:41,611 [INFO] IPUIPlugin:80 - create IPUIPlugin
2023-10-10 18:03:41,611 [INFO] PluginManager:220 - loadIPPluginJar : add ltdc
2023-10-10 18:03:41,614 [INFO] IPUIPlugin:80 - create IPUIPlugin
2023-10-10 18:03:41,615 [INFO] PluginManager:220 - loadIPPluginJar : add mdma
2023-10-10 18:03:41,617 [INFO] IPUIPlugin:80 - create IPUIPlugin
2023-10-10 18:03:41,617 [INFO] PluginManager:220 - loadIPPluginJar : add nvic
2023-10-10 18:03:41,618 [INFO] IPUIPlugin:80 - create IPUIPlugin
2023-10-10 18:03:41,618 [INFO] PluginManager:220 - loadIPPluginJar : add opamp
2023-10-10 18:03:41,619 [INFO] IPUIPlugin:80 - create IPUIPlugin
2023-10-10 18:03:41,620 [INFO] PluginManager:220 - loadIPPluginJar : add openamp
2023-10-10 18:03:41,621 [INFO] IPUIPlugin:80 - create IPUIPlugin
2023-10-10 18:03:41,622 [INFO] PluginManager:220 - loadIPPluginJar : add pdm2pcm
2023-10-10 18:03:41,625 [INFO] IPUIPlugin:80 - create IPUIPlugin
2023-10-10 18:03:41,627 [INFO] PluginManager:220 - loadIPPluginJar : add plateformsettings
2023-10-10 18:03:41,627 [INFO] IPUIPlugin:80 - create IPUIPlugin
2023-10-10 18:03:41,628 [INFO] PluginManager:220 - loadIPPluginJar : add quadspi
2023-10-10 18:03:41,629 [INFO] IPUIPlugin:80 - create IPUIPlugin
2023-10-10 18:03:41,629 [INFO] PluginManager:220 - loadIPPluginJar : add resmgrutility
2023-10-10 18:03:41,631 [INFO] IPUIPlugin:80 - create IPUIPlugin
2023-10-10 18:03:41,631 [INFO] PluginManager:220 - loadIPPluginJar : add sai
2023-10-10 18:03:41,632 [INFO] IPUIPlugin:80 - create IPUIPlugin
2023-10-10 18:03:41,632 [INFO] PluginManager:220 - loadIPPluginJar : add spi
2023-10-10 18:03:41,634 [INFO] IPUIPlugin:80 - create IPUIPlugin
2023-10-10 18:03:41,634 [INFO] PluginManager:220 - loadIPPluginJar : add stm32_wpan
2023-10-10 18:03:41,635 [INFO] IPUIPlugin:80 - create IPUIPlugin
2023-10-10 18:03:41,635 [INFO] PluginManager:220 - loadIPPluginJar : add tim
2023-10-10 18:03:41,636 [INFO] IPUIPlugin:80 - create IPUIPlugin
2023-10-10 18:03:41,636 [INFO] PluginManager:220 - loadIPPluginJar : add touchsensing
2023-10-10 18:03:41,638 [INFO] IPUIPlugin:80 - create IPUIPlugin
2023-10-10 18:03:41,638 [INFO] PluginManager:220 - loadIPPluginJar : add tracer_emb
2023-10-10 18:03:41,639 [INFO] IPUIPlugin:80 - create IPUIPlugin
2023-10-10 18:03:41,639 [INFO] PluginManager:220 - loadIPPluginJar : add ts
2023-10-10 18:03:41,640 [INFO] IPUIPlugin:80 - create IPUIPlugin
2023-10-10 18:03:41,640 [INFO] PluginManager:220 - loadIPPluginJar : add tsc
2023-10-10 18:03:41,641 [INFO] IPUIPlugin:80 - create IPUIPlugin
2023-10-10 18:03:41,641 [INFO] PluginManager:220 - loadIPPluginJar : add ucpd
2023-10-10 18:03:41,642 [INFO] IPUIPlugin:80 - create IPUIPlugin
2023-10-10 18:03:41,642 [INFO] PluginManager:220 - loadIPPluginJar : add usart
2023-10-10 18:03:41,644 [INFO] IPUIPlugin:80 - create IPUIPlugin
2023-10-10 18:03:41,644 [INFO] PluginManager:220 - loadIPPluginJar : add usbx
2023-10-10 18:03:41,760 [INFO] CADModel:165 - CPN selected for project level
2023-10-10 18:03:41,760 [INFO] CADModel:114 - Register for checkConnection events
2023-10-10 18:03:41,760 [FATAL] Updater:308 - Updater called before beeing initialized
2023-10-10 18:03:41,760 [ERROR] CADModel:125 - Updater not yet initialized, retry later 
2023-10-10 18:03:41,945 [INFO] CADModel:165 - CPN selected for project level
2023-10-10 18:03:41,945 [INFO] CADModel:114 - Register for checkConnection events
2023-10-10 18:03:41,945 [FATAL] Updater:308 - Updater called before beeing initialized
2023-10-10 18:03:41,945 [ERROR] CADModel:125 - Updater not yet initialized, retry later 
2023-10-10 18:03:41,947 [FATAL] Updater:308 - Updater called before beeing initialized
2023-10-10 18:03:42,051 [FATAL] Updater:308 - Updater called before beeing initialized
2023-10-10 18:03:42,063 [INFO] DbMcusAds:53 - JSON generation date=Tue Mar 07 16:50:55 CST 2023 (1678179055114)
2023-10-10 18:03:42,063 [FATAL] Updater:308 - Updater called before beeing initialized
2023-10-10 18:03:42,133 [WARN] DetailPanel:346 - Failed to get advertising image, set to default
2023-10-10 18:03:42,238 [FATAL] Updater:308 - Updater called before beeing initialized
2023-10-10 18:03:42,239 [FATAL] Updater:308 - Updater called before beeing initialized
2023-10-10 18:03:42,239 [FATAL] Updater:308 - Updater called before beeing initialized
2023-10-10 18:03:42,239 [WARN] DetailPanel:346 - Failed to get advertising image, set to default
2023-10-10 18:03:42,240 [FATAL] Updater:308 - Updater called before beeing initialized
2023-10-10 18:03:42,283 [ERROR] Updater:1120 - MainUpdater not yet initialized. External WinMGr cannot be set.
2023-10-10 18:03:42,297 [INFO] Updater:1056 - Updater Version found : 6.9.1
2023-10-10 18:03:42,309 [INFO] ApplicationProperties:184 - Using Application install path: H:\cubeide\STM32CubeIDE_1.13.1\STM32CubeIDE\plugins\com.st.stm32cube.common.mx_6.9.1.202307191849
2023-10-10 18:03:42,439 [INFO] MainUpdater:2868 - connection check result : 10
2023-10-10 18:03:42,440 [INFO] MainUpdater:285 - Updater Check For Update Now.
2023-10-10 18:03:42,440 [INFO] MicroXplorer:498 - Change Database Version : DB.6.0.91
2023-10-10 18:03:42,459 [INFO] McuFinderGlobals:63 - Set McuFinder mode to 2 (CubeIDE integrated)
2023-10-10 18:03:42,612 [INFO] CheckServerUpdateThread:120 - End of CheckServer Thread
2023-10-10 18:03:43,926 [WARN] PackLoader:240 - Cannot read IP mode file for STMicroelectronics.X-CUBE-MEMS1.9.2.0
2023-10-10 18:03:44,069 [WARN] PackLoader:240 - Cannot read IP mode file for STMicroelectronics.X-CUBE-AZRTOS-F7.1.1.0
2023-10-10 18:03:44,087 [WARN] PackLoader:240 - Cannot read IP mode file for STMicroelectronics.X-CUBE-AI.7.1.0
2023-10-10 18:03:44,097 [WARN] PackLoader:240 - Cannot read IP mode file for STMicroelectronics.X-CUBE-TOUCHGFX.4.19.1
2023-10-10 18:03:44,105 [WARN] PackLoader:240 - Cannot read IP mode file for STMicroelectronics.FP-SNS-MOTENV1.4.3.2
2023-10-10 18:03:44,114 [WARN] PackLoader:240 - Cannot read IP mode file for STMicroelectronics.X-CUBE-BLE1.6.2.3
2023-10-10 18:03:44,120 [WARN] PackLoader:240 - Cannot read IP mode file for STMicroelectronics.X-CUBE-BLE1.6.2.4
2023-10-10 18:03:44,127 [WARN] PackLoader:240 - Cannot read IP mode file for STMicroelectronics.FP-SNS-FLIGHT1.5.0.2
2023-10-10 18:03:44,135 [WARN] PackLoader:240 - Cannot read IP mode file for STMicroelectronics.X-CUBE-BLE2.3.2.2
2023-10-10 18:03:44,148 [WARN] PackLoader:240 - Cannot read IP mode file for STMicroelectronics.X-CUBE-TOF1.3.1.0
2023-10-10 18:03:44,167 [WARN] PackLoader:240 - Cannot read IP mode file for STMicroelectronics.X-CUBE-DISPLAY.3.0.0
2023-10-10 18:03:44,177 [WARN] PackLoader:240 - Cannot read IP mode file for STMicroelectronics.X-CUBE-BLE1.7.0.0
2023-10-10 18:03:44,183 [WARN] PackLoader:240 - Cannot read IP mode file for STMicroelectronics.X-CUBE-TOUCHGFX.4.22.0
2023-10-10 18:03:44,188 [WARN] PackLoader:240 - Cannot read IP mode file for STMicroelectronics.X-CUBE-TOUCHGFX.4.22.1
2023-10-10 18:03:44,222 [WARN] PackLoader:240 - Cannot read IP mode file for STMicroelectronics.X-CUBE-MEMS1.9.3.0
2023-10-10 18:03:44,375 [WARN] PackLoader:240 - Cannot read IP mode file for STMicroelectronics.X-CUBE-AI.7.2.0
2023-10-10 18:03:44,383 [WARN] PackLoader:240 - Cannot read IP mode file for STMicroelectronics.FP-SNS-SMARTAG2.1.2.0
2023-10-10 18:03:44,411 [WARN] PackLoader:240 - Cannot read IP mode file for WES.I-CUBE-Cesium.1.3.0
2023-10-10 18:03:44,419 [WARN] PackLoader:240 - Cannot read IP mode file for STMicroelectronics.X-CUBE-BLE2.3.3.0
2023-10-10 18:03:44,428 [WARN] PackLoader:240 - Cannot read IP mode file for STMicroelectronics.X-CUBE-DISPLAY.2.2.0
2023-10-10 18:03:44,443 [WARN] PackLoader:240 - Cannot read IP mode file for STMicroelectronics.X-CUBE-TOF1.3.2.0
2023-10-10 18:03:44,457 [WARN] PackLoader:240 - Cannot read IP mode file for STMicroelectronics.X-CUBE-ISPU.1.0.0
2023-10-10 18:03:44,483 [WARN] PackLoader:240 - Cannot read IP mode file for STMicroelectronics.X-CUBE-AZRTOS-H7.2.1.0
2023-10-10 18:03:44,493 [WARN] PackLoader:240 - Cannot read IP mode file for STMicroelectronics.X-CUBE-TOUCHGFX.4.21.1
2023-10-10 18:03:44,499 [WARN] PackLoader:240 - Cannot read IP mode file for STMicroelectronics.X-CUBE-TOUCHGFX.4.21.0
2023-10-10 18:03:44,504 [WARN] PackLoader:240 - Cannot read IP mode file for STMicroelectronics.X-CUBE-TOUCHGFX.4.21.3
2023-10-10 18:03:44,510 [WARN] PackLoader:240 - Cannot read IP mode file for STMicroelectronics.X-CUBE-TOUCHGFX.4.21.4
2023-10-10 18:03:44,553 [WARN] PackLoader:240 - Cannot read IP mode file for STMicroelectronics.X-CUBE-MEMS1.9.4.0
2023-10-10 18:03:44,658 [WARN] PackLoader:240 - Cannot read IP mode file for STMicroelectronics.X-CUBE-AI.7.3.0
2023-10-10 18:03:44,672 [WARN] PackLoader:240 - Cannot read IP mode file for STMicroelectronics.X-CUBE-ALGOBUILD.1.3.0
2023-10-10 18:03:44,690 [WARN] PackLoader:240 - Cannot read IP mode file for STMicroelectronics.X-CUBE-AZRTOS-G0.1.1.0
2023-10-10 18:03:44,700 [WARN] PackLoader:240 - Cannot read IP mode file for STMicroelectronics.X-CUBE-NFC4.3.0.0
2023-10-10 18:03:44,736 [WARN] PackLoader:240 - Cannot read IP mode file for SEGGER.I-CUBE-embOS.1.2.0
2023-10-10 18:03:44,775 [WARN] PackLoader:240 - Cannot read IP mode file for STMicroelectronics.X-CUBE-BLEMGR.1.3.0
2023-10-10 18:03:44,784 [WARN] PackLoader:240 - Cannot read IP mode file for STMicroelectronics.FP-ATR-SIGFOX1.3.2.0
2023-10-10 18:03:44,793 [WARN] PackLoader:240 - Cannot read IP mode file for emotas.I-CUBE-CANOPEN.1.1.2
2023-10-10 18:03:44,799 [WARN] PackLoader:240 - Cannot read IP mode file for STMicroelectronics.X-CUBE-TOUCHGFX.4.20.0
2023-10-10 18:03:44,831 [WARN] PackLoader:240 - Cannot read IP mode file for STMicroelectronics.X-CUBE-MEMS1.9.5.0
2023-10-10 18:03:44,967 [WARN] PackLoader:240 - Cannot read IP mode file for SEGGER.I-CUBE-embOS.1.3.1
2023-10-10 18:03:45,006 [WARN] PackLoader:240 - Cannot read IP mode file for STMicroelectronics.X-CUBE-TOF1.3.0.0
2023-10-10 18:03:45,016 [WARN] PackLoader:240 - Cannot read IP mode file for STMicroelectronics.X-CUBE-GNSS1.6.0.0
2023-10-10 18:03:45,035 [WARN] PackLoader:240 - Cannot read IP mode file for STMicroelectronics.X-CUBE-AZRTOS-F4.1.1.0
2023-10-10 18:03:45,045 [WARN] PackLoader:240 - Cannot read IP mode file for wolfSSL.I-CUBE-wolfSSL.5.6.0
2023-10-10 18:03:45,052 [WARN] PackLoader:240 - Cannot read IP mode file for STMicroelectronics.X-CUBE-BLEMGR.1.2.0
2023-10-10 18:03:45,070 [WARN] PackLoader:240 - Cannot read IP mode file for STMicroelectronics.X-CUBE-AZRTOS-L5.2.0.0
2023-10-10 18:03:45,120 [WARN] PackLoader:240 - Cannot read IP mode file for STMicroelectronics.X-CUBE-MEMS1.9.6.0
2023-10-10 18:03:45,236 [WARN] PackLoader:240 - Cannot read IP mode file for ITTIA_DB.I-CUBE-ITTIADB.8.8.0
2023-10-10 18:03:45,245 [WARN] PackLoader:240 - Cannot read IP mode file for STMicroelectronics.X-CUBE-BLEMGR.2.0.0
2023-10-10 18:03:45,251 [WARN] PackLoader:240 - Cannot read IP mode file for STMicroelectronics.X-CUBE-NFC4.2.0.5
2023-10-10 18:03:45,259 [WARN] PackLoader:240 - Cannot read IP mode file for STMicroelectronics.X-CUBE-NFC4.2.0.4
2023-10-10 18:03:45,271 [WARN] ConditionMgr:438 - getConditionDescription Invalid condition id : UX DEVICE CLASS RTOS Condition cause : null
2023-10-10 18:03:45,271 [WARN] ConditionMgr:438 - getConditionDescription Invalid condition id : UX DEVICE CLASS RTOS Condition cause : null
2023-10-10 18:03:45,273 [WARN] PackLoader:240 - Cannot read IP mode file for STMicroelectronics.X-CUBE-AZRTOS-H7.3.1.0
2023-10-10 18:03:45,275 [WARN] ConditionMgr:1039 - genDependencies : Invalid condition id : UX DEVICE CLASS RTOS Condition cause : null
2023-10-10 18:03:45,275 [WARN] ConditionMgr:1039 - genDependencies : Invalid condition id : UX DEVICE CLASS RTOS Condition cause : null
2023-10-10 18:03:45,275 [WARN] ConditionMgr:1039 - genDependencies : Invalid condition id : UX DEVICE CLASS RTOS Condition cause : null
2023-10-10 18:03:45,275 [WARN] ConditionMgr:1039 - genDependencies : Invalid condition id : UX DEVICE CLASS RTOS Condition cause : null
2023-10-10 18:03:45,275 [WARN] ConditionMgr:1039 - genDependencies : Invalid condition id : UX DEVICE CLASS RTOS Condition cause : null
2023-10-10 18:03:45,285 [WARN] PackLoader:240 - Cannot read IP mode file for STMicroelectronics.X-CUBE-SFXS2LP1.3.1.0
2023-10-10 18:03:45,305 [WARN] PackLoader:240 - Cannot read IP mode file for STMicroelectronics.X-CUBE-AZRTOS-F4.1.0.0
2023-10-10 18:03:45,313 [WARN] PackLoader:240 - Cannot read IP mode file for STMicroelectronics.X-CUBE-NFC7.1.0.1
2023-10-10 18:03:45,320 [WARN] PackLoader:240 - Cannot read IP mode file for STMicroelectronics.X-CUBE-NFC7.1.0.0
2023-10-10 18:03:45,328 [WARN] PackLoader:240 - Cannot read IP mode file for STMicroelectronics.X-CUBE-NFC6.3.0.0
2023-10-10 18:03:45,337 [WARN] PackLoader:240 - Cannot read IP mode file for STMicroelectronics.X-CUBE-EEPRMA1.4.1.0
2023-10-10 18:03:45,345 [WARN] PackLoader:240 - Cannot read IP mode file for STMicroelectronics.X-CUBE-AI.8.1.0
2023-10-10 18:03:45,361 [WARN] PackLoader:240 - Cannot read IP mode file for STMicroelectronics.X-CUBE-AZRTOS-G0.1.0.0
2023-10-10 18:03:45,382 [WARN] ConditionMgr:438 - getConditionDescription Invalid condition id : LAN8742 Phy interface Condition cause : null
2023-10-10 18:03:45,382 [WARN] PackLoader:240 - Cannot read IP mode file for STMicroelectronics.X-CUBE-AZRTOS-L4.2.0.0
2023-10-10 18:03:45,384 [WARN] ConditionMgr:1039 - genDependencies : Invalid condition id : LAN8742 Phy interface Condition cause : null
2023-10-10 18:03:45,385 [WARN] ConditionMgr:1039 - genDependencies : Invalid condition id : LAN8742 Phy interface Condition cause : null
2023-10-10 18:03:45,385 [WARN] ConditionMgr:1039 - genDependencies : Invalid condition id : LAN8742 Phy interface Condition cause : null
2023-10-10 18:03:45,393 [WARN] PackLoader:240 - Cannot read IP mode file for STMicroelectronics.X-CUBE-SFXS2LP1.4.0.0
2023-10-10 18:03:45,409 [WARN] PackLoader:240 - Cannot read IP mode file for STMicroelectronics.X-CUBE-AZRTOS-H7.3.0.0
2023-10-10 18:03:45,418 [WARN] PackLoader:240 - Cannot read IP mode file for STMicroelectronics.X-CUBE-ISPU.1.1.0
2023-10-10 18:03:45,429 [WARN] PackLoader:240 - Cannot read IP mode file for RoweBots.I-CUBE-UNISONRTOS.5.5.0-4
2023-10-10 18:03:45,435 [WARN] PackLoader:240 - Cannot read IP mode file for STMicroelectronics.X-CUBE-AI.8.0.0
2023-10-10 18:03:45,451 [WARN] ConditionMgr:438 - getConditionDescription Invalid condition id : UX DEVICE CLASS RTOS Condition cause : null
2023-10-10 18:03:45,451 [WARN] ConditionMgr:438 - getConditionDescription Invalid condition id : UX DEVICE CLASS RTOS Condition cause : null
2023-10-10 18:03:45,453 [WARN] PackLoader:240 - Cannot read IP mode file for STMicroelectronics.X-CUBE-AZRTOS-WB.2.0.0
2023-10-10 18:03:45,453 [WARN] ConditionMgr:1039 - genDependencies : Invalid condition id : UX DEVICE CLASS RTOS Condition cause : null
2023-10-10 18:03:45,453 [WARN] ConditionMgr:1039 - genDependencies : Invalid condition id : UX DEVICE CLASS RTOS Condition cause : null
2023-10-10 18:03:45,454 [WARN] ConditionMgr:1039 - genDependencies : Invalid condition id : UX DEVICE CLASS RTOS Condition cause : null
2023-10-10 18:03:45,454 [WARN] ConditionMgr:1039 - genDependencies : Invalid condition id : UX DEVICE CLASS RTOS Condition cause : null
2023-10-10 18:03:45,454 [WARN] ConditionMgr:1039 - genDependencies : Invalid condition id : UX DEVICE CLASS RTOS Condition cause : null
2023-10-10 18:03:45,463 [WARN] PackLoader:240 - Cannot read IP mode file for STMicroelectronics.X-CUBE-FREERTOS.1.0.1
2023-10-10 18:03:45,478 [WARN] PackLoader:240 - Cannot read IP mode file for STMicroelectronics.X-CUBE-AZRTOS-L5.1.1.0
2023-10-10 18:03:45,486 [WARN] PackLoader:240 - Cannot read IP mode file for STMicroelectronics.X-CUBE-AI.8.0.1
2023-10-10 18:03:45,499 [WARN] PackLoader:240 - Cannot read IP mode file for STMicroelectronics.X-CUBE-SUBG2.5.0.0
2023-10-10 18:03:45,518 [WARN] PackLoader:240 - Cannot read IP mode file for STMicroelectronics.X-CUBE-AZRTOS-G4.2.0.0
2023-10-10 18:03:45,529 [WARN] PackLoader:240 - Cannot read IP mode file for STMicroelectronics.X-CUBE-TOF1.3.3.0
2023-10-10 18:03:45,540 [WARN] PackLoader:240 - Cannot read IP mode file for STMicroelectronics.FP-ATR-ASTRA1.1.1.1
2023-10-10 18:03:45,554 [WARN] PackLoader:240 - Cannot read IP mode file for Infineon.AIROC-Wi-Fi-Bluetooth-STM32.1.5.1
2023-10-10 18:03:45,563 [WARN] PackLoader:240 - Cannot read IP mode file for STMicroelectronics.FP-ATR-ASTRA1.1.1.0
2023-10-10 18:03:45,576 [WARN] PackLoader:240 - Cannot read IP mode file for STMicroelectronics.X-CUBE-AZRTOS-G4.1.0.0
2023-10-10 18:03:45,582 [WARN] PackLoader:240 - Cannot read IP mode file for wolfSSL.I-CUBE-wolfSSL.5.3.0
2023-10-10 18:03:45,602 [WARN] PackLoader:240 - Cannot read IP mode file for STMicroelectronics.X-CUBE-AZRTOS-L4.1.0.0
2023-10-10 18:03:45,612 [WARN] PackLoader:240 - Cannot read IP mode file for STMicroelectronics.X-CUBE-FREERTOS.1.1.0
2023-10-10 18:03:45,627 [WARN] PackLoader:240 - Cannot read IP mode file for STMicroelectronics.X-CUBE-AZRTOS-F7.1.0.0
2023-10-10 18:03:45,640 [WARN] PackLoader:240 - Cannot read IP mode file for STMicroelectronics.X-CUBE-AZRTOS-WL.1.0.0
2023-10-10 18:03:45,649 [WARN] PackLoader:240 - Cannot read IP mode file for portGmbH.I-Cube-SoM-uGOAL.1.1.0
2023-10-10 18:03:45,659 [WARN] PackLoader:240 - Cannot read IP mode file for STMicroelectronics.X-CUBE-ALS.1.0.1
2023-10-10 18:03:45,673 [WARN] PackLoader:240 - Cannot read IP mode file for STMicroelectronics.X-CUBE-AZRTOS-WB.1.1.0
2023-10-10 18:03:45,687 [WARN] PackLoader:240 - Cannot read IP mode file for STMicroelectronics.X-CUBE-AZRTOS-L5.1.0.0
2023-10-10 18:03:45,695 [WARN] PackLoader:240 - Cannot read IP mode file for STMicroelectronics.X-CUBE-EEPRMA1.3.1.1
2023-10-10 18:03:45,702 [WARN] PackLoader:240 - Cannot read IP mode file for STMicroelectronics.X-CUBE-GNSS1.5.2.0
2023-10-10 18:03:45,707 [WARN] PackLoader:240 - Cannot read IP mode file for STMicroelectronics.FP-ATR-ASTRA1.2.0.0
2023-10-10 18:03:45,708 [INFO] ThirdParty:978 - Integrity check success = true
2023-10-10 18:03:45,708 [INFO] IntegrityCheckThread:100 - exiting critical section [integrity check]
2023-10-10 18:03:45,708 [INFO] IntegrityCheckThread:103 - End integrity checks thread
2023-10-10 18:03:47,765 [ERROR] AdobePublisher:162 - Exception while opening the connection: java.net.SocketTimeoutException: Connect timed out
2023-10-10 18:04:10,355 [ERROR] LogOutputStream:75 - [STDERR_REDIRECT] SLF4J: Failed to load class "org.slf4j.impl.StaticLoggerBinder".
2023-10-10 18:04:10,355 [ERROR] LogOutputStream:75 - [STDERR_REDIRECT] SLF4J: Defaulting to no-operation (NOP) logger implementation
2023-10-10 18:04:10,357 [ERROR] LogOutputStream:75 - [STDERR_REDIRECT] SLF4J: See http://www.slf4j.org/codes.html#StaticLoggerBinder for further details.
2023-10-10 18:04:16,975 [ERROR] ConfigurationRetriever:142 - IOException on connection: Read timed out
2023-10-10 18:04:19,011 [ERROR] ConfigurationRetriever:142 - IOException on connection: Read timed out
2023-10-10 18:04:25,672 [ERROR] ConfigurationRetriever:142 - IOException on connection: Read timed out
